#
# A fatal error has been detected by the Java Runtime Environment:
#
#  EXCEPTION_ACCESS_VIOLATION (0xc0000005) at pc=0x00007ff8f56d5eaa, pid=2944, tid=26220
#
# JRE version: OpenJDK Runtime Environment Temurin-11.0.18+10 (11.0.18+10) (build 11.0.18+10)
# Java VM: OpenJDK 64-Bit Server VM Temurin-11.0.18+10 (11.0.18+10, mixed mode, tiered, compressed oops, g1 gc, windows-amd64)
# Problematic frame:
# C  [opencv_core460.dll+0x1c5eaa]
#
# No core dump will be written. Minidumps are not enabled by default on client versions of Windows
#
# If you would like to submit a bug report, please visit:
#   https://github.com/adoptium/adoptium-support/issues
# The crash happened outside the Java Virtual Machine in native code.
# See problematic frame for where to report the bug.
#

---------------  S U M M A R Y ------------

Command Line: com.mycompany.opencvlearn.ThresholdInRange

Host: 11th Gen Intel(R) Core(TM) i7-1185G7 @ 3.00GHz, 8 cores, 15G,  Windows 10 , 64 bit Build 19041 (10.0.19041.1645)
Time: Wed Apr 26 18:03:23 2023 Arab Standard Time elapsed time: 13.271189 seconds (0d 0h 0m 13s)

---------------  T H R E A D  ---------------

Current thread (0x000001c2a10f5000):  JavaThread "AWT-EventQueue-0" [_thread_in_native, id=26220, stack(0x000000907b200000,0x000000907b300000)]

Stack: [0x000000907b200000,0x000000907b300000],  sp=0x000000907b2fcd40,  free space=1011k
Native frames: (J=compiled Java code, j=interpreted, Vv=VM code, C=native code)
C  [opencv_core460.dll+0x1c5eaa]

Java frames: (J=compiled Java code, j=interpreted, Vv=VM code)
j  org.bytedeco.javacpp.Pointer$NativeDeallocator.deallocate(JJ)V+0
j  org.bytedeco.javacpp.Pointer$NativeDeallocator.deallocate()V+27
j  org.bytedeco.javacpp.Pointer.deallocate(Z)V+57
j  org.bytedeco.javacpp.Pointer.deallocate()V+2
j  com.mycompany.opencvlearn.ThresholdInRange.update(Lorg/bytedeco/opencv/opencv_core/Mat;Lorg/bytedeco/opencv/opencv_core/Mat;)V+157
j  com.mycompany.opencvlearn.ThresholdInRange.access$700(Lcom/mycompany/opencvlearn/ThresholdInRange;Lorg/bytedeco/opencv/opencv_core/Mat;Lorg/bytedeco/opencv/opencv_core/Mat;)V+3
j  com.mycompany.opencvlearn.ThresholdInRange$CaptureTask.process(Ljava/util/List;)V+202
j  javax.swing.SwingWorker$3.run(Ljava/util/List;)V+5 java.desktop@11.0.18
j  sun.swing.AccumulativeRunnable.run()V+5 java.desktop@11.0.18
j  javax.swing.SwingWorker$DoSubmitAccumulativeRunnable.run(Ljava/util/List;)V+27 java.desktop@11.0.18
j  sun.swing.AccumulativeRunnable.run()V+5 java.desktop@11.0.18
j  javax.swing.SwingWorker$DoSubmitAccumulativeRunnable.actionPerformed(Ljava/awt/event/ActionEvent;)V+1 java.desktop@11.0.18
j  javax.swing.Timer.fireActionPerformed(Ljava/awt/event/ActionEvent;)V+34 java.desktop@11.0.18
j  javax.swing.Timer$DoPostEvent.run()V+61 java.desktop@11.0.18
J 2310 c1 java.awt.event.InvocationEvent.dispatch()V java.desktop@11.0.18 (69 bytes) @ 0x000001c22b346c4c [0x000001c22b346a20+0x000000000000022c]
J 2211 c1 java.awt.EventQueue.dispatchEventImpl(Ljava/awt/AWTEvent;Ljava/lang/Object;)V java.desktop@11.0.18 (136 bytes) @ 0x000001c22b2e331c [0x000001c22b2e1940+0x00000000000019dc]
J 2210 c1 java.awt.EventQueue$4.run()Ljava/lang/Void; java.desktop@11.0.18 (60 bytes) @ 0x000001c22b2e1244 [0x000001c22b2e1100+0x0000000000000144]
J 2209 c1 java.awt.EventQueue$4.run()Ljava/lang/Object; java.desktop@11.0.18 (5 bytes) @ 0x000001c22b2defc4 [0x000001c22b2def40+0x0000000000000084]
v  ~StubRoutines::call_stub
J 2035  java.security.AccessController.doPrivileged(Ljava/security/PrivilegedAction;Ljava/security/AccessControlContext;)Ljava/lang/Object; java.base@11.0.18 (0 bytes) @ 0x000001c23249fd36 [0x000001c23249fcc0+0x0000000000000076]
J 2162 c1 java.awt.EventQueue.dispatchEvent(Ljava/awt/AWTEvent;)V java.desktop@11.0.18 (80 bytes) @ 0x000001c22b2c4314 [0x000001c22b2c3ba0+0x0000000000000774]
J 2213 c1 java.awt.EventDispatchThread.pumpOneEventForFilters(I)V java.desktop@11.0.18 (113 bytes) @ 0x000001c22b2e4784 [0x000001c22b2e4020+0x0000000000000764]
j  java.awt.EventDispatchThread.pumpEventsForFilter(ILjava/awt/Conditional;Ljava/awt/EventFilter;)V+35 java.desktop@11.0.18
j  java.awt.EventDispatchThread.pumpEventsForHierarchy(ILjava/awt/Conditional;Ljava/awt/Component;)V+11 java.desktop@11.0.18
j  java.awt.EventDispatchThread.pumpEvents(ILjava/awt/Conditional;)V+4 java.desktop@11.0.18
j  java.awt.EventDispatchThread.pumpEvents(Ljava/awt/Conditional;)V+3 java.desktop@11.0.18
j  java.awt.EventDispatchThread.run()V+9 java.desktop@11.0.18
v  ~StubRoutines::call_stub

siginfo: EXCEPTION_ACCESS_VIOLATION (0xc0000005), writing address 0x0000000000000000


Register to memory mapping:

RIP=0x00007ff8f56d5eaa opencv_core460.dll
RAX=0x0 is NULL
RBX=0x000001c2a119bdb0 points into unknown readable memory: 0x000001c2a0fe6ed0 | d0 6e fe a0 c2 01 00 00
RCX=0x0000000000000001 is an unknown value
RDX=0x0000000000000004 is an unknown value
RSP=0x000000907b2fcd40 is pointing into the stack for thread: 0x000001c2a10f5000
RBP=0x000000907b2fce60 is pointing into the stack for thread: 0x000001c2a10f5000
RSI=0x0 is NULL
RDI=0x0000000000003f30 is an unknown value
R8 =0x000001c2a119bdb0 points into unknown readable memory: 0x000001c2a0fe6ed0 | d0 6e fe a0 c2 01 00 00
R9 =0x00007ff8f49b3dd0 jniopencv_core.dll
R10=0x000001c22a85f748 is at code_begin+1000 in an Interpreter codelet
method entry point (kind = native)  [0x000001c22a85f360, 0x000001c22a85fe00]  2720 bytes
R11=0x0000000000000102 is an unknown value
R12=0x0 is NULL
R13={method} {0x000001c246521310} 'deallocate' '(JJ)V' in 'org/bytedeco/javacpp/Pointer$NativeDeallocator'
R14=0x000000907b2fcea0 is pointing into the stack for thread: 0x000001c2a10f5000
R15=0x000001c2a10f5000 is a thread


Registers:
RAX=0x0000000000000000, RBX=0x000001c2a119bdb0, RCX=0x0000000000000001, RDX=0x0000000000000004
RSP=0x000000907b2fcd40, RBP=0x000000907b2fce60, RSI=0x0000000000000000, RDI=0x0000000000003f30
R8 =0x000001c2a119bdb0, R9 =0x00007ff8f49b3dd0, R10=0x000001c22a85f748, R11=0x0000000000000102
R12=0x0000000000000000, R13=0x000001c246521308, R14=0x000000907b2fcea0, R15=0x000001c2a10f5000
RIP=0x00007ff8f56d5eaa, EFLAGS=0x0000000000010202

Top of Stack: (sp=0x000000907b2fcd40)
0x000000907b2fcd40:   000001c245c21750 0000000000000000
0x000000907b2fcd50:   000001c2a10f5000 000001c2a50174a8
0x000000907b2fcd60:   00000000000013d8 00007ff8f56d2d9e
0x000000907b2fcd70:   000001c246500040 000001c2a119bdb0
0x000000907b2fcd80:   000001c2a10f1ea0 00000000000003d8
0x000000907b2fcd90:   000001c2a119bdb0 00007ff8f49b3de3
0x000000907b2fcda0:   000001c245c21750 00007ff8f3efe875
0x000000907b2fcdb0:   000001c245dfbeb0 000001c2a50174a8
0x000000907b2fcdc0:   000001c246521308 000001c22a85f777
0x000000907b2fcdd0:   0000000000000000 000000000000000d
0x000000907b2fcde0:   000001c2a10f5000 000000000000000a
0x000000907b2fcdf0:   000001c22a859cd0 000000070b224d28
0x000000907b2fce00:   000000907b2fcf70 0000000000000000
0x000000907b2fce10:   000001c2a0d59460 000000907b2fce18
0x000000907b2fce20:   0000000000000000 000000907b2fcea0
0x000000907b2fce30:   000001c246524450 0000000000000000 

Instructions: (pc=0x00007ff8f56d5eaa)
0x00007ff8f56d5daa:   8b 43 40 41 8d 4e 01 89 08 4c 8b 0f 8b 4b 04 49
0x00007ff8f56d5dba:   8b 01 48 01 43 20 48 8b 43 40 48 63 10 83 f9 01
0x00007ff8f56d5dca:   7e 25 48 83 c0 04 44 8d 41 ff 0f 1f 40 00 0f 1f
0x00007ff8f56d5dda:   84 00 00 00 00 00 48 63 08 48 8d 40 04 48 0f af
0x00007ff8f56d5dea:   d1 49 83 e8 01 75 ef 49 3b 29 72 08 48 63 c2 48
0x00007ff8f56d5dfa:   3b d0 74 06 81 23 ff bf ff ff 48 8b 5c 24 40 48
0x00007ff8f56d5e0a:   8b 6c 24 48 48 8b 74 24 50 48 83 c4 20 41 5f 41
0x00007ff8f56d5e1a:   5e 5f c3 cc cc cc 48 89 5c 24 10 56 48 83 ec 20
0x00007ff8f56d5e2a:   48 8b d9 33 f6 48 8b 49 38 48 85 c9 74 49 b8 ff
0x00007ff8f56d5e3a:   ff ff ff f0 0f c1 41 14 83 f8 01 75 3a 48 89 7c
0x00007ff8f56d5e4a:   24 30 48 8b 7b 38 48 85 ff 74 27 48 89 73 38 48
0x00007ff8f56d5e5a:   8b 4f 08 48 85 c9 75 11 48 8b 4b 30 48 85 c9 75
0x00007ff8f56d5e6a:   08 e8 10 f6 ff ff 48 8b 08 48 8b 01 48 8b d7 ff
0x00007ff8f56d5e7a:   50 28 48 8b 7c 24 30 8b ce 48 89 73 38 48 89 73
0x00007ff8f56d5e8a:   10 48 89 73 28 48 89 73 20 48 89 73 18 39 4b 04
0x00007ff8f56d5e9a:   7e 17 48 8b d6 90 48 8b 43 40 48 8d 52 04 ff c1
0x00007ff8f56d5eaa:   89 74 02 fc 3b 4b 04 7c ed 48 8b 5c 24 38 48 83
0x00007ff8f56d5eba:   c4 20 5e c3 cc cc 48 89 5c 24 10 48 89 74 24 18
0x00007ff8f56d5eca:   55 57 41 54 41 56 41 57 48 8d 6c 24 c0 48 81 ec
0x00007ff8f56d5eda:   40 01 00 00 48 8b 05 f3 39 3d 00 48 33 c4 48 89
0x00007ff8f56d5eea:   45 30 4c 8b ca 48 8b d9 45 33 e4 44 89 64 24 30
0x00007ff8f56d5efa:   85 d2 0f 88 ed 02 00 00 8b 01 c1 e8 0f a8 01 75
0x00007ff8f56d5f0a:   19 48 8b 41 48 48 8b ca 48 0f af 08 48 03 4b 10
0x00007ff8f56d5f1a:   48 3b 4b 28 0f 86 a3 02 00 00 48 8b 4b 40 4c 63
0x00007ff8f56d5f2a:   39 4d 8b f7 4d 3b f9 0f 83 90 02 00 00 41 8b c1
0x00007ff8f56d5f3a:   bf 01 00 00 00 44 3b cf 0f 4c c7 89 01 4c 63 53
0x00007ff8f56d5f4a:   04 41 83 fa 02 7f 16 48 63 53 0c 48 63 43 08 48
0x00007ff8f56d5f5a:   0f af d0 45 85 d2 7f 2e 49 8b cc eb 32 48 8b d7
0x00007ff8f56d5f6a:   48 8b 4b 40 45 8b c2 0f 1f 40 00 66 66 66 0f 1f
0x00007ff8f56d5f7a:   84 00 00 00 00 00 48 63 01 48 0f af d0 48 8d 49
0x00007ff8f56d5f8a:   04 4c 2b c7 75 f0 48 8b 43 48 4a 8b 4c d0 f8 48
0x00007ff8f56d5f9a:   0f af ca 48 83 f9 40 73 17 48 8d 41 3f 49 0f af 


Stack slot to memory mapping:
stack at sp + 0 slots: 0x000001c245c21750 points into unknown readable memory: 0x0000000000000000 | 00 00 00 00 00 00 00 00
stack at sp + 1 slots: 0x0 is NULL
stack at sp + 2 slots: 0x000001c2a10f5000 is a thread
stack at sp + 3 slots: 0x000001c2a50174a8 is pointing into metadata
stack at sp + 4 slots: 0x00000000000013d8 is an unknown value
stack at sp + 5 slots: 0x00007ff8f56d2d9e opencv_core460.dll
stack at sp + 6 slots: 0x000001c246500040 is pointing into metadata
stack at sp + 7 slots: 0x000001c2a119bdb0 points into unknown readable memory: 0x000001c2a0fe6ed0 | d0 6e fe a0 c2 01 00 00


---------------  P R O C E S S  ---------------

Threads class SMR info:
_java_thread_list=0x000001c2a12b0fe0, length=18, elements={
0x000001c245c10000, 0x000001c245c11000, 0x000001c245c86800, 0x000001c245c87800,
0x000001c245c88800, 0x000001c245c8a000, 0x000001c245c8d800, 0x000001c245c8e800,
0x000001c245dfd000, 0x000001c247681800, 0x000001c2a1320000, 0x000001c2a10fa000,
0x000001c2a0f5f800, 0x000001c2a10f5000, 0x000001c221fdd800, 0x000001c2a11a5800,
0x000001c2a09e9000, 0x000001c246c5f800
}

Java Threads: ( => current thread )
  0x000001c245c10000 JavaThread "Reference Handler" daemon [_thread_blocked, id=25436, stack(0x0000009079000000,0x0000009079100000)]
  0x000001c245c11000 JavaThread "Finalizer" daemon [_thread_blocked, id=48212, stack(0x0000009079100000,0x0000009079200000)]
  0x000001c245c86800 JavaThread "Signal Dispatcher" daemon [_thread_blocked, id=15280, stack(0x0000009079200000,0x0000009079300000)]
  0x000001c245c87800 JavaThread "Attach Listener" daemon [_thread_blocked, id=30744, stack(0x0000009079300000,0x0000009079400000)]
  0x000001c245c88800 JavaThread "Service Thread" daemon [_thread_blocked, id=1488, stack(0x0000009079400000,0x0000009079500000)]
  0x000001c245c8a000 JavaThread "C2 CompilerThread0" daemon [_thread_blocked, id=30008, stack(0x0000009079500000,0x0000009079600000)]
  0x000001c245c8d800 JavaThread "C1 CompilerThread0" daemon [_thread_blocked, id=7584, stack(0x0000009079600000,0x0000009079700000)]
  0x000001c245c8e800 JavaThread "Sweeper thread" daemon [_thread_blocked, id=46860, stack(0x0000009079700000,0x0000009079800000)]
  0x000001c245dfd000 JavaThread "Common-Cleaner" daemon [_thread_blocked, id=10472, stack(0x0000009079900000,0x0000009079a00000)]
  0x000001c247681800 JavaThread "JavaCPP Deallocator" daemon [_thread_blocked, id=49160, stack(0x000000907a000000,0x000000907a100000)]
  0x000001c2a1320000 JavaThread "Java2D Disposer" daemon [_thread_blocked, id=14568, stack(0x000000907af00000,0x000000907b000000)]
  0x000001c2a10fa000 JavaThread "AWT-Shutdown" [_thread_blocked, id=46376, stack(0x000000907b000000,0x000000907b100000)]
  0x000001c2a0f5f800 JavaThread "AWT-Windows" daemon [_thread_in_native, id=12512, stack(0x000000907b100000,0x000000907b200000)]
=>0x000001c2a10f5000 JavaThread "AWT-EventQueue-0" [_thread_in_native, id=26220, stack(0x000000907b200000,0x000000907b300000)]
  0x000001c221fdd800 JavaThread "DestroyJavaVM" [_thread_blocked, id=27028, stack(0x0000009078900000,0x0000009078a00000)]
  0x000001c2a11a5800 JavaThread "D3D Screen Updater" daemon [_thread_blocked, id=51004, stack(0x000000907b400000,0x000000907b500000)]
  0x000001c2a09e9000 JavaThread "TimerQueue" daemon [_thread_blocked, id=36576, stack(0x000000907be00000,0x000000907bf00000)]
  0x000001c246c5f800 JavaThread "SwingWorker-pool-1-thread-1" daemon [_thread_in_native, id=10840, stack(0x000000907bf00000,0x000000907c000000)]

Other Threads:
  0x000001c245bec000 VMThread "VM Thread" [stack: 0x0000009078f00000,0x0000009079000000] [id=51628]
  0x000001c245dfb000 WatcherThread [stack: 0x0000009079800000,0x0000009079900000] [id=17800]
  0x000001c221ff4000 GCTaskThread "GC Thread#0" [stack: 0x0000009078a00000,0x0000009078b00000] [id=24108]
  0x000001c2475b5800 GCTaskThread "GC Thread#1" [stack: 0x0000009079b00000,0x0000009079c00000] [id=17428]
  0x000001c246e14000 GCTaskThread "GC Thread#2" [stack: 0x0000009079c00000,0x0000009079d00000] [id=47568]
  0x000001c246e14800 GCTaskThread "GC Thread#3" [stack: 0x0000009079d00000,0x0000009079e00000] [id=34992]
  0x000001c246e15800 GCTaskThread "GC Thread#4" [stack: 0x0000009079e00000,0x0000009079f00000] [id=4268]
  0x000001c246b87000 GCTaskThread "GC Thread#5" [stack: 0x0000009079f00000,0x000000907a000000] [id=2788]
  0x000001c22204e000 ConcurrentGCThread "G1 Main Marker" [stack: 0x0000009078b00000,0x0000009078c00000] [id=37592]
  0x000001c22204f000 ConcurrentGCThread "G1 Conc#0" [stack: 0x0000009078c00000,0x0000009078d00000] [id=40388]
  0x000001c247fa7800 ConcurrentGCThread "G1 Conc#1" [stack: 0x000000907b300000,0x000000907b400000] [id=4532]
  0x000001c2221a4800 ConcurrentGCThread "G1 Refine#0" [stack: 0x0000009078d00000,0x0000009078e00000] [id=14280]
  0x000001c245a60800 ConcurrentGCThread "G1 Young RemSet Sampling" [stack: 0x0000009078e00000,0x0000009078f00000] [id=45868]

Threads with active compile tasks:

VM state:not at safepoint (normal execution)

VM Mutex/Monitor currently owned by a thread: None

Heap address: 0x0000000704e00000, size: 4018 MB, Compressed Oops mode: Zero based, Oop shift amount: 3
Narrow klass base: 0x0000000800000000, Narrow klass shift: 0
Compressed class space size: 1073741824 Address: 0x0000000800000000

Heap:
 garbage-first heap   total 258048K, used 183252K [0x0000000704e00000, 0x0000000800000000)
  region size 1024K, 123 young (125952K), 7 survivors (7168K)
 Metaspace       used 26253K, capacity 26694K, committed 26928K, reserved 1073152K
  class space    used 2376K, capacity 2576K, committed 2688K, reserved 1048576K
Heap Regions: E=young(eden), S=young(survivor), O=old, HS=humongous(starts), HC=humongous(continues), CS=collection set, F=free, A=archive, TAMS=top-at-mark-start (previous, next)
|   0|0x0000000704e00000, 0x0000000704f00000, 0x0000000704f00000|100%|HS|  |TAMS 0x0000000704e00000, 0x0000000704e00000| Complete 
|   1|0x0000000704f00000, 0x0000000704f00000, 0x0000000705000000|  0%| F|  |TAMS 0x0000000704f00000, 0x0000000704f00000| Untracked 
|   2|0x0000000705000000, 0x0000000705000000, 0x0000000705100000|  0%| F|  |TAMS 0x0000000705000000, 0x0000000705000000| Untracked 
|   3|0x0000000705100000, 0x0000000705100000, 0x0000000705200000|  0%| F|  |TAMS 0x0000000705100000, 0x0000000705100000| Untracked 
|   4|0x0000000705200000, 0x0000000705200000, 0x0000000705300000|  0%| F|  |TAMS 0x0000000705200000, 0x0000000705200000| Untracked 
|   5|0x0000000705300000, 0x0000000705300000, 0x0000000705400000|  0%| F|  |TAMS 0x0000000705300000, 0x0000000705300000| Untracked 
|   6|0x0000000705400000, 0x0000000705400000, 0x0000000705500000|  0%| F|  |TAMS 0x0000000705400000, 0x0000000705400000| Untracked 
|   7|0x0000000705500000, 0x0000000705500000, 0x0000000705600000|  0%| F|  |TAMS 0x0000000705500000, 0x0000000705500000| Untracked 
|   8|0x0000000705600000, 0x0000000705600000, 0x0000000705700000|  0%| F|  |TAMS 0x0000000705600000, 0x0000000705600000| Untracked 
|   9|0x0000000705700000, 0x0000000705700000, 0x0000000705800000|  0%| F|  |TAMS 0x0000000705700000, 0x0000000705700000| Untracked 
|  10|0x0000000705800000, 0x0000000705800000, 0x0000000705900000|  0%| F|  |TAMS 0x0000000705800000, 0x0000000705800000| Untracked 
|  11|0x0000000705900000, 0x0000000705900000, 0x0000000705a00000|  0%| F|  |TAMS 0x0000000705900000, 0x0000000705900000| Untracked 
|  12|0x0000000705a00000, 0x0000000705a00000, 0x0000000705b00000|  0%| F|  |TAMS 0x0000000705a00000, 0x0000000705a00000| Untracked 
|  13|0x0000000705b00000, 0x0000000705b00000, 0x0000000705c00000|  0%| F|  |TAMS 0x0000000705b00000, 0x0000000705b00000| Untracked 
|  14|0x0000000705c00000, 0x0000000705c00000, 0x0000000705d00000|  0%| F|  |TAMS 0x0000000705c00000, 0x0000000705c00000| Untracked 
|  15|0x0000000705d00000, 0x0000000705d00000, 0x0000000705e00000|  0%| F|  |TAMS 0x0000000705d00000, 0x0000000705d00000| Untracked 
|  16|0x0000000705e00000, 0x0000000705e00000, 0x0000000705f00000|  0%| F|  |TAMS 0x0000000705e00000, 0x0000000705e00000| Untracked 
|  17|0x0000000705f00000, 0x0000000705f00000, 0x0000000706000000|  0%| F|  |TAMS 0x0000000705f00000, 0x0000000705f00000| Untracked 
|  18|0x0000000706000000, 0x0000000706000000, 0x0000000706100000|  0%| F|  |TAMS 0x0000000706000000, 0x0000000706000000| Untracked 
|  19|0x0000000706100000, 0x0000000706100000, 0x0000000706200000|  0%| F|  |TAMS 0x0000000706100000, 0x0000000706100000| Untracked 
|  20|0x0000000706200000, 0x0000000706200000, 0x0000000706300000|  0%| F|  |TAMS 0x0000000706200000, 0x0000000706200000| Untracked 
|  21|0x0000000706300000, 0x0000000706300000, 0x0000000706400000|  0%| F|  |TAMS 0x0000000706300000, 0x0000000706300000| Untracked 
|  22|0x0000000706400000, 0x0000000706400000, 0x0000000706500000|  0%| F|  |TAMS 0x0000000706400000, 0x0000000706400000| Untracked 
|  23|0x0000000706500000, 0x0000000706600000, 0x0000000706600000|100%|HS|  |TAMS 0x0000000706500000, 0x0000000706500000| Complete 
|  24|0x0000000706600000, 0x0000000706700000, 0x0000000706700000|100%|HC|  |TAMS 0x0000000706600000, 0x0000000706600000| Complete 
|  25|0x0000000706700000, 0x0000000706800000, 0x0000000706800000|100%|HC|  |TAMS 0x0000000706700000, 0x0000000706700000| Complete 
|  26|0x0000000706800000, 0x0000000706900000, 0x0000000706900000|100%|HC|  |TAMS 0x0000000706800000, 0x0000000706800000| Complete 
|  27|0x0000000706900000, 0x0000000706a00000, 0x0000000706a00000|100%|HC|  |TAMS 0x0000000706900000, 0x0000000706900000| Complete 
|  28|0x0000000706a00000, 0x0000000706b00000, 0x0000000706b00000|100%|HC|  |TAMS 0x0000000706a00000, 0x0000000706a00000| Complete 
|  29|0x0000000706b00000, 0x0000000706c00000, 0x0000000706c00000|100%|HC|  |TAMS 0x0000000706b00000, 0x0000000706b00000| Complete 
|  30|0x0000000706c00000, 0x0000000706d00000, 0x0000000706d00000|100%|HC|  |TAMS 0x0000000706c00000, 0x0000000706c00000| Complete 
|  31|0x0000000706d00000, 0x0000000706e00000, 0x0000000706e00000|100%|HC|  |TAMS 0x0000000706d00000, 0x0000000706d00000| Complete 
|  32|0x0000000706e00000, 0x0000000706f00000, 0x0000000706f00000|100%|HC|  |TAMS 0x0000000706e00000, 0x0000000706e00000| Complete 
|  33|0x0000000706f00000, 0x0000000707000000, 0x0000000707000000|100%|HC|  |TAMS 0x0000000706f00000, 0x0000000706f00000| Complete 
|  34|0x0000000707000000, 0x0000000707100000, 0x0000000707100000|100%|HC|  |TAMS 0x0000000707000000, 0x0000000707000000| Complete 
|  35|0x0000000707100000, 0x0000000707200000, 0x0000000707200000|100%|HC|  |TAMS 0x0000000707100000, 0x0000000707100000| Complete 
|  36|0x0000000707200000, 0x0000000707300000, 0x0000000707300000|100%|HC|  |TAMS 0x0000000707200000, 0x0000000707200000| Complete 
|  37|0x0000000707300000, 0x0000000707400000, 0x0000000707400000|100%|HC|  |TAMS 0x0000000707300000, 0x0000000707300000| Complete 
|  38|0x0000000707400000, 0x0000000707500000, 0x0000000707500000|100%|HC|  |TAMS 0x0000000707400000, 0x0000000707400000| Complete 
|  39|0x0000000707500000, 0x0000000707600000, 0x0000000707600000|100%|HC|  |TAMS 0x0000000707500000, 0x0000000707500000| Complete 
|  40|0x0000000707600000, 0x0000000707700000, 0x0000000707700000|100%|HC|  |TAMS 0x0000000707600000, 0x0000000707600000| Complete 
|  41|0x0000000707700000, 0x0000000707800000, 0x0000000707800000|100%|HC|  |TAMS 0x0000000707700000, 0x0000000707700000| Complete 
|  42|0x0000000707800000, 0x0000000707900000, 0x0000000707900000|100%|HC|  |TAMS 0x0000000707800000, 0x0000000707800000| Complete 
|  43|0x0000000707900000, 0x0000000707a00000, 0x0000000707a00000|100%|HC|  |TAMS 0x0000000707900000, 0x0000000707900000| Complete 
|  44|0x0000000707a00000, 0x0000000707b00000, 0x0000000707b00000|100%|HC|  |TAMS 0x0000000707a00000, 0x0000000707a00000| Complete 
|  45|0x0000000707b00000, 0x0000000707c00000, 0x0000000707c00000|100%|HC|  |TAMS 0x0000000707b00000, 0x0000000707b00000| Complete 
|  46|0x0000000707c00000, 0x0000000707d00000, 0x0000000707d00000|100%|HS|  |TAMS 0x0000000707c00000, 0x0000000707c00000| Complete 
|  47|0x0000000707d00000, 0x0000000707e00000, 0x0000000707e00000|100%|HS|  |TAMS 0x0000000707d00000, 0x0000000707d00000| Complete 
|  48|0x0000000707e00000, 0x0000000707f00000, 0x0000000707f00000|100%|HC|  |TAMS 0x0000000707e00000, 0x0000000707e00000| Complete 
|  49|0x0000000707f00000, 0x0000000708000000, 0x0000000708000000|100%|HC|  |TAMS 0x0000000707f00000, 0x0000000707f00000| Complete 
|  50|0x0000000708000000, 0x0000000708100000, 0x0000000708100000|100%|HC|  |TAMS 0x0000000708000000, 0x0000000708000000| Complete 
|  51|0x0000000708100000, 0x0000000708200000, 0x0000000708200000|100%|HC|  |TAMS 0x0000000708100000, 0x0000000708100000| Complete 
|  52|0x0000000708200000, 0x0000000708300000, 0x0000000708300000|100%|HC|  |TAMS 0x0000000708200000, 0x0000000708200000| Complete 
|  53|0x0000000708300000, 0x0000000708400000, 0x0000000708400000|100%|HC|  |TAMS 0x0000000708300000, 0x0000000708300000| Complete 
|  54|0x0000000708400000, 0x0000000708500000, 0x0000000708500000|100%|HC|  |TAMS 0x0000000708400000, 0x0000000708400000| Complete 
|  55|0x0000000708500000, 0x0000000708600000, 0x0000000708600000|100%|HC|  |TAMS 0x0000000708500000, 0x0000000708500000| Complete 
|  56|0x0000000708600000, 0x0000000708700000, 0x0000000708700000|100%|HC|  |TAMS 0x0000000708600000, 0x0000000708600000| Complete 
|  57|0x0000000708700000, 0x0000000708800000, 0x0000000708800000|100%|HC|  |TAMS 0x0000000708700000, 0x0000000708700000| Complete 
|  58|0x0000000708800000, 0x0000000708900000, 0x0000000708900000|100%|HC|  |TAMS 0x0000000708800000, 0x0000000708800000| Complete 
|  59|0x0000000708900000, 0x0000000708a00000, 0x0000000708a00000|100%|HC|  |TAMS 0x0000000708900000, 0x0000000708900000| Complete 
|  60|0x0000000708a00000, 0x0000000708b00000, 0x0000000708b00000|100%|HC|  |TAMS 0x0000000708a00000, 0x0000000708a00000| Complete 
|  61|0x0000000708b00000, 0x0000000708c00000, 0x0000000708c00000|100%|HC|  |TAMS 0x0000000708b00000, 0x0000000708b00000| Complete 
|  62|0x0000000708c00000, 0x0000000708d00000, 0x0000000708d00000|100%|HC|  |TAMS 0x0000000708c00000, 0x0000000708c00000| Complete 
|  63|0x0000000708d00000, 0x0000000708e00000, 0x0000000708e00000|100%|HC|  |TAMS 0x0000000708d00000, 0x0000000708d00000| Complete 
|  64|0x0000000708e00000, 0x0000000708f00000, 0x0000000708f00000|100%|HC|  |TAMS 0x0000000708e00000, 0x0000000708e00000| Complete 
|  65|0x0000000708f00000, 0x0000000709000000, 0x0000000709000000|100%|HC|  |TAMS 0x0000000708f00000, 0x0000000708f00000| Complete 
|  66|0x0000000709000000, 0x0000000709100000, 0x0000000709100000|100%|HC|  |TAMS 0x0000000709000000, 0x0000000709000000| Complete 
|  67|0x0000000709100000, 0x0000000709200000, 0x0000000709200000|100%|HC|  |TAMS 0x0000000709100000, 0x0000000709100000| Complete 
|  68|0x0000000709200000, 0x0000000709300000, 0x0000000709300000|100%|HC|  |TAMS 0x0000000709200000, 0x0000000709200000| Complete 
|  69|0x0000000709300000, 0x0000000709400000, 0x0000000709400000|100%|HC|  |TAMS 0x0000000709300000, 0x0000000709300000| Complete 
|  70|0x0000000709400000, 0x0000000709400000, 0x0000000709500000|  0%| F|  |TAMS 0x0000000709400000, 0x0000000709400000| Untracked 
|  71|0x0000000709500000, 0x0000000709500000, 0x0000000709600000|  0%| F|  |TAMS 0x0000000709500000, 0x0000000709500000| Untracked 
|  72|0x0000000709600000, 0x0000000709600000, 0x0000000709700000|  0%| F|  |TAMS 0x0000000709600000, 0x0000000709600000| Untracked 
|  73|0x0000000709700000, 0x0000000709700000, 0x0000000709800000|  0%| F|  |TAMS 0x0000000709700000, 0x0000000709700000| Untracked 
|  74|0x0000000709800000, 0x0000000709800000, 0x0000000709900000|  0%| F|  |TAMS 0x0000000709800000, 0x0000000709800000| Untracked 
|  75|0x0000000709900000, 0x0000000709900000, 0x0000000709a00000|  0%| F|  |TAMS 0x0000000709900000, 0x0000000709900000| Untracked 
|  76|0x0000000709a00000, 0x0000000709a00000, 0x0000000709b00000|  0%| F|  |TAMS 0x0000000709a00000, 0x0000000709a00000| Untracked 
|  77|0x0000000709b00000, 0x0000000709b00000, 0x0000000709c00000|  0%| F|  |TAMS 0x0000000709b00000, 0x0000000709b00000| Untracked 
|  78|0x0000000709c00000, 0x0000000709d00000, 0x0000000709d00000|100%|HS|  |TAMS 0x0000000709c00000, 0x0000000709c00000| Complete 
|  79|0x0000000709d00000, 0x0000000709e00000, 0x0000000709e00000|100%|HC|  |TAMS 0x0000000709d00000, 0x0000000709d00000| Complete 
|  80|0x0000000709e00000, 0x0000000709f00000, 0x0000000709f00000|100%|HC|  |TAMS 0x0000000709e00000, 0x0000000709e00000| Complete 
|  81|0x0000000709f00000, 0x000000070a000000, 0x000000070a000000|100%|HC|  |TAMS 0x0000000709f00000, 0x0000000709f00000| Complete 
|  82|0x000000070a000000, 0x000000070a100000, 0x000000070a100000|100%|HC|  |TAMS 0x000000070a000000, 0x000000070a000000| Complete 
|  83|0x000000070a100000, 0x000000070a200000, 0x000000070a200000|100%|HC|  |TAMS 0x000000070a100000, 0x000000070a100000| Complete 
|  84|0x000000070a200000, 0x000000070a300000, 0x000000070a300000|100%|HC|  |TAMS 0x000000070a200000, 0x000000070a200000| Complete 
|  85|0x000000070a300000, 0x000000070a400000, 0x000000070a400000|100%|HC|  |TAMS 0x000000070a300000, 0x000000070a300000| Complete 
|  86|0x000000070a400000, 0x000000070a500000, 0x000000070a500000|100%|HS|  |TAMS 0x000000070a400000, 0x000000070a400000| Complete 
|  87|0x000000070a500000, 0x000000070a500000, 0x000000070a600000|  0%| F|  |TAMS 0x000000070a500000, 0x000000070a500000| Untracked 
|  88|0x000000070a600000, 0x000000070a600000, 0x000000070a700000|  0%| F|  |TAMS 0x000000070a600000, 0x000000070a600000| Untracked 
|  89|0x000000070a700000, 0x000000070a700000, 0x000000070a800000|  0%| F|  |TAMS 0x000000070a700000, 0x000000070a700000| Untracked 
|  90|0x000000070a800000, 0x000000070a800000, 0x000000070a900000|  0%| F|  |TAMS 0x000000070a800000, 0x000000070a800000| Untracked 
|  91|0x000000070a900000, 0x000000070a900000, 0x000000070aa00000|  0%| F|  |TAMS 0x000000070a900000, 0x000000070a900000| Untracked 
|  92|0x000000070aa00000, 0x000000070aa00000, 0x000000070ab00000|  0%| F|  |TAMS 0x000000070aa00000, 0x000000070aa00000| Untracked 
|  93|0x000000070ab00000, 0x000000070ab00000, 0x000000070ac00000|  0%| F|  |TAMS 0x000000070ab00000, 0x000000070ab00000| Untracked 
|  94|0x000000070ac00000, 0x000000070acf52c0, 0x000000070ad00000| 95%| S|CS|TAMS 0x000000070ac00000, 0x000000070ac00000| Complete 
|  95|0x000000070ad00000, 0x000000070ae00000, 0x000000070ae00000|100%| S|CS|TAMS 0x000000070ad00000, 0x000000070ad00000| Complete 
|  96|0x000000070ae00000, 0x000000070af00000, 0x000000070af00000|100%| S|CS|TAMS 0x000000070ae00000, 0x000000070ae00000| Complete 
|  97|0x000000070af00000, 0x000000070b000000, 0x000000070b000000|100%| S|CS|TAMS 0x000000070af00000, 0x000000070af00000| Complete 
|  98|0x000000070b000000, 0x000000070b100000, 0x000000070b100000|100%| S|CS|TAMS 0x000000070b000000, 0x000000070b000000| Complete 
|  99|0x000000070b100000, 0x000000070b200000, 0x000000070b200000|100%| S|CS|TAMS 0x000000070b100000, 0x000000070b100000| Complete 
| 100|0x000000070b200000, 0x000000070b300000, 0x000000070b300000|100%| S|CS|TAMS 0x000000070b200000, 0x000000070b200000| Complete 
| 101|0x000000070b300000, 0x000000070b300000, 0x000000070b400000|  0%| F|  |TAMS 0x000000070b300000, 0x000000070b300000| Untracked 
| 102|0x000000070b400000, 0x000000070b400000, 0x000000070b500000|  0%| F|  |TAMS 0x000000070b400000, 0x000000070b400000| Untracked 
| 103|0x000000070b500000, 0x000000070b500000, 0x000000070b600000|  0%| F|  |TAMS 0x000000070b500000, 0x000000070b500000| Untracked 
| 104|0x000000070b600000, 0x000000070b600000, 0x000000070b700000|  0%| F|  |TAMS 0x000000070b600000, 0x000000070b600000| Untracked 
| 105|0x000000070b700000, 0x000000070b700000, 0x000000070b800000|  0%| F|  |TAMS 0x000000070b700000, 0x000000070b700000| Untracked 
| 106|0x000000070b800000, 0x000000070b800000, 0x000000070b900000|  0%| F|  |TAMS 0x000000070b800000, 0x000000070b800000| Untracked 
| 107|0x000000070b900000, 0x000000070b900000, 0x000000070ba00000|  0%| F|  |TAMS 0x000000070b900000, 0x000000070b900000| Untracked 
| 108|0x000000070ba00000, 0x000000070ba00000, 0x000000070bb00000|  0%| F|  |TAMS 0x000000070ba00000, 0x000000070ba00000| Untracked 
| 109|0x000000070bb00000, 0x000000070bb00000, 0x000000070bc00000|  0%| F|  |TAMS 0x000000070bb00000, 0x000000070bb00000| Untracked 
| 110|0x000000070bc00000, 0x000000070bc00000, 0x000000070bd00000|  0%| F|  |TAMS 0x000000070bc00000, 0x000000070bc00000| Untracked 
| 111|0x000000070bd00000, 0x000000070bd00000, 0x000000070be00000|  0%| F|  |TAMS 0x000000070bd00000, 0x000000070bd00000| Untracked 
| 112|0x000000070be00000, 0x000000070be00000, 0x000000070bf00000|  0%| F|  |TAMS 0x000000070be00000, 0x000000070be00000| Untracked 
| 113|0x000000070bf00000, 0x000000070bf00000, 0x000000070c000000|  0%| F|  |TAMS 0x000000070bf00000, 0x000000070bf00000| Untracked 
| 114|0x000000070c000000, 0x000000070c000000, 0x000000070c100000|  0%| F|  |TAMS 0x000000070c000000, 0x000000070c000000| Untracked 
| 115|0x000000070c100000, 0x000000070c100000, 0x000000070c200000|  0%| F|  |TAMS 0x000000070c100000, 0x000000070c100000| Untracked 
| 116|0x000000070c200000, 0x000000070c200000, 0x000000070c300000|  0%| F|  |TAMS 0x000000070c200000, 0x000000070c200000| Untracked 
| 117|0x000000070c300000, 0x000000070c300000, 0x000000070c400000|  0%| F|  |TAMS 0x000000070c300000, 0x000000070c300000| Untracked 
| 118|0x000000070c400000, 0x000000070c400000, 0x000000070c500000|  0%| F|  |TAMS 0x000000070c400000, 0x000000070c400000| Untracked 
| 119|0x000000070c500000, 0x000000070c500000, 0x000000070c600000|  0%| F|  |TAMS 0x000000070c500000, 0x000000070c500000| Untracked 
| 120|0x000000070c600000, 0x000000070c600000, 0x000000070c700000|  0%| F|  |TAMS 0x000000070c600000, 0x000000070c600000| Untracked 
| 121|0x000000070c700000, 0x000000070c700000, 0x000000070c800000|  0%| F|  |TAMS 0x000000070c700000, 0x000000070c700000| Untracked 
| 122|0x000000070c800000, 0x000000070c800000, 0x000000070c900000|  0%| F|  |TAMS 0x000000070c800000, 0x000000070c800000| Untracked 
| 123|0x000000070c900000, 0x000000070c900000, 0x000000070ca00000|  0%| F|  |TAMS 0x000000070c900000, 0x000000070c900000| Untracked 
| 124|0x000000070ca00000, 0x000000070ca00000, 0x000000070cb00000|  0%| F|  |TAMS 0x000000070ca00000, 0x000000070ca00000| Untracked 
| 125|0x000000070cb00000, 0x000000070cb00000, 0x000000070cc00000|  0%| F|  |TAMS 0x000000070cb00000, 0x000000070cb00000| Untracked 
| 126|0x000000070cc00000, 0x000000070cc00000, 0x000000070cd00000|  0%| F|  |TAMS 0x000000070cc00000, 0x000000070cc00000| Untracked 
| 127|0x000000070cd00000, 0x000000070cd00000, 0x000000070ce00000|  0%| F|  |TAMS 0x000000070cd00000, 0x000000070cd00000| Untracked 
| 128|0x000000070ce00000, 0x000000070ce00000, 0x000000070cf00000|  0%| F|  |TAMS 0x000000070ce00000, 0x000000070ce00000| Untracked 
| 129|0x000000070cf00000, 0x000000070cf00000, 0x000000070d000000|  0%| F|  |TAMS 0x000000070cf00000, 0x000000070cf00000| Untracked 
| 130|0x000000070d000000, 0x000000070d000000, 0x000000070d100000|  0%| F|  |TAMS 0x000000070d000000, 0x000000070d000000| Untracked 
| 131|0x000000070d100000, 0x000000070d100000, 0x000000070d200000|  0%| F|  |TAMS 0x000000070d100000, 0x000000070d100000| Untracked 
| 132|0x000000070d200000, 0x000000070d200000, 0x000000070d300000|  0%| F|  |TAMS 0x000000070d200000, 0x000000070d200000| Untracked 
| 133|0x000000070d300000, 0x000000070d300000, 0x000000070d400000|  0%| F|  |TAMS 0x000000070d300000, 0x000000070d300000| Untracked 
| 134|0x000000070d400000, 0x000000070d400000, 0x000000070d500000|  0%| F|  |TAMS 0x000000070d400000, 0x000000070d400000| Untracked 
| 135|0x000000070d500000, 0x000000070d500000, 0x000000070d600000|  0%| F|  |TAMS 0x000000070d500000, 0x000000070d500000| Untracked 
| 136|0x000000070d600000, 0x000000070d700000, 0x000000070d700000|100%| E|  |TAMS 0x000000070d600000, 0x000000070d600000| Complete 
| 137|0x000000070d700000, 0x000000070d800000, 0x000000070d800000|100%| E|CS|TAMS 0x000000070d700000, 0x000000070d700000| Complete 
| 138|0x000000070d800000, 0x000000070d900000, 0x000000070d900000|100%| E|CS|TAMS 0x000000070d800000, 0x000000070d800000| Complete 
| 139|0x000000070d900000, 0x000000070da00000, 0x000000070da00000|100%| E|CS|TAMS 0x000000070d900000, 0x000000070d900000| Complete 
| 140|0x000000070da00000, 0x000000070db00000, 0x000000070db00000|100%| E|CS|TAMS 0x000000070da00000, 0x000000070da00000| Complete 
| 141|0x000000070db00000, 0x000000070dc00000, 0x000000070dc00000|100%| E|CS|TAMS 0x000000070db00000, 0x000000070db00000| Complete 
| 142|0x000000070dc00000, 0x000000070dd00000, 0x000000070dd00000|100%| E|CS|TAMS 0x000000070dc00000, 0x000000070dc00000| Complete 
| 143|0x000000070dd00000, 0x000000070de00000, 0x000000070de00000|100%| E|CS|TAMS 0x000000070dd00000, 0x000000070dd00000| Complete 
| 144|0x000000070de00000, 0x000000070df00000, 0x000000070df00000|100%| E|CS|TAMS 0x000000070de00000, 0x000000070de00000| Complete 
| 145|0x000000070df00000, 0x000000070e000000, 0x000000070e000000|100%| E|CS|TAMS 0x000000070df00000, 0x000000070df00000| Complete 
| 146|0x000000070e000000, 0x000000070e100000, 0x000000070e100000|100%| E|CS|TAMS 0x000000070e000000, 0x000000070e000000| Complete 
| 147|0x000000070e100000, 0x000000070e200000, 0x000000070e200000|100%| E|CS|TAMS 0x000000070e100000, 0x000000070e100000| Complete 
| 148|0x000000070e200000, 0x000000070e300000, 0x000000070e300000|100%| E|CS|TAMS 0x000000070e200000, 0x000000070e200000| Complete 
| 149|0x000000070e300000, 0x000000070e400000, 0x000000070e400000|100%| E|CS|TAMS 0x000000070e300000, 0x000000070e300000| Complete 
| 150|0x000000070e400000, 0x000000070e500000, 0x000000070e500000|100%| E|CS|TAMS 0x000000070e400000, 0x000000070e400000| Complete 
| 151|0x000000070e500000, 0x000000070e600000, 0x000000070e600000|100%| E|CS|TAMS 0x000000070e500000, 0x000000070e500000| Complete 
| 152|0x000000070e600000, 0x000000070e700000, 0x000000070e700000|100%| E|CS|TAMS 0x000000070e600000, 0x000000070e600000| Complete 
| 153|0x000000070e700000, 0x000000070e800000, 0x000000070e800000|100%| E|CS|TAMS 0x000000070e700000, 0x000000070e700000| Complete 
| 154|0x000000070e800000, 0x000000070e900000, 0x000000070e900000|100%| E|CS|TAMS 0x000000070e800000, 0x000000070e800000| Complete 
| 155|0x000000070e900000, 0x000000070ea00000, 0x000000070ea00000|100%| E|CS|TAMS 0x000000070e900000, 0x000000070e900000| Complete 
| 156|0x000000070ea00000, 0x000000070eb00000, 0x000000070eb00000|100%| E|CS|TAMS 0x000000070ea00000, 0x000000070ea00000| Complete 
| 157|0x000000070eb00000, 0x000000070ec00000, 0x000000070ec00000|100%| E|CS|TAMS 0x000000070eb00000, 0x000000070eb00000| Complete 
| 158|0x000000070ec00000, 0x000000070ed00000, 0x000000070ed00000|100%| E|CS|TAMS 0x000000070ec00000, 0x000000070ec00000| Complete 
| 159|0x000000070ed00000, 0x000000070ee00000, 0x000000070ee00000|100%| E|CS|TAMS 0x000000070ed00000, 0x000000070ed00000| Complete 
| 160|0x000000070ee00000, 0x000000070ef00000, 0x000000070ef00000|100%| E|CS|TAMS 0x000000070ee00000, 0x000000070ee00000| Complete 
| 161|0x000000070ef00000, 0x000000070f000000, 0x000000070f000000|100%| E|CS|TAMS 0x000000070ef00000, 0x000000070ef00000| Complete 
| 162|0x000000070f000000, 0x000000070f100000, 0x000000070f100000|100%| E|CS|TAMS 0x000000070f000000, 0x000000070f000000| Complete 
| 163|0x000000070f100000, 0x000000070f200000, 0x000000070f200000|100%| E|CS|TAMS 0x000000070f100000, 0x000000070f100000| Complete 
| 164|0x000000070f200000, 0x000000070f300000, 0x000000070f300000|100%| E|CS|TAMS 0x000000070f200000, 0x000000070f200000| Complete 
| 165|0x000000070f300000, 0x000000070f400000, 0x000000070f400000|100%| E|CS|TAMS 0x000000070f300000, 0x000000070f300000| Complete 
| 166|0x000000070f400000, 0x000000070f500000, 0x000000070f500000|100%| E|CS|TAMS 0x000000070f400000, 0x000000070f400000| Complete 
| 167|0x000000070f500000, 0x000000070f600000, 0x000000070f600000|100%| E|CS|TAMS 0x000000070f500000, 0x000000070f500000| Complete 
| 168|0x000000070f600000, 0x000000070f700000, 0x000000070f700000|100%| E|CS|TAMS 0x000000070f600000, 0x000000070f600000| Complete 
| 169|0x000000070f700000, 0x000000070f800000, 0x000000070f800000|100%| E|CS|TAMS 0x000000070f700000, 0x000000070f700000| Complete 
| 170|0x000000070f800000, 0x000000070f900000, 0x000000070f900000|100%| E|CS|TAMS 0x000000070f800000, 0x000000070f800000| Complete 
| 171|0x000000070f900000, 0x000000070fa00000, 0x000000070fa00000|100%| E|CS|TAMS 0x000000070f900000, 0x000000070f900000| Complete 
| 172|0x000000070fa00000, 0x000000070fb00000, 0x000000070fb00000|100%| E|CS|TAMS 0x000000070fa00000, 0x000000070fa00000| Complete 
| 173|0x000000070fb00000, 0x000000070fc00000, 0x000000070fc00000|100%| E|CS|TAMS 0x000000070fb00000, 0x000000070fb00000| Complete 
| 174|0x000000070fc00000, 0x000000070fd00000, 0x000000070fd00000|100%| E|CS|TAMS 0x000000070fc00000, 0x000000070fc00000| Complete 
| 175|0x000000070fd00000, 0x000000070fe00000, 0x000000070fe00000|100%| E|CS|TAMS 0x000000070fd00000, 0x000000070fd00000| Complete 
| 176|0x000000070fe00000, 0x000000070ff00000, 0x000000070ff00000|100%| E|CS|TAMS 0x000000070fe00000, 0x000000070fe00000| Complete 
| 177|0x000000070ff00000, 0x0000000710000000, 0x0000000710000000|100%| E|CS|TAMS 0x000000070ff00000, 0x000000070ff00000| Complete 
| 178|0x0000000710000000, 0x0000000710100000, 0x0000000710100000|100%| E|CS|TAMS 0x0000000710000000, 0x0000000710000000| Complete 
| 179|0x0000000710100000, 0x0000000710200000, 0x0000000710200000|100%| E|CS|TAMS 0x0000000710100000, 0x0000000710100000| Complete 
| 180|0x0000000710200000, 0x0000000710300000, 0x0000000710300000|100%| E|CS|TAMS 0x0000000710200000, 0x0000000710200000| Complete 
| 181|0x0000000710300000, 0x0000000710400000, 0x0000000710400000|100%| E|CS|TAMS 0x0000000710300000, 0x0000000710300000| Complete 
| 182|0x0000000710400000, 0x0000000710500000, 0x0000000710500000|100%| E|CS|TAMS 0x0000000710400000, 0x0000000710400000| Complete 
| 183|0x0000000710500000, 0x0000000710600000, 0x0000000710600000|100%| E|CS|TAMS 0x0000000710500000, 0x0000000710500000| Complete 
| 184|0x0000000710600000, 0x0000000710700000, 0x0000000710700000|100%| E|CS|TAMS 0x0000000710600000, 0x0000000710600000| Complete 
| 185|0x0000000710700000, 0x0000000710800000, 0x0000000710800000|100%| E|CS|TAMS 0x0000000710700000, 0x0000000710700000| Complete 
| 186|0x0000000710800000, 0x0000000710900000, 0x0000000710900000|100%| E|CS|TAMS 0x0000000710800000, 0x0000000710800000| Complete 
| 187|0x0000000710900000, 0x0000000710a00000, 0x0000000710a00000|100%| E|CS|TAMS 0x0000000710900000, 0x0000000710900000| Complete 
| 188|0x0000000710a00000, 0x0000000710b00000, 0x0000000710b00000|100%| E|CS|TAMS 0x0000000710a00000, 0x0000000710a00000| Complete 
| 189|0x0000000710b00000, 0x0000000710c00000, 0x0000000710c00000|100%| E|CS|TAMS 0x0000000710b00000, 0x0000000710b00000| Complete 
| 190|0x0000000710c00000, 0x0000000710d00000, 0x0000000710d00000|100%| E|CS|TAMS 0x0000000710c00000, 0x0000000710c00000| Complete 
| 191|0x0000000710d00000, 0x0000000710e00000, 0x0000000710e00000|100%| E|CS|TAMS 0x0000000710d00000, 0x0000000710d00000| Complete 
| 192|0x0000000710e00000, 0x0000000710f00000, 0x0000000710f00000|100%| E|CS|TAMS 0x0000000710e00000, 0x0000000710e00000| Complete 
| 193|0x0000000710f00000, 0x0000000711000000, 0x0000000711000000|100%| E|CS|TAMS 0x0000000710f00000, 0x0000000710f00000| Complete 
| 194|0x0000000711000000, 0x0000000711100000, 0x0000000711100000|100%| E|CS|TAMS 0x0000000711000000, 0x0000000711000000| Complete 
| 195|0x0000000711100000, 0x0000000711200000, 0x0000000711200000|100%| E|CS|TAMS 0x0000000711100000, 0x0000000711100000| Complete 
| 196|0x0000000711200000, 0x0000000711300000, 0x0000000711300000|100%| E|CS|TAMS 0x0000000711200000, 0x0000000711200000| Complete 
| 197|0x0000000711300000, 0x0000000711400000, 0x0000000711400000|100%| E|CS|TAMS 0x0000000711300000, 0x0000000711300000| Complete 
| 198|0x0000000711400000, 0x0000000711500000, 0x0000000711500000|100%| E|CS|TAMS 0x0000000711400000, 0x0000000711400000| Complete 
| 199|0x0000000711500000, 0x0000000711600000, 0x0000000711600000|100%| E|CS|TAMS 0x0000000711500000, 0x0000000711500000| Complete 
| 200|0x0000000711600000, 0x0000000711700000, 0x0000000711700000|100%| E|CS|TAMS 0x0000000711600000, 0x0000000711600000| Complete 
| 201|0x0000000711700000, 0x0000000711800000, 0x0000000711800000|100%| E|CS|TAMS 0x0000000711700000, 0x0000000711700000| Complete 
| 202|0x0000000711800000, 0x0000000711900000, 0x0000000711900000|100%| E|CS|TAMS 0x0000000711800000, 0x0000000711800000| Complete 
| 203|0x0000000711900000, 0x0000000711a00000, 0x0000000711a00000|100%| E|CS|TAMS 0x0000000711900000, 0x0000000711900000| Complete 
| 204|0x0000000711a00000, 0x0000000711b00000, 0x0000000711b00000|100%| E|CS|TAMS 0x0000000711a00000, 0x0000000711a00000| Complete 
| 205|0x0000000711b00000, 0x0000000711c00000, 0x0000000711c00000|100%| E|CS|TAMS 0x0000000711b00000, 0x0000000711b00000| Complete 
| 206|0x0000000711c00000, 0x0000000711d00000, 0x0000000711d00000|100%| E|CS|TAMS 0x0000000711c00000, 0x0000000711c00000| Complete 
| 207|0x0000000711d00000, 0x0000000711e00000, 0x0000000711e00000|100%| E|CS|TAMS 0x0000000711d00000, 0x0000000711d00000| Complete 
| 208|0x0000000711e00000, 0x0000000711f00000, 0x0000000711f00000|100%| E|CS|TAMS 0x0000000711e00000, 0x0000000711e00000| Complete 
| 209|0x0000000711f00000, 0x0000000712000000, 0x0000000712000000|100%| E|CS|TAMS 0x0000000711f00000, 0x0000000711f00000| Complete 
| 210|0x0000000712000000, 0x0000000712100000, 0x0000000712100000|100%| E|CS|TAMS 0x0000000712000000, 0x0000000712000000| Complete 
| 211|0x0000000712100000, 0x0000000712200000, 0x0000000712200000|100%| E|CS|TAMS 0x0000000712100000, 0x0000000712100000| Complete 
| 212|0x0000000712200000, 0x0000000712300000, 0x0000000712300000|100%| E|CS|TAMS 0x0000000712200000, 0x0000000712200000| Complete 
| 213|0x0000000712300000, 0x0000000712400000, 0x0000000712400000|100%| E|CS|TAMS 0x0000000712300000, 0x0000000712300000| Complete 
| 214|0x0000000712400000, 0x0000000712500000, 0x0000000712500000|100%| E|CS|TAMS 0x0000000712400000, 0x0000000712400000| Complete 
| 215|0x0000000712500000, 0x0000000712600000, 0x0000000712600000|100%| E|CS|TAMS 0x0000000712500000, 0x0000000712500000| Complete 
| 216|0x0000000712600000, 0x0000000712700000, 0x0000000712700000|100%| E|CS|TAMS 0x0000000712600000, 0x0000000712600000| Complete 
| 217|0x0000000712700000, 0x0000000712800000, 0x0000000712800000|100%| E|CS|TAMS 0x0000000712700000, 0x0000000712700000| Complete 
| 218|0x0000000712800000, 0x0000000712900000, 0x0000000712900000|100%| E|CS|TAMS 0x0000000712800000, 0x0000000712800000| Complete 
| 219|0x0000000712900000, 0x0000000712a00000, 0x0000000712a00000|100%| E|CS|TAMS 0x0000000712900000, 0x0000000712900000| Complete 
| 220|0x0000000712a00000, 0x0000000712b00000, 0x0000000712b00000|100%| E|CS|TAMS 0x0000000712a00000, 0x0000000712a00000| Complete 
| 221|0x0000000712b00000, 0x0000000712c00000, 0x0000000712c00000|100%| E|CS|TAMS 0x0000000712b00000, 0x0000000712b00000| Complete 
| 222|0x0000000712c00000, 0x0000000712d00000, 0x0000000712d00000|100%| E|CS|TAMS 0x0000000712c00000, 0x0000000712c00000| Complete 
| 223|0x0000000712d00000, 0x0000000712e00000, 0x0000000712e00000|100%| E|CS|TAMS 0x0000000712d00000, 0x0000000712d00000| Complete 
| 224|0x0000000712e00000, 0x0000000712f00000, 0x0000000712f00000|100%| E|CS|TAMS 0x0000000712e00000, 0x0000000712e00000| Complete 
| 225|0x0000000712f00000, 0x0000000713000000, 0x0000000713000000|100%| E|CS|TAMS 0x0000000712f00000, 0x0000000712f00000| Complete 
| 226|0x0000000713000000, 0x0000000713100000, 0x0000000713100000|100%| E|CS|TAMS 0x0000000713000000, 0x0000000713000000| Complete 
| 227|0x0000000713100000, 0x0000000713200000, 0x0000000713200000|100%| E|CS|TAMS 0x0000000713100000, 0x0000000713100000| Complete 
| 228|0x0000000713200000, 0x0000000713300000, 0x0000000713300000|100%| E|CS|TAMS 0x0000000713200000, 0x0000000713200000| Complete 
| 229|0x0000000713300000, 0x0000000713400000, 0x0000000713400000|100%| E|CS|TAMS 0x0000000713300000, 0x0000000713300000| Complete 
| 230|0x0000000713400000, 0x0000000713500000, 0x0000000713500000|100%| E|CS|TAMS 0x0000000713400000, 0x0000000713400000| Complete 
| 231|0x0000000713500000, 0x0000000713600000, 0x0000000713600000|100%| E|CS|TAMS 0x0000000713500000, 0x0000000713500000| Complete 
| 232|0x0000000713600000, 0x0000000713700000, 0x0000000713700000|100%| E|CS|TAMS 0x0000000713600000, 0x0000000713600000| Complete 
| 233|0x0000000713700000, 0x0000000713800000, 0x0000000713800000|100%| E|CS|TAMS 0x0000000713700000, 0x0000000713700000| Complete 
| 234|0x0000000713800000, 0x0000000713900000, 0x0000000713900000|100%| E|CS|TAMS 0x0000000713800000, 0x0000000713800000| Complete 
| 235|0x0000000713900000, 0x0000000713a00000, 0x0000000713a00000|100%| E|CS|TAMS 0x0000000713900000, 0x0000000713900000| Complete 
| 236|0x0000000713a00000, 0x0000000713b00000, 0x0000000713b00000|100%| E|CS|TAMS 0x0000000713a00000, 0x0000000713a00000| Complete 
| 237|0x0000000713b00000, 0x0000000713c00000, 0x0000000713c00000|100%| E|CS|TAMS 0x0000000713b00000, 0x0000000713b00000| Complete 
| 238|0x0000000713c00000, 0x0000000713d00000, 0x0000000713d00000|100%| E|CS|TAMS 0x0000000713c00000, 0x0000000713c00000| Complete 
| 239|0x0000000713d00000, 0x0000000713e00000, 0x0000000713e00000|100%| E|CS|TAMS 0x0000000713d00000, 0x0000000713d00000| Complete 
| 240|0x0000000713e00000, 0x0000000713f00000, 0x0000000713f00000|100%| E|CS|TAMS 0x0000000713e00000, 0x0000000713e00000| Complete 
| 241|0x0000000713f00000, 0x0000000714000000, 0x0000000714000000|100%| E|CS|TAMS 0x0000000713f00000, 0x0000000713f00000| Complete 
| 242|0x0000000714000000, 0x0000000714100000, 0x0000000714100000|100%| E|CS|TAMS 0x0000000714000000, 0x0000000714000000| Complete 
| 243|0x0000000714100000, 0x0000000714200000, 0x0000000714200000|100%| E|CS|TAMS 0x0000000714100000, 0x0000000714100000| Complete 
| 244|0x0000000714200000, 0x0000000714300000, 0x0000000714300000|100%| E|CS|TAMS 0x0000000714200000, 0x0000000714200000| Complete 
| 245|0x0000000714300000, 0x0000000714400000, 0x0000000714400000|100%| E|CS|TAMS 0x0000000714300000, 0x0000000714300000| Complete 
| 246|0x0000000714400000, 0x0000000714500000, 0x0000000714500000|100%| E|CS|TAMS 0x0000000714400000, 0x0000000714400000| Complete 
| 247|0x0000000714500000, 0x0000000714600000, 0x0000000714600000|100%| E|CS|TAMS 0x0000000714500000, 0x0000000714500000| Complete 
| 248|0x0000000714600000, 0x0000000714700000, 0x0000000714700000|100%| E|CS|TAMS 0x0000000714600000, 0x0000000714600000| Complete 
| 249|0x0000000714700000, 0x0000000714800000, 0x0000000714800000|100%| E|CS|TAMS 0x0000000714700000, 0x0000000714700000| Complete 
| 250|0x0000000714800000, 0x0000000714900000, 0x0000000714900000|100%| E|CS|TAMS 0x0000000714800000, 0x0000000714800000| Complete 
| 251|0x0000000714900000, 0x0000000714a00000, 0x0000000714a00000|100%| E|CS|TAMS 0x0000000714900000, 0x0000000714900000| Complete 

Card table byte_map: [0x000001c23a360000,0x000001c23ab40000] _byte_map_base: 0x000001c236b39000

Marking Bits (Prev, Next): (CMBitMap*) 0x000001c22203d8f0, (CMBitMap*) 0x000001c22203d8b8
 Prev Bits: [0x000001c23f1f0000, 0x000001c2430b8000)
 Next Bits: [0x000001c23b320000, 0x000001c23f1e8000)

Polling page: 0x000001c21f450000

Metaspace:

Usage:
  Non-class:     23.55 MB capacity,    23.32 MB ( 99%) used,   186.01 KB ( <1%) free+waste,    55.75 KB ( <1%) overhead. 
      Class:      2.52 MB capacity,     2.32 MB ( 92%) used,   173.10 KB (  7%) free+waste,    26.12 KB (  1%) overhead. 
       Both:     26.07 MB capacity,    25.64 MB ( 98%) used,   359.11 KB (  1%) free+waste,    81.88 KB ( <1%) overhead. 

Virtual space:
  Non-class space:       24.00 MB reserved,      23.67 MB ( 99%) committed 
      Class space:        1.00 GB reserved,       2.62 MB ( <1%) committed 
             Both:        1.02 GB reserved,      26.30 MB (  3%) committed 

Chunk freelists:
   Non-Class:  58.00 KB
       Class:  16.00 KB
        Both:  74.00 KB

MaxMetaspaceSize: 17179869184.00 GB
CompressedClassSpaceSize: 1.00 GB
Initial GC threshold: 20.80 MB
Current GC threshold: 35.08 MB
CDS: off

CodeHeap 'non-profiled nmethods': size=120000Kb used=1680Kb max_used=1680Kb free=118319Kb
 bounds [0x000001c232320000, 0x000001c232590000, 0x000001c239850000]
CodeHeap 'profiled nmethods': size=120000Kb used=5949Kb max_used=5949Kb free=114050Kb
 bounds [0x000001c22adf0000, 0x000001c22b3c0000, 0x000001c232320000]
CodeHeap 'non-nmethods': size=5760Kb used=1883Kb max_used=1909Kb free=3877Kb
 bounds [0x000001c22a850000, 0x000001c22aac0000, 0x000001c22adf0000]
 total_blobs=3809 nmethods=2510 adapters=1211
 compilation: enabled
              stopped_count=0, restarted_count=0
 full_count=0

Compilation events (20 events):
Event: 13.127 Thread 0x000001c245c8d800 nmethod 2487 0x000001c22b3b6d10 code [0x000001c22b3b6ec0, 0x000001c22b3b6fc8]
Event: 13.137 Thread 0x000001c245c8d800 2495       3       java.io.BufferedWriter::ensureOpen (18 bytes)
Event: 13.137 Thread 0x000001c245c8d800 nmethod 2495 0x000001c22b3b7090 code [0x000001c22b3b7260, 0x000001c22b3b7468]
Event: 13.138 Thread 0x000001c245c8d800 2496       3       java.io.PrintStream::ensureOpen (18 bytes)
Event: 13.138 Thread 0x000001c245c8d800 nmethod 2496 0x000001c22b3b7510 code [0x000001c22b3b76e0, 0x000001c22b3b78e8]
Event: 13.138 Thread 0x000001c246946000 2494 %     4       sun.awt.image.OffScreenImageSource::sendPixels @ 669 (733 bytes)
Event: 13.152 Thread 0x000001c245c8a000 nmethod 2484 0x000001c2324bba90 code [0x000001c2324bbd60, 0x000001c2324bdce0]
Event: 13.152 Thread 0x000001c245c8a000 2492       4       java.awt.image.BufferedImage::getRGB (18 bytes)
Event: 13.155 Thread 0x000001c246946000 nmethod 2494% 0x000001c2324bef90 code [0x000001c2324bf1e0, 0x000001c2324bffb0]
Event: 13.155 Thread 0x000001c246946000 2490       4       java.awt.image.ComponentColorModel::getRGB (161 bytes)
Event: 13.159 Thread 0x000001c245c8a000 nmethod 2492 0x000001c2324c0c90 code [0x000001c2324c0ec0, 0x000001c2324c17e0]
Event: 13.160 Thread 0x000001c246946000 nmethod 2490 0x000001c2324c2090 code [0x000001c2324c22a0, 0x000001c2324c2760]
Event: 13.160 Thread 0x000001c245c8a000 2497       4       sun.awt.image.OffScreenImageSource::sendPixels (733 bytes)
Event: 13.160 Thread 0x000001c246946000 2493       4       java.awt.image.ComponentColorModel::getRGBComponent (111 bytes)
Event: 13.161 Thread 0x000001c246946000 nmethod 2493 0x000001c2324c2d10 code [0x000001c2324c2ec0, 0x000001c2324c3018]
Event: 13.165 Thread 0x000001c245c8a000 nmethod 2497 0x000001c2324c3190 code [0x000001c2324c33c0, 0x000001c2324c3a30]
Event: 13.188 Thread 0x000001c245c8d800 2498       3       java.nio.Buffer::remaining (20 bytes)
Event: 13.188 Thread 0x000001c245c8d800 nmethod 2498 0x000001c22b3b7990 code [0x000001c22b3b7b40, 0x000001c22b3b7c98]
Event: 13.210 Thread 0x000001c245c8d800 2499       3       sun.nio.cs.SingleByte$Encoder::encodeArrayLoop (233 bytes)
Event: 13.212 Thread 0x000001c245c8d800 nmethod 2499 0x000001c22b3b7d10 code [0x000001c22b3b8220, 0x000001c22b3bac08]

GC Heap History (16 events):
Event: 0.352 GC heap before
{Heap before GC invocations=0 (full 0):
 garbage-first heap   total 258048K, used 23552K [0x0000000704e00000, 0x0000000800000000)
  region size 1024K, 24 young (24576K), 0 survivors (0K)
 Metaspace       used 7419K, capacity 7524K, committed 7680K, reserved 1056768K
  class space    used 625K, capacity 676K, committed 768K, reserved 1048576K
}
Event: 0.354 GC heap after
{Heap after GC invocations=1 (full 0):
 garbage-first heap   total 258048K, used 1323K [0x0000000704e00000, 0x0000000800000000)
  region size 1024K, 2 young (2048K), 2 survivors (2048K)
 Metaspace       used 7419K, capacity 7524K, committed 7680K, reserved 1056768K
  class space    used 625K, capacity 676K, committed 768K, reserved 1048576K
}
Event: 0.962 GC heap before
{Heap before GC invocations=1 (full 0):
 garbage-first heap   total 258048K, used 160043K [0x0000000704e00000, 0x0000000800000000)
  region size 1024K, 151 young (154624K), 2 survivors (2048K)
 Metaspace       used 12657K, capacity 12749K, committed 13056K, reserved 1060864K
  class space    used 700K, capacity 746K, committed 768K, reserved 1048576K
}
Event: 0.964 GC heap after
{Heap after GC invocations=2 (full 0):
 garbage-first heap   total 258048K, used 4833K [0x0000000704e00000, 0x0000000800000000)
  region size 1024K, 5 young (5120K), 5 survivors (5120K)
 Metaspace       used 12657K, capacity 12749K, committed 13056K, reserved 1060864K
  class space    used 700K, capacity 746K, committed 768K, reserved 1048576K
}
Event: 1.234 GC heap before
{Heap before GC invocations=2 (full 0):
 garbage-first heap   total 258048K, used 154337K [0x0000000704e00000, 0x0000000800000000)
  region size 1024K, 151 young (154624K), 5 survivors (5120K)
 Metaspace       used 12668K, capacity 12749K, committed 13056K, reserved 1060864K
  class space    used 700K, capacity 746K, committed 768K, reserved 1048576K
}
Event: 1.236 GC heap after
{Heap after GC invocations=3 (full 0):
 garbage-first heap   total 258048K, used 4671K [0x0000000704e00000, 0x0000000800000000)
  region size 1024K, 5 young (5120K), 5 survivors (5120K)
 Metaspace       used 12668K, capacity 12749K, committed 13056K, reserved 1060864K
  class space    used 700K, capacity 746K, committed 768K, reserved 1048576K
}
Event: 2.540 GC heap before
{Heap before GC invocations=3 (full 0):
 garbage-first heap   total 258048K, used 154175K [0x0000000704e00000, 0x0000000800000000)
  region size 1024K, 151 young (154624K), 5 survivors (5120K)
 Metaspace       used 17667K, capacity 17806K, committed 18176K, reserved 1067008K
  class space    used 1405K, capacity 1450K, committed 1536K, reserved 1048576K
}
Event: 2.542 GC heap after
{Heap after GC invocations=4 (full 0):
 garbage-first heap   total 258048K, used 5444K [0x0000000704e00000, 0x0000000800000000)
  region size 1024K, 6 young (6144K), 6 survivors (6144K)
 Metaspace       used 17667K, capacity 17806K, committed 18176K, reserved 1067008K
  class space    used 1405K, capacity 1450K, committed 1536K, reserved 1048576K
}
Event: 2.844 GC heap before
{Heap before GC invocations=4 (full 0):
 garbage-first heap   total 258048K, used 22852K [0x0000000704e00000, 0x0000000800000000)
  region size 1024K, 24 young (24576K), 6 survivors (6144K)
 Metaspace       used 20960K, capacity 21187K, committed 21296K, reserved 1069056K
  class space    used 1777K, capacity 1883K, committed 1920K, reserved 1048576K
}
Event: 2.848 GC heap after
{Heap after GC invocations=5 (full 0):
 garbage-first heap   total 258048K, used 5983K [0x0000000704e00000, 0x0000000800000000)
  region size 1024K, 6 young (6144K), 6 survivors (6144K)
 Metaspace       used 20960K, capacity 21187K, committed 21296K, reserved 1069056K
  class space    used 1777K, capacity 1883K, committed 1920K, reserved 1048576K
}
Event: 3.096 GC heap before
{Heap before GC invocations=6 (full 0):
 garbage-first heap   total 258048K, used 202591K [0x0000000704e00000, 0x0000000800000000)
  region size 1024K, 151 young (154624K), 6 survivors (6144K)
 Metaspace       used 23759K, capacity 24193K, committed 24240K, reserved 1071104K
  class space    used 2123K, capacity 2295K, committed 2304K, reserved 1048576K
}
Event: 3.099 GC heap after
{Heap after GC invocations=7 (full 0):
 garbage-first heap   total 258048K, used 31251K [0x0000000704e00000, 0x0000000800000000)
  region size 1024K, 7 young (7168K), 7 survivors (7168K)
 Metaspace       used 23759K, capacity 24193K, committed 24240K, reserved 1071104K
  class space    used 2123K, capacity 2295K, committed 2304K, reserved 1048576K
}
Event: 13.060 GC heap before
{Heap before GC invocations=7 (full 0):
 garbage-first heap   total 258048K, used 243219K [0x0000000704e00000, 0x0000000800000000)
  region size 1024K, 151 young (154624K), 7 survivors (7168K)
 Metaspace       used 26232K, capacity 26694K, committed 26928K, reserved 1073152K
  class space    used 2373K, capacity 2576K, committed 2688K, reserved 1048576K
}
Event: 13.064 GC heap after
{Heap after GC invocations=8 (full 0):
 garbage-first heap   total 258048K, used 64265K [0x0000000704e00000, 0x0000000800000000)
  region size 1024K, 7 young (7168K), 7 survivors (7168K)
 Metaspace       used 26232K, capacity 26694K, committed 26928K, reserved 1073152K
  class space    used 2373K, capacity 2576K, committed 2688K, reserved 1048576K
}
Event: 13.178 GC heap before
{Heap before GC invocations=8 (full 0):
 garbage-first heap   total 258048K, used 212745K [0x0000000704e00000, 0x0000000800000000)
  region size 1024K, 151 young (154624K), 7 survivors (7168K)
 Metaspace       used 26243K, capacity 26694K, committed 26928K, reserved 1073152K
  class space    used 2376K, capacity 2576K, committed 2688K, reserved 1048576K
}
Event: 13.182 GC heap after
{Heap after GC invocations=9 (full 0):
 garbage-first heap   total 258048K, used 65492K [0x0000000704e00000, 0x0000000800000000)
  region size 1024K, 7 young (7168K), 7 survivors (7168K)
 Metaspace       used 26243K, capacity 26694K, committed 26928K, reserved 1073152K
  class space    used 2376K, capacity 2576K, committed 2688K, reserved 1048576K
}

Deoptimization events (20 events):
Event: 13.123 Thread 0x000001c2a10f5000 DEOPT PACKING pc=0x000001c23248e4f8 sp=0x000000907b2fcaf0
Event: 13.123 Thread 0x000001c2a10f5000 DEOPT UNPACKING pc=0x000001c22a8585af sp=0x000000907b2fca38 mode 2
Event: 13.123 Thread 0x000001c2a10f5000 Uncommon trap: trap_request=0xffffff4d fr.pc=0x000001c2324885cc relative=0x000000000000008c
Event: 13.123 Thread 0x000001c2a10f5000 Uncommon trap: reason=unstable_if action=reinterpret pc=0x000001c2324885cc method=java.awt.image.ComponentColorModel.getRGBComponent(Ljava/lang/Object;I)I @ 15 c2
Event: 13.123 Thread 0x000001c2a10f5000 DEOPT PACKING pc=0x000001c2324885cc sp=0x000000907b2fc9a0
Event: 13.123 Thread 0x000001c2a10f5000 DEOPT UNPACKING pc=0x000001c22a8585af sp=0x000000907b2fc940 mode 2
Event: 13.123 Thread 0x000001c2a10f5000 Uncommon trap: trap_request=0xffffff4d fr.pc=0x000001c2324b6e44 relative=0x0000000000000164
Event: 13.123 Thread 0x000001c2a10f5000 Uncommon trap: reason=unstable_if action=reinterpret pc=0x000001c2324b6e44 method=java.awt.image.ComponentColorModel.getRGB(Ljava/lang/Object;)I @ 15 c2
Event: 13.123 Thread 0x000001c2a10f5000 DEOPT PACKING pc=0x000001c2324b6e44 sp=0x000000907b2fca90
Event: 13.123 Thread 0x000001c2a10f5000 DEOPT UNPACKING pc=0x000001c22a8585af sp=0x000000907b2fca40 mode 2
Event: 13.123 Thread 0x000001c2a10f5000 Uncommon trap: trap_request=0xffffff4d fr.pc=0x000001c23248f58c relative=0x00000000000007ec
Event: 13.123 Thread 0x000001c2a10f5000 Uncommon trap: reason=unstable_if action=reinterpret pc=0x000001c23248f58c method=java.awt.image.ComponentColorModel.getRGB(Ljava/lang/Object;)I @ 15 c2
Event: 13.123 Thread 0x000001c2a10f5000 DEOPT PACKING pc=0x000001c23248f58c sp=0x000000907b2fcb80
Event: 13.123 Thread 0x000001c2a10f5000 DEOPT UNPACKING pc=0x000001c22a8585af sp=0x000000907b2fca48 mode 2
Event: 13.155 Thread 0x000001c2a10f5000 DEOPT PACKING pc=0x000001c22b3b5704 sp=0x000000907b2fcac0
Event: 13.155 Thread 0x000001c2a10f5000 DEOPT UNPACKING pc=0x000001c22a899d0e sp=0x000000907b2fc038 mode 0
Event: 13.251 Thread 0x000001c2a10f5000 Uncommon trap: trap_request=0xffffff4d fr.pc=0x000001c2324bfe28 relative=0x0000000000000c48
Event: 13.251 Thread 0x000001c2a10f5000 Uncommon trap: reason=unstable_if action=reinterpret pc=0x000001c2324bfe28 method=sun.awt.image.OffScreenImageSource.sendPixels()V @ 663 c2
Event: 13.251 Thread 0x000001c2a10f5000 DEOPT PACKING pc=0x000001c2324bfe28 sp=0x000000907b2fcb80
Event: 13.251 Thread 0x000001c2a10f5000 DEOPT UNPACKING pc=0x000001c22a8585af sp=0x000000907b2fcb38 mode 2

Classes redefined (0 events):
No events

Internal exceptions (20 events):
Event: 2.677 Thread 0x000001c2a0f5f800 Exception <a 'java/lang/NoSuchMethodError'{0x0000000713c85850}: 'void java.lang.invoke.DirectMethodHandle$Holder.invokeSpecial(java.lang.Object, java.lang.Object)'> (0x0000000713c85850) thrown at [./src/hotspot/share/interpreter/linkResolver.cpp, line 773]
Event: 2.680 Thread 0x000001c221fdd800 Exception <a 'java/lang/NoSuchMethodError'{0x0000000713b217c0}: 'java.lang.Object java.lang.invoke.DirectMethodHandle$Holder.invokeStatic(java.lang.Object, java.lang.Object, java.lang.Object, java.lang.Object, java.lang.Object, java.lang.Object, java.lang.Object, java.lang.Object, int)'> (0x0000000713b217c0) thrown at [./src/hotspot/share/interpreter/linkResolver.cpp, line 773]
Event: 2.681 Thread 0x000001c221fdd800 Exception <a 'java/lang/NoSuchMethodError'{0x0000000713b3b8a0}: 'java.lang.Object java.lang.invoke.DirectMethodHandle$Holder.invokeStatic(java.lang.Object, java.lang.Object, java.lang.Object, java.lang.Object, java.lang.Object, java.lang.Object, java.lang.Object, java.lang.Object, int, int)'> (0x0000000713b3b8a0) thrown at [./src/hotspot/share/interpreter/linkResolver.cpp, line 773]
Event: 2.688 Thread 0x000001c2a10f5000 Implicit null exception at 0x000001c23242e6fc to 0x000001c23242e81c
Event: 2.871 Thread 0x000001c2a10f5000 Exception <a 'java/lang/NoSuchMethodError'{0x0000000714844e38}: 'java.lang.Object java.lang.invoke.DirectMethodHandle$Holder.invokeStatic(java.lang.Object, int, java.lang.Object, java.lang.Object, java.lang.Object, java.lang.Object)'> (0x0000000714844e38) thrown at [./src/hotspot/share/interpreter/linkResolver.cpp, line 773]
Event: 2.871 Thread 0x000001c2a10f5000 Exception <a 'java/lang/NoSuchMethodError'{0x000000071484bef8}: 'java.lang.Object java.lang.invoke.DirectMethodHandle$Holder.invokeStatic(java.lang.Object, int, java.lang.Object, java.lang.Object, java.lang.Object)'> (0x000000071484bef8) thrown at [./src/hotspot/share/interpreter/linkResolver.cpp, line 773]
Event: 2.872 Thread 0x000001c2a10f5000 Exception <a 'java/lang/NoSuchMethodError'{0x000000071484fa40}: 'java.lang.Object java.lang.invoke.DirectMethodHandle$Holder.invokeSpecial(java.lang.Object, java.lang.Object, int, java.lang.Object, java.lang.Object, java.lang.Object)'> (0x000000071484fa40) thrown at [./src/hotspot/share/interpreter/linkResolver.cpp, line 773]
Event: 2.887 Thread 0x000001c2a10f5000 Exception <a 'java/lang/ClassNotFoundException'{0x00000007147127c0}: com/sun/swing/internal/plaf/metal/resources/spi/metalProvider> (0x00000007147127c0) thrown at [./src/hotspot/share/classfile/systemDictionary.cpp, line 230]
Event: 2.887 Thread 0x000001c2a10f5000 Exception <a 'java/lang/ClassNotFoundException'{0x00000007147167c0}: com/sun/swing/internal/plaf/basic/resources/spi/basicProvider> (0x00000007147167c0) thrown at [./src/hotspot/share/classfile/systemDictionary.cpp, line 230]
Event: 2.891 Thread 0x000001c2a10f5000 Implicit null exception at 0x000001c2323807f5 to 0x000001c2323809c4
Event: 2.891 Thread 0x000001c2a10f5000 Implicit null exception at 0x000001c2323f8378 to 0x000001c2323f840a
Event: 2.895 Thread 0x000001c2a10f5000 Implicit null exception at 0x000001c23233562f to 0x000001c2323356a9
Event: 2.954 Thread 0x000001c2a10f5000 Exception <a 'java/lang/NoSuchMethodError'{0x00000007146ba380}: 'java.lang.Object java.lang.invoke.DirectMethodHandle$Holder.invokeStatic(java.lang.Object, java.lang.Object, java.lang.Object, java.lang.Object, java.lang.Object, java.lang.Object, java.lang.Object, java.lang.Object, java.lang.Object, java.lang.Object, java.lang.Object, int)'> (0x00000007146ba380) thrown at [./src/hotspot/share/interpreter/linkResolver.cpp, line 773]
Event: 2.955 Thread 0x000001c2a10f5000 Exception <a 'java/lang/NoSuchMethodError'{0x00000007146d8528}: 'java.lang.Object java.lang.invoke.DirectMethodHandle$Holder.invokeStatic(java.lang.Object, java.lang.Object, java.lang.Object, java.lang.Object, java.lang.Object, java.lang.Object, java.lang.Object, java.lang.Object, java.lang.Object, java.lang.Object, java.lang.Object, int, int)'> (0x00000007146d8528) thrown at [./src/hotspot/share/interpreter/linkResolver.cpp, line 773]
Event: 2.956 Thread 0x000001c2a10f5000 Exception <a 'java/lang/NoSuchMethodError'{0x00000007146f7560}: 'java.lang.Object java.lang.invoke.DirectMethodHandle$Holder.invokeStatic(java.lang.Object, java.lang.Object, java.lang.Object, java.lang.Object, java.lang.Object, java.lang.Object, java.lang.Object, java.lang.Object, java.lang.Object, java.lang.Object, java.lang.Object, int, int, java.lang.Object)'> (0x00000007146f7560) thrown at [./src/hotspot/share/interpreter/linkResolver.cpp, line 773]
Event: 2.957 Thread 0x000001c2a10f5000 Exception <a 'java/lang/NoSuchMethodError'{0x0000000714517e20}: 'java.lang.Object java.lang.invoke.DirectMethodHandle$Holder.invokeStatic(java.lang.Object, java.lang.Object, java.lang.Object, java.lang.Object, java.lang.Object, java.lang.Object, java.lang.Object, java.lang.Object, java.lang.Object, java.lang.Object, java.lang.Object, int, int, java.lang.Object, java.lang.Object)'> (0x0000000714517e20) thrown at [./src/hotspot/share/interpreter/linkResolver.cpp, line 773]
Event: 3.140 Thread 0x000001c2a0f5f800 Exception <a 'java/lang/NoSuchMethodError'{0x0000000712288960}: 'void java.lang.invoke.DirectMethodHandle$Holder.invokeVirtual(java.lang.Object, java.lang.Object)'> (0x0000000712288960) thrown at [./src/hotspot/share/interpreter/linkResolver.cpp, line 773]
Event: 3.149 Thread 0x000001c2a10f5000 Exception <a 'java/lang/NoSuchMethodError'{0x000000071224bce8}: 'void java.lang.invoke.DirectMethodHandle$Holder.invokeStaticInit(java.lang.Object)'> (0x000000071224bce8) thrown at [./src/hotspot/share/interpreter/linkResolver.cpp, line 773]
Event: 3.154 Thread 0x000001c2a10f5000 Exception <a 'java/lang/NoSuchMethodError'{0x000000071211b558}: 'java.lang.Object java.lang.invoke.Invokers$Holder.linkToTargetMethod(java.lang.Object, int, java.lang.Object)'> (0x000000071211b558) thrown at [./src/hotspot/share/interpreter/linkResolver.cpp, line 773]
Event: 12.952 Thread 0x000001c2a10f5000 Implicit null exception at 0x000001c2324912b0 to 0x000001c232491a50

Events (20 events):
Event: 12.746 loading class java/math/BigInteger done
Event: 12.789 loading class javax/swing/Timer$1
Event: 12.789 loading class javax/swing/Timer$1 done
Event: 12.789 Executing VM operation: RevokeBias
Event: 12.789 Executing VM operation: RevokeBias done
Event: 12.831 loading class javax/swing/SwingWorker$3
Event: 12.831 loading class javax/swing/SwingWorker$3 done
Event: 12.868 Executing VM operation: RevokeBias
Event: 12.868 Executing VM operation: RevokeBias done
Event: 12.946 loading class java/awt/color/ICC_ProfileGray
Event: 12.946 loading class java/awt/color/ICC_ProfileGray done
Event: 12.952 Thread 0x000001c246946000 Thread added: 0x000001c246946000
Event: 13.060 Executing VM operation: G1CollectForAllocation
Event: 13.064 Executing VM operation: G1CollectForAllocation done
Event: 13.085 Thread 0x000001c246946000 Thread exited: 0x000001c246946000
Event: 13.122 loading class javax/swing/CellRendererPane
Event: 13.122 loading class javax/swing/CellRendererPane done
Event: 13.138 Thread 0x000001c246946000 Thread added: 0x000001c246946000
Event: 13.178 Executing VM operation: G1CollectForAllocation
Event: 13.182 Executing VM operation: G1CollectForAllocation done


Dynamic libraries:
0x00007ff6cd600000 - 0x00007ff6cd60d000 	C:\Program Files\Eclipse Adoptium\jdk-11.0.18.10-hotspot\bin\java.exe
0x00007ff97d850000 - 0x00007ff97da45000 	C:\windows\SYSTEM32\ntdll.dll
0x00007ff97b930000 - 0x00007ff97b9ee000 	C:\windows\System32\KERNEL32.DLL
0x00007ff97b040000 - 0x00007ff97b308000 	C:\windows\System32\KERNELBASE.dll
0x00007ff97b420000 - 0x00007ff97b520000 	C:\windows\System32\ucrtbase.dll
0x00007ff95dec0000 - 0x00007ff95ded7000 	C:\Program Files\Eclipse Adoptium\jdk-11.0.18.10-hotspot\bin\jli.dll
0x00007ff95d7a0000 - 0x00007ff95d7b9000 	C:\Program Files\Eclipse Adoptium\jdk-11.0.18.10-hotspot\bin\VCRUNTIME140.dll
0x00007ff97c600000 - 0x00007ff97c7a0000 	C:\windows\System32\USER32.dll
0x00007ff97af70000 - 0x00007ff97af92000 	C:\windows\System32\win32u.dll
0x00007ff97d730000 - 0x00007ff97d75a000 	C:\windows\System32\GDI32.dll
0x00007ff97b310000 - 0x00007ff97b41b000 	C:\windows\System32\gdi32full.dll
0x00007ff97b6b0000 - 0x00007ff97b74d000 	C:\windows\System32\msvcp_win.dll
0x00007ff962300000 - 0x00007ff96259a000 	C:\windows\WinSxS\amd64_microsoft.windows.common-controls_6595b64144ccf1df_6.0.19041.1110_none_60b5254171f9507e\COMCTL32.dll
0x00007ff97d680000 - 0x00007ff97d71e000 	C:\windows\System32\msvcrt.dll
0x00007ff97c4c0000 - 0x00007ff97c4f0000 	C:\windows\System32\IMM32.DLL
0x00007ff9694f0000 - 0x00007ff96965b000 	C:\windows\system32\tmumh\20019\AddOn\8.55.0.1119\TmUmEvt64.dll
0x00007ff97d720000 - 0x00007ff97d728000 	C:\windows\System32\PSAPI.DLL
0x00007ff97d760000 - 0x00007ff97d80e000 	C:\windows\System32\ADVAPI32.dll
0x00007ff97bb80000 - 0x00007ff97bc1c000 	C:\windows\System32\sechost.dll
0x00007ff97c390000 - 0x00007ff97c4b5000 	C:\windows\System32\RPCRT4.dll
0x0000000052ae0000 - 0x0000000052c53000 	C:\windows\system32\tmumh\20019\TmMon\2.9.0.1042\tmmon64.dll
0x00007ff940c60000 - 0x00007ff940de0000 	C:\PROGRAMDATA\Log collection\5.5.1.70\Log collectionApi.dll
0x00007ff97cca0000 - 0x00007ff97ccf6000 	C:\windows\System32\WLDAP32.dll
0x00007ff97cc10000 - 0x00007ff97cc7b000 	C:\windows\System32\WS2_32.dll
0x00007ff97afa0000 - 0x00007ff97b008000 	C:\windows\System32\WINTRUST.dll
0x00007ff97b750000 - 0x00007ff97b8a6000 	C:\windows\System32\CRYPT32.dll
0x00007ff979de0000 - 0x00007ff979dec000 	C:\windows\SYSTEM32\Secur32.dll
0x00007ff9633d0000 - 0x00007ff9633db000 	C:\windows\SYSTEM32\FLTLIB.DLL
0x00007ff979df0000 - 0x00007ff979e04000 	C:\windows\SYSTEM32\WTSAPI32.dll
0x00007ff979e10000 - 0x00007ff979e2a000 	C:\windows\SYSTEM32\NETAPI32.dll
0x00007ff957160000 - 0x00007ff95718a000 	C:\windows\SYSTEM32\NTDSAPI.dll
0x00007ff979dd0000 - 0x00007ff979dda000 	C:\windows\SYSTEM32\VERSION.dll
0x00007ff9583a0000 - 0x00007ff9583bf000 	C:\windows\SYSTEM32\MPR.dll
0x00007ff97ae30000 - 0x00007ff97ae62000 	C:\windows\SYSTEM32\SSPICLI.DLL
0x00007ff97a420000 - 0x00007ff97a42c000 	C:\windows\SYSTEM32\NETUTILS.DLL
0x00007ff979db0000 - 0x00007ff979dc9000 	C:\windows\SYSTEM32\SAMCLI.DLL
0x00007ff97ab60000 - 0x00007ff97ab72000 	C:\windows\SYSTEM32\MSASN1.dll
0x00007ff979760000 - 0x00007ff9797ba000 	C:\windows\SYSTEM32\WINSTA.dll
0x00007ff96e1a0000 - 0x00007ff96e1c8000 	C:\windows\SYSTEM32\SRVCLI.DLL
0x00007ff97a170000 - 0x00007ff97a189000 	C:\windows\SYSTEM32\WKSCLI.DLL
0x00007ff97a550000 - 0x00007ff97a594000 	C:\windows\SYSTEM32\LOGONCLI.DLL
0x00007ff963790000 - 0x00007ff96379c000 	C:\Program Files\Eclipse Adoptium\jdk-11.0.18.10-hotspot\bin\vcruntime140_1.dll
0x00007ff914c40000 - 0x00007ff914cd1000 	C:\Program Files\Eclipse Adoptium\jdk-11.0.18.10-hotspot\bin\msvcp140.dll
0x00007ff8f38e0000 - 0x00007ff8f449a000 	C:\Program Files\Eclipse Adoptium\jdk-11.0.18.10-hotspot\bin\server\jvm.dll
0x00007ff9541b0000 - 0x00007ff9541b9000 	C:\windows\SYSTEM32\WSOCK32.dll
0x00007ff96f070000 - 0x00007ff96f097000 	C:\windows\SYSTEM32\WINMM.dll
0x00007ff979d90000 - 0x00007ff979da2000 	C:\windows\SYSTEM32\kernel.appcore.dll
0x00007ff962600000 - 0x00007ff962610000 	C:\Program Files\Eclipse Adoptium\jdk-11.0.18.10-hotspot\bin\verify.dll
0x00007ff978f10000 - 0x00007ff9790f4000 	C:\windows\SYSTEM32\DBGHELP.DLL
0x00007ff956860000 - 0x00007ff95688c000 	C:\windows\SYSTEM32\dbgcore.DLL
0x00007ff97b520000 - 0x00007ff97b5a2000 	C:\windows\System32\bcryptPrimitives.dll
0x00007ff94ca00000 - 0x00007ff94ca28000 	C:\Program Files\Eclipse Adoptium\jdk-11.0.18.10-hotspot\bin\java.dll
0x00007ff962040000 - 0x00007ff96204a000 	C:\Program Files\Eclipse Adoptium\jdk-11.0.18.10-hotspot\bin\jimage.dll
0x00007ff95ce50000 - 0x00007ff95ce68000 	C:\Program Files\Eclipse Adoptium\jdk-11.0.18.10-hotspot\bin\zip.dll
0x00007ff97bc40000 - 0x00007ff97c384000 	C:\windows\System32\SHELL32.dll
0x00007ff9786b0000 - 0x00007ff978e44000 	C:\windows\SYSTEM32\windows.storage.dll
0x00007ff97cd00000 - 0x00007ff97d054000 	C:\windows\System32\combase.dll
0x00007ff97a9e0000 - 0x00007ff97aa0c000 	C:\windows\SYSTEM32\Wldp.dll
0x00007ff97c550000 - 0x00007ff97c5fd000 	C:\windows\System32\SHCORE.dll
0x00007ff97b9f0000 - 0x00007ff97ba45000 	C:\windows\System32\shlwapi.dll
0x00007ff97aeb0000 - 0x00007ff97aecf000 	C:\windows\SYSTEM32\profapi.dll
0x00007ff952b80000 - 0x00007ff952b99000 	C:\Program Files\Eclipse Adoptium\jdk-11.0.18.10-hotspot\bin\net.dll
0x00007ff974380000 - 0x00007ff97448a000 	C:\windows\SYSTEM32\WINHTTP.dll
0x00007ff97a740000 - 0x00007ff97a7aa000 	C:\windows\system32\mswsock.dll
0x00007ff952950000 - 0x00007ff952963000 	C:\Program Files\Eclipse Adoptium\jdk-11.0.18.10-hotspot\bin\nio.dll
0x000001c21f490000 - 0x000001c21f494000 	C:\Users\oalfuraydi.MURL097631B55LG\.javacpp\cache\javacpp-1.5.9-SNAPSHOT-windows-x86_64.jar\org\bytedeco\javacpp\windows-x86_64\api-ms-win-crt-locale-l1-1-0.dll
0x000001c21f4a0000 - 0x000001c21f4a5000 	C:\Users\oalfuraydi.MURL097631B55LG\.javacpp\cache\javacpp-1.5.9-SNAPSHOT-windows-x86_64.jar\org\bytedeco\javacpp\windows-x86_64\api-ms-win-crt-string-l1-1-0.dll
0x000001c221de0000 - 0x000001c221de5000 	C:\Users\oalfuraydi.MURL097631B55LG\.javacpp\cache\javacpp-1.5.9-SNAPSHOT-windows-x86_64.jar\org\bytedeco\javacpp\windows-x86_64\api-ms-win-crt-stdio-l1-1-0.dll
0x000001c221df0000 - 0x000001c221df6000 	C:\Users\oalfuraydi.MURL097631B55LG\.javacpp\cache\javacpp-1.5.9-SNAPSHOT-windows-x86_64.jar\org\bytedeco\javacpp\windows-x86_64\api-ms-win-crt-math-l1-1-0.dll
0x000001c221e00000 - 0x000001c221e04000 	C:\Users\oalfuraydi.MURL097631B55LG\.javacpp\cache\javacpp-1.5.9-SNAPSHOT-windows-x86_64.jar\org\bytedeco\javacpp\windows-x86_64\api-ms-win-crt-heap-l1-1-0.dll
0x000001c221e10000 - 0x000001c221e15000 	C:\Users\oalfuraydi.MURL097631B55LG\.javacpp\cache\javacpp-1.5.9-SNAPSHOT-windows-x86_64.jar\org\bytedeco\javacpp\windows-x86_64\api-ms-win-crt-runtime-l1-1-0.dll
0x000001c221e20000 - 0x000001c221e25000 	C:\Users\oalfuraydi.MURL097631B55LG\.javacpp\cache\javacpp-1.5.9-SNAPSHOT-windows-x86_64.jar\org\bytedeco\javacpp\windows-x86_64\api-ms-win-crt-convert-l1-1-0.dll
0x000001c221e30000 - 0x000001c221e34000 	C:\Users\oalfuraydi.MURL097631B55LG\.javacpp\cache\javacpp-1.5.9-SNAPSHOT-windows-x86_64.jar\org\bytedeco\javacpp\windows-x86_64\api-ms-win-crt-environment-l1-1-0.dll
0x000001c221e40000 - 0x000001c221e44000 	C:\Users\oalfuraydi.MURL097631B55LG\.javacpp\cache\javacpp-1.5.9-SNAPSHOT-windows-x86_64.jar\org\bytedeco\javacpp\windows-x86_64\api-ms-win-crt-time-l1-1-0.dll
0x000001c221e50000 - 0x000001c221e54000 	C:\Users\oalfuraydi.MURL097631B55LG\.javacpp\cache\javacpp-1.5.9-SNAPSHOT-windows-x86_64.jar\org\bytedeco\javacpp\windows-x86_64\api-ms-win-crt-filesystem-l1-1-0.dll
0x000001c221e60000 - 0x000001c221e64000 	C:\Users\oalfuraydi.MURL097631B55LG\.javacpp\cache\javacpp-1.5.9-SNAPSHOT-windows-x86_64.jar\org\bytedeco\javacpp\windows-x86_64\api-ms-win-crt-utility-l1-1-0.dll
0x000001c221e70000 - 0x000001c221e76000 	C:\Users\oalfuraydi.MURL097631B55LG\.javacpp\cache\javacpp-1.5.9-SNAPSHOT-windows-x86_64.jar\org\bytedeco\javacpp\windows-x86_64\api-ms-win-crt-multibyte-l1-1-0.dll
0x000001c221e80000 - 0x000001c221e84000 	C:\Users\oalfuraydi.MURL097631B55LG\.javacpp\cache\javacpp-1.5.9-SNAPSHOT-windows-x86_64.jar\org\bytedeco\javacpp\windows-x86_64\api-ms-win-crt-conio-l1-1-0.dll
0x000001c221e90000 - 0x000001c221ea1000 	C:\Users\oalfuraydi.MURL097631B55LG\.javacpp\cache\javacpp-1.5.9-SNAPSHOT-windows-x86_64.jar\org\bytedeco\javacpp\windows-x86_64\api-ms-win-crt-private-l1-1-0.dll
0x000001c246f50000 - 0x000001c246f54000 	C:\Users\oalfuraydi.MURL097631B55LG\.javacpp\cache\javacpp-1.5.9-SNAPSHOT-windows-x86_64.jar\org\bytedeco\javacpp\windows-x86_64\api-ms-win-crt-process-l1-1-0.dll
0x000001c246f60000 - 0x000001c246f64000 	C:\Users\oalfuraydi.MURL097631B55LG\.javacpp\cache\javacpp-1.5.9-SNAPSHOT-windows-x86_64.jar\org\bytedeco\javacpp\windows-x86_64\api-ms-win-core-console-l1-2-0.dll
0x000001c246f70000 - 0x000001c246f74000 	C:\Users\oalfuraydi.MURL097631B55LG\.javacpp\cache\javacpp-1.5.9-SNAPSHOT-windows-x86_64.jar\org\bytedeco\javacpp\windows-x86_64\api-ms-win-core-string-l1-1-0.dll
0x000001c246f80000 - 0x000001c246f84000 	C:\Users\oalfuraydi.MURL097631B55LG\.javacpp\cache\javacpp-1.5.9-SNAPSHOT-windows-x86_64.jar\org\bytedeco\javacpp\windows-x86_64\api-ms-win-core-errorhandling-l1-1-0.dll
0x000001c246f90000 - 0x000001c246f94000 	C:\Users\oalfuraydi.MURL097631B55LG\.javacpp\cache\javacpp-1.5.9-SNAPSHOT-windows-x86_64.jar\org\bytedeco\javacpp\windows-x86_64\api-ms-win-core-timezone-l1-1-0.dll
0x000001c246fa0000 - 0x000001c246fa5000 	C:\Users\oalfuraydi.MURL097631B55LG\.javacpp\cache\javacpp-1.5.9-SNAPSHOT-windows-x86_64.jar\org\bytedeco\javacpp\windows-x86_64\api-ms-win-core-file-l1-1-0.dll
0x000001c246fb0000 - 0x000001c246fb4000 	C:\Users\oalfuraydi.MURL097631B55LG\.javacpp\cache\javacpp-1.5.9-SNAPSHOT-windows-x86_64.jar\org\bytedeco\javacpp\windows-x86_64\api-ms-win-core-namedpipe-l1-1-0.dll
0x000001c246fc0000 - 0x000001c246fc4000 	C:\Users\oalfuraydi.MURL097631B55LG\.javacpp\cache\javacpp-1.5.9-SNAPSHOT-windows-x86_64.jar\org\bytedeco\javacpp\windows-x86_64\api-ms-win-core-handle-l1-1-0.dll
0x000001c246fd0000 - 0x000001c246fd4000 	C:\Users\oalfuraydi.MURL097631B55LG\.javacpp\cache\javacpp-1.5.9-SNAPSHOT-windows-x86_64.jar\org\bytedeco\javacpp\windows-x86_64\api-ms-win-core-file-l2-1-0.dll
0x000001c247fb0000 - 0x000001c247fb4000 	C:\Users\oalfuraydi.MURL097631B55LG\.javacpp\cache\javacpp-1.5.9-SNAPSHOT-windows-x86_64.jar\org\bytedeco\javacpp\windows-x86_64\api-ms-win-core-heap-l1-1-0.dll
0x000001c247fc0000 - 0x000001c247fc4000 	C:\Users\oalfuraydi.MURL097631B55LG\.javacpp\cache\javacpp-1.5.9-SNAPSHOT-windows-x86_64.jar\org\bytedeco\javacpp\windows-x86_64\api-ms-win-core-libraryloader-l1-1-0.dll
0x000001c247fd0000 - 0x000001c247fd4000 	C:\Users\oalfuraydi.MURL097631B55LG\.javacpp\cache\javacpp-1.5.9-SNAPSHOT-windows-x86_64.jar\org\bytedeco\javacpp\windows-x86_64\api-ms-win-core-synch-l1-1-0.dll
0x000001c247fe0000 - 0x000001c247fe4000 	C:\Users\oalfuraydi.MURL097631B55LG\.javacpp\cache\javacpp-1.5.9-SNAPSHOT-windows-x86_64.jar\org\bytedeco\javacpp\windows-x86_64\api-ms-win-core-processthreads-l1-1-0.dll
0x000001c247ff0000 - 0x000001c247ff4000 	C:\Users\oalfuraydi.MURL097631B55LG\.javacpp\cache\javacpp-1.5.9-SNAPSHOT-windows-x86_64.jar\org\bytedeco\javacpp\windows-x86_64\api-ms-win-core-processenvironment-l1-1-0.dll
0x000001c248000000 - 0x000001c248004000 	C:\Users\oalfuraydi.MURL097631B55LG\.javacpp\cache\javacpp-1.5.9-SNAPSHOT-windows-x86_64.jar\org\bytedeco\javacpp\windows-x86_64\api-ms-win-core-datetime-l1-1-0.dll
0x000001c248010000 - 0x000001c248014000 	C:\Users\oalfuraydi.MURL097631B55LG\.javacpp\cache\javacpp-1.5.9-SNAPSHOT-windows-x86_64.jar\org\bytedeco\javacpp\windows-x86_64\api-ms-win-core-localization-l1-2-0.dll
0x000001c248020000 - 0x000001c248024000 	C:\Users\oalfuraydi.MURL097631B55LG\.javacpp\cache\javacpp-1.5.9-SNAPSHOT-windows-x86_64.jar\org\bytedeco\javacpp\windows-x86_64\api-ms-win-core-sysinfo-l1-1-0.dll
0x000001c248030000 - 0x000001c248034000 	C:\Users\oalfuraydi.MURL097631B55LG\.javacpp\cache\javacpp-1.5.9-SNAPSHOT-windows-x86_64.jar\org\bytedeco\javacpp\windows-x86_64\api-ms-win-core-synch-l1-2-0.dll
0x000001c248040000 - 0x000001c248044000 	C:\Users\oalfuraydi.MURL097631B55LG\.javacpp\cache\javacpp-1.5.9-SNAPSHOT-windows-x86_64.jar\org\bytedeco\javacpp\windows-x86_64\api-ms-win-core-console-l1-1-0.dll
0x000001c248050000 - 0x000001c248054000 	C:\Users\oalfuraydi.MURL097631B55LG\.javacpp\cache\javacpp-1.5.9-SNAPSHOT-windows-x86_64.jar\org\bytedeco\javacpp\windows-x86_64\api-ms-win-core-debug-l1-1-0.dll
0x000001c248060000 - 0x000001c248064000 	C:\Users\oalfuraydi.MURL097631B55LG\.javacpp\cache\javacpp-1.5.9-SNAPSHOT-windows-x86_64.jar\org\bytedeco\javacpp\windows-x86_64\api-ms-win-core-rtlsupport-l1-1-0.dll
0x000001c248070000 - 0x000001c248074000 	C:\Users\oalfuraydi.MURL097631B55LG\.javacpp\cache\javacpp-1.5.9-SNAPSHOT-windows-x86_64.jar\org\bytedeco\javacpp\windows-x86_64\api-ms-win-core-processthreads-l1-1-1.dll
0x000001c248080000 - 0x000001c248084000 	C:\Users\oalfuraydi.MURL097631B55LG\.javacpp\cache\javacpp-1.5.9-SNAPSHOT-windows-x86_64.jar\org\bytedeco\javacpp\windows-x86_64\api-ms-win-core-file-l1-2-0.dll
0x000001c248090000 - 0x000001c248094000 	C:\Users\oalfuraydi.MURL097631B55LG\.javacpp\cache\javacpp-1.5.9-SNAPSHOT-windows-x86_64.jar\org\bytedeco\javacpp\windows-x86_64\api-ms-win-core-profile-l1-1-0.dll
0x000001c2480a0000 - 0x000001c2480a4000 	C:\Users\oalfuraydi.MURL097631B55LG\.javacpp\cache\javacpp-1.5.9-SNAPSHOT-windows-x86_64.jar\org\bytedeco\javacpp\windows-x86_64\api-ms-win-core-memory-l1-1-0.dll
0x000001c2480b0000 - 0x000001c2480b4000 	C:\Users\oalfuraydi.MURL097631B55LG\.javacpp\cache\javacpp-1.5.9-SNAPSHOT-windows-x86_64.jar\org\bytedeco\javacpp\windows-x86_64\api-ms-win-core-util-l1-1-0.dll
0x000001c2480c0000 - 0x000001c2480c4000 	C:\Users\oalfuraydi.MURL097631B55LG\.javacpp\cache\javacpp-1.5.9-SNAPSHOT-windows-x86_64.jar\org\bytedeco\javacpp\windows-x86_64\api-ms-win-core-interlocked-l1-1-0.dll
0x00007ff914570000 - 0x00007ff914681000 	C:\Users\oalfuraydi.MURL097631B55LG\.javacpp\cache\javacpp-1.5.9-SNAPSHOT-windows-x86_64.jar\org\bytedeco\javacpp\windows-x86_64\ucrtbase.dll
0x00007ff94fc50000 - 0x00007ff94fc6b000 	C:\Users\oalfuraydi.MURL097631B55LG\.javacpp\cache\javacpp-1.5.9-SNAPSHOT-windows-x86_64.jar\org\bytedeco\javacpp\windows-x86_64\vcruntime140.dll
0x00007ff961ea0000 - 0x00007ff961eac000 	C:\Users\oalfuraydi.MURL097631B55LG\.javacpp\cache\javacpp-1.5.9-SNAPSHOT-windows-x86_64.jar\org\bytedeco\javacpp\windows-x86_64\vcruntime140_1.dll
0x00007ff919950000 - 0x00007ff9199dd000 	C:\Users\oalfuraydi.MURL097631B55LG\.javacpp\cache\javacpp-1.5.9-SNAPSHOT-windows-x86_64.jar\org\bytedeco\javacpp\windows-x86_64\msvcp140.dll
0x00007ff961e80000 - 0x00007ff961e89000 	C:\Users\oalfuraydi.MURL097631B55LG\.javacpp\cache\javacpp-1.5.9-SNAPSHOT-windows-x86_64.jar\org\bytedeco\javacpp\windows-x86_64\msvcp140_1.dll
0x00007ff934120000 - 0x00007ff93416e000 	C:\Users\oalfuraydi.MURL097631B55LG\.javacpp\cache\javacpp-1.5.9-SNAPSHOT-windows-x86_64.jar\org\bytedeco\javacpp\windows-x86_64\concrt140.dll
0x00007ff937ca0000 - 0x00007ff937cd1000 	C:\Users\oalfuraydi.MURL097631B55LG\.javacpp\cache\javacpp-1.5.9-SNAPSHOT-windows-x86_64.jar\org\bytedeco\javacpp\windows-x86_64\vcomp140.dll
0x00007ff95ef30000 - 0x00007ff95ef3f000 	C:\Users\oalfuraydi.MURL097631B55LG\.javacpp\cache\javacpp-1.5.9-SNAPSHOT-windows-x86_64.jar\org\bytedeco\javacpp\windows-x86_64\jnijavacpp.dll
0x000000006d7c0000 - 0x000000006f392000 	C:\Users\oalfuraydi.MURL097631B55LG\.javacpp\cache\openblas-0.3.21-1.5.8-windows-x86_64.jar\org\bytedeco\openblas\windows-x86_64\libopenblas_nolapack.dll
0x00007ff914be0000 - 0x00007ff914c3f000 	C:\Users\oalfuraydi.MURL097631B55LG\.javacpp\cache\openblas-0.3.21-1.5.8-windows-x86_64.jar\org\bytedeco\openblas\windows-x86_64\jniopenblas_nolapack.dll
0x0000000000020000 - 0x0000000001bf2000 	C:\Users\oalfuraydi.MURL097631B55LG\.javacpp\cache\openblas-0.3.21-1.5.8-windows-x86_64.jar\org\bytedeco\openblas\windows-x86_64\libopenblas.dll
0x00007ff8f24f0000 - 0x00007ff8f38dc000 	C:\Users\oalfuraydi.MURL097631B55LG\.javacpp\cache\openblas-0.3.21-1.5.8-windows-x86_64.jar\org\bytedeco\openblas\windows-x86_64\jniopenblas.dll
0x00007ff95ee20000 - 0x00007ff95ee28000 	C:\Users\oalfuraydi.MURL097631B55LG\.javacpp\cache\opencv-4.6.0-1.5.8-windows-x86_64-gpu.jar\org\bytedeco\opencv\windows-x86_64-gpu\opencv_cudev460.dll
0x00007ff8f5510000 - 0x00007ff8f5c46000 	C:\Users\oalfuraydi.MURL097631B55LG\.javacpp\cache\opencv-4.6.0-1.5.8-windows-x86_64-gpu.jar\org\bytedeco\opencv\windows-x86_64-gpu\opencv_core460.dll
0x00007ff8f1d80000 - 0x00007ff8f24e1000 	C:\Users\oalfuraydi.MURL097631B55LG\.javacpp\cache\opencv-4.6.0-1.5.8-windows-x86_64-gpu.jar\org\bytedeco\opencv\windows-x86_64-gpu\opencv_imgproc460.dll
0x00007ff8f49b0000 - 0x00007ff8f4c45000 	C:\Users\oalfuraydi.MURL097631B55LG\.javacpp\cache\opencv-4.6.0-1.5.8-windows-x86_64-gpu.jar\org\bytedeco\opencv\windows-x86_64-gpu\jniopencv_core.dll
0x00007ff903da0000 - 0x00007ff903ec1000 	C:\Users\oalfuraydi.MURL097631B55LG\.javacpp\cache\opencv-4.6.0-1.5.8-windows-x86_64-gpu.jar\org\bytedeco\opencv\windows-x86_64-gpu\jniopencv_imgproc.dll
0x00007ff8f1950000 - 0x00007ff8f1d78000 	C:\Users\oalfuraydi.MURL097631B55LG\.javacpp\cache\opencv-4.6.0-1.5.8-windows-x86_64-gpu.jar\org\bytedeco\opencv\windows-x86_64-gpu\opencv_imgcodecs460.dll
0x00007ff9326e0000 - 0x00007ff932713000 	C:\Users\oalfuraydi.MURL097631B55LG\.javacpp\cache\opencv-4.6.0-1.5.8-windows-x86_64-gpu.jar\org\bytedeco\opencv\windows-x86_64-gpu\jniopencv_imgcodecs.dll
0x00007ff8f4e50000 - 0x00007ff8f4f23000 	C:\Users\oalfuraydi.MURL097631B55LG\.javacpp\cache\opencv-4.6.0-1.5.8-windows-x86_64-gpu.jar\org\bytedeco\opencv\windows-x86_64-gpu\opencv_videoio460.dll
0x00007ff97ba50000 - 0x00007ff97bb7a000 	C:\windows\System32\ole32.dll
0x00007ff97d060000 - 0x00007ff97d12d000 	C:\windows\System32\OLEAUT32.dll

dbghelp: loaded successfully - version: 4.0.5 - missing functions: none
symbol engine: initialized successfully - sym options: 0x614 - pdb path: .;C:\Program Files\Eclipse Adoptium\jdk-11.0.18.10-hotspot\bin;C:\windows\SYSTEM32;C:\windows\WinSxS\amd64_microsoft.windows.common-controls_6595b64144ccf1df_6.0.19041.1110_none_60b5254171f9507e;C:\windows\system32\tmumh\20019\AddOn\8.55.0.1119;C:\windows\system32\tmumh\20019\TmMon\2.9.0.1042;C:\PROGRAMDATA\Log collection\5.5.1.70;C:\Program Files\Eclipse Adoptium\jdk-11.0.18.10-hotspot\bin\server;C:\Users\oalfuraydi.MURL097631B55LG\.javacpp\cache\javacpp-1.5.9-SNAPSHOT-windows-x86_64.jar\org\bytedeco\javacpp\windows-x86_64;C:\Users\oalfuraydi.MURL097631B55LG\.javacpp\cache\openblas-0.3.21-1.5.8-windows-x86_64.jar\org\bytedeco\openblas\windows-x86_64;C:\Users\oalfuraydi.MURL097631B55LG\.javacpp\cache\opencv-4.6.0-1.5.8-windows-x86_64-gpu.jar\org\bytedeco\opencv\windows-x86_64-gpu;C:\Users\oalfuraydi.MURL097631B55LG\.javacpp\cache\opencv-4.6.0-1.5.8-windows-x86_64.jar\org\bytedeco\opencv\windows-x86_64

VM Arguments:
java_command: com.mycompany.opencvlearn.ThresholdInRange
java_class_path (initial): C:\Users\oalfuraydi.MURL097631B55LG\Documents\NetBeansProjects\OpencvLearn\target\classes;C:\Users\oalfuraydi.MURL097631B55LG\.m2\repository\org\bytedeco\javacpp-platform\1.5.9-SNAPSHOT\javacpp-platform-1.5.9-SNAPSHOT.jar;C:\Users\oalfuraydi.MURL097631B55LG\.m2\repository\org\bytedeco\javacpp\1.5.9-SNAPSHOT\javacpp-1.5.9-SNAPSHOT-android-arm.jar;C:\Users\oalfuraydi.MURL097631B55LG\.m2\repository\org\bytedeco\javacpp\1.5.9-SNAPSHOT\javacpp-1.5.9-SNAPSHOT-android-arm64.jar;C:\Users\oalfuraydi.MURL097631B55LG\.m2\repository\org\bytedeco\javacpp\1.5.9-SNAPSHOT\javacpp-1.5.9-SNAPSHOT-android-x86.jar;C:\Users\oalfuraydi.MURL097631B55LG\.m2\repository\org\bytedeco\javacpp\1.5.9-SNAPSHOT\javacpp-1.5.9-SNAPSHOT-android-x86_64.jar;C:\Users\oalfuraydi.MURL097631B55LG\.m2\repository\org\bytedeco\javacpp\1.5.9-SNAPSHOT\javacpp-1.5.9-SNAPSHOT-ios-arm64.jar;C:\Users\oalfuraydi.MURL097631B55LG\.m2\repository\org\bytedeco\javacpp\1.5.9-SNAPSHOT\javacpp-1.5.9-SNAPSHOT-ios-x86_64.jar;C:\Users\oalfuraydi.MURL097631B55LG\.m2\repository\org\bytedeco\javacpp\1.5.9-SNAPSHOT\javacpp-1.5.9-SNAPSHOT-linux-armhf.jar;C:\Users\oalfuraydi.MURL097631B55LG\.m2\repository\org\bytedeco\javacpp\1.5.9-SNAPSHOT\javacpp-1.5.9-SNAPSHOT-linux-arm64.jar;C:\Users\oalfuraydi.MURL097631B55LG\.m2\repository\org\bytedeco\javacpp\1.5.9-SNAPSHOT\javacpp-1.5.9-SNAPSHOT-linux-ppc64le.jar;C:\Users\oalfuraydi.MURL097631B55LG\.m2\repository\org\bytedeco\javacpp\1.5.9-SNAPSHOT\javacpp-1.5.9-SNAPSHOT-linux-x86.jar;C:\Users\oalfuraydi.MURL097631B55LG\.m2\repository\org\bytedeco\javacpp\1.5.9-SNAPSHOT\javacpp-1.5.9-SNAPSHOT-linux-x86_64.jar;C:\Users\oalfuraydi.MURL097631B55LG\.m2\repository\org\bytedeco\javacpp\1.5.9-SNAPSHOT\javacpp-1.5.9-SNAPSHOT-macosx-arm64.jar;C:\Users\oalfuraydi.MURL097631B55LG\.m2\repository\org\bytedeco\javacpp\1.5.9-SNAPSHOT\javacpp-1.5.9-SNAPSHOT-macosx-x86_64.jar;C:\Users\oalfuraydi.MURL097631B55LG\.m2\repository\org\bytedeco\javacpp\1.5.9-SNAPSHOT\javacpp-1.5.9-SNAP
Launcher Type: SUN_STANDARD

[Global flags]
     intx CICompilerCount                          = 4                                         {product} {ergonomic}
     uint ConcGCThreads                            = 2                                         {product} {ergonomic}
     uint G1ConcRefinementThreads                  = 8                                         {product} {ergonomic}
   size_t G1HeapRegionSize                         = 1048576                                   {product} {ergonomic}
    uintx GCDrainStackTargetSize                   = 64                                        {product} {ergonomic}
   size_t InitialHeapSize                          = 264241152                                 {product} {ergonomic}
   size_t MarkStackSize                            = 4194304                                   {product} {ergonomic}
   size_t MaxHeapSize                              = 4213178368                                {product} {ergonomic}
   size_t MaxNewSize                               = 2527068160                                {product} {ergonomic}
   size_t MinHeapDeltaBytes                        = 1048576                                   {product} {ergonomic}
    uintx NonNMethodCodeHeapSize                   = 5836300                                {pd product} {ergonomic}
    uintx NonProfiledCodeHeapSize                  = 122910970                              {pd product} {ergonomic}
    uintx ProfiledCodeHeapSize                     = 122910970                              {pd product} {ergonomic}
    uintx ReservedCodeCacheSize                    = 251658240                              {pd product} {ergonomic}
     bool SegmentedCodeCache                       = true                                      {product} {ergonomic}
     bool UseCompressedClassPointers               = true                                 {lp64_product} {ergonomic}
     bool UseCompressedOops                        = true                                 {lp64_product} {ergonomic}
     bool UseG1GC                                  = true                                      {product} {ergonomic}
     bool UseLargePagesIndividualAllocation        = false                                  {pd product} {ergonomic}

Logging:
Log output configuration:
 #0: stdout all=warning uptime,level,tags
 #1: stderr all=off uptime,level,tags

Environment Variables:
JAVA_HOME=C:\Program Files\Eclipse Adoptium\jdk-11.0.18.10-hotspot
PATH=C:\Program Files\Eclipse Adoptium\jdk-11.0.18.10-hotspot\bin;C:\Program Files\Eclipse Adoptium\jdk-17.0.6.10-hotspot\bin;C:\Program Files\Common Files\Oracle\Java\javapath;C:\Program Files (x86)\Common Files\Oracle\Java\javapath;C:\windows\system32;C:\windows;C:\windows\System32\Wbem;C:\windows\System32\WindowsPowerShell\v1.0\;C:\windows\System32\OpenSSH\;C:\Program Files (x86)\Enterprise Vault\EVClient\x64\;C:\Program Files (x86)\Sennheiser\SenncomSDK\;C:\Program Files (x86)\dotnet\;C:\Program Files (x86)\Pulse Secure\VC142.CRT\X64\;C:\Program Files (x86)\Pulse Secure\VC142.CRT\X86\;C:\Program Files\PuTTY\;C:\Program Files\Git\cmd;C:\Users\oalfuraydi.MURL097631B55LG\Downloads\snyk;C:\Program Files\apache-maven-3.9.0\bin;C:\Program Files (x86)\Common Files\Pulse Secure\TNC Client Plugin\;C:\Users\oalfuraydi.MURL097631B55LG\AppData\Local\Microsoft\WindowsApps;
USERNAME=oalfuraydi
OS=Windows_NT
PROCESSOR_IDENTIFIER=Intel64 Family 6 Model 140 Stepping 1, GenuineIntel
TMP=C:\Users\OALFUR~1.MUR\AppData\Local\Temp
TEMP=C:\Users\OALFUR~1.MUR\AppData\Local\Temp



---------------  S Y S T E M  ---------------

OS: Windows 10 , 64 bit Build 19041 (10.0.19041.1645)
OS uptime: 5 days 13:47 hours

CPU:total 8 (initial active 8) (4 cores per cpu, 2 threads per core) family 6 model 140 stepping 1 microcode 0x9a, cmov, cx8, fxsr, mmx, sse, sse2, sse3, ssse3, sse4.1, sse4.2, popcnt, avx, avx2, aes, clmul, erms, 3dnowpref, lzcnt, ht, tsc, tscinvbit, bmi1, bmi2, adx, evex, sha, fma

Memory: 4k page, system-wide physical 16064M (4726M free)
TotalPageFile size 42139M (AvailPageFile size 1359M)
current process WorkingSet (physical memory assigned to process): 2992M, peak: 2992M
current process commit charge ("private bytes"): 4847M, peak: 4847M

vm_info: OpenJDK 64-Bit Server VM (11.0.18+10) for windows-amd64 JRE (11.0.18+10), built on Jan 18 2023 04:27:27 by "" with MS VC++ 16.7 (VS2019)

END.
