#
# A fatal error has been detected by the Java Runtime Environment:
#
#  EXCEPTION_ACCESS_VIOLATION (0xc0000005) at pc=0x00007ffab95a315a, pid=14536, tid=11488
#
# JRE version: OpenJDK Runtime Environment Temurin-11.0.18+10 (11.0.18+10) (build 11.0.18+10)
# Java VM: OpenJDK 64-Bit Server VM Temurin-11.0.18+10 (11.0.18+10, mixed mode, tiered, compressed oops, g1 gc, windows-amd64)
# Problematic frame:
# C  [opencv_core460.dll+0x45315a]
#
# No core dump will be written. Minidumps are not enabled by default on client versions of Windows
#
# If you would like to submit a bug report, please visit:
#   https://github.com/adoptium/adoptium-support/issues
# The crash happened outside the Java Virtual Machine in native code.
# See problematic frame for where to report the bug.
#

---------------  S U M M A R Y ------------

Command Line: com.mycompany.opencvlearn.OpencvLearn

Host: 12th Gen Intel(R) Core(TM) i5-12600K, 16 cores, 15G,  Windows 10 , 64 bit Build 19041 (10.0.19041.2546)
Time: Fri Mar 31 02:14:20 2023 Arab Standard Time elapsed time: 2.338754 seconds (0d 0h 0m 2s)

---------------  T H R E A D  ---------------

Current thread (0x000002bd2ebda800):  JavaThread "main" [_thread_in_native, id=11488, stack(0x000000e9b0300000,0x000000e9b0400000)]

Stack: [0x000000e9b0300000,0x000000e9b0400000],  sp=0x000000e9b03fcb00,  free space=1010k
Native frames: (J=compiled Java code, j=interpreted, Vv=VM code, C=native code)
C  [opencv_core460.dll+0x45315a]

Java frames: (J=compiled Java code, j=interpreted, Vv=VM code)
j  org.bytedeco.opencv.opencv_core.Mat.setTo(Lorg/bytedeco/opencv/opencv_core/UMat;)Lorg/bytedeco/opencv/opencv_core/Mat;+0
j  com.mycompany.opencvlearn.OpencvLearn.main([Ljava/lang/String;)V+157
v  ~StubRoutines::call_stub

siginfo: EXCEPTION_ACCESS_VIOLATION (0xc0000005), writing address 0x0000000100000015


Register to memory mapping:

RIP=0x00007ffab95a315a opencv_core460.dll
RAX=0x00000000ffffffff is an unknown value
RBX=0x000000e9b03fe640 is pointing into the stack for thread: 0x000002bd2ebda800
RCX=0x0000000100000001 is an unknown value
RDX=0x000000e9b03fed60 is pointing into the stack for thread: 0x000002bd2ebda800
RSP=0x000000e9b03fcb00 is pointing into the stack for thread: 0x000002bd2ebda800
RBP=0x000000e9b03fed60 is pointing into the stack for thread: 0x000002bd2ebda800
RSI=0x000000e9b03feb30 is pointing into the stack for thread: 0x000002bd2ebda800
RDI=0x000000e9b03fd910 is pointing into the stack for thread: 0x000002bd2ebda800
R8 =0x0000000000000100 is an unknown value
R9 =0x0000000019930520 is an unknown value
R10=0x0000000000000015 is an unknown value
R11=0x000000e9b03fd150 is pointing into the stack for thread: 0x000002bd2ebda800
R12=0x0 is NULL
R13=0x000000e9b03fcbf8 is pointing into the stack for thread: 0x000002bd2ebda800
R14=0x000000e9b03fd910 is pointing into the stack for thread: 0x000002bd2ebda800
R15=0x000000e9b03fda78 is pointing into the stack for thread: 0x000002bd2ebda800


Registers:
RAX=0x00000000ffffffff, RBX=0x000000e9b03fe640, RCX=0x0000000100000001, RDX=0x000000e9b03fed60
RSP=0x000000e9b03fcb00, RBP=0x000000e9b03fed60, RSI=0x000000e9b03feb30, RDI=0x000000e9b03fd910
R8 =0x0000000000000100, R9 =0x0000000019930520, R10=0x0000000000000015, R11=0x000000e9b03fd150
R12=0x0000000000000000, R13=0x000000e9b03fcbf8, R14=0x000000e9b03fd910, R15=0x000000e9b03fda78
RIP=0x00007ffab95a315a, EFLAGS=0x0000000000010206

Top of Stack: (sp=0x000000e9b03fcb00)
0x000000e9b03fcb00:   000000e9b03fcb30 000002bd2ebd0000
0x000000e9b03fcb10:   000002bd2c954ec0 000002bd2c954ee0
0x000000e9b03fcb20:   000002bd2c954ef0 000002bd2c954ec0
0x000000e9b03fcb30:   000000e9b03fd170 00007ffb41dd1080
0x000000e9b03fcb40:   00007ffab95a3140 000000e9b03fed60
0x000000e9b03fcb50:   000000e9b03fed60 000002bd2c954ec0
0x000000e9b03fcb60:   000000e9b03fe640 00007ffb41dd26b5
0x000000e9b03fcb70:   00007ffab95a3140 000000e9b03fda78
0x000000e9b03fcb80:   0000000000000100 00007ffac16ba08f
0x000000e9b03fcb90:   000002bd00000000 0000000000000000
0x000000e9b03fcba0:   0000000000000000 0000000000000000
0x000000e9b03fcbb0:   0000000000000000 000000e9b03fcbf8
0x000000e9b03fcbc0:   00007ffab95a3140 000000002ebda800
0x000000e9b03fcbd0:   0000000000000000 0000000000000000
0x000000e9b03fcbe0:   00007ffab9150000 00007ffab9150000
0x000000e9b03fcbf0:   000000e9b03fbc80 0000000100000015 

Instructions: (pc=0x00007ffab95a315a)
0x00007ffab95a305a:   c1 ff cc cc cc cc 40 55 48 83 ec 20 48 8b ea 8b
0x00007ffab95a306a:   45 30 83 e0 01 85 c0 74 0d 83 65 30 fe 48 8b 4d
0x00007ffab95a307a:   38 e8 60 50 ea ff 48 83 c4 20 5d c3 cc cc cc cc
0x00007ffab95a308a:   cc cc cc cc cc cc 48 8d 8a 90 00 00 00 e9 34 f2
0x00007ffab95a309a:   c1 ff cc cc cc cc 40 55 48 83 ec 20 48 8b ea 8b
0x00007ffab95a30aa:   45 30 83 e0 01 85 c0 74 10 83 65 30 fe 48 8b 8d
0x00007ffab95a30ba:   88 00 00 00 e8 1d 50 ea ff 48 83 c4 20 5d c3 cc
0x00007ffab95a30ca:   cc cc cc cc cc cc 48 8d 8a b0 00 00 00 e9 04 50
0x00007ffab95a30da:   ea ff cc cc cc cc 40 55 48 83 ec 20 48 8b ea 8b
0x00007ffab95a30ea:   45 30 83 e0 01 85 c0 74 0d 83 65 30 fe 48 8b 4d
0x00007ffab95a30fa:   50 e8 90 fc d6 ff 48 83 c4 20 5d c3 cc cc cc cc
0x00007ffab95a310a:   cc cc cc cc cc cc 48 8d 8a 40 00 00 00 e9 54 51
0x00007ffab95a311a:   ea ff cc cc cc cc 48 8d 8a 60 00 00 00 e9 64 fc
0x00007ffab95a312a:   d6 ff cc cc cc cc 48 8d 8a c0 00 00 00 e9 94 f1
0x00007ffab95a313a:   c1 ff cc cc cc cc 48 89 54 24 10 55 48 83 ec 30
0x00007ffab95a314a:   48 8b ea 48 8b 45 38 48 8b 48 20 b8 ff ff ff ff
0x00007ffab95a315a:   f0 0f c1 41 14 33 d2 33 c9 e8 d4 51 fc ff 90 cc
0x00007ffab95a316a:   cc cc cc cc cc cc 48 8d 8a 80 00 00 00 e9 64 4f
0x00007ffab95a317a:   ea ff cc cc cc cc 40 55 48 83 ec 20 48 8b ea 8b
0x00007ffab95a318a:   45 44 83 e0 01 85 c0 74 0d 83 65 44 fe 48 8b 4d
0x00007ffab95a319a:   70 e8 40 4f ea ff 48 83 c4 20 5d c3 cc cc cc cc
0x00007ffab95a31aa:   cc cc cc cc cc cc 48 8d 8a 40 01 00 00 e9 d4 fb
0x00007ffab95a31ba:   d6 ff cc cc cc cc 48 8d 8a f0 00 00 00 e9 14 4f
0x00007ffab95a31ca:   ea ff cc cc cc cc 48 8d 8a d0 00 00 00 e9 f4 f0
0x00007ffab95a31da:   c1 ff cc cc cc cc 48 8d 8a d0 00 00 00 e9 e4 f0
0x00007ffab95a31ea:   c1 ff cc cc cc cc 48 8d 8a d0 00 00 00 e9 d4 f0
0x00007ffab95a31fa:   c1 ff cc cc cc cc 40 55 48 83 ec 20 48 8b ea 8b
0x00007ffab95a320a:   45 44 83 e0 02 85 c0 74 0d 83 65 44 fd 48 8b 4d
0x00007ffab95a321a:   70 e8 c0 4e ea ff 48 83 c4 20 5d c3 cc cc cc cc
0x00007ffab95a322a:   cc cc cc cc cc cc 48 89 54 24 10 53 55 48 83 ec
0x00007ffab95a323a:   48 48 8b ea 48 8b 4d 78 48 8b 01 ff 50 08 48 8b
0x00007ffab95a324a:   d8 b9 02 00 00 00 ff 15 ea 69 00 00 48 8b c8 4c 


Stack slot to memory mapping:
stack at sp + 0 slots: 0x000000e9b03fcb30 is pointing into the stack for thread: 0x000002bd2ebda800
stack at sp + 1 slots: 0x000002bd2ebd0000 points into unknown readable memory: 0x3630333120656e69 | 69 6e 65 20 31 33 30 36
stack at sp + 2 slots: 0x000002bd2c954ec0 points into unknown readable memory: 0x0000000000000000 | 00 00 00 00 00 00 00 00
stack at sp + 3 slots: 0x000002bd2c954ee0 points into unknown readable memory: 0x000000e9b03feb30 | 30 eb 3f b0 e9 00 00 00
stack at sp + 4 slots: 0x000002bd2c954ef0 points into unknown readable memory: 0x0000000000000000 | 00 00 00 00 00 00 00 00
stack at sp + 5 slots: 0x000002bd2c954ec0 points into unknown readable memory: 0x0000000000000000 | 00 00 00 00 00 00 00 00
stack at sp + 6 slots: 0x000000e9b03fd170 is pointing into the stack for thread: 0x000002bd2ebda800
stack at sp + 7 slots: 0x00007ffb41dd1080 vcruntime140_1.dll


---------------  P R O C E S S  ---------------

Threads class SMR info:
_java_thread_list=0x000002bd550ad7a0, length=13, elements={
0x000002bd2ebda800, 0x000002bd532e5000, 0x000002bd532e6000, 0x000002bd53bf8000,
0x000002bd53bfa000, 0x000002bd53bfb800, 0x000002bd53bff000, 0x000002bd53ba7000,
0x000002bd53c03000, 0x000002bd53dd7000, 0x000002bd53eeb000, 0x000002bd55098800,
0x000002bd55de2800
}

Java Threads: ( => current thread )
=>0x000002bd2ebda800 JavaThread "main" [_thread_in_native, id=11488, stack(0x000000e9b0300000,0x000000e9b0400000)]
  0x000002bd532e5000 JavaThread "Reference Handler" daemon [_thread_blocked, id=5780, stack(0x000000e9b0a00000,0x000000e9b0b00000)]
  0x000002bd532e6000 JavaThread "Finalizer" daemon [_thread_blocked, id=8500, stack(0x000000e9b0b00000,0x000000e9b0c00000)]
  0x000002bd53bf8000 JavaThread "Signal Dispatcher" daemon [_thread_blocked, id=20448, stack(0x000000e9b0c00000,0x000000e9b0d00000)]
  0x000002bd53bfa000 JavaThread "Attach Listener" daemon [_thread_blocked, id=2320, stack(0x000000e9b0d00000,0x000000e9b0e00000)]
  0x000002bd53bfb800 JavaThread "Service Thread" daemon [_thread_blocked, id=23064, stack(0x000000e9b0e00000,0x000000e9b0f00000)]
  0x000002bd53bff000 JavaThread "C2 CompilerThread0" daemon [_thread_in_native, id=16048, stack(0x000000e9b0f00000,0x000000e9b1000000)]
  0x000002bd53ba7000 JavaThread "C1 CompilerThread0" daemon [_thread_blocked, id=21748, stack(0x000000e9b1000000,0x000000e9b1100000)]
  0x000002bd53c03000 JavaThread "Sweeper thread" daemon [_thread_blocked, id=10548, stack(0x000000e9b1100000,0x000000e9b1200000)]
  0x000002bd53dd7000 JavaThread "Common-Cleaner" daemon [_thread_blocked, id=14744, stack(0x000000e9b1400000,0x000000e9b1500000)]
  0x000002bd53eeb000 JavaThread "JavaCPP Deallocator" daemon [_thread_blocked, id=6016, stack(0x000000e9b1500000,0x000000e9b1600000)]
  0x000002bd55098800 JavaThread "C1 CompilerThread1" daemon [_thread_blocked, id=22248, stack(0x000000e9b1200000,0x000000e9b1300000)]
  0x000002bd55de2800 JavaThread "C1 CompilerThread2" daemon [_thread_blocked, id=21116, stack(0x000000e9b1600000,0x000000e9b1700000)]

Other Threads:
  0x000002bd532e3000 VMThread "VM Thread" [stack: 0x000000e9b0900000,0x000000e9b0a00000] [id=5828]
  0x000002bd53dd6000 WatcherThread [stack: 0x000000e9b1300000,0x000000e9b1400000] [id=9308]
  0x000002bd2ebf2000 GCTaskThread "GC Thread#0" [stack: 0x000000e9b0400000,0x000000e9b0500000] [id=12600]
  0x000002bd549ad800 GCTaskThread "GC Thread#1" [stack: 0x000000e9b1700000,0x000000e9b1800000] [id=19160]
  0x000002bd54133000 GCTaskThread "GC Thread#2" [stack: 0x000000e9b1800000,0x000000e9b1900000] [id=12048]
  0x000002bd54861800 GCTaskThread "GC Thread#3" [stack: 0x000000e9b1900000,0x000000e9b1a00000] [id=17420]
  0x000002bd54781800 GCTaskThread "GC Thread#4" [stack: 0x000000e9b1a00000,0x000000e9b1b00000] [id=13812]
  0x000002bd54782800 GCTaskThread "GC Thread#5" [stack: 0x000000e9b1b00000,0x000000e9b1c00000] [id=2636]
  0x000002bd2ec50000 ConcurrentGCThread "G1 Main Marker" [stack: 0x000000e9b0500000,0x000000e9b0600000] [id=17612]
  0x000002bd2ec51800 ConcurrentGCThread "G1 Conc#0" [stack: 0x000000e9b0600000,0x000000e9b0700000] [id=20820]
  0x000002bd531c6800 ConcurrentGCThread "G1 Refine#0" [stack: 0x000000e9b0700000,0x000000e9b0800000] [id=5152]
  0x000002bd531c8800 ConcurrentGCThread "G1 Young RemSet Sampling" [stack: 0x000000e9b0800000,0x000000e9b0900000] [id=2164]

Threads with active compile tasks:
C2 CompilerThread0     2399 1216  s!   4       org.bytedeco.javacpp.Loader::loadLibrary (1711 bytes)

VM state:not at safepoint (normal execution)

VM Mutex/Monitor currently owned by a thread: None

Heap address: 0x0000000704000000, size: 4032 MB, Compressed Oops mode: Zero based, Oop shift amount: 3
Narrow klass base: 0x0000000800000000, Narrow klass shift: 0
Compressed class space size: 1073741824 Address: 0x0000000800000000

Heap:
 garbage-first heap   total 258048K, used 71801K [0x0000000704000000, 0x0000000800000000)
  region size 1024K, 72 young (73728K), 3 survivors (3072K)
 Metaspace       used 14668K, capacity 14864K, committed 15104K, reserved 1062912K
  class space    used 942K, capacity 1011K, committed 1024K, reserved 1048576K
Heap Regions: E=young(eden), S=young(survivor), O=old, HS=humongous(starts), HC=humongous(continues), CS=collection set, F=free, A=archive, TAMS=top-at-mark-start (previous, next)
|   0|0x0000000704000000, 0x0000000704000000, 0x0000000704100000|  0%| F|  |TAMS 0x0000000704000000, 0x0000000704000000| Untracked 
|   1|0x0000000704100000, 0x0000000704100000, 0x0000000704200000|  0%| F|  |TAMS 0x0000000704100000, 0x0000000704100000| Untracked 
|   2|0x0000000704200000, 0x0000000704200000, 0x0000000704300000|  0%| F|  |TAMS 0x0000000704200000, 0x0000000704200000| Untracked 
|   3|0x0000000704300000, 0x0000000704300000, 0x0000000704400000|  0%| F|  |TAMS 0x0000000704300000, 0x0000000704300000| Untracked 
|   4|0x0000000704400000, 0x0000000704400000, 0x0000000704500000|  0%| F|  |TAMS 0x0000000704400000, 0x0000000704400000| Untracked 
|   5|0x0000000704500000, 0x0000000704500000, 0x0000000704600000|  0%| F|  |TAMS 0x0000000704500000, 0x0000000704500000| Untracked 
|   6|0x0000000704600000, 0x0000000704600000, 0x0000000704700000|  0%| F|  |TAMS 0x0000000704600000, 0x0000000704600000| Untracked 
|   7|0x0000000704700000, 0x0000000704700000, 0x0000000704800000|  0%| F|  |TAMS 0x0000000704700000, 0x0000000704700000| Untracked 
|   8|0x0000000704800000, 0x0000000704800000, 0x0000000704900000|  0%| F|  |TAMS 0x0000000704800000, 0x0000000704800000| Untracked 
|   9|0x0000000704900000, 0x0000000704900000, 0x0000000704a00000|  0%| F|  |TAMS 0x0000000704900000, 0x0000000704900000| Untracked 
|  10|0x0000000704a00000, 0x0000000704a00000, 0x0000000704b00000|  0%| F|  |TAMS 0x0000000704a00000, 0x0000000704a00000| Untracked 
|  11|0x0000000704b00000, 0x0000000704b00000, 0x0000000704c00000|  0%| F|  |TAMS 0x0000000704b00000, 0x0000000704b00000| Untracked 
|  12|0x0000000704c00000, 0x0000000704c00000, 0x0000000704d00000|  0%| F|  |TAMS 0x0000000704c00000, 0x0000000704c00000| Untracked 
|  13|0x0000000704d00000, 0x0000000704d00000, 0x0000000704e00000|  0%| F|  |TAMS 0x0000000704d00000, 0x0000000704d00000| Untracked 
|  14|0x0000000704e00000, 0x0000000704e00000, 0x0000000704f00000|  0%| F|  |TAMS 0x0000000704e00000, 0x0000000704e00000| Untracked 
|  15|0x0000000704f00000, 0x0000000704f00000, 0x0000000705000000|  0%| F|  |TAMS 0x0000000704f00000, 0x0000000704f00000| Untracked 
|  16|0x0000000705000000, 0x0000000705000000, 0x0000000705100000|  0%| F|  |TAMS 0x0000000705000000, 0x0000000705000000| Untracked 
|  17|0x0000000705100000, 0x0000000705100000, 0x0000000705200000|  0%| F|  |TAMS 0x0000000705100000, 0x0000000705100000| Untracked 
|  18|0x0000000705200000, 0x0000000705200000, 0x0000000705300000|  0%| F|  |TAMS 0x0000000705200000, 0x0000000705200000| Untracked 
|  19|0x0000000705300000, 0x0000000705300000, 0x0000000705400000|  0%| F|  |TAMS 0x0000000705300000, 0x0000000705300000| Untracked 
|  20|0x0000000705400000, 0x0000000705400000, 0x0000000705500000|  0%| F|  |TAMS 0x0000000705400000, 0x0000000705400000| Untracked 
|  21|0x0000000705500000, 0x0000000705500000, 0x0000000705600000|  0%| F|  |TAMS 0x0000000705500000, 0x0000000705500000| Untracked 
|  22|0x0000000705600000, 0x0000000705600000, 0x0000000705700000|  0%| F|  |TAMS 0x0000000705600000, 0x0000000705600000| Untracked 
|  23|0x0000000705700000, 0x0000000705700000, 0x0000000705800000|  0%| F|  |TAMS 0x0000000705700000, 0x0000000705700000| Untracked 
|  24|0x0000000705800000, 0x0000000705800000, 0x0000000705900000|  0%| F|  |TAMS 0x0000000705800000, 0x0000000705800000| Untracked 
|  25|0x0000000705900000, 0x0000000705900000, 0x0000000705a00000|  0%| F|  |TAMS 0x0000000705900000, 0x0000000705900000| Untracked 
|  26|0x0000000705a00000, 0x0000000705a00000, 0x0000000705b00000|  0%| F|  |TAMS 0x0000000705a00000, 0x0000000705a00000| Untracked 
|  27|0x0000000705b00000, 0x0000000705b00000, 0x0000000705c00000|  0%| F|  |TAMS 0x0000000705b00000, 0x0000000705b00000| Untracked 
|  28|0x0000000705c00000, 0x0000000705c00000, 0x0000000705d00000|  0%| F|  |TAMS 0x0000000705c00000, 0x0000000705c00000| Untracked 
|  29|0x0000000705d00000, 0x0000000705d00000, 0x0000000705e00000|  0%| F|  |TAMS 0x0000000705d00000, 0x0000000705d00000| Untracked 
|  30|0x0000000705e00000, 0x0000000705e00000, 0x0000000705f00000|  0%| F|  |TAMS 0x0000000705e00000, 0x0000000705e00000| Untracked 
|  31|0x0000000705f00000, 0x0000000705f00000, 0x0000000706000000|  0%| F|  |TAMS 0x0000000705f00000, 0x0000000705f00000| Untracked 
|  32|0x0000000706000000, 0x0000000706000000, 0x0000000706100000|  0%| F|  |TAMS 0x0000000706000000, 0x0000000706000000| Untracked 
|  33|0x0000000706100000, 0x0000000706100000, 0x0000000706200000|  0%| F|  |TAMS 0x0000000706100000, 0x0000000706100000| Untracked 
|  34|0x0000000706200000, 0x0000000706200000, 0x0000000706300000|  0%| F|  |TAMS 0x0000000706200000, 0x0000000706200000| Untracked 
|  35|0x0000000706300000, 0x0000000706300000, 0x0000000706400000|  0%| F|  |TAMS 0x0000000706300000, 0x0000000706300000| Untracked 
|  36|0x0000000706400000, 0x0000000706400000, 0x0000000706500000|  0%| F|  |TAMS 0x0000000706400000, 0x0000000706400000| Untracked 
|  37|0x0000000706500000, 0x0000000706500000, 0x0000000706600000|  0%| F|  |TAMS 0x0000000706500000, 0x0000000706500000| Untracked 
|  38|0x0000000706600000, 0x0000000706600000, 0x0000000706700000|  0%| F|  |TAMS 0x0000000706600000, 0x0000000706600000| Untracked 
|  39|0x0000000706700000, 0x0000000706700000, 0x0000000706800000|  0%| F|  |TAMS 0x0000000706700000, 0x0000000706700000| Untracked 
|  40|0x0000000706800000, 0x0000000706800000, 0x0000000706900000|  0%| F|  |TAMS 0x0000000706800000, 0x0000000706800000| Untracked 
|  41|0x0000000706900000, 0x0000000706900000, 0x0000000706a00000|  0%| F|  |TAMS 0x0000000706900000, 0x0000000706900000| Untracked 
|  42|0x0000000706a00000, 0x0000000706a00000, 0x0000000706b00000|  0%| F|  |TAMS 0x0000000706a00000, 0x0000000706a00000| Untracked 
|  43|0x0000000706b00000, 0x0000000706b00000, 0x0000000706c00000|  0%| F|  |TAMS 0x0000000706b00000, 0x0000000706b00000| Untracked 
|  44|0x0000000706c00000, 0x0000000706c00000, 0x0000000706d00000|  0%| F|  |TAMS 0x0000000706c00000, 0x0000000706c00000| Untracked 
|  45|0x0000000706d00000, 0x0000000706d00000, 0x0000000706e00000|  0%| F|  |TAMS 0x0000000706d00000, 0x0000000706d00000| Untracked 
|  46|0x0000000706e00000, 0x0000000706e00000, 0x0000000706f00000|  0%| F|  |TAMS 0x0000000706e00000, 0x0000000706e00000| Untracked 
|  47|0x0000000706f00000, 0x0000000706f00000, 0x0000000707000000|  0%| F|  |TAMS 0x0000000706f00000, 0x0000000706f00000| Untracked 
|  48|0x0000000707000000, 0x0000000707000000, 0x0000000707100000|  0%| F|  |TAMS 0x0000000707000000, 0x0000000707000000| Untracked 
|  49|0x0000000707100000, 0x0000000707100000, 0x0000000707200000|  0%| F|  |TAMS 0x0000000707100000, 0x0000000707100000| Untracked 
|  50|0x0000000707200000, 0x0000000707200000, 0x0000000707300000|  0%| F|  |TAMS 0x0000000707200000, 0x0000000707200000| Untracked 
|  51|0x0000000707300000, 0x0000000707300000, 0x0000000707400000|  0%| F|  |TAMS 0x0000000707300000, 0x0000000707300000| Untracked 
|  52|0x0000000707400000, 0x0000000707400000, 0x0000000707500000|  0%| F|  |TAMS 0x0000000707400000, 0x0000000707400000| Untracked 
|  53|0x0000000707500000, 0x0000000707500000, 0x0000000707600000|  0%| F|  |TAMS 0x0000000707500000, 0x0000000707500000| Untracked 
|  54|0x0000000707600000, 0x0000000707600000, 0x0000000707700000|  0%| F|  |TAMS 0x0000000707600000, 0x0000000707600000| Untracked 
|  55|0x0000000707700000, 0x0000000707700000, 0x0000000707800000|  0%| F|  |TAMS 0x0000000707700000, 0x0000000707700000| Untracked 
|  56|0x0000000707800000, 0x0000000707800000, 0x0000000707900000|  0%| F|  |TAMS 0x0000000707800000, 0x0000000707800000| Untracked 
|  57|0x0000000707900000, 0x0000000707900000, 0x0000000707a00000|  0%| F|  |TAMS 0x0000000707900000, 0x0000000707900000| Untracked 
|  58|0x0000000707a00000, 0x0000000707a00000, 0x0000000707b00000|  0%| F|  |TAMS 0x0000000707a00000, 0x0000000707a00000| Untracked 
|  59|0x0000000707b00000, 0x0000000707b00000, 0x0000000707c00000|  0%| F|  |TAMS 0x0000000707b00000, 0x0000000707b00000| Untracked 
|  60|0x0000000707c00000, 0x0000000707c00000, 0x0000000707d00000|  0%| F|  |TAMS 0x0000000707c00000, 0x0000000707c00000| Untracked 
|  61|0x0000000707d00000, 0x0000000707d00000, 0x0000000707e00000|  0%| F|  |TAMS 0x0000000707d00000, 0x0000000707d00000| Untracked 
|  62|0x0000000707e00000, 0x0000000707e00000, 0x0000000707f00000|  0%| F|  |TAMS 0x0000000707e00000, 0x0000000707e00000| Untracked 
|  63|0x0000000707f00000, 0x0000000707f00000, 0x0000000708000000|  0%| F|  |TAMS 0x0000000707f00000, 0x0000000707f00000| Untracked 
|  64|0x0000000708000000, 0x0000000708000000, 0x0000000708100000|  0%| F|  |TAMS 0x0000000708000000, 0x0000000708000000| Untracked 
|  65|0x0000000708100000, 0x0000000708100000, 0x0000000708200000|  0%| F|  |TAMS 0x0000000708100000, 0x0000000708100000| Untracked 
|  66|0x0000000708200000, 0x0000000708200000, 0x0000000708300000|  0%| F|  |TAMS 0x0000000708200000, 0x0000000708200000| Untracked 
|  67|0x0000000708300000, 0x0000000708300000, 0x0000000708400000|  0%| F|  |TAMS 0x0000000708300000, 0x0000000708300000| Untracked 
|  68|0x0000000708400000, 0x0000000708400000, 0x0000000708500000|  0%| F|  |TAMS 0x0000000708400000, 0x0000000708400000| Untracked 
|  69|0x0000000708500000, 0x0000000708500000, 0x0000000708600000|  0%| F|  |TAMS 0x0000000708500000, 0x0000000708500000| Untracked 
|  70|0x0000000708600000, 0x0000000708600000, 0x0000000708700000|  0%| F|  |TAMS 0x0000000708600000, 0x0000000708600000| Untracked 
|  71|0x0000000708700000, 0x0000000708700000, 0x0000000708800000|  0%| F|  |TAMS 0x0000000708700000, 0x0000000708700000| Untracked 
|  72|0x0000000708800000, 0x0000000708800000, 0x0000000708900000|  0%| F|  |TAMS 0x0000000708800000, 0x0000000708800000| Untracked 
|  73|0x0000000708900000, 0x0000000708900000, 0x0000000708a00000|  0%| F|  |TAMS 0x0000000708900000, 0x0000000708900000| Untracked 
|  74|0x0000000708a00000, 0x0000000708a00000, 0x0000000708b00000|  0%| F|  |TAMS 0x0000000708a00000, 0x0000000708a00000| Untracked 
|  75|0x0000000708b00000, 0x0000000708b00000, 0x0000000708c00000|  0%| F|  |TAMS 0x0000000708b00000, 0x0000000708b00000| Untracked 
|  76|0x0000000708c00000, 0x0000000708c00000, 0x0000000708d00000|  0%| F|  |TAMS 0x0000000708c00000, 0x0000000708c00000| Untracked 
|  77|0x0000000708d00000, 0x0000000708d00000, 0x0000000708e00000|  0%| F|  |TAMS 0x0000000708d00000, 0x0000000708d00000| Untracked 
|  78|0x0000000708e00000, 0x0000000708e00000, 0x0000000708f00000|  0%| F|  |TAMS 0x0000000708e00000, 0x0000000708e00000| Untracked 
|  79|0x0000000708f00000, 0x0000000708f00000, 0x0000000709000000|  0%| F|  |TAMS 0x0000000708f00000, 0x0000000708f00000| Untracked 
|  80|0x0000000709000000, 0x0000000709000000, 0x0000000709100000|  0%| F|  |TAMS 0x0000000709000000, 0x0000000709000000| Untracked 
|  81|0x0000000709100000, 0x0000000709100000, 0x0000000709200000|  0%| F|  |TAMS 0x0000000709100000, 0x0000000709100000| Untracked 
|  82|0x0000000709200000, 0x0000000709200000, 0x0000000709300000|  0%| F|  |TAMS 0x0000000709200000, 0x0000000709200000| Untracked 
|  83|0x0000000709300000, 0x0000000709300000, 0x0000000709400000|  0%| F|  |TAMS 0x0000000709300000, 0x0000000709300000| Untracked 
|  84|0x0000000709400000, 0x0000000709400000, 0x0000000709500000|  0%| F|  |TAMS 0x0000000709400000, 0x0000000709400000| Untracked 
|  85|0x0000000709500000, 0x0000000709500000, 0x0000000709600000|  0%| F|  |TAMS 0x0000000709500000, 0x0000000709500000| Untracked 
|  86|0x0000000709600000, 0x0000000709600000, 0x0000000709700000|  0%| F|  |TAMS 0x0000000709600000, 0x0000000709600000| Untracked 
|  87|0x0000000709700000, 0x0000000709700000, 0x0000000709800000|  0%| F|  |TAMS 0x0000000709700000, 0x0000000709700000| Untracked 
|  88|0x0000000709800000, 0x0000000709800000, 0x0000000709900000|  0%| F|  |TAMS 0x0000000709800000, 0x0000000709800000| Untracked 
|  89|0x0000000709900000, 0x0000000709900000, 0x0000000709a00000|  0%| F|  |TAMS 0x0000000709900000, 0x0000000709900000| Untracked 
|  90|0x0000000709a00000, 0x0000000709a00000, 0x0000000709b00000|  0%| F|  |TAMS 0x0000000709a00000, 0x0000000709a00000| Untracked 
|  91|0x0000000709b00000, 0x0000000709b00000, 0x0000000709c00000|  0%| F|  |TAMS 0x0000000709b00000, 0x0000000709b00000| Untracked 
|  92|0x0000000709c00000, 0x0000000709c00000, 0x0000000709d00000|  0%| F|  |TAMS 0x0000000709c00000, 0x0000000709c00000| Untracked 
|  93|0x0000000709d00000, 0x0000000709d00000, 0x0000000709e00000|  0%| F|  |TAMS 0x0000000709d00000, 0x0000000709d00000| Untracked 
|  94|0x0000000709e00000, 0x0000000709e00000, 0x0000000709f00000|  0%| F|  |TAMS 0x0000000709e00000, 0x0000000709e00000| Untracked 
|  95|0x0000000709f00000, 0x0000000709f00000, 0x000000070a000000|  0%| F|  |TAMS 0x0000000709f00000, 0x0000000709f00000| Untracked 
|  96|0x000000070a000000, 0x000000070a000000, 0x000000070a100000|  0%| F|  |TAMS 0x000000070a000000, 0x000000070a000000| Untracked 
|  97|0x000000070a100000, 0x000000070a100000, 0x000000070a200000|  0%| F|  |TAMS 0x000000070a100000, 0x000000070a100000| Untracked 
|  98|0x000000070a200000, 0x000000070a200000, 0x000000070a300000|  0%| F|  |TAMS 0x000000070a200000, 0x000000070a200000| Untracked 
|  99|0x000000070a300000, 0x000000070a300000, 0x000000070a400000|  0%| F|  |TAMS 0x000000070a300000, 0x000000070a300000| Untracked 
| 100|0x000000070a400000, 0x000000070a400000, 0x000000070a500000|  0%| F|  |TAMS 0x000000070a400000, 0x000000070a400000| Untracked 
| 101|0x000000070a500000, 0x000000070a51e4f8, 0x000000070a600000| 11%| S|CS|TAMS 0x000000070a500000, 0x000000070a500000| Complete 
| 102|0x000000070a600000, 0x000000070a700000, 0x000000070a700000|100%| S|CS|TAMS 0x000000070a600000, 0x000000070a600000| Complete 
| 103|0x000000070a700000, 0x000000070a800000, 0x000000070a800000|100%| S|CS|TAMS 0x000000070a700000, 0x000000070a700000| Complete 
| 104|0x000000070a800000, 0x000000070a800000, 0x000000070a900000|  0%| F|  |TAMS 0x000000070a800000, 0x000000070a800000| Untracked 
| 105|0x000000070a900000, 0x000000070a900000, 0x000000070aa00000|  0%| F|  |TAMS 0x000000070a900000, 0x000000070a900000| Untracked 
| 106|0x000000070aa00000, 0x000000070aa00000, 0x000000070ab00000|  0%| F|  |TAMS 0x000000070aa00000, 0x000000070aa00000| Untracked 
| 107|0x000000070ab00000, 0x000000070ab00000, 0x000000070ac00000|  0%| F|  |TAMS 0x000000070ab00000, 0x000000070ab00000| Untracked 
| 108|0x000000070ac00000, 0x000000070ac00000, 0x000000070ad00000|  0%| F|  |TAMS 0x000000070ac00000, 0x000000070ac00000| Untracked 
| 109|0x000000070ad00000, 0x000000070ad00000, 0x000000070ae00000|  0%| F|  |TAMS 0x000000070ad00000, 0x000000070ad00000| Untracked 
| 110|0x000000070ae00000, 0x000000070ae00000, 0x000000070af00000|  0%| F|  |TAMS 0x000000070ae00000, 0x000000070ae00000| Untracked 
| 111|0x000000070af00000, 0x000000070af00000, 0x000000070b000000|  0%| F|  |TAMS 0x000000070af00000, 0x000000070af00000| Untracked 
| 112|0x000000070b000000, 0x000000070b000000, 0x000000070b100000|  0%| F|  |TAMS 0x000000070b000000, 0x000000070b000000| Untracked 
| 113|0x000000070b100000, 0x000000070b100000, 0x000000070b200000|  0%| F|  |TAMS 0x000000070b100000, 0x000000070b100000| Untracked 
| 114|0x000000070b200000, 0x000000070b200000, 0x000000070b300000|  0%| F|  |TAMS 0x000000070b200000, 0x000000070b200000| Untracked 
| 115|0x000000070b300000, 0x000000070b300000, 0x000000070b400000|  0%| F|  |TAMS 0x000000070b300000, 0x000000070b300000| Untracked 
| 116|0x000000070b400000, 0x000000070b400000, 0x000000070b500000|  0%| F|  |TAMS 0x000000070b400000, 0x000000070b400000| Untracked 
| 117|0x000000070b500000, 0x000000070b500000, 0x000000070b600000|  0%| F|  |TAMS 0x000000070b500000, 0x000000070b500000| Untracked 
| 118|0x000000070b600000, 0x000000070b600000, 0x000000070b700000|  0%| F|  |TAMS 0x000000070b600000, 0x000000070b600000| Untracked 
| 119|0x000000070b700000, 0x000000070b700000, 0x000000070b800000|  0%| F|  |TAMS 0x000000070b700000, 0x000000070b700000| Untracked 
| 120|0x000000070b800000, 0x000000070b800000, 0x000000070b900000|  0%| F|  |TAMS 0x000000070b800000, 0x000000070b800000| Untracked 
| 121|0x000000070b900000, 0x000000070b900000, 0x000000070ba00000|  0%| F|  |TAMS 0x000000070b900000, 0x000000070b900000| Untracked 
| 122|0x000000070ba00000, 0x000000070ba00000, 0x000000070bb00000|  0%| F|  |TAMS 0x000000070ba00000, 0x000000070ba00000| Untracked 
| 123|0x000000070bb00000, 0x000000070bb00000, 0x000000070bc00000|  0%| F|  |TAMS 0x000000070bb00000, 0x000000070bb00000| Untracked 
| 124|0x000000070bc00000, 0x000000070bc00000, 0x000000070bd00000|  0%| F|  |TAMS 0x000000070bc00000, 0x000000070bc00000| Untracked 
| 125|0x000000070bd00000, 0x000000070bd00000, 0x000000070be00000|  0%| F|  |TAMS 0x000000070bd00000, 0x000000070bd00000| Untracked 
| 126|0x000000070be00000, 0x000000070be00000, 0x000000070bf00000|  0%| F|  |TAMS 0x000000070be00000, 0x000000070be00000| Untracked 
| 127|0x000000070bf00000, 0x000000070bf00000, 0x000000070c000000|  0%| F|  |TAMS 0x000000070bf00000, 0x000000070bf00000| Untracked 
| 128|0x000000070c000000, 0x000000070c000000, 0x000000070c100000|  0%| F|  |TAMS 0x000000070c000000, 0x000000070c000000| Untracked 
| 129|0x000000070c100000, 0x000000070c100000, 0x000000070c200000|  0%| F|  |TAMS 0x000000070c100000, 0x000000070c100000| Untracked 
| 130|0x000000070c200000, 0x000000070c200000, 0x000000070c300000|  0%| F|  |TAMS 0x000000070c200000, 0x000000070c200000| Untracked 
| 131|0x000000070c300000, 0x000000070c300000, 0x000000070c400000|  0%| F|  |TAMS 0x000000070c300000, 0x000000070c300000| Untracked 
| 132|0x000000070c400000, 0x000000070c400000, 0x000000070c500000|  0%| F|  |TAMS 0x000000070c400000, 0x000000070c400000| Untracked 
| 133|0x000000070c500000, 0x000000070c500000, 0x000000070c600000|  0%| F|  |TAMS 0x000000070c500000, 0x000000070c500000| Untracked 
| 134|0x000000070c600000, 0x000000070c600000, 0x000000070c700000|  0%| F|  |TAMS 0x000000070c600000, 0x000000070c600000| Untracked 
| 135|0x000000070c700000, 0x000000070c700000, 0x000000070c800000|  0%| F|  |TAMS 0x000000070c700000, 0x000000070c700000| Untracked 
| 136|0x000000070c800000, 0x000000070c800000, 0x000000070c900000|  0%| F|  |TAMS 0x000000070c800000, 0x000000070c800000| Untracked 
| 137|0x000000070c900000, 0x000000070c900000, 0x000000070ca00000|  0%| F|  |TAMS 0x000000070c900000, 0x000000070c900000| Untracked 
| 138|0x000000070ca00000, 0x000000070ca00000, 0x000000070cb00000|  0%| F|  |TAMS 0x000000070ca00000, 0x000000070ca00000| Untracked 
| 139|0x000000070cb00000, 0x000000070cb00000, 0x000000070cc00000|  0%| F|  |TAMS 0x000000070cb00000, 0x000000070cb00000| Untracked 
| 140|0x000000070cc00000, 0x000000070cc00000, 0x000000070cd00000|  0%| F|  |TAMS 0x000000070cc00000, 0x000000070cc00000| Untracked 
| 141|0x000000070cd00000, 0x000000070cd00000, 0x000000070ce00000|  0%| F|  |TAMS 0x000000070cd00000, 0x000000070cd00000| Untracked 
| 142|0x000000070ce00000, 0x000000070ce00000, 0x000000070cf00000|  0%| F|  |TAMS 0x000000070ce00000, 0x000000070ce00000| Untracked 
| 143|0x000000070cf00000, 0x000000070cf00000, 0x000000070d000000|  0%| F|  |TAMS 0x000000070cf00000, 0x000000070cf00000| Untracked 
| 144|0x000000070d000000, 0x000000070d000000, 0x000000070d100000|  0%| F|  |TAMS 0x000000070d000000, 0x000000070d000000| Untracked 
| 145|0x000000070d100000, 0x000000070d100000, 0x000000070d200000|  0%| F|  |TAMS 0x000000070d100000, 0x000000070d100000| Untracked 
| 146|0x000000070d200000, 0x000000070d200000, 0x000000070d300000|  0%| F|  |TAMS 0x000000070d200000, 0x000000070d200000| Untracked 
| 147|0x000000070d300000, 0x000000070d300000, 0x000000070d400000|  0%| F|  |TAMS 0x000000070d300000, 0x000000070d300000| Untracked 
| 148|0x000000070d400000, 0x000000070d400000, 0x000000070d500000|  0%| F|  |TAMS 0x000000070d400000, 0x000000070d400000| Untracked 
| 149|0x000000070d500000, 0x000000070d500000, 0x000000070d600000|  0%| F|  |TAMS 0x000000070d500000, 0x000000070d500000| Untracked 
| 150|0x000000070d600000, 0x000000070d600000, 0x000000070d700000|  0%| F|  |TAMS 0x000000070d600000, 0x000000070d600000| Untracked 
| 151|0x000000070d700000, 0x000000070d700000, 0x000000070d800000|  0%| F|  |TAMS 0x000000070d700000, 0x000000070d700000| Untracked 
| 152|0x000000070d800000, 0x000000070d800000, 0x000000070d900000|  0%| F|  |TAMS 0x000000070d800000, 0x000000070d800000| Untracked 
| 153|0x000000070d900000, 0x000000070d900000, 0x000000070da00000|  0%| F|  |TAMS 0x000000070d900000, 0x000000070d900000| Untracked 
| 154|0x000000070da00000, 0x000000070da00000, 0x000000070db00000|  0%| F|  |TAMS 0x000000070da00000, 0x000000070da00000| Untracked 
| 155|0x000000070db00000, 0x000000070db00000, 0x000000070dc00000|  0%| F|  |TAMS 0x000000070db00000, 0x000000070db00000| Untracked 
| 156|0x000000070dc00000, 0x000000070dc00000, 0x000000070dd00000|  0%| F|  |TAMS 0x000000070dc00000, 0x000000070dc00000| Untracked 
| 157|0x000000070dd00000, 0x000000070dd00000, 0x000000070de00000|  0%| F|  |TAMS 0x000000070dd00000, 0x000000070dd00000| Untracked 
| 158|0x000000070de00000, 0x000000070de00000, 0x000000070df00000|  0%| F|  |TAMS 0x000000070de00000, 0x000000070de00000| Untracked 
| 159|0x000000070df00000, 0x000000070df00000, 0x000000070e000000|  0%| F|  |TAMS 0x000000070df00000, 0x000000070df00000| Untracked 
| 160|0x000000070e000000, 0x000000070e000000, 0x000000070e100000|  0%| F|  |TAMS 0x000000070e000000, 0x000000070e000000| Untracked 
| 161|0x000000070e100000, 0x000000070e100000, 0x000000070e200000|  0%| F|  |TAMS 0x000000070e100000, 0x000000070e100000| Untracked 
| 162|0x000000070e200000, 0x000000070e200000, 0x000000070e300000|  0%| F|  |TAMS 0x000000070e200000, 0x000000070e200000| Untracked 
| 163|0x000000070e300000, 0x000000070e300000, 0x000000070e400000|  0%| F|  |TAMS 0x000000070e300000, 0x000000070e300000| Untracked 
| 164|0x000000070e400000, 0x000000070e400000, 0x000000070e500000|  0%| F|  |TAMS 0x000000070e400000, 0x000000070e400000| Untracked 
| 165|0x000000070e500000, 0x000000070e500000, 0x000000070e600000|  0%| F|  |TAMS 0x000000070e500000, 0x000000070e500000| Untracked 
| 166|0x000000070e600000, 0x000000070e600000, 0x000000070e700000|  0%| F|  |TAMS 0x000000070e600000, 0x000000070e600000| Untracked 
| 167|0x000000070e700000, 0x000000070e700000, 0x000000070e800000|  0%| F|  |TAMS 0x000000070e700000, 0x000000070e700000| Untracked 
| 168|0x000000070e800000, 0x000000070e800000, 0x000000070e900000|  0%| F|  |TAMS 0x000000070e800000, 0x000000070e800000| Untracked 
| 169|0x000000070e900000, 0x000000070e900000, 0x000000070ea00000|  0%| F|  |TAMS 0x000000070e900000, 0x000000070e900000| Untracked 
| 170|0x000000070ea00000, 0x000000070ea00000, 0x000000070eb00000|  0%| F|  |TAMS 0x000000070ea00000, 0x000000070ea00000| Untracked 
| 171|0x000000070eb00000, 0x000000070eb00000, 0x000000070ec00000|  0%| F|  |TAMS 0x000000070eb00000, 0x000000070eb00000| Untracked 
| 172|0x000000070ec00000, 0x000000070ec00000, 0x000000070ed00000|  0%| F|  |TAMS 0x000000070ec00000, 0x000000070ec00000| Untracked 
| 173|0x000000070ed00000, 0x000000070ed00000, 0x000000070ee00000|  0%| F|  |TAMS 0x000000070ed00000, 0x000000070ed00000| Untracked 
| 174|0x000000070ee00000, 0x000000070ee00000, 0x000000070ef00000|  0%| F|  |TAMS 0x000000070ee00000, 0x000000070ee00000| Untracked 
| 175|0x000000070ef00000, 0x000000070ef00000, 0x000000070f000000|  0%| F|  |TAMS 0x000000070ef00000, 0x000000070ef00000| Untracked 
| 176|0x000000070f000000, 0x000000070f000000, 0x000000070f100000|  0%| F|  |TAMS 0x000000070f000000, 0x000000070f000000| Untracked 
| 177|0x000000070f100000, 0x000000070f100000, 0x000000070f200000|  0%| F|  |TAMS 0x000000070f100000, 0x000000070f100000| Untracked 
| 178|0x000000070f200000, 0x000000070f200000, 0x000000070f300000|  0%| F|  |TAMS 0x000000070f200000, 0x000000070f200000| Untracked 
| 179|0x000000070f300000, 0x000000070f300000, 0x000000070f400000|  0%| F|  |TAMS 0x000000070f300000, 0x000000070f300000| Untracked 
| 180|0x000000070f400000, 0x000000070f400000, 0x000000070f500000|  0%| F|  |TAMS 0x000000070f400000, 0x000000070f400000| Untracked 
| 181|0x000000070f500000, 0x000000070f500000, 0x000000070f600000|  0%| F|  |TAMS 0x000000070f500000, 0x000000070f500000| Untracked 
| 182|0x000000070f600000, 0x000000070f600000, 0x000000070f700000|  0%| F|  |TAMS 0x000000070f600000, 0x000000070f600000| Untracked 
| 183|0x000000070f700000, 0x000000070f780800, 0x000000070f800000| 50%| E|  |TAMS 0x000000070f700000, 0x000000070f700000| Complete 
| 184|0x000000070f800000, 0x000000070f900000, 0x000000070f900000|100%| E|CS|TAMS 0x000000070f800000, 0x000000070f800000| Complete 
| 185|0x000000070f900000, 0x000000070fa00000, 0x000000070fa00000|100%| E|CS|TAMS 0x000000070f900000, 0x000000070f900000| Complete 
| 186|0x000000070fa00000, 0x000000070fb00000, 0x000000070fb00000|100%| E|CS|TAMS 0x000000070fa00000, 0x000000070fa00000| Complete 
| 187|0x000000070fb00000, 0x000000070fc00000, 0x000000070fc00000|100%| E|CS|TAMS 0x000000070fb00000, 0x000000070fb00000| Complete 
| 188|0x000000070fc00000, 0x000000070fd00000, 0x000000070fd00000|100%| E|CS|TAMS 0x000000070fc00000, 0x000000070fc00000| Complete 
| 189|0x000000070fd00000, 0x000000070fe00000, 0x000000070fe00000|100%| E|CS|TAMS 0x000000070fd00000, 0x000000070fd00000| Complete 
| 190|0x000000070fe00000, 0x000000070ff00000, 0x000000070ff00000|100%| E|CS|TAMS 0x000000070fe00000, 0x000000070fe00000| Complete 
| 191|0x000000070ff00000, 0x0000000710000000, 0x0000000710000000|100%| E|CS|TAMS 0x000000070ff00000, 0x000000070ff00000| Complete 
| 192|0x0000000710000000, 0x0000000710100000, 0x0000000710100000|100%| E|CS|TAMS 0x0000000710000000, 0x0000000710000000| Complete 
| 193|0x0000000710100000, 0x0000000710200000, 0x0000000710200000|100%| E|CS|TAMS 0x0000000710100000, 0x0000000710100000| Complete 
| 194|0x0000000710200000, 0x0000000710300000, 0x0000000710300000|100%| E|CS|TAMS 0x0000000710200000, 0x0000000710200000| Complete 
| 195|0x0000000710300000, 0x0000000710400000, 0x0000000710400000|100%| E|CS|TAMS 0x0000000710300000, 0x0000000710300000| Complete 
| 196|0x0000000710400000, 0x0000000710500000, 0x0000000710500000|100%| E|CS|TAMS 0x0000000710400000, 0x0000000710400000| Complete 
| 197|0x0000000710500000, 0x0000000710600000, 0x0000000710600000|100%| E|CS|TAMS 0x0000000710500000, 0x0000000710500000| Complete 
| 198|0x0000000710600000, 0x0000000710700000, 0x0000000710700000|100%| E|CS|TAMS 0x0000000710600000, 0x0000000710600000| Complete 
| 199|0x0000000710700000, 0x0000000710800000, 0x0000000710800000|100%| E|CS|TAMS 0x0000000710700000, 0x0000000710700000| Complete 
| 200|0x0000000710800000, 0x0000000710900000, 0x0000000710900000|100%| E|CS|TAMS 0x0000000710800000, 0x0000000710800000| Complete 
| 201|0x0000000710900000, 0x0000000710a00000, 0x0000000710a00000|100%| E|CS|TAMS 0x0000000710900000, 0x0000000710900000| Complete 
| 202|0x0000000710a00000, 0x0000000710b00000, 0x0000000710b00000|100%| E|CS|TAMS 0x0000000710a00000, 0x0000000710a00000| Complete 
| 203|0x0000000710b00000, 0x0000000710c00000, 0x0000000710c00000|100%| E|CS|TAMS 0x0000000710b00000, 0x0000000710b00000| Complete 
| 204|0x0000000710c00000, 0x0000000710d00000, 0x0000000710d00000|100%| E|CS|TAMS 0x0000000710c00000, 0x0000000710c00000| Complete 
| 205|0x0000000710d00000, 0x0000000710e00000, 0x0000000710e00000|100%| E|CS|TAMS 0x0000000710d00000, 0x0000000710d00000| Complete 
| 206|0x0000000710e00000, 0x0000000710f00000, 0x0000000710f00000|100%| E|CS|TAMS 0x0000000710e00000, 0x0000000710e00000| Complete 
| 207|0x0000000710f00000, 0x0000000711000000, 0x0000000711000000|100%| E|CS|TAMS 0x0000000710f00000, 0x0000000710f00000| Complete 
| 208|0x0000000711000000, 0x0000000711100000, 0x0000000711100000|100%| E|CS|TAMS 0x0000000711000000, 0x0000000711000000| Complete 
| 209|0x0000000711100000, 0x0000000711200000, 0x0000000711200000|100%| E|CS|TAMS 0x0000000711100000, 0x0000000711100000| Complete 
| 210|0x0000000711200000, 0x0000000711300000, 0x0000000711300000|100%| E|CS|TAMS 0x0000000711200000, 0x0000000711200000| Complete 
| 211|0x0000000711300000, 0x0000000711400000, 0x0000000711400000|100%| E|CS|TAMS 0x0000000711300000, 0x0000000711300000| Complete 
| 212|0x0000000711400000, 0x0000000711500000, 0x0000000711500000|100%| E|CS|TAMS 0x0000000711400000, 0x0000000711400000| Complete 
| 213|0x0000000711500000, 0x0000000711600000, 0x0000000711600000|100%| E|CS|TAMS 0x0000000711500000, 0x0000000711500000| Complete 
| 214|0x0000000711600000, 0x0000000711700000, 0x0000000711700000|100%| E|CS|TAMS 0x0000000711600000, 0x0000000711600000| Complete 
| 215|0x0000000711700000, 0x0000000711800000, 0x0000000711800000|100%| E|CS|TAMS 0x0000000711700000, 0x0000000711700000| Complete 
| 216|0x0000000711800000, 0x0000000711900000, 0x0000000711900000|100%| E|CS|TAMS 0x0000000711800000, 0x0000000711800000| Complete 
| 217|0x0000000711900000, 0x0000000711a00000, 0x0000000711a00000|100%| E|CS|TAMS 0x0000000711900000, 0x0000000711900000| Complete 
| 218|0x0000000711a00000, 0x0000000711b00000, 0x0000000711b00000|100%| E|CS|TAMS 0x0000000711a00000, 0x0000000711a00000| Complete 
| 219|0x0000000711b00000, 0x0000000711c00000, 0x0000000711c00000|100%| E|CS|TAMS 0x0000000711b00000, 0x0000000711b00000| Complete 
| 220|0x0000000711c00000, 0x0000000711d00000, 0x0000000711d00000|100%| E|CS|TAMS 0x0000000711c00000, 0x0000000711c00000| Complete 
| 221|0x0000000711d00000, 0x0000000711e00000, 0x0000000711e00000|100%| E|CS|TAMS 0x0000000711d00000, 0x0000000711d00000| Complete 
| 222|0x0000000711e00000, 0x0000000711f00000, 0x0000000711f00000|100%| E|CS|TAMS 0x0000000711e00000, 0x0000000711e00000| Complete 
| 223|0x0000000711f00000, 0x0000000712000000, 0x0000000712000000|100%| E|CS|TAMS 0x0000000711f00000, 0x0000000711f00000| Complete 
| 224|0x0000000712000000, 0x0000000712100000, 0x0000000712100000|100%| E|CS|TAMS 0x0000000712000000, 0x0000000712000000| Complete 
| 225|0x0000000712100000, 0x0000000712200000, 0x0000000712200000|100%| E|CS|TAMS 0x0000000712100000, 0x0000000712100000| Complete 
| 226|0x0000000712200000, 0x0000000712300000, 0x0000000712300000|100%| E|CS|TAMS 0x0000000712200000, 0x0000000712200000| Complete 
| 227|0x0000000712300000, 0x0000000712400000, 0x0000000712400000|100%| E|CS|TAMS 0x0000000712300000, 0x0000000712300000| Complete 
| 228|0x0000000712400000, 0x0000000712500000, 0x0000000712500000|100%| E|CS|TAMS 0x0000000712400000, 0x0000000712400000| Complete 
| 229|0x0000000712500000, 0x0000000712600000, 0x0000000712600000|100%| E|CS|TAMS 0x0000000712500000, 0x0000000712500000| Complete 
| 230|0x0000000712600000, 0x0000000712700000, 0x0000000712700000|100%| E|CS|TAMS 0x0000000712600000, 0x0000000712600000| Complete 
| 231|0x0000000712700000, 0x0000000712800000, 0x0000000712800000|100%| E|CS|TAMS 0x0000000712700000, 0x0000000712700000| Complete 
| 232|0x0000000712800000, 0x0000000712900000, 0x0000000712900000|100%| E|CS|TAMS 0x0000000712800000, 0x0000000712800000| Complete 
| 233|0x0000000712900000, 0x0000000712a00000, 0x0000000712a00000|100%| E|CS|TAMS 0x0000000712900000, 0x0000000712900000| Complete 
| 234|0x0000000712a00000, 0x0000000712b00000, 0x0000000712b00000|100%| E|CS|TAMS 0x0000000712a00000, 0x0000000712a00000| Complete 
| 235|0x0000000712b00000, 0x0000000712c00000, 0x0000000712c00000|100%| E|CS|TAMS 0x0000000712b00000, 0x0000000712b00000| Complete 
| 236|0x0000000712c00000, 0x0000000712d00000, 0x0000000712d00000|100%| E|CS|TAMS 0x0000000712c00000, 0x0000000712c00000| Complete 
| 237|0x0000000712d00000, 0x0000000712e00000, 0x0000000712e00000|100%| E|CS|TAMS 0x0000000712d00000, 0x0000000712d00000| Complete 
| 238|0x0000000712e00000, 0x0000000712f00000, 0x0000000712f00000|100%| E|CS|TAMS 0x0000000712e00000, 0x0000000712e00000| Complete 
| 239|0x0000000712f00000, 0x0000000713000000, 0x0000000713000000|100%| E|CS|TAMS 0x0000000712f00000, 0x0000000712f00000| Complete 
| 240|0x0000000713000000, 0x0000000713100000, 0x0000000713100000|100%| E|CS|TAMS 0x0000000713000000, 0x0000000713000000| Complete 
| 241|0x0000000713100000, 0x0000000713200000, 0x0000000713200000|100%| E|CS|TAMS 0x0000000713100000, 0x0000000713100000| Complete 
| 242|0x0000000713200000, 0x0000000713300000, 0x0000000713300000|100%| E|CS|TAMS 0x0000000713200000, 0x0000000713200000| Complete 
| 243|0x0000000713300000, 0x0000000713400000, 0x0000000713400000|100%| E|CS|TAMS 0x0000000713300000, 0x0000000713300000| Complete 
| 244|0x0000000713400000, 0x0000000713500000, 0x0000000713500000|100%| E|CS|TAMS 0x0000000713400000, 0x0000000713400000| Complete 
| 245|0x0000000713500000, 0x0000000713600000, 0x0000000713600000|100%| E|CS|TAMS 0x0000000713500000, 0x0000000713500000| Complete 
| 246|0x0000000713600000, 0x0000000713700000, 0x0000000713700000|100%| E|CS|TAMS 0x0000000713600000, 0x0000000713600000| Complete 
| 247|0x0000000713700000, 0x0000000713800000, 0x0000000713800000|100%| E|CS|TAMS 0x0000000713700000, 0x0000000713700000| Complete 
| 248|0x0000000713800000, 0x0000000713900000, 0x0000000713900000|100%| E|CS|TAMS 0x0000000713800000, 0x0000000713800000| Complete 
| 249|0x0000000713900000, 0x0000000713a00000, 0x0000000713a00000|100%| E|CS|TAMS 0x0000000713900000, 0x0000000713900000| Complete 
| 250|0x0000000713a00000, 0x0000000713b00000, 0x0000000713b00000|100%| E|CS|TAMS 0x0000000713a00000, 0x0000000713a00000| Complete 
| 251|0x0000000713b00000, 0x0000000713c00000, 0x0000000713c00000|100%| E|CS|TAMS 0x0000000713b00000, 0x0000000713b00000| Complete 

Card table byte_map: [0x000002bd473c0000,0x000002bd47ba0000] _byte_map_base: 0x000002bd43ba0000

Marking Bits (Prev, Next): (CMBitMap*) 0x000002bd2ec3f708, (CMBitMap*) 0x000002bd2ec3f740
 Prev Bits: [0x000002bd48380000, 0x000002bd4c280000)
 Next Bits: [0x000002bd4c280000, 0x000002bd50180000)

Polling page: 0x000002bd2cb10000

Metaspace:

Usage:
  Non-class:     13.53 MB capacity,    13.40 MB (>99%) used,   114.23 KB ( <1%) free+waste,    13.62 KB ( <1%) overhead. 
      Class:   1011.00 KB capacity,   942.89 KB ( 93%) used,    64.23 KB (  6%) free+waste,     3.88 KB ( <1%) overhead. 
       Both:     14.52 MB capacity,    14.32 MB ( 99%) used,   178.46 KB (  1%) free+waste,    17.50 KB ( <1%) overhead. 

Virtual space:
  Non-class space:       14.00 MB reserved,      13.75 MB ( 98%) committed 
      Class space:        1.00 GB reserved,       1.00 MB ( <1%) committed 
             Both:        1.01 GB reserved,      14.75 MB (  1%) committed 

Chunk freelists:
   Non-Class:  35.00 KB
       Class:  13.00 KB
        Both:  48.00 KB

MaxMetaspaceSize: 17179869184.00 GB
CompressedClassSpaceSize: 1.00 GB
Initial GC threshold: 20.80 MB
Current GC threshold: 20.80 MB
CDS: off

CodeHeap 'non-profiled nmethods': size=119168Kb used=953Kb max_used=953Kb free=118214Kb
 bounds [0x000002bd3eef0000, 0x000002bd3f160000, 0x000002bd46350000]
CodeHeap 'profiled nmethods': size=119168Kb used=2863Kb max_used=2863Kb free=116304Kb
 bounds [0x000002bd37a90000, 0x000002bd37d60000, 0x000002bd3eef0000]
CodeHeap 'non-nmethods': size=7424Kb used=2758Kb max_used=2772Kb free=4665Kb
 bounds [0x000002bd37350000, 0x000002bd37690000, 0x000002bd37a90000]
 total_blobs=2217 nmethods=1225 adapters=903
 compilation: enabled
              stopped_count=0, restarted_count=0
 full_count=0

Compilation events (20 events):
Event: 2.308 Thread 0x000002bd55de2800 1219       1       java.lang.Class::getAnnotationType (5 bytes)
Event: 2.308 Thread 0x000002bd55de2800 nmethod 1219 0x000002bd3efdcc90 code [0x000002bd3efdce40, 0x000002bd3efdcef8]
Event: 2.308 Thread 0x000002bd55098800 nmethod 1217 0x000002bd37d4fd90 code [0x000002bd37d4ff60, 0x000002bd37d50278]
Event: 2.308 Thread 0x000002bd53ba7000 nmethod 1218 0x000002bd37d50390 code [0x000002bd37d50540, 0x000002bd37d50798]
Event: 2.308 Thread 0x000002bd53bff000 nmethod 1215 0x000002bd3efdcf90 code [0x000002bd3efdd1a0, 0x000002bd3efddc98]
Event: 2.308 Thread 0x000002bd53bff000 1216  s!   4       org.bytedeco.javacpp.Loader::loadLibrary (1711 bytes)
Event: 2.308 Thread 0x000002bd55de2800 1220       3       jdk.internal.reflect.UTF8::utf8Length (81 bytes)
Event: 2.308 Thread 0x000002bd55098800 1221   !   3       jdk.internal.reflect.UTF8::encode (191 bytes)
Event: 2.308 Thread 0x000002bd53ba7000 1222       3       jdk.internal.reflect.ClassFileAssembler::emitConstantPoolUTF8 (50 bytes)
Event: 2.309 Thread 0x000002bd53ba7000 nmethod 1222 0x000002bd37d50890 code [0x000002bd37d50ae0, 0x000002bd37d51148]
Event: 2.309 Thread 0x000002bd53ba7000 1223       3       jdk.internal.reflect.ByteVectorImpl::getLength (7 bytes)
Event: 2.309 Thread 0x000002bd53ba7000 nmethod 1223 0x000002bd37d51510 code [0x000002bd37d516c0, 0x000002bd37d517b8]
Event: 2.309 Thread 0x000002bd55de2800 nmethod 1220 0x000002bd37d51890 code [0x000002bd37d51ae0, 0x000002bd37d52398]
Event: 2.309 Thread 0x000002bd53ba7000 1224       3       java.util.regex.Pattern::compile (498 bytes)
Event: 2.309 Thread 0x000002bd55de2800 1225       3       java.util.regex.Pattern::atom (422 bytes)
Event: 2.309 Thread 0x000002bd55098800 nmethod 1221 0x000002bd37d52710 code [0x000002bd37d529a0, 0x000002bd37d53558]
Event: 2.309 Thread 0x000002bd55098800 1226       3       java.util.regex.Pattern::newSlice (181 bytes)
Event: 2.310 Thread 0x000002bd55098800 nmethod 1226 0x000002bd37d53b90 code [0x000002bd37d53ea0, 0x000002bd37d54f38]
Event: 2.311 Thread 0x000002bd53ba7000 nmethod 1224 0x000002bd37d55590 code [0x000002bd37d55a80, 0x000002bd37d58b28]
Event: 2.311 Thread 0x000002bd55de2800 nmethod 1225 0x000002bd37d59690 code [0x000002bd37d59a40, 0x000002bd37d5b4b8]

GC Heap History (6 events):
Event: 0.267 GC heap before
{Heap before GC invocations=0 (full 0):
 garbage-first heap   total 258048K, used 24576K [0x0000000704000000, 0x0000000800000000)
  region size 1024K, 24 young (24576K), 0 survivors (0K)
 Metaspace       used 7125K, capacity 7228K, committed 7424K, reserved 1056768K
  class space    used 597K, capacity 644K, committed 768K, reserved 1048576K
}
Event: 0.285 GC heap after
{Heap after GC invocations=1 (full 0):
 garbage-first heap   total 258048K, used 1091K [0x0000000704000000, 0x0000000800000000)
  region size 1024K, 2 young (2048K), 2 survivors (2048K)
 Metaspace       used 7125K, capacity 7228K, committed 7424K, reserved 1056768K
  class space    used 597K, capacity 644K, committed 768K, reserved 1048576K
}
Event: 0.875 GC heap before
{Heap before GC invocations=1 (full 0):
 garbage-first heap   total 258048K, used 159811K [0x0000000704000000, 0x0000000800000000)
  region size 1024K, 151 young (154624K), 2 survivors (2048K)
 Metaspace       used 11704K, capacity 11844K, committed 12032K, reserved 1060864K
  class space    used 653K, capacity 709K, committed 768K, reserved 1048576K
}
Event: 0.876 GC heap after
{Heap after GC invocations=2 (full 0):
 garbage-first heap   total 258048K, used 2171K [0x0000000704000000, 0x0000000800000000)
  region size 1024K, 3 young (3072K), 3 survivors (3072K)
 Metaspace       used 11704K, capacity 11844K, committed 12032K, reserved 1060864K
  class space    used 653K, capacity 709K, committed 768K, reserved 1048576K
}
Event: 1.971 GC heap before
{Heap before GC invocations=2 (full 0):
 garbage-first heap   total 258048K, used 153723K [0x0000000704000000, 0x0000000800000000)
  region size 1024K, 151 young (154624K), 3 survivors (3072K)
 Metaspace       used 12206K, capacity 12356K, committed 12544K, reserved 1060864K
  class space    used 661K, capacity 709K, committed 768K, reserved 1048576K
}
Event: 1.973 GC heap after
{Heap after GC invocations=3 (full 0):
 garbage-first heap   total 258048K, used 2169K [0x0000000704000000, 0x0000000800000000)
  region size 1024K, 3 young (3072K), 3 survivors (3072K)
 Metaspace       used 12206K, capacity 12356K, committed 12544K, reserved 1060864K
  class space    used 661K, capacity 709K, committed 768K, reserved 1048576K
}

Deoptimization events (20 events):
Event: 0.846 Thread 0x000002bd2ebda800 Uncommon trap: trap_request=0xffffff4d fr.pc=0x000002bd3ef951d0 relative=0x0000000000000d30
Event: 0.847 Thread 0x000002bd2ebda800 Uncommon trap: reason=unstable_if action=reinterpret pc=0x000002bd3ef951d0 method=jdk.internal.loader.URLClassPath$1.next()Z @ 52 c2
Event: 0.847 Thread 0x000002bd2ebda800 DEOPT PACKING pc=0x000002bd3ef951d0 sp=0x000000e9b03fda20
Event: 0.847 Thread 0x000002bd2ebda800 DEOPT UNPACKING pc=0x000002bd3739a1af sp=0x000000e9b03fd960 mode 2
Event: 1.688 Thread 0x000002bd2ebda800 Uncommon trap: trap_request=0xffffff4d fr.pc=0x000002bd3ef6fc84 relative=0x00000000000025a4
Event: 1.688 Thread 0x000002bd2ebda800 Uncommon trap: reason=unstable_if action=reinterpret pc=0x000002bd3ef6fc84 method=jdk.internal.jimage.ImageLocation.verify(Ljava/lang/String;Ljava/lang/String;[JLjdk/internal/jimage/ImageStrings;)Z @ 18 c2
Event: 1.688 Thread 0x000002bd2ebda800 DEOPT PACKING pc=0x000002bd3ef6fc84 sp=0x000000e9b03fbd40
Event: 1.688 Thread 0x000002bd2ebda800 DEOPT UNPACKING pc=0x000002bd3739a1af sp=0x000000e9b03fbb98 mode 2
Event: 1.996 Thread 0x000002bd2ebda800 DEOPT PACKING pc=0x000002bd37c649c1 sp=0x000000e9b03fd650
Event: 1.996 Thread 0x000002bd2ebda800 DEOPT UNPACKING pc=0x000002bd3739a95e sp=0x000000e9b03fcb48 mode 0
Event: 2.001 Thread 0x000002bd2ebda800 DEOPT PACKING pc=0x000002bd37c649c1 sp=0x000000e9b03fd650
Event: 2.001 Thread 0x000002bd2ebda800 DEOPT UNPACKING pc=0x000002bd3739a95e sp=0x000000e9b03fcb48 mode 0
Event: 2.121 Thread 0x000002bd2ebda800 DEOPT PACKING pc=0x000002bd37c649c1 sp=0x000000e9b03fcf30
Event: 2.121 Thread 0x000002bd2ebda800 DEOPT UNPACKING pc=0x000002bd3739a95e sp=0x000000e9b03fc428 mode 0
Event: 2.123 Thread 0x000002bd2ebda800 DEOPT PACKING pc=0x000002bd37c649c1 sp=0x000000e9b03fcf30
Event: 2.123 Thread 0x000002bd2ebda800 DEOPT UNPACKING pc=0x000002bd3739a95e sp=0x000000e9b03fc428 mode 0
Event: 2.125 Thread 0x000002bd2ebda800 DEOPT PACKING pc=0x000002bd37c649c1 sp=0x000000e9b03fcf30
Event: 2.125 Thread 0x000002bd2ebda800 DEOPT UNPACKING pc=0x000002bd3739a95e sp=0x000000e9b03fc428 mode 0
Event: 2.228 Thread 0x000002bd2ebda800 DEOPT PACKING pc=0x000002bd37bda064 sp=0x000000e9b03fd920
Event: 2.228 Thread 0x000002bd2ebda800 DEOPT UNPACKING pc=0x000002bd3739a95e sp=0x000000e9b03fcec0 mode 0

Classes redefined (0 events):
No events

Internal exceptions (20 events):
Event: 0.478 Thread 0x000002bd2ebda800 Exception <a 'java/security/PrivilegedActionException'{0x0000000712684d30}> (0x0000000712684d30) thrown at [./src/hotspot/share/prims/jvm.cpp, line 1306]
Event: 0.478 Thread 0x000002bd2ebda800 Exception <a 'java/security/PrivilegedActionException'{0x0000000712685000}> (0x0000000712685000) thrown at [./src/hotspot/share/prims/jvm.cpp, line 1306]
Event: 0.478 Thread 0x000002bd2ebda800 Exception <a 'java/security/PrivilegedActionException'{0x0000000712685ce0}> (0x0000000712685ce0) thrown at [./src/hotspot/share/prims/jvm.cpp, line 1306]
Event: 0.478 Thread 0x000002bd2ebda800 Exception <a 'java/security/PrivilegedActionException'{0x0000000712685fb0}> (0x0000000712685fb0) thrown at [./src/hotspot/share/prims/jvm.cpp, line 1306]
Event: 0.478 Thread 0x000002bd2ebda800 Exception <a 'java/security/PrivilegedActionException'{0x0000000712686c90}> (0x0000000712686c90) thrown at [./src/hotspot/share/prims/jvm.cpp, line 1306]
Event: 0.478 Thread 0x000002bd2ebda800 Exception <a 'java/security/PrivilegedActionException'{0x0000000712686f60}> (0x0000000712686f60) thrown at [./src/hotspot/share/prims/jvm.cpp, line 1306]
Event: 0.478 Thread 0x000002bd2ebda800 Exception <a 'java/security/PrivilegedActionException'{0x0000000712687c58}> (0x0000000712687c58) thrown at [./src/hotspot/share/prims/jvm.cpp, line 1306]
Event: 0.478 Thread 0x000002bd2ebda800 Exception <a 'java/security/PrivilegedActionException'{0x0000000712687f28}> (0x0000000712687f28) thrown at [./src/hotspot/share/prims/jvm.cpp, line 1306]
Event: 0.478 Thread 0x000002bd2ebda800 Exception <a 'java/security/PrivilegedActionException'{0x0000000712688c20}> (0x0000000712688c20) thrown at [./src/hotspot/share/prims/jvm.cpp, line 1306]
Event: 0.478 Thread 0x000002bd2ebda800 Exception <a 'java/security/PrivilegedActionException'{0x0000000712688ef0}> (0x0000000712688ef0) thrown at [./src/hotspot/share/prims/jvm.cpp, line 1306]
Event: 0.478 Thread 0x000002bd2ebda800 Exception <a 'java/security/PrivilegedActionException'{0x0000000712689be8}> (0x0000000712689be8) thrown at [./src/hotspot/share/prims/jvm.cpp, line 1306]
Event: 0.478 Thread 0x000002bd2ebda800 Exception <a 'java/security/PrivilegedActionException'{0x0000000712689eb8}> (0x0000000712689eb8) thrown at [./src/hotspot/share/prims/jvm.cpp, line 1306]
Event: 0.478 Thread 0x000002bd2ebda800 Exception <a 'java/security/PrivilegedActionException'{0x000000071268ab98}> (0x000000071268ab98) thrown at [./src/hotspot/share/prims/jvm.cpp, line 1306]
Event: 0.478 Thread 0x000002bd2ebda800 Exception <a 'java/security/PrivilegedActionException'{0x000000071268ae68}> (0x000000071268ae68) thrown at [./src/hotspot/share/prims/jvm.cpp, line 1306]
Event: 0.478 Thread 0x000002bd2ebda800 Exception <a 'java/security/PrivilegedActionException'{0x000000071268bb60}> (0x000000071268bb60) thrown at [./src/hotspot/share/prims/jvm.cpp, line 1306]
Event: 0.478 Thread 0x000002bd2ebda800 Exception <a 'java/security/PrivilegedActionException'{0x000000071268be30}> (0x000000071268be30) thrown at [./src/hotspot/share/prims/jvm.cpp, line 1306]
Event: 1.964 Thread 0x000002bd2ebda800 Exception <a 'java/lang/UnsatisfiedLinkError'{0x000000070af0e6e8}> (0x000000070af0e6e8) thrown at [./src/hotspot/share/prims/jvm.cpp, line 3470]
Event: 1.964 Thread 0x000002bd2ebda800 Exception <a 'java/lang/UnsatisfiedLinkError'{0x000000070af0e6e8}> (0x000000070af0e6e8) thrown at [./src/hotspot/share/prims/jni.cpp, line 617]
Event: 1.995 Thread 0x000002bd2ebda800 Exception <a 'java/lang/UnsatisfiedLinkError'{0x000000071377fbe8}> (0x000000071377fbe8) thrown at [./src/hotspot/share/prims/jvm.cpp, line 3470]
Event: 1.995 Thread 0x000002bd2ebda800 Exception <a 'java/lang/UnsatisfiedLinkError'{0x000000071377fbe8}> (0x000000071377fbe8) thrown at [./src/hotspot/share/prims/jni.cpp, line 617]

Events (20 events):
Event: 2.267 loading class java/lang/invoke/BoundMethodHandle$Species_LLL
Event: 2.267 loading class java/lang/invoke/BoundMethodHandle$Species_LLL done
Event: 2.267 loading class java/lang/invoke/BoundMethodHandle$Species_LLLL
Event: 2.267 loading class java/lang/invoke/BoundMethodHandle$Species_LLLL done
Event: 2.269 loading class java/lang/invoke/BoundMethodHandle$Species_LLLLL
Event: 2.270 loading class java/lang/invoke/BoundMethodHandle$Species_LLLLL done
Event: 2.271 loading class java/lang/invoke/BoundMethodHandle$Species_LLLLLL
Event: 2.271 loading class java/lang/invoke/BoundMethodHandle$Species_LLLLLL done
Event: 2.272 loading class java/lang/Byte$ByteCache
Event: 2.272 loading class java/lang/Byte$ByteCache done
Event: 2.272 loading class java/lang/invoke/MethodHandles$1
Event: 2.272 loading class java/lang/invoke/MethodHandles$1 done
Event: 2.273 loading class java/lang/invoke/BoundMethodHandle$Species_LLLLLLI
Event: 2.273 loading class java/lang/invoke/BoundMethodHandle$Species_LLLLLLI done
Event: 2.274 loading class sun/invoke/util/ValueConversions$WrapperCache
Event: 2.274 loading class sun/invoke/util/ValueConversions$WrapperCache done
Event: 2.274 loading class java/lang/invoke/BoundMethodHandle$Species_LLLLLLII
Event: 2.274 loading class java/lang/invoke/BoundMethodHandle$Species_LLLLLLII done
Event: 2.281 loading class org/bytedeco/javacpp/annotation/Name
Event: 2.281 loading class org/bytedeco/javacpp/annotation/Name done


Dynamic libraries:
0x00007ff77b110000 - 0x00007ff77b11d000 	C:\Program Files\EclipseAdoptium\jdk-11.0.18.10-hotspot\bin\java.exe
0x00007ffb4dad0000 - 0x00007ffb4dcc8000 	C:\WINDOWS\SYSTEM32\ntdll.dll
0x00007ffb4cd50000 - 0x00007ffb4ce0f000 	C:\WINDOWS\System32\KERNEL32.DLL
0x00007ffb4b3e0000 - 0x00007ffb4b6b2000 	C:\WINDOWS\System32\KERNELBASE.dll
0x00007ffb4b2e0000 - 0x00007ffb4b3e0000 	C:\WINDOWS\System32\ucrtbase.dll
0x00007ffb41de0000 - 0x00007ffb41df9000 	C:\Program Files\EclipseAdoptium\jdk-11.0.18.10-hotspot\bin\VCRUNTIME140.dll
0x00007ffb32320000 - 0x00007ffb32337000 	C:\Program Files\EclipseAdoptium\jdk-11.0.18.10-hotspot\bin\jli.dll
0x00007ffb4d8e0000 - 0x00007ffb4da81000 	C:\WINDOWS\System32\USER32.dll
0x00007ffb4b6c0000 - 0x00007ffb4b6e2000 	C:\WINDOWS\System32\win32u.dll
0x00007ffb32cc0000 - 0x00007ffb32f5a000 	C:\WINDOWS\WinSxS\amd64_microsoft.windows.common-controls_6595b64144ccf1df_6.0.19041.1110_none_60b5254171f9507e\COMCTL32.dll
0x00007ffb4ce10000 - 0x00007ffb4ce3b000 	C:\WINDOWS\System32\GDI32.dll
0x00007ffb4c660000 - 0x00007ffb4c6fe000 	C:\WINDOWS\System32\msvcrt.dll
0x00007ffb4b1d0000 - 0x00007ffb4b2df000 	C:\WINDOWS\System32\gdi32full.dll
0x00007ffb4b890000 - 0x00007ffb4b92d000 	C:\WINDOWS\System32\msvcp_win.dll
0x00007ffb4c5b0000 - 0x00007ffb4c5e0000 	C:\WINDOWS\System32\IMM32.DLL
0x00007ffb41dd0000 - 0x00007ffb41ddc000 	C:\Program Files\EclipseAdoptium\jdk-11.0.18.10-hotspot\bin\vcruntime140_1.dll
0x00007ffadc4a0000 - 0x00007ffadc531000 	C:\Program Files\EclipseAdoptium\jdk-11.0.18.10-hotspot\bin\msvcp140.dll
0x00007ffac0f00000 - 0x00007ffac1aba000 	C:\Program Files\EclipseAdoptium\jdk-11.0.18.10-hotspot\bin\server\jvm.dll
0x00007ffb4c0f0000 - 0x00007ffb4c19e000 	C:\WINDOWS\System32\ADVAPI32.dll
0x00007ffb4c500000 - 0x00007ffb4c59c000 	C:\WINDOWS\System32\sechost.dll
0x00007ffb4cf80000 - 0x00007ffb4d0a4000 	C:\WINDOWS\System32\RPCRT4.dll
0x00007ffb4bcd0000 - 0x00007ffb4bcd8000 	C:\WINDOWS\System32\PSAPI.DLL
0x00007ffb42900000 - 0x00007ffb42927000 	C:\WINDOWS\SYSTEM32\WINMM.dll
0x00007ffb43490000 - 0x00007ffb4349a000 	C:\WINDOWS\SYSTEM32\VERSION.dll
0x00007ffb46e90000 - 0x00007ffb46e99000 	C:\WINDOWS\SYSTEM32\WSOCK32.dll
0x00007ffb4cf10000 - 0x00007ffb4cf7b000 	C:\WINDOWS\System32\WS2_32.dll
0x00007ffb49070000 - 0x00007ffb49082000 	C:\WINDOWS\SYSTEM32\kernel.appcore.dll
0x00007ffb41dc0000 - 0x00007ffb41dd0000 	C:\Program Files\EclipseAdoptium\jdk-11.0.18.10-hotspot\bin\verify.dll
0x00007ffb37340000 - 0x00007ffb37524000 	C:\WINDOWS\SYSTEM32\DBGHELP.DLL
0x00007ffb335a0000 - 0x00007ffb335d5000 	C:\WINDOWS\SYSTEM32\dbgcore.DLL
0x00007ffb4b930000 - 0x00007ffb4b9b2000 	C:\WINDOWS\System32\bcryptPrimitives.dll
0x00007ffb3aef0000 - 0x00007ffb3af18000 	C:\Program Files\EclipseAdoptium\jdk-11.0.18.10-hotspot\bin\java.dll
0x00007ffb41db0000 - 0x00007ffb41dba000 	C:\Program Files\EclipseAdoptium\jdk-11.0.18.10-hotspot\bin\jimage.dll
0x00007ffb3fab0000 - 0x00007ffb3fac8000 	C:\Program Files\EclipseAdoptium\jdk-11.0.18.10-hotspot\bin\zip.dll
0x00007ffb4d190000 - 0x00007ffb4d8d5000 	C:\WINDOWS\System32\SHELL32.dll
0x00007ffb49270000 - 0x00007ffb49a02000 	C:\WINDOWS\SYSTEM32\windows.storage.dll
0x00007ffb4c1a0000 - 0x00007ffb4c4f5000 	C:\WINDOWS\System32\combase.dll
0x00007ffb4ab50000 - 0x00007ffb4ab80000 	C:\WINDOWS\SYSTEM32\Wldp.dll
0x00007ffb4bce0000 - 0x00007ffb4bd8d000 	C:\WINDOWS\System32\SHCORE.dll
0x00007ffb4bd90000 - 0x00007ffb4bde5000 	C:\WINDOWS\System32\shlwapi.dll
0x00007ffb4b110000 - 0x00007ffb4b12f000 	C:\WINDOWS\SYSTEM32\profapi.dll
0x00007ffb3aed0000 - 0x00007ffb3aee9000 	C:\Program Files\EclipseAdoptium\jdk-11.0.18.10-hotspot\bin\net.dll
0x00007ffb44430000 - 0x00007ffb4453a000 	C:\WINDOWS\SYSTEM32\WINHTTP.dll
0x00007ffb4a930000 - 0x00007ffb4a99a000 	C:\WINDOWS\system32\mswsock.dll
0x00007ffb3aeb0000 - 0x00007ffb3aec3000 	C:\Program Files\EclipseAdoptium\jdk-11.0.18.10-hotspot\bin\nio.dll
0x000002bd2cb50000 - 0x000002bd2cb54000 	C:\Users\carbo\.javacpp\cache\javacpp-1.5.9-SNAPSHOT-windows-x86_64.jar\org\bytedeco\javacpp\windows-x86_64\api-ms-win-crt-locale-l1-1-0.dll
0x000002bd2cb60000 - 0x000002bd2cb65000 	C:\Users\carbo\.javacpp\cache\javacpp-1.5.9-SNAPSHOT-windows-x86_64.jar\org\bytedeco\javacpp\windows-x86_64\api-ms-win-crt-string-l1-1-0.dll
0x000002bd2cb70000 - 0x000002bd2cb75000 	C:\Users\carbo\.javacpp\cache\javacpp-1.5.9-SNAPSHOT-windows-x86_64.jar\org\bytedeco\javacpp\windows-x86_64\api-ms-win-crt-stdio-l1-1-0.dll
0x000002bd2cb80000 - 0x000002bd2cb86000 	C:\Users\carbo\.javacpp\cache\javacpp-1.5.9-SNAPSHOT-windows-x86_64.jar\org\bytedeco\javacpp\windows-x86_64\api-ms-win-crt-math-l1-1-0.dll
0x000002bd2cb90000 - 0x000002bd2cb94000 	C:\Users\carbo\.javacpp\cache\javacpp-1.5.9-SNAPSHOT-windows-x86_64.jar\org\bytedeco\javacpp\windows-x86_64\api-ms-win-crt-heap-l1-1-0.dll
0x000002bd2cba0000 - 0x000002bd2cba5000 	C:\Users\carbo\.javacpp\cache\javacpp-1.5.9-SNAPSHOT-windows-x86_64.jar\org\bytedeco\javacpp\windows-x86_64\api-ms-win-crt-runtime-l1-1-0.dll
0x000002bd2cbb0000 - 0x000002bd2cbb5000 	C:\Users\carbo\.javacpp\cache\javacpp-1.5.9-SNAPSHOT-windows-x86_64.jar\org\bytedeco\javacpp\windows-x86_64\api-ms-win-crt-convert-l1-1-0.dll
0x000002bd2cbc0000 - 0x000002bd2cbc4000 	C:\Users\carbo\.javacpp\cache\javacpp-1.5.9-SNAPSHOT-windows-x86_64.jar\org\bytedeco\javacpp\windows-x86_64\api-ms-win-crt-environment-l1-1-0.dll
0x000002bd2cbd0000 - 0x000002bd2cbd4000 	C:\Users\carbo\.javacpp\cache\javacpp-1.5.9-SNAPSHOT-windows-x86_64.jar\org\bytedeco\javacpp\windows-x86_64\api-ms-win-crt-time-l1-1-0.dll
0x000002bd2cbe0000 - 0x000002bd2cbe4000 	C:\Users\carbo\.javacpp\cache\javacpp-1.5.9-SNAPSHOT-windows-x86_64.jar\org\bytedeco\javacpp\windows-x86_64\api-ms-win-crt-filesystem-l1-1-0.dll
0x000002bd2cbf0000 - 0x000002bd2cbf4000 	C:\Users\carbo\.javacpp\cache\javacpp-1.5.9-SNAPSHOT-windows-x86_64.jar\org\bytedeco\javacpp\windows-x86_64\api-ms-win-crt-utility-l1-1-0.dll
0x000002bd2eaf0000 - 0x000002bd2eaf6000 	C:\Users\carbo\.javacpp\cache\javacpp-1.5.9-SNAPSHOT-windows-x86_64.jar\org\bytedeco\javacpp\windows-x86_64\api-ms-win-crt-multibyte-l1-1-0.dll
0x000002bd2eb00000 - 0x000002bd2eb04000 	C:\Users\carbo\.javacpp\cache\javacpp-1.5.9-SNAPSHOT-windows-x86_64.jar\org\bytedeco\javacpp\windows-x86_64\api-ms-win-crt-conio-l1-1-0.dll
0x000002bd2eb10000 - 0x000002bd2eb21000 	C:\Users\carbo\.javacpp\cache\javacpp-1.5.9-SNAPSHOT-windows-x86_64.jar\org\bytedeco\javacpp\windows-x86_64\api-ms-win-crt-private-l1-1-0.dll
0x000002bd2eb30000 - 0x000002bd2eb34000 	C:\Users\carbo\.javacpp\cache\javacpp-1.5.9-SNAPSHOT-windows-x86_64.jar\org\bytedeco\javacpp\windows-x86_64\api-ms-win-crt-process-l1-1-0.dll
0x000002bd2eb40000 - 0x000002bd2eb44000 	C:\Users\carbo\.javacpp\cache\javacpp-1.5.9-SNAPSHOT-windows-x86_64.jar\org\bytedeco\javacpp\windows-x86_64\api-ms-win-core-console-l1-2-0.dll
0x000002bd2eb50000 - 0x000002bd2eb54000 	C:\Users\carbo\.javacpp\cache\javacpp-1.5.9-SNAPSHOT-windows-x86_64.jar\org\bytedeco\javacpp\windows-x86_64\api-ms-win-core-string-l1-1-0.dll
0x000002bd2eb60000 - 0x000002bd2eb64000 	C:\Users\carbo\.javacpp\cache\javacpp-1.5.9-SNAPSHOT-windows-x86_64.jar\org\bytedeco\javacpp\windows-x86_64\api-ms-win-core-errorhandling-l1-1-0.dll
0x000002bd2eb70000 - 0x000002bd2eb74000 	C:\Users\carbo\.javacpp\cache\javacpp-1.5.9-SNAPSHOT-windows-x86_64.jar\org\bytedeco\javacpp\windows-x86_64\api-ms-win-core-timezone-l1-1-0.dll
0x000002bd2eb80000 - 0x000002bd2eb85000 	C:\Users\carbo\.javacpp\cache\javacpp-1.5.9-SNAPSHOT-windows-x86_64.jar\org\bytedeco\javacpp\windows-x86_64\api-ms-win-core-file-l1-1-0.dll
0x000002bd2eb90000 - 0x000002bd2eb94000 	C:\Users\carbo\.javacpp\cache\javacpp-1.5.9-SNAPSHOT-windows-x86_64.jar\org\bytedeco\javacpp\windows-x86_64\api-ms-win-core-namedpipe-l1-1-0.dll
0x000002bd2eba0000 - 0x000002bd2eba4000 	C:\Users\carbo\.javacpp\cache\javacpp-1.5.9-SNAPSHOT-windows-x86_64.jar\org\bytedeco\javacpp\windows-x86_64\api-ms-win-core-handle-l1-1-0.dll
0x000002bd547f0000 - 0x000002bd547f4000 	C:\Users\carbo\.javacpp\cache\javacpp-1.5.9-SNAPSHOT-windows-x86_64.jar\org\bytedeco\javacpp\windows-x86_64\api-ms-win-core-file-l2-1-0.dll
0x000002bd54800000 - 0x000002bd54804000 	C:\Users\carbo\.javacpp\cache\javacpp-1.5.9-SNAPSHOT-windows-x86_64.jar\org\bytedeco\javacpp\windows-x86_64\api-ms-win-core-heap-l1-1-0.dll
0x000002bd54810000 - 0x000002bd54814000 	C:\Users\carbo\.javacpp\cache\javacpp-1.5.9-SNAPSHOT-windows-x86_64.jar\org\bytedeco\javacpp\windows-x86_64\api-ms-win-core-libraryloader-l1-1-0.dll
0x000002bd557f0000 - 0x000002bd557f4000 	C:\Users\carbo\.javacpp\cache\javacpp-1.5.9-SNAPSHOT-windows-x86_64.jar\org\bytedeco\javacpp\windows-x86_64\api-ms-win-core-synch-l1-1-0.dll
0x000002bd55800000 - 0x000002bd55804000 	C:\Users\carbo\.javacpp\cache\javacpp-1.5.9-SNAPSHOT-windows-x86_64.jar\org\bytedeco\javacpp\windows-x86_64\api-ms-win-core-processthreads-l1-1-0.dll
0x000002bd55810000 - 0x000002bd55814000 	C:\Users\carbo\.javacpp\cache\javacpp-1.5.9-SNAPSHOT-windows-x86_64.jar\org\bytedeco\javacpp\windows-x86_64\api-ms-win-core-processenvironment-l1-1-0.dll
0x000002bd55820000 - 0x000002bd55824000 	C:\Users\carbo\.javacpp\cache\javacpp-1.5.9-SNAPSHOT-windows-x86_64.jar\org\bytedeco\javacpp\windows-x86_64\api-ms-win-core-datetime-l1-1-0.dll
0x000002bd55830000 - 0x000002bd55834000 	C:\Users\carbo\.javacpp\cache\javacpp-1.5.9-SNAPSHOT-windows-x86_64.jar\org\bytedeco\javacpp\windows-x86_64\api-ms-win-core-localization-l1-2-0.dll
0x000002bd55840000 - 0x000002bd55844000 	C:\Users\carbo\.javacpp\cache\javacpp-1.5.9-SNAPSHOT-windows-x86_64.jar\org\bytedeco\javacpp\windows-x86_64\api-ms-win-core-sysinfo-l1-1-0.dll
0x000002bd55850000 - 0x000002bd55854000 	C:\Users\carbo\.javacpp\cache\javacpp-1.5.9-SNAPSHOT-windows-x86_64.jar\org\bytedeco\javacpp\windows-x86_64\api-ms-win-core-synch-l1-2-0.dll
0x000002bd55860000 - 0x000002bd55864000 	C:\Users\carbo\.javacpp\cache\javacpp-1.5.9-SNAPSHOT-windows-x86_64.jar\org\bytedeco\javacpp\windows-x86_64\api-ms-win-core-console-l1-1-0.dll
0x000002bd55870000 - 0x000002bd55874000 	C:\Users\carbo\.javacpp\cache\javacpp-1.5.9-SNAPSHOT-windows-x86_64.jar\org\bytedeco\javacpp\windows-x86_64\api-ms-win-core-debug-l1-1-0.dll
0x000002bd55880000 - 0x000002bd55884000 	C:\Users\carbo\.javacpp\cache\javacpp-1.5.9-SNAPSHOT-windows-x86_64.jar\org\bytedeco\javacpp\windows-x86_64\api-ms-win-core-rtlsupport-l1-1-0.dll
0x000002bd55890000 - 0x000002bd55894000 	C:\Users\carbo\.javacpp\cache\javacpp-1.5.9-SNAPSHOT-windows-x86_64.jar\org\bytedeco\javacpp\windows-x86_64\api-ms-win-core-processthreads-l1-1-1.dll
0x000002bd558a0000 - 0x000002bd558a4000 	C:\Users\carbo\.javacpp\cache\javacpp-1.5.9-SNAPSHOT-windows-x86_64.jar\org\bytedeco\javacpp\windows-x86_64\api-ms-win-core-file-l1-2-0.dll
0x000002bd558b0000 - 0x000002bd558b4000 	C:\Users\carbo\.javacpp\cache\javacpp-1.5.9-SNAPSHOT-windows-x86_64.jar\org\bytedeco\javacpp\windows-x86_64\api-ms-win-core-profile-l1-1-0.dll
0x000002bd558c0000 - 0x000002bd558c4000 	C:\Users\carbo\.javacpp\cache\javacpp-1.5.9-SNAPSHOT-windows-x86_64.jar\org\bytedeco\javacpp\windows-x86_64\api-ms-win-core-memory-l1-1-0.dll
0x000002bd558d0000 - 0x000002bd558d4000 	C:\Users\carbo\.javacpp\cache\javacpp-1.5.9-SNAPSHOT-windows-x86_64.jar\org\bytedeco\javacpp\windows-x86_64\api-ms-win-core-util-l1-1-0.dll
0x000002bd558e0000 - 0x000002bd558e4000 	C:\Users\carbo\.javacpp\cache\javacpp-1.5.9-SNAPSHOT-windows-x86_64.jar\org\bytedeco\javacpp\windows-x86_64\api-ms-win-core-interlocked-l1-1-0.dll
0x00007ffacec70000 - 0x00007ffaced81000 	C:\Users\carbo\.javacpp\cache\javacpp-1.5.9-SNAPSHOT-windows-x86_64.jar\org\bytedeco\javacpp\windows-x86_64\ucrtbase.dll
0x00007ffb2bd80000 - 0x00007ffb2bd9b000 	C:\Users\carbo\.javacpp\cache\javacpp-1.5.9-SNAPSHOT-windows-x86_64.jar\org\bytedeco\javacpp\windows-x86_64\vcruntime140.dll
0x00007ffb375d0000 - 0x00007ffb375dc000 	C:\Users\carbo\.javacpp\cache\javacpp-1.5.9-SNAPSHOT-windows-x86_64.jar\org\bytedeco\javacpp\windows-x86_64\vcruntime140_1.dll
0x00007ffad0ba0000 - 0x00007ffad0c2d000 	C:\Users\carbo\.javacpp\cache\javacpp-1.5.9-SNAPSHOT-windows-x86_64.jar\org\bytedeco\javacpp\windows-x86_64\msvcp140.dll
0x00007ffb34db0000 - 0x00007ffb34db9000 	C:\Users\carbo\.javacpp\cache\javacpp-1.5.9-SNAPSHOT-windows-x86_64.jar\org\bytedeco\javacpp\windows-x86_64\msvcp140_1.dll
0x00007ffb1cad0000 - 0x00007ffb1cb1e000 	C:\Users\carbo\.javacpp\cache\javacpp-1.5.9-SNAPSHOT-windows-x86_64.jar\org\bytedeco\javacpp\windows-x86_64\concrt140.dll
0x00007ffaf74c0000 - 0x00007ffaf74f1000 	C:\Users\carbo\.javacpp\cache\javacpp-1.5.9-SNAPSHOT-windows-x86_64.jar\org\bytedeco\javacpp\windows-x86_64\vcomp140.dll
0x00007ffb32640000 - 0x00007ffb3264f000 	C:\Users\carbo\.javacpp\cache\javacpp-1.5.9-SNAPSHOT-windows-x86_64.jar\org\bytedeco\javacpp\windows-x86_64\jnijavacpp.dll
0x000000006d7c0000 - 0x000000006f392000 	C:\Users\carbo\.javacpp\cache\openblas-0.3.21-1.5.8-windows-x86_64.jar\org\bytedeco\openblas\windows-x86_64\libopenblas_nolapack.dll
0x00007fface700000 - 0x00007fface75f000 	C:\Users\carbo\.javacpp\cache\openblas-0.3.21-1.5.8-windows-x86_64.jar\org\bytedeco\openblas\windows-x86_64\jniopenblas_nolapack.dll
0x00000000007a0000 - 0x0000000002372000 	C:\Users\carbo\.javacpp\cache\openblas-0.3.21-1.5.8-windows-x86_64.jar\org\bytedeco\openblas\windows-x86_64\libopenblas.dll
0x00007ffababd0000 - 0x00007ffabbfbc000 	C:\Users\carbo\.javacpp\cache\openblas-0.3.21-1.5.8-windows-x86_64.jar\org\bytedeco\openblas\windows-x86_64\jniopenblas.dll
0x00007fface670000 - 0x00007fface6f7000 	C:\Program Files\NVIDIA GPU Computing Toolkit\CUDA\v11.8\bin\cudart64_110.dll
0x00007ffb4aac0000 - 0x00007ffb4aacc000 	C:\WINDOWS\SYSTEM32\CRYPTBASE.DLL
0x00007ffa84f70000 - 0x00007ffaa73b3000 	C:\Program Files\NVIDIA GPU Computing Toolkit\CUDA\v11.8\bin\cublasLt64_11.dll
0x00007ffaca2e0000 - 0x00007ffaca60f000 	C:\WINDOWS\SYSTEM32\nvcuda.dll
0x00007ffab1720000 - 0x00007ffab3e85000 	C:\Program Files\NVIDIA GPU Computing Toolkit\CUDA\v11.8\bin\nvrtc64_112_0.dll
0x00007ffb4bfa0000 - 0x00007ffb4c0ca000 	C:\WINDOWS\System32\ole32.dll
0x00007ffa7fac0000 - 0x00007ffa84f65000 	C:\Program Files\NVIDIA GPU Computing Toolkit\CUDA\v11.8\bin\cublas64_11.dll
0x00007ffa6ed30000 - 0x00007ffa7fabf000 	C:\Program Files\NVIDIA GPU Computing Toolkit\CUDA\v11.8\bin\cufft64_10.dll
0x00007ffad1030000 - 0x00007ffad107b000 	C:\Program Files\NVIDIA GPU Computing Toolkit\CUDA\v11.8\bin\cudnn64_8.dll
0x00007ffad0b00000 - 0x00007ffad0b4c000 	C:\Program Files\NVIDIA GPU Computing Toolkit\CUDA\v11.8\bin\nppc64_11.dll
0x00007ffabc0e0000 - 0x00007ffabcf61000 	C:\Program Files\NVIDIA GPU Computing Toolkit\CUDA\v11.8\bin\nppial64_11.dll
0x00007ffaba640000 - 0x00007ffababcc000 	C:\Program Files\NVIDIA GPU Computing Toolkit\CUDA\v11.8\bin\nppicc64_11.dll
0x00007ffab9ce0000 - 0x00007ffaba63d000 	C:\Program Files\NVIDIA GPU Computing Toolkit\CUDA\v11.8\bin\nppidei64_11.dll
0x00007ffa68bf0000 - 0x00007ffa6ed2d000 	C:\Program Files\NVIDIA GPU Computing Toolkit\CUDA\v11.8\bin\nppif64_11.dll
0x00007ffa66960000 - 0x00007ffa68be1000 	C:\Program Files\NVIDIA GPU Computing Toolkit\CUDA\v11.8\bin\nppig64_11.dll
0x00007ffab0ef0000 - 0x00007ffab1716000 	C:\Program Files\NVIDIA GPU Computing Toolkit\CUDA\v11.8\bin\nppim64_11.dll
0x00007ffa64410000 - 0x00007ffa6695a000 	C:\Program Files\NVIDIA GPU Computing Toolkit\CUDA\v11.8\bin\nppist64_11.dll
0x00007fface080000 - 0x00007fface0c5000 	C:\Program Files\NVIDIA GPU Computing Toolkit\CUDA\v11.8\bin\nppisu64_11.dll
0x00007ffac5a60000 - 0x00007ffac5de9000 	C:\Program Files\NVIDIA GPU Computing Toolkit\CUDA\v11.8\bin\nppitc64_11.dll
0x00007ffa63200000 - 0x00007ffa6440f000 	C:\Program Files\NVIDIA GPU Computing Toolkit\CUDA\v11.8\bin\npps64_11.dll
0x00007ffa5d4e0000 - 0x00007ffa631fd000 	C:\Program Files\NVIDIA GPU Computing Toolkit\CUDA\v11.8\bin\cudnn_ops_infer64_8.dll
0x00007ffa58da0000 - 0x00007ffa5d4d9000 	C:\Program Files\NVIDIA GPU Computing Toolkit\CUDA\v11.8\bin\cudnn_ops_train64_8.dll
0x00007ffa510f0000 - 0x00007ffa58d9d000 	C:\Program Files\NVIDIA GPU Computing Toolkit\CUDA\v11.8\bin\cudnn_adv_infer64_8.dll
0x00007ffa4a520000 - 0x00007ffa510e2000 	C:\Program Files\NVIDIA GPU Computing Toolkit\CUDA\v11.8\bin\cudnn_adv_train64_8.dll
0x00007ffb32360000 - 0x00007ffb32368000 	C:\Users\carbo\.javacpp\cache\opencv-4.6.0-1.5.8-windows-x86_64-gpu.jar\org\bytedeco\opencv\windows-x86_64-gpu\opencv_cudev460.dll
0x00007ffab9150000 - 0x00007ffab9886000 	C:\Users\carbo\.javacpp\cache\opencv-4.6.0-1.5.8-windows-x86_64-gpu.jar\org\bytedeco\opencv\windows-x86_64-gpu\opencv_core460.dll
0x00007ffa49db0000 - 0x00007ffa4a511000 	C:\Users\carbo\.javacpp\cache\opencv-4.6.0-1.5.8-windows-x86_64-gpu.jar\org\bytedeco\opencv\windows-x86_64-gpu\opencv_imgproc460.dll
0x00007ffac6f80000 - 0x00007ffac7215000 	C:\Users\carbo\.javacpp\cache\opencv-4.6.0-1.5.8-windows-x86_64-gpu.jar\org\bytedeco\opencv\windows-x86_64-gpu\jniopencv_core.dll
0x00007ffaca8d0000 - 0x00007ffaca9f1000 	C:\Users\carbo\.javacpp\cache\opencv-4.6.0-1.5.8-windows-x86_64-gpu.jar\org\bytedeco\opencv\windows-x86_64-gpu\jniopencv_imgproc.dll
0x00007ffab0ac0000 - 0x00007ffab0ee8000 	C:\Users\carbo\.javacpp\cache\opencv-4.6.0-1.5.8-windows-x86_64-gpu.jar\org\bytedeco\opencv\windows-x86_64-gpu\opencv_imgcodecs460.dll

dbghelp: loaded successfully - version: 4.0.5 - missing functions: none
symbol engine: initialized successfully - sym options: 0x614 - pdb path: .;C:\Program Files\EclipseAdoptium\jdk-11.0.18.10-hotspot\bin;C:\WINDOWS\SYSTEM32;C:\WINDOWS\WinSxS\amd64_microsoft.windows.common-controls_6595b64144ccf1df_6.0.19041.1110_none_60b5254171f9507e;C:\Program Files\EclipseAdoptium\jdk-11.0.18.10-hotspot\bin\server;C:\Users\carbo\.javacpp\cache\javacpp-1.5.9-SNAPSHOT-windows-x86_64.jar\org\bytedeco\javacpp\windows-x86_64;C:\Users\carbo\.javacpp\cache\openblas-0.3.21-1.5.8-windows-x86_64.jar\org\bytedeco\openblas\windows-x86_64;C:\Program Files\NVIDIA GPU Computing Toolkit\CUDA\v11.8\bin;C:\Users\carbo\.javacpp\cache\opencv-4.6.0-1.5.8-windows-x86_64-gpu.jar\org\bytedeco\opencv\windows-x86_64-gpu

VM Arguments:
java_command: com.mycompany.opencvlearn.OpencvLearn
java_class_path (initial): C:\Users\carbo\Documents\NetBeansProjects\OpencvLearn\target\classes;C:\Users\carbo\.m2\repository\org\bytedeco\javacpp-platform\1.5.9-SNAPSHOT\javacpp-platform-1.5.9-SNAPSHOT.jar;C:\Users\carbo\.m2\repository\org\bytedeco\javacpp\1.5.9-SNAPSHOT\javacpp-1.5.9-SNAPSHOT-android-arm.jar;C:\Users\carbo\.m2\repository\org\bytedeco\javacpp\1.5.9-SNAPSHOT\javacpp-1.5.9-SNAPSHOT-android-arm64.jar;C:\Users\carbo\.m2\repository\org\bytedeco\javacpp\1.5.9-SNAPSHOT\javacpp-1.5.9-SNAPSHOT-android-x86.jar;C:\Users\carbo\.m2\repository\org\bytedeco\javacpp\1.5.9-SNAPSHOT\javacpp-1.5.9-SNAPSHOT-android-x86_64.jar;C:\Users\carbo\.m2\repository\org\bytedeco\javacpp\1.5.9-SNAPSHOT\javacpp-1.5.9-SNAPSHOT-ios-arm64.jar;C:\Users\carbo\.m2\repository\org\bytedeco\javacpp\1.5.9-SNAPSHOT\javacpp-1.5.9-SNAPSHOT-ios-x86_64.jar;C:\Users\carbo\.m2\repository\org\bytedeco\javacpp\1.5.9-SNAPSHOT\javacpp-1.5.9-SNAPSHOT-linux-armhf.jar;C:\Users\carbo\.m2\repository\org\bytedeco\javacpp\1.5.9-SNAPSHOT\javacpp-1.5.9-SNAPSHOT-linux-arm64.jar;C:\Users\carbo\.m2\repository\org\bytedeco\javacpp\1.5.9-SNAPSHOT\javacpp-1.5.9-SNAPSHOT-linux-ppc64le.jar;C:\Users\carbo\.m2\repository\org\bytedeco\javacpp\1.5.9-SNAPSHOT\javacpp-1.5.9-SNAPSHOT-linux-x86.jar;C:\Users\carbo\.m2\repository\org\bytedeco\javacpp\1.5.9-SNAPSHOT\javacpp-1.5.9-SNAPSHOT-linux-x86_64.jar;C:\Users\carbo\.m2\repository\org\bytedeco\javacpp\1.5.9-SNAPSHOT\javacpp-1.5.9-SNAPSHOT-macosx-arm64.jar;C:\Users\carbo\.m2\repository\org\bytedeco\javacpp\1.5.9-SNAPSHOT\javacpp-1.5.9-SNAPSHOT-macosx-x86_64.jar;C:\Users\carbo\.m2\repository\org\bytedeco\javacpp\1.5.9-SNAPSHOT\javacpp-1.5.9-SNAPSHOT-windows-x86.jar;C:\Users\carbo\.m2\repository\org\bytedeco\javacpp\1.5.9-SNAPSHOT\javacpp-1.5.9-SNAPSHOT-windows-x86_64.jar;C:\Users\carbo\.m2\repository\org\bytedeco\javacpp\1.5.8\javacpp-1.5.8.jar;C:\Users\carbo\.m2\repository\org\bytedeco\opencv\4.6.0-1.5.8\opencv-4.6.0-1.5.8.jar;C:\Users\carbo\.m2\repository\org\bytedeco\open
Launcher Type: SUN_STANDARD

[Global flags]
     intx CICompilerCount                          = 12                                        {product} {ergonomic}
     uint ConcGCThreads                            = 3                                         {product} {ergonomic}
     uint G1ConcRefinementThreads                  = 13                                        {product} {ergonomic}
   size_t G1HeapRegionSize                         = 1048576                                   {product} {ergonomic}
    uintx GCDrainStackTargetSize                   = 64                                        {product} {ergonomic}
   size_t InitialHeapSize                          = 264241152                                 {product} {ergonomic}
   size_t MarkStackSize                            = 4194304                                   {product} {ergonomic}
   size_t MaxHeapSize                              = 4227858432                                {product} {ergonomic}
   size_t MaxNewSize                               = 2536505344                                {product} {ergonomic}
   size_t MinHeapDeltaBytes                        = 1048576                                   {product} {ergonomic}
    uintx NonNMethodCodeHeapSize                   = 7594288                                {pd product} {ergonomic}
    uintx NonProfiledCodeHeapSize                  = 122031976                              {pd product} {ergonomic}
    uintx ProfiledCodeHeapSize                     = 122031976                              {pd product} {ergonomic}
    uintx ReservedCodeCacheSize                    = 251658240                              {pd product} {ergonomic}
     bool SegmentedCodeCache                       = true                                      {product} {ergonomic}
     bool UseCompressedClassPointers               = true                                 {lp64_product} {ergonomic}
     bool UseCompressedOops                        = true                                 {lp64_product} {ergonomic}
     bool UseG1GC                                  = true                                      {product} {ergonomic}
     bool UseLargePagesIndividualAllocation        = false                                  {pd product} {ergonomic}

Logging:
Log output configuration:
 #0: stdout all=warning uptime,level,tags
 #1: stderr all=off uptime,level,tags

Environment Variables:
JAVA_HOME=C:\Program Files\EclipseAdoptium\jdk-11.0.18.10-hotspot
PATH=C:\MinGW\bin;C:\msys64\usr\bin;C:\Program Files\NVIDIA GPU Computing Toolkit\CUDA\v11.8\bin;C:\Program Files\NVIDIA GPU Computing Toolkit\CUDA\v11.8\libnvvp;C:\Program Files (x86)\Common Files\Oracle\Java\javapath;C:\Program Files\Python311\Scripts\;C:\Program Files\Python311\;C:\WINDOWS\system32;C:\WINDOWS;C:\WINDOWS\System32\Wbem;C:\WINDOWS\System32\WindowsPowerShell\v1.0\;C:\WINDOWS\System32\OpenSSH\;C:\Users\carbo\AppData\Local\Microsoft\WindowsApps;C:\Users\carbo\AppData\Local\Programs\Microsoft VS Code\bin;C:\Program Files\apache-maven-3.8.7\bin;C:\Program Files\Git\cmd;C:\Program Files\apache-ant-1.9.16\bin;C:\ninja;C:\Program Files\EclipseAdoptium\jdk-11.0.18.10-hotspot\include;C:\Program Files\EclipseAdoptium\jdk-11.0.18.10-hotspot\include\win32;C:\bazel;C:\Program Files (x86)\NVIDIA Corporation\PhysX\Common;C:\Program Files\NVIDIA Corporation\NVIDIA NvDLISR;C:\Program Files\NVIDIA Corporation\Nsight Compute 2022.3.0\;;C:\Program Files\Docker\Docker\resources\bin;C:\Users\carbo\AppData\Local\Microsoft\WindowsApps;C:\Users\carbo\AppData\Local\Programs\Microsoft VS Code\bin;
USERNAME=carbo
OS=Windows_NT
PROCESSOR_IDENTIFIER=Intel64 Family 6 Model 151 Stepping 2, GenuineIntel
TMP=C:\Users\carbo\AppData\Local\Temp
TEMP=C:\Users\carbo\AppData\Local\Temp



---------------  S Y S T E M  ---------------

OS: Windows 10 , 64 bit Build 19041 (10.0.19041.2546)
OS uptime: 1 days 2:36 hours
Hyper-V role detected

CPU:total 16 (initial active 16) (8 cores per cpu, 2 threads per core) family 6 model 151 stepping 2 microcode 0xd, cmov, cx8, fxsr, mmx, sse, sse2, sse3, ssse3, sse4.1, sse4.2, popcnt, avx, avx2, aes, clmul, erms, 3dnowpref, lzcnt, ht, tsc, tscinvbit, bmi1, bmi2, adx, sha, fma

Memory: 4k page, system-wide physical 16125M (898M free)
TotalPageFile size 34557M (AvailPageFile size 5965M)
current process WorkingSet (physical memory assigned to process): 393M, peak: 395M
current process commit charge ("private bytes"): 4561M, peak: 4563M

vm_info: OpenJDK 64-Bit Server VM (11.0.18+10) for windows-amd64 JRE (11.0.18+10), built on Jan 18 2023 04:27:27 by "" with MS VC++ 16.7 (VS2019)

END.
