#
# A fatal error has been detected by the Java Runtime Environment:
#
#  EXCEPTION_ACCESS_VIOLATION (0xc0000005) at pc=0x00007ff8f3dfb1f7, pid=38960, tid=44692
#
# JRE version: OpenJDK Runtime Environment Temurin-11.0.18+10 (11.0.18+10) (build 11.0.18+10)
# Java VM: OpenJDK 64-Bit Server VM Temurin-11.0.18+10 (11.0.18+10, mixed mode, tiered, compressed oops, g1 gc, windows-amd64)
# Problematic frame:
# V  [jvm.dll+0x51b1f7]
#
# No core dump will be written. Minidumps are not enabled by default on client versions of Windows
#
# If you would like to submit a bug report, please visit:
#   https://github.com/adoptium/adoptium-support/issues
#

---------------  S U M M A R Y ------------

Command Line: com.mycompany.opencvlearn.ThresholdInRange

Host: 11th Gen Intel(R) Core(TM) i7-1185G7 @ 3.00GHz, 8 cores, 15G,  Windows 10 , 64 bit Build 19041 (10.0.19041.1645)
Time: Thu Apr 27 11:22:07 2023 Arab Standard Time elapsed time: 12.958071 seconds (0d 0h 0m 12s)

---------------  T H R E A D  ---------------

Current thread (0x000002b9c4c2b000):  JavaThread "C2 CompilerThread0" daemon [_thread_in_vm, id=44692, stack(0x000000d0bd400000,0x000000d0bd500000)]


Current CompileTask:
C2:  12958 2368   !   4       sun.awt.image.ImageRepresentation::getOpaqueRGBImage (164 bytes)

Stack: [0x000000d0bd400000,0x000000d0bd500000],  sp=0x000000d0bd4fdaa8,  free space=1014k
Native frames: (J=compiled Java code, j=interpreted, Vv=VM code, C=native code)
V  [jvm.dll+0x51b1f7]


siginfo: EXCEPTION_ACCESS_VIOLATION (0xc0000005), reading address 0x0000000000000008


Register to memory mapping:

RIP=0x00007ff8f3dfb1f7 jvm.dll
RAX=0x0 is NULL
RBX=0x000000d0bd4fdb00 is pointing into the stack for thread: 0x000002b9c4c2b000
RCX=0x0000000800000430 is pointing into metadata
RDX=0x0000000800000430 is pointing into metadata
RSP=0x000000d0bd4fdaa8 is pointing into the stack for thread: 0x000002b9c4c2b000
RBP=0x000000d0bd4fdb99 is pointing into the stack for thread: 0x000002b9c4c2b000
RSI=0x0000000000000002 is an unknown value
RDI=0x000000d0bd4ff4c8 is pointing into the stack for thread: 0x000002b9c4c2b000
R8 =0x0000000000000048 is an unknown value
R9 =0x0000000000000001 is an unknown value
R10=0x00007ff8f38e0000 jvm.dll
R11=0x0 is NULL
R12=0x0 is NULL
R13=0x00007ff8f418b7c0 jvm.dll
R14=0x000000000000c000 is an unknown value
R15=0x000000000000f000 is an unknown value


Registers:
RAX=0x0000000000000000, RBX=0x000000d0bd4fdb00, RCX=0x0000000800000430, RDX=0x0000000800000430
RSP=0x000000d0bd4fdaa8, RBP=0x000000d0bd4fdb99, RSI=0x0000000000000002, RDI=0x000000d0bd4ff4c8
R8 =0x0000000000000048, R9 =0x0000000000000001, R10=0x00007ff8f38e0000, R11=0x0000000000000000
R12=0x0000000000000000, R13=0x00007ff8f418b7c0, R14=0x000000000000c000, R15=0x000000000000f000
RIP=0x00007ff8f3dfb1f7, EFLAGS=0x0000000000010202

Top of Stack: (sp=0x000000d0bd4fdaa8)
0x000000d0bd4fdaa8:   00007ff8f3adda09 0000000800000c10
0x000000d0bd4fdab8:   0000000000000002 0000000000000000
0x000000d0bd4fdac8:   0000000000000000 000000d0bd4fdb99
0x000000d0bd4fdad8:   00007ff8f3adebb9 000000d0bd4ff470
0x000000d0bd4fdae8:   000002ba21b135a0 0000000800000430
0x000000d0bd4fdaf8:   0000000000000000 0000000200000000
0x000000d0bd4fdb08:   0000000000000000 0000000800000014
0x000000d0bd4fdb18:   000002b9c5bb0290 0000000000000000
0x000000d0bd4fdb28:   000002b9c5b75a5a 000002b9c5b75a80
0x000000d0bd4fdb38:   0000000000000000 000002b9a99e7230
0x000000d0bd4fdb48:   00007ff8f3b50009 000000d0bd4fdb48
0x000000d0bd4fdb58:   0000000000000000 000002b9a99e7d40
0x000000d0bd4fdb68:   000002b9a99e6780 000002b9a99e7c00
0x000000d0bd4fdb78:   000002b9a99e7d40 000002b9a99e75e6
0x000000d0bd4fdb88:   000002b9a99e7c9b 00007ff8f418b7c0
0x000000d0bd4fdb98:   000000d0bd4fdb20 0000000000000000 

Instructions: (pc=0x00007ff8f3dfb1f7)
0x00007ff8f3dfb0f7:   75 f7 48 8b 8c 24 d8 00 00 00 48 83 c1 10 48 03
0x00007ff8f3dfb107:   c8 eb 0b 48 8b 8c 24 d8 00 00 00 4c 8b f3 48 ff
0x00007ff8f3dfb117:   c7 80 3c 2f 00 75 f7 0f b6 b4 24 c8 00 00 00 ba
0x00007ff8f3dfb127:   01 00 00 00 48 03 f1 48 03 f7 48 8d 4e 12 e8 26
0x00007ff8f3dfb137:   3e 19 00 48 8b f8 48 85 c0 75 08 49 8b c7 e9 80
0x00007ff8f3dfb147:   00 00 00 0f b6 84 24 c0 00 00 00 48 8d 15 e9 c4
0x00007ff8f3dfb157:   2f 00 48 89 5c 24 58 4c 8d 05 07 17 40 00 84 c0
0x00007ff8f3dfb167:   4c 89 74 24 50 4c 89 6c 24 48 48 8d 05 fc 16 40
0x00007ff8f3dfb177:   00 48 8b ca 4d 8b cf 48 0f 45 4c 24 68 49 0f 45
0x00007ff8f3dfb187:   d0 80 bc 24 c8 00 00 00 00 4c 8d 05 d9 16 40 00
0x00007ff8f3dfb197:   48 89 4c 24 40 48 8b cf 48 89 54 24 38 49 0f 45
0x00007ff8f3dfb1a7:   c0 4c 89 64 24 30 4c 8d 05 c4 16 40 00 48 89 6c
0x00007ff8f3dfb1b7:   24 28 48 8d 56 12 48 89 44 24 20 e8 39 83 f1 ff
0x00007ff8f3dfb1c7:   48 8b c7 4c 8b 64 24 78 48 81 c4 80 00 00 00 41
0x00007ff8f3dfb1d7:   5f 41 5e 41 5d 5f 5e 5d 5b c3 cc cc cc cc cc cc
0x00007ff8f3dfb1e7:   cc cc cc cc cc cc cc cc cc 48 8b 81 98 00 00 00
0x00007ff8f3dfb1f7:   48 8b 48 08 48 85 c9 75 03 33 c0 c3 48 ff 25 46
0x00007ff8f3dfb207:   ec 55 00 cc cc cc cc cc cc 48 8b c4 88 50 10 55
0x00007ff8f3dfb217:   57 48 8d 68 a1 48 81 ec 98 00 00 00 80 3d 00 18
0x00007ff8f3dfb227:   56 00 00 0f b6 fa 0f 84 95 03 00 00 84 c9 0f 84
0x00007ff8f3dfb237:   8d 03 00 00 48 89 58 08 48 8d 4d d7 48 8b 1d 6e
0x00007ff8f3dfb247:   77 5e 00 4c 89 78 c8 48 8d 05 53 13 40 00 45 33
0x00007ff8f3dfb257:   ff 48 89 45 d7 4c 89 7d ff 4c 89 7d 0f 4c 89 7d
0x00007ff8f3dfb267:   07 4c 89 7d 17 48 c7 45 df fe 01 00 00 48 c7 45
0x00007ff8f3dfb277:   e7 00 ff ff ff 48 c7 45 ef 04 00 00 00 48 c7 45
0x00007ff8f3dfb287:   f7 fe 01 00 00 e8 7f fe d3 ff 48 8b 4d f7 48 8b
0x00007ff8f3dfb297:   45 0f 48 89 1c c8 48 8b 55 f7 4c 8b 4d 0f 48 ff
0x00007ff8f3dfb2a7:   c2 48 89 55 f7 4d 85 c9 0f 84 7e 02 00 00 8b 0d
0x00007ff8f3dfb2b7:   6d 66 60 00 65 48 8b 04 25 58 00 00 00 48 89 b4
0x00007ff8f3dfb2c7:   24 90 00 00 00 4c 89 a4 24 88 00 00 00 4c 89 ac
0x00007ff8f3dfb2d7:   24 80 00 00 00 4c 8d 04 c8 4c 89 74 24 78 4c 89
0x00007ff8f3dfb2e7:   45 7f be 10 00 00 00 41 bc 08 00 00 00 48 83 fa 


Stack slot to memory mapping:
stack at sp + 0 slots: 0x00007ff8f3adda09 jvm.dll
stack at sp + 1 slots: 0x0000000800000c10 is a pointer to class: 
stack at sp + 2 slots: 0x0000000000000002 is an unknown value
stack at sp + 3 slots: 0x0 is NULL
stack at sp + 4 slots: 0x0 is NULL
stack at sp + 5 slots: 0x000000d0bd4fdb99 is pointing into the stack for thread: 0x000002b9c4c2b000
stack at sp + 6 slots: 0x00007ff8f3adebb9 jvm.dll
stack at sp + 7 slots: 0x000000d0bd4ff470 is pointing into the stack for thread: 0x000002b9c4c2b000


---------------  P R O C E S S  ---------------

Threads class SMR info:
_java_thread_list=0x000002ba206cda60, length=17, elements={
0x000002b9c4c02000, 0x000002b9c4c04800, 0x000002b9c4c26000, 0x000002b9c4c27800,
0x000002b9c4c29800, 0x000002b9c4c2b000, 0x000002b9c4c2c000, 0x000002b9c4c71800,
0x000002b9c4de6000, 0x000002b9c6318800, 0x000002ba1fd56000, 0x000002ba1fdc8800,
0x000002ba1fdc9000, 0x000002ba21be0000, 0x000002b9a0f9c000, 0x000002ba2236d000,
0x000002ba1fa2f800
}

Java Threads: ( => current thread )
  0x000002b9c4c02000 JavaThread "Reference Handler" daemon [_thread_blocked, id=53052, stack(0x000000d0bcf00000,0x000000d0bd000000)]
  0x000002b9c4c04800 JavaThread "Finalizer" daemon [_thread_blocked, id=30336, stack(0x000000d0bd000000,0x000000d0bd100000)]
  0x000002b9c4c26000 JavaThread "Signal Dispatcher" daemon [_thread_blocked, id=52172, stack(0x000000d0bd100000,0x000000d0bd200000)]
  0x000002b9c4c27800 JavaThread "Attach Listener" daemon [_thread_blocked, id=38992, stack(0x000000d0bd200000,0x000000d0bd300000)]
  0x000002b9c4c29800 JavaThread "Service Thread" daemon [_thread_blocked, id=42640, stack(0x000000d0bd300000,0x000000d0bd400000)]
=>0x000002b9c4c2b000 JavaThread "C2 CompilerThread0" daemon [_thread_in_vm, id=44692, stack(0x000000d0bd400000,0x000000d0bd500000)]
  0x000002b9c4c2c000 JavaThread "C1 CompilerThread0" daemon [_thread_blocked, id=50660, stack(0x000000d0bd500000,0x000000d0bd600000)]
  0x000002b9c4c71800 JavaThread "Sweeper thread" daemon [_thread_blocked, id=47492, stack(0x000000d0bd600000,0x000000d0bd700000)]
  0x000002b9c4de6000 JavaThread "Common-Cleaner" daemon [_thread_blocked, id=34528, stack(0x000000d0bd800000,0x000000d0bd900000)]
  0x000002b9c6318800 JavaThread "JavaCPP Deallocator" daemon [_thread_blocked, id=27716, stack(0x000000d0bdf00000,0x000000d0be000000)]
  0x000002ba1fd56000 JavaThread "Java2D Disposer" daemon [_thread_blocked, id=45708, stack(0x000000d0bee00000,0x000000d0bef00000)]
  0x000002ba1fdc8800 JavaThread "AWT-Shutdown" [_thread_blocked, id=39968, stack(0x000000d0bef00000,0x000000d0bf000000)]
  0x000002ba1fdc9000 JavaThread "AWT-Windows" daemon [_thread_in_native, id=24700, stack(0x000000d0bf000000,0x000000d0bf100000)]
  0x000002ba21be0000 JavaThread "AWT-EventQueue-0" [_thread_blocked, id=23308, stack(0x000000d0bf100000,0x000000d0bf200000)]
  0x000002b9a0f9c000 JavaThread "DestroyJavaVM" [_thread_blocked, id=48772, stack(0x000000d0bc800000,0x000000d0bc900000)]
  0x000002ba2236d000 JavaThread "D3D Screen Updater" daemon [_thread_blocked, id=28148, stack(0x000000d0bf200000,0x000000d0bf300000)]
  0x000002ba1fa2f800 JavaThread "TimerQueue" daemon [_thread_blocked, id=40732, stack(0x000000d0bf500000,0x000000d0bf600000)]

Other Threads:
  0x000002b9c4bdc800 VMThread "VM Thread" [stack: 0x000000d0bce00000,0x000000d0bcf00000] [id=43664]
  0x000002b9c4de5800 WatcherThread [stack: 0x000000d0bd700000,0x000000d0bd800000] [id=45904]
  0x000002b9a0fb1800 GCTaskThread "GC Thread#0" [stack: 0x000000d0bc900000,0x000000d0bca00000] [id=35556]
  0x000002b9c666b800 GCTaskThread "GC Thread#1" [stack: 0x000000d0bda00000,0x000000d0bdb00000] [id=8232]
  0x000002b9c5ee9000 GCTaskThread "GC Thread#2" [stack: 0x000000d0bdb00000,0x000000d0bdc00000] [id=38008]
  0x000002b9c59b3000 GCTaskThread "GC Thread#3" [stack: 0x000000d0bdc00000,0x000000d0bdd00000] [id=45400]
  0x000002b9c59b4000 GCTaskThread "GC Thread#4" [stack: 0x000000d0bdd00000,0x000000d0bde00000] [id=20472]
  0x000002b9c5f30000 GCTaskThread "GC Thread#5" [stack: 0x000000d0bde00000,0x000000d0bdf00000] [id=51264]
  0x000002b9a100d000 ConcurrentGCThread "G1 Main Marker" [stack: 0x000000d0bca00000,0x000000d0bcb00000] [id=33716]
  0x000002b9a100f800 ConcurrentGCThread "G1 Conc#0" [stack: 0x000000d0bcb00000,0x000000d0bcc00000] [id=28504]
  0x000002ba1fc95000 ConcurrentGCThread "G1 Conc#1" [stack: 0x000000d0bd900000,0x000000d0bda00000] [id=20184]
  0x000002b9c4a50800 ConcurrentGCThread "G1 Refine#0" [stack: 0x000000d0bcc00000,0x000000d0bcd00000] [id=856]
  0x000002b9c4a51800 ConcurrentGCThread "G1 Young RemSet Sampling" [stack: 0x000000d0bcd00000,0x000000d0bce00000] [id=39208]

Threads with active compile tasks:
C2 CompilerThread0    13008 2368   !   4       sun.awt.image.ImageRepresentation::getOpaqueRGBImage (164 bytes)

VM state:not at safepoint (normal execution)

VM Mutex/Monitor currently owned by a thread:  ([mutex/lock_event])
[0x000002b9a0f98d20] Compile_lock - owner thread: 0x000002b9c4c2b000
[0x000002b9a0f985d0] MethodCompileQueue_lock - owner thread: 0x000002b9c4c2b000

OutOfMemory and StackOverflow Exception counts:
OutOfMemoryError java_heap_errors=3
LinkageErrors=60

Heap address: 0x0000000704e00000, size: 4018 MB, Compressed Oops mode: Zero based, Oop shift amount: 3
Narrow klass base: 0x0000000800000000, Narrow klass shift: 0
Compressed class space size: 1073741824 Address: 0x0000000800000000

Heap:
 garbage-first heap   total 258048K, used 146429K [0x0000000704e00000, 0x0000000800000000)
  region size 1024K, 88 young (90112K), 7 survivors (7168K)
 Metaspace       used 26006K, capacity 26457K, committed 26544K, reserved 1073152K
  class space    used 2351K, capacity 2544K, committed 2560K, reserved 1048576K
Heap Regions: E=young(eden), S=young(survivor), O=old, HS=humongous(starts), HC=humongous(continues), CS=collection set, F=free, A=archive, TAMS=top-at-mark-start (previous, next)
|   0|0x0000000704e00000, 0x0000000704e00000, 0x0000000704f00000|  0%| F|  |TAMS 0x0000000704e00000, 0x0000000704e00000| Untracked 
|   1|0x0000000704f00000, 0x0000000704f00000, 0x0000000705000000|  0%| F|  |TAMS 0x0000000704f00000, 0x0000000704f00000| Untracked 
|   2|0x0000000705000000, 0x0000000705000000, 0x0000000705100000|  0%| F|  |TAMS 0x0000000705000000, 0x0000000705000000| Untracked 
|   3|0x0000000705100000, 0x0000000705100000, 0x0000000705200000|  0%| F|  |TAMS 0x0000000705100000, 0x0000000705100000| Untracked 
|   4|0x0000000705200000, 0x0000000705200000, 0x0000000705300000|  0%| F|  |TAMS 0x0000000705200000, 0x0000000705200000| Untracked 
|   5|0x0000000705300000, 0x0000000705300000, 0x0000000705400000|  0%| F|  |TAMS 0x0000000705300000, 0x0000000705300000| Untracked 
|   6|0x0000000705400000, 0x0000000705400000, 0x0000000705500000|  0%| F|  |TAMS 0x0000000705400000, 0x0000000705400000| Untracked 
|   7|0x0000000705500000, 0x0000000705500000, 0x0000000705600000|  0%| F|  |TAMS 0x0000000705500000, 0x0000000705500000| Untracked 
|   8|0x0000000705600000, 0x0000000705600000, 0x0000000705700000|  0%| F|  |TAMS 0x0000000705600000, 0x0000000705600000| Untracked 
|   9|0x0000000705700000, 0x0000000705700000, 0x0000000705800000|  0%| F|  |TAMS 0x0000000705700000, 0x0000000705700000| Untracked 
|  10|0x0000000705800000, 0x0000000705800000, 0x0000000705900000|  0%| F|  |TAMS 0x0000000705800000, 0x0000000705800000| Untracked 
|  11|0x0000000705900000, 0x0000000705900000, 0x0000000705a00000|  0%| F|  |TAMS 0x0000000705900000, 0x0000000705900000| Untracked 
|  12|0x0000000705a00000, 0x0000000705a00000, 0x0000000705b00000|  0%| F|  |TAMS 0x0000000705a00000, 0x0000000705a00000| Untracked 
|  13|0x0000000705b00000, 0x0000000705b00000, 0x0000000705c00000|  0%| F|  |TAMS 0x0000000705b00000, 0x0000000705b00000| Untracked 
|  14|0x0000000705c00000, 0x0000000705c00000, 0x0000000705d00000|  0%| F|  |TAMS 0x0000000705c00000, 0x0000000705c00000| Untracked 
|  15|0x0000000705d00000, 0x0000000705d00000, 0x0000000705e00000|  0%| F|  |TAMS 0x0000000705d00000, 0x0000000705d00000| Untracked 
|  16|0x0000000705e00000, 0x0000000705e00000, 0x0000000705f00000|  0%| F|  |TAMS 0x0000000705e00000, 0x0000000705e00000| Untracked 
|  17|0x0000000705f00000, 0x0000000705f00000, 0x0000000706000000|  0%| F|  |TAMS 0x0000000705f00000, 0x0000000705f00000| Untracked 
|  18|0x0000000706000000, 0x0000000706000000, 0x0000000706100000|  0%| F|  |TAMS 0x0000000706000000, 0x0000000706000000| Untracked 
|  19|0x0000000706100000, 0x0000000706100000, 0x0000000706200000|  0%| F|  |TAMS 0x0000000706100000, 0x0000000706100000| Untracked 
|  20|0x0000000706200000, 0x0000000706200000, 0x0000000706300000|  0%| F|  |TAMS 0x0000000706200000, 0x0000000706200000| Untracked 
|  21|0x0000000706300000, 0x0000000706300000, 0x0000000706400000|  0%| F|  |TAMS 0x0000000706300000, 0x0000000706300000| Untracked 
|  22|0x0000000706400000, 0x0000000706400000, 0x0000000706500000|  0%| F|  |TAMS 0x0000000706400000, 0x0000000706400000| Untracked 
|  23|0x0000000706500000, 0x0000000706600000, 0x0000000706600000|100%|HS|  |TAMS 0x0000000706500000, 0x0000000706500000| Complete 
|  24|0x0000000706600000, 0x0000000706700000, 0x0000000706700000|100%|HC|  |TAMS 0x0000000706600000, 0x0000000706600000| Complete 
|  25|0x0000000706700000, 0x0000000706800000, 0x0000000706800000|100%|HC|  |TAMS 0x0000000706700000, 0x0000000706700000| Complete 
|  26|0x0000000706800000, 0x0000000706900000, 0x0000000706900000|100%|HC|  |TAMS 0x0000000706800000, 0x0000000706800000| Complete 
|  27|0x0000000706900000, 0x0000000706a00000, 0x0000000706a00000|100%|HC|  |TAMS 0x0000000706900000, 0x0000000706900000| Complete 
|  28|0x0000000706a00000, 0x0000000706b00000, 0x0000000706b00000|100%|HC|  |TAMS 0x0000000706a00000, 0x0000000706a00000| Complete 
|  29|0x0000000706b00000, 0x0000000706c00000, 0x0000000706c00000|100%|HC|  |TAMS 0x0000000706b00000, 0x0000000706b00000| Complete 
|  30|0x0000000706c00000, 0x0000000706d00000, 0x0000000706d00000|100%|HC|  |TAMS 0x0000000706c00000, 0x0000000706c00000| Complete 
|  31|0x0000000706d00000, 0x0000000706e00000, 0x0000000706e00000|100%|HC|  |TAMS 0x0000000706d00000, 0x0000000706d00000| Complete 
|  32|0x0000000706e00000, 0x0000000706f00000, 0x0000000706f00000|100%|HC|  |TAMS 0x0000000706e00000, 0x0000000706e00000| Complete 
|  33|0x0000000706f00000, 0x0000000707000000, 0x0000000707000000|100%|HC|  |TAMS 0x0000000706f00000, 0x0000000706f00000| Complete 
|  34|0x0000000707000000, 0x0000000707100000, 0x0000000707100000|100%|HC|  |TAMS 0x0000000707000000, 0x0000000707000000| Complete 
|  35|0x0000000707100000, 0x0000000707200000, 0x0000000707200000|100%|HC|  |TAMS 0x0000000707100000, 0x0000000707100000| Complete 
|  36|0x0000000707200000, 0x0000000707300000, 0x0000000707300000|100%|HC|  |TAMS 0x0000000707200000, 0x0000000707200000| Complete 
|  37|0x0000000707300000, 0x0000000707400000, 0x0000000707400000|100%|HC|  |TAMS 0x0000000707300000, 0x0000000707300000| Complete 
|  38|0x0000000707400000, 0x0000000707500000, 0x0000000707500000|100%|HC|  |TAMS 0x0000000707400000, 0x0000000707400000| Complete 
|  39|0x0000000707500000, 0x0000000707600000, 0x0000000707600000|100%|HC|  |TAMS 0x0000000707500000, 0x0000000707500000| Complete 
|  40|0x0000000707600000, 0x0000000707700000, 0x0000000707700000|100%|HC|  |TAMS 0x0000000707600000, 0x0000000707600000| Complete 
|  41|0x0000000707700000, 0x0000000707800000, 0x0000000707800000|100%|HC|  |TAMS 0x0000000707700000, 0x0000000707700000| Complete 
|  42|0x0000000707800000, 0x0000000707900000, 0x0000000707900000|100%|HC|  |TAMS 0x0000000707800000, 0x0000000707800000| Complete 
|  43|0x0000000707900000, 0x0000000707a00000, 0x0000000707a00000|100%|HC|  |TAMS 0x0000000707900000, 0x0000000707900000| Complete 
|  44|0x0000000707a00000, 0x0000000707b00000, 0x0000000707b00000|100%|HC|  |TAMS 0x0000000707a00000, 0x0000000707a00000| Complete 
|  45|0x0000000707b00000, 0x0000000707c00000, 0x0000000707c00000|100%|HC|  |TAMS 0x0000000707b00000, 0x0000000707b00000| Complete 
|  46|0x0000000707c00000, 0x0000000707d00000, 0x0000000707d00000|100%|HS|  |TAMS 0x0000000707c00000, 0x0000000707c00000| Complete 
|  47|0x0000000707d00000, 0x0000000707e00000, 0x0000000707e00000|100%|HS|  |TAMS 0x0000000707d00000, 0x0000000707d00000| Complete 
|  48|0x0000000707e00000, 0x0000000707f00000, 0x0000000707f00000|100%|HC|  |TAMS 0x0000000707e00000, 0x0000000707e00000| Complete 
|  49|0x0000000707f00000, 0x0000000708000000, 0x0000000708000000|100%|HC|  |TAMS 0x0000000707f00000, 0x0000000707f00000| Complete 
|  50|0x0000000708000000, 0x0000000708100000, 0x0000000708100000|100%|HC|  |TAMS 0x0000000708000000, 0x0000000708000000| Complete 
|  51|0x0000000708100000, 0x0000000708200000, 0x0000000708200000|100%|HC|  |TAMS 0x0000000708100000, 0x0000000708100000| Complete 
|  52|0x0000000708200000, 0x0000000708300000, 0x0000000708300000|100%|HC|  |TAMS 0x0000000708200000, 0x0000000708200000| Complete 
|  53|0x0000000708300000, 0x0000000708400000, 0x0000000708400000|100%|HC|  |TAMS 0x0000000708300000, 0x0000000708300000| Complete 
|  54|0x0000000708400000, 0x0000000708500000, 0x0000000708500000|100%|HC|  |TAMS 0x0000000708400000, 0x0000000708400000| Complete 
|  55|0x0000000708500000, 0x0000000708600000, 0x0000000708600000|100%|HC|  |TAMS 0x0000000708500000, 0x0000000708500000| Complete 
|  56|0x0000000708600000, 0x0000000708700000, 0x0000000708700000|100%|HC|  |TAMS 0x0000000708600000, 0x0000000708600000| Complete 
|  57|0x0000000708700000, 0x0000000708800000, 0x0000000708800000|100%|HC|  |TAMS 0x0000000708700000, 0x0000000708700000| Complete 
|  58|0x0000000708800000, 0x0000000708900000, 0x0000000708900000|100%|HC|  |TAMS 0x0000000708800000, 0x0000000708800000| Complete 
|  59|0x0000000708900000, 0x0000000708a00000, 0x0000000708a00000|100%|HC|  |TAMS 0x0000000708900000, 0x0000000708900000| Complete 
|  60|0x0000000708a00000, 0x0000000708b00000, 0x0000000708b00000|100%|HC|  |TAMS 0x0000000708a00000, 0x0000000708a00000| Complete 
|  61|0x0000000708b00000, 0x0000000708c00000, 0x0000000708c00000|100%|HC|  |TAMS 0x0000000708b00000, 0x0000000708b00000| Complete 
|  62|0x0000000708c00000, 0x0000000708d00000, 0x0000000708d00000|100%|HC|  |TAMS 0x0000000708c00000, 0x0000000708c00000| Complete 
|  63|0x0000000708d00000, 0x0000000708e00000, 0x0000000708e00000|100%|HC|  |TAMS 0x0000000708d00000, 0x0000000708d00000| Complete 
|  64|0x0000000708e00000, 0x0000000708f00000, 0x0000000708f00000|100%|HC|  |TAMS 0x0000000708e00000, 0x0000000708e00000| Complete 
|  65|0x0000000708f00000, 0x0000000709000000, 0x0000000709000000|100%|HC|  |TAMS 0x0000000708f00000, 0x0000000708f00000| Complete 
|  66|0x0000000709000000, 0x0000000709100000, 0x0000000709100000|100%|HC|  |TAMS 0x0000000709000000, 0x0000000709000000| Complete 
|  67|0x0000000709100000, 0x0000000709200000, 0x0000000709200000|100%|HC|  |TAMS 0x0000000709100000, 0x0000000709100000| Complete 
|  68|0x0000000709200000, 0x0000000709300000, 0x0000000709300000|100%|HC|  |TAMS 0x0000000709200000, 0x0000000709200000| Complete 
|  69|0x0000000709300000, 0x0000000709400000, 0x0000000709400000|100%|HC|  |TAMS 0x0000000709300000, 0x0000000709300000| Complete 
|  70|0x0000000709400000, 0x0000000709400000, 0x0000000709500000|  0%| F|  |TAMS 0x0000000709400000, 0x0000000709400000| Untracked 
|  71|0x0000000709500000, 0x0000000709500000, 0x0000000709600000|  0%| F|  |TAMS 0x0000000709500000, 0x0000000709500000| Untracked 
|  72|0x0000000709600000, 0x0000000709600000, 0x0000000709700000|  0%| F|  |TAMS 0x0000000709600000, 0x0000000709600000| Untracked 
|  73|0x0000000709700000, 0x0000000709700000, 0x0000000709800000|  0%| F|  |TAMS 0x0000000709700000, 0x0000000709700000| Untracked 
|  74|0x0000000709800000, 0x0000000709800000, 0x0000000709900000|  0%| F|  |TAMS 0x0000000709800000, 0x0000000709800000| Untracked 
|  75|0x0000000709900000, 0x0000000709900000, 0x0000000709a00000|  0%| F|  |TAMS 0x0000000709900000, 0x0000000709900000| Untracked 
|  76|0x0000000709a00000, 0x0000000709a00000, 0x0000000709b00000|  0%| F|  |TAMS 0x0000000709a00000, 0x0000000709a00000| Untracked 
|  77|0x0000000709b00000, 0x0000000709b00000, 0x0000000709c00000|  0%| F|  |TAMS 0x0000000709b00000, 0x0000000709b00000| Untracked 
|  78|0x0000000709c00000, 0x0000000709d00000, 0x0000000709d00000|100%|HS|  |TAMS 0x0000000709c00000, 0x0000000709c00000| Complete 
|  79|0x0000000709d00000, 0x0000000709e00000, 0x0000000709e00000|100%|HC|  |TAMS 0x0000000709d00000, 0x0000000709d00000| Complete 
|  80|0x0000000709e00000, 0x0000000709f00000, 0x0000000709f00000|100%|HC|  |TAMS 0x0000000709e00000, 0x0000000709e00000| Complete 
|  81|0x0000000709f00000, 0x000000070a000000, 0x000000070a000000|100%|HC|  |TAMS 0x0000000709f00000, 0x0000000709f00000| Complete 
|  82|0x000000070a000000, 0x000000070a100000, 0x000000070a100000|100%|HC|  |TAMS 0x000000070a000000, 0x000000070a000000| Complete 
|  83|0x000000070a100000, 0x000000070a200000, 0x000000070a200000|100%|HC|  |TAMS 0x000000070a100000, 0x000000070a100000| Complete 
|  84|0x000000070a200000, 0x000000070a300000, 0x000000070a300000|100%|HC|  |TAMS 0x000000070a200000, 0x000000070a200000| Complete 
|  85|0x000000070a300000, 0x000000070a400000, 0x000000070a400000|100%|HC|  |TAMS 0x000000070a300000, 0x000000070a300000| Complete 
|  86|0x000000070a400000, 0x000000070a500000, 0x000000070a500000|100%|HS|  |TAMS 0x000000070a400000, 0x000000070a400000| Complete 
|  87|0x000000070a500000, 0x000000070a500000, 0x000000070a600000|  0%| F|  |TAMS 0x000000070a500000, 0x000000070a500000| Untracked 
|  88|0x000000070a600000, 0x000000070a600000, 0x000000070a700000|  0%| F|  |TAMS 0x000000070a600000, 0x000000070a600000| Untracked 
|  89|0x000000070a700000, 0x000000070a700000, 0x000000070a800000|  0%| F|  |TAMS 0x000000070a700000, 0x000000070a700000| Untracked 
|  90|0x000000070a800000, 0x000000070a800000, 0x000000070a900000|  0%| F|  |TAMS 0x000000070a800000, 0x000000070a800000| Untracked 
|  91|0x000000070a900000, 0x000000070a900000, 0x000000070aa00000|  0%| F|  |TAMS 0x000000070a900000, 0x000000070a900000| Untracked 
|  92|0x000000070aa00000, 0x000000070aa00000, 0x000000070ab00000|  0%| F|  |TAMS 0x000000070aa00000, 0x000000070aa00000| Untracked 
|  93|0x000000070ab00000, 0x000000070ab00000, 0x000000070ac00000|  0%| F|  |TAMS 0x000000070ab00000, 0x000000070ab00000| Untracked 
|  94|0x000000070ac00000, 0x000000070ac00000, 0x000000070ad00000|  0%| F|  |TAMS 0x000000070ac00000, 0x000000070ac00000| Untracked 
|  95|0x000000070ad00000, 0x000000070ad00000, 0x000000070ae00000|  0%| F|  |TAMS 0x000000070ad00000, 0x000000070ad00000| Untracked 
|  96|0x000000070ae00000, 0x000000070ae00000, 0x000000070af00000|  0%| F|  |TAMS 0x000000070ae00000, 0x000000070ae00000| Untracked 
|  97|0x000000070af00000, 0x000000070af00000, 0x000000070b000000|  0%| F|  |TAMS 0x000000070af00000, 0x000000070af00000| Untracked 
|  98|0x000000070b000000, 0x000000070b000000, 0x000000070b100000|  0%| F|  |TAMS 0x000000070b000000, 0x000000070b000000| Untracked 
|  99|0x000000070b100000, 0x000000070b100000, 0x000000070b200000|  0%| F|  |TAMS 0x000000070b100000, 0x000000070b100000| Untracked 
| 100|0x000000070b200000, 0x000000070b200000, 0x000000070b300000|  0%| F|  |TAMS 0x000000070b200000, 0x000000070b200000| Untracked 
| 101|0x000000070b300000, 0x000000070b3ff570, 0x000000070b400000| 99%| S|CS|TAMS 0x000000070b300000, 0x000000070b300000| Complete 
| 102|0x000000070b400000, 0x000000070b500000, 0x000000070b500000|100%| S|CS|TAMS 0x000000070b400000, 0x000000070b400000| Complete 
| 103|0x000000070b500000, 0x000000070b600000, 0x000000070b600000|100%| S|CS|TAMS 0x000000070b500000, 0x000000070b500000| Complete 
| 104|0x000000070b600000, 0x000000070b700000, 0x000000070b700000|100%| S|CS|TAMS 0x000000070b600000, 0x000000070b600000| Complete 
| 105|0x000000070b700000, 0x000000070b800000, 0x000000070b800000|100%| S|CS|TAMS 0x000000070b700000, 0x000000070b700000| Complete 
| 106|0x000000070b800000, 0x000000070b900000, 0x000000070b900000|100%| S|CS|TAMS 0x000000070b800000, 0x000000070b800000| Complete 
| 107|0x000000070b900000, 0x000000070ba00000, 0x000000070ba00000|100%| S|CS|TAMS 0x000000070b900000, 0x000000070b900000| Complete 
| 108|0x000000070ba00000, 0x000000070ba00000, 0x000000070bb00000|  0%| F|  |TAMS 0x000000070ba00000, 0x000000070ba00000| Untracked 
| 109|0x000000070bb00000, 0x000000070bb00000, 0x000000070bc00000|  0%| F|  |TAMS 0x000000070bb00000, 0x000000070bb00000| Untracked 
| 110|0x000000070bc00000, 0x000000070bc00000, 0x000000070bd00000|  0%| F|  |TAMS 0x000000070bc00000, 0x000000070bc00000| Untracked 
| 111|0x000000070bd00000, 0x000000070bd00000, 0x000000070be00000|  0%| F|  |TAMS 0x000000070bd00000, 0x000000070bd00000| Untracked 
| 112|0x000000070be00000, 0x000000070be00000, 0x000000070bf00000|  0%| F|  |TAMS 0x000000070be00000, 0x000000070be00000| Untracked 
| 113|0x000000070bf00000, 0x000000070bf00000, 0x000000070c000000|  0%| F|  |TAMS 0x000000070bf00000, 0x000000070bf00000| Untracked 
| 114|0x000000070c000000, 0x000000070c000000, 0x000000070c100000|  0%| F|  |TAMS 0x000000070c000000, 0x000000070c000000| Untracked 
| 115|0x000000070c100000, 0x000000070c100000, 0x000000070c200000|  0%| F|  |TAMS 0x000000070c100000, 0x000000070c100000| Untracked 
| 116|0x000000070c200000, 0x000000070c200000, 0x000000070c300000|  0%| F|  |TAMS 0x000000070c200000, 0x000000070c200000| Untracked 
| 117|0x000000070c300000, 0x000000070c300000, 0x000000070c400000|  0%| F|  |TAMS 0x000000070c300000, 0x000000070c300000| Untracked 
| 118|0x000000070c400000, 0x000000070c400000, 0x000000070c500000|  0%| F|  |TAMS 0x000000070c400000, 0x000000070c400000| Untracked 
| 119|0x000000070c500000, 0x000000070c500000, 0x000000070c600000|  0%| F|  |TAMS 0x000000070c500000, 0x000000070c500000| Untracked 
| 120|0x000000070c600000, 0x000000070c600000, 0x000000070c700000|  0%| F|  |TAMS 0x000000070c600000, 0x000000070c600000| Untracked 
| 121|0x000000070c700000, 0x000000070c700000, 0x000000070c800000|  0%| F|  |TAMS 0x000000070c700000, 0x000000070c700000| Untracked 
| 122|0x000000070c800000, 0x000000070c800000, 0x000000070c900000|  0%| F|  |TAMS 0x000000070c800000, 0x000000070c800000| Untracked 
| 123|0x000000070c900000, 0x000000070c900000, 0x000000070ca00000|  0%| F|  |TAMS 0x000000070c900000, 0x000000070c900000| Untracked 
| 124|0x000000070ca00000, 0x000000070ca00000, 0x000000070cb00000|  0%| F|  |TAMS 0x000000070ca00000, 0x000000070ca00000| Untracked 
| 125|0x000000070cb00000, 0x000000070cb00000, 0x000000070cc00000|  0%| F|  |TAMS 0x000000070cb00000, 0x000000070cb00000| Untracked 
| 126|0x000000070cc00000, 0x000000070cc00000, 0x000000070cd00000|  0%| F|  |TAMS 0x000000070cc00000, 0x000000070cc00000| Untracked 
| 127|0x000000070cd00000, 0x000000070cd00000, 0x000000070ce00000|  0%| F|  |TAMS 0x000000070cd00000, 0x000000070cd00000| Untracked 
| 128|0x000000070ce00000, 0x000000070ce00000, 0x000000070cf00000|  0%| F|  |TAMS 0x000000070ce00000, 0x000000070ce00000| Untracked 
| 129|0x000000070cf00000, 0x000000070cf00000, 0x000000070d000000|  0%| F|  |TAMS 0x000000070cf00000, 0x000000070cf00000| Untracked 
| 130|0x000000070d000000, 0x000000070d000000, 0x000000070d100000|  0%| F|  |TAMS 0x000000070d000000, 0x000000070d000000| Untracked 
| 131|0x000000070d100000, 0x000000070d100000, 0x000000070d200000|  0%| F|  |TAMS 0x000000070d100000, 0x000000070d100000| Untracked 
| 132|0x000000070d200000, 0x000000070d200000, 0x000000070d300000|  0%| F|  |TAMS 0x000000070d200000, 0x000000070d200000| Untracked 
| 133|0x000000070d300000, 0x000000070d300000, 0x000000070d400000|  0%| F|  |TAMS 0x000000070d300000, 0x000000070d300000| Untracked 
| 134|0x000000070d400000, 0x000000070d400000, 0x000000070d500000|  0%| F|  |TAMS 0x000000070d400000, 0x000000070d400000| Untracked 
| 135|0x000000070d500000, 0x000000070d500000, 0x000000070d600000|  0%| F|  |TAMS 0x000000070d500000, 0x000000070d500000| Untracked 
| 136|0x000000070d600000, 0x000000070d600000, 0x000000070d700000|  0%| F|  |TAMS 0x000000070d600000, 0x000000070d600000| Untracked 
| 137|0x000000070d700000, 0x000000070d700000, 0x000000070d800000|  0%| F|  |TAMS 0x000000070d700000, 0x000000070d700000| Untracked 
| 138|0x000000070d800000, 0x000000070d800000, 0x000000070d900000|  0%| F|  |TAMS 0x000000070d800000, 0x000000070d800000| Untracked 
| 139|0x000000070d900000, 0x000000070d900000, 0x000000070da00000|  0%| F|  |TAMS 0x000000070d900000, 0x000000070d900000| Untracked 
| 140|0x000000070da00000, 0x000000070da00000, 0x000000070db00000|  0%| F|  |TAMS 0x000000070da00000, 0x000000070da00000| Untracked 
| 141|0x000000070db00000, 0x000000070db00000, 0x000000070dc00000|  0%| F|  |TAMS 0x000000070db00000, 0x000000070db00000| Untracked 
| 142|0x000000070dc00000, 0x000000070dc00000, 0x000000070dd00000|  0%| F|  |TAMS 0x000000070dc00000, 0x000000070dc00000| Untracked 
| 143|0x000000070dd00000, 0x000000070dd00000, 0x000000070de00000|  0%| F|  |TAMS 0x000000070dd00000, 0x000000070dd00000| Untracked 
| 144|0x000000070de00000, 0x000000070de00000, 0x000000070df00000|  0%| F|  |TAMS 0x000000070de00000, 0x000000070de00000| Untracked 
| 145|0x000000070df00000, 0x000000070df00000, 0x000000070e000000|  0%| F|  |TAMS 0x000000070df00000, 0x000000070df00000| Untracked 
| 146|0x000000070e000000, 0x000000070e000000, 0x000000070e100000|  0%| F|  |TAMS 0x000000070e000000, 0x000000070e000000| Untracked 
| 147|0x000000070e100000, 0x000000070e100000, 0x000000070e200000|  0%| F|  |TAMS 0x000000070e100000, 0x000000070e100000| Untracked 
| 148|0x000000070e200000, 0x000000070e200000, 0x000000070e300000|  0%| F|  |TAMS 0x000000070e200000, 0x000000070e200000| Untracked 
| 149|0x000000070e300000, 0x000000070e300000, 0x000000070e400000|  0%| F|  |TAMS 0x000000070e300000, 0x000000070e300000| Untracked 
| 150|0x000000070e400000, 0x000000070e400000, 0x000000070e500000|  0%| F|  |TAMS 0x000000070e400000, 0x000000070e400000| Untracked 
| 151|0x000000070e500000, 0x000000070e500000, 0x000000070e600000|  0%| F|  |TAMS 0x000000070e500000, 0x000000070e500000| Untracked 
| 152|0x000000070e600000, 0x000000070e600000, 0x000000070e700000|  0%| F|  |TAMS 0x000000070e600000, 0x000000070e600000| Untracked 
| 153|0x000000070e700000, 0x000000070e700000, 0x000000070e800000|  0%| F|  |TAMS 0x000000070e700000, 0x000000070e700000| Untracked 
| 154|0x000000070e800000, 0x000000070e800000, 0x000000070e900000|  0%| F|  |TAMS 0x000000070e800000, 0x000000070e800000| Untracked 
| 155|0x000000070e900000, 0x000000070e900000, 0x000000070ea00000|  0%| F|  |TAMS 0x000000070e900000, 0x000000070e900000| Untracked 
| 156|0x000000070ea00000, 0x000000070ea00000, 0x000000070eb00000|  0%| F|  |TAMS 0x000000070ea00000, 0x000000070ea00000| Untracked 
| 157|0x000000070eb00000, 0x000000070eb00000, 0x000000070ec00000|  0%| F|  |TAMS 0x000000070eb00000, 0x000000070eb00000| Untracked 
| 158|0x000000070ec00000, 0x000000070ec00000, 0x000000070ed00000|  0%| F|  |TAMS 0x000000070ec00000, 0x000000070ec00000| Untracked 
| 159|0x000000070ed00000, 0x000000070ed00000, 0x000000070ee00000|  0%| F|  |TAMS 0x000000070ed00000, 0x000000070ed00000| Untracked 
| 160|0x000000070ee00000, 0x000000070ee00000, 0x000000070ef00000|  0%| F|  |TAMS 0x000000070ee00000, 0x000000070ee00000| Untracked 
| 161|0x000000070ef00000, 0x000000070ef00000, 0x000000070f000000|  0%| F|  |TAMS 0x000000070ef00000, 0x000000070ef00000| Untracked 
| 162|0x000000070f000000, 0x000000070f000000, 0x000000070f100000|  0%| F|  |TAMS 0x000000070f000000, 0x000000070f000000| Untracked 
| 163|0x000000070f100000, 0x000000070f100000, 0x000000070f200000|  0%| F|  |TAMS 0x000000070f100000, 0x000000070f100000| Untracked 
| 164|0x000000070f200000, 0x000000070f200000, 0x000000070f300000|  0%| F|  |TAMS 0x000000070f200000, 0x000000070f200000| Untracked 
| 165|0x000000070f300000, 0x000000070f300000, 0x000000070f400000|  0%| F|  |TAMS 0x000000070f300000, 0x000000070f300000| Untracked 
| 166|0x000000070f400000, 0x000000070f400000, 0x000000070f500000|  0%| F|  |TAMS 0x000000070f400000, 0x000000070f400000| Untracked 
| 167|0x000000070f500000, 0x000000070f500000, 0x000000070f600000|  0%| F|  |TAMS 0x000000070f500000, 0x000000070f500000| Untracked 
| 168|0x000000070f600000, 0x000000070f600000, 0x000000070f700000|  0%| F|  |TAMS 0x000000070f600000, 0x000000070f600000| Untracked 
| 169|0x000000070f700000, 0x000000070f700000, 0x000000070f800000|  0%| F|  |TAMS 0x000000070f700000, 0x000000070f700000| Untracked 
| 170|0x000000070f800000, 0x000000070f800000, 0x000000070f900000|  0%| F|  |TAMS 0x000000070f800000, 0x000000070f800000| Untracked 
| 171|0x000000070f900000, 0x000000070fa00000, 0x000000070fa00000|100%| E|  |TAMS 0x000000070f900000, 0x000000070f900000| Complete 
| 172|0x000000070fa00000, 0x000000070fb00000, 0x000000070fb00000|100%| E|CS|TAMS 0x000000070fa00000, 0x000000070fa00000| Complete 
| 173|0x000000070fb00000, 0x000000070fc00000, 0x000000070fc00000|100%| E|CS|TAMS 0x000000070fb00000, 0x000000070fb00000| Complete 
| 174|0x000000070fc00000, 0x000000070fd00000, 0x000000070fd00000|100%| E|CS|TAMS 0x000000070fc00000, 0x000000070fc00000| Complete 
| 175|0x000000070fd00000, 0x000000070fe00000, 0x000000070fe00000|100%| E|CS|TAMS 0x000000070fd00000, 0x000000070fd00000| Complete 
| 176|0x000000070fe00000, 0x000000070ff00000, 0x000000070ff00000|100%| E|CS|TAMS 0x000000070fe00000, 0x000000070fe00000| Complete 
| 177|0x000000070ff00000, 0x0000000710000000, 0x0000000710000000|100%| E|CS|TAMS 0x000000070ff00000, 0x000000070ff00000| Complete 
| 178|0x0000000710000000, 0x0000000710100000, 0x0000000710100000|100%| E|CS|TAMS 0x0000000710000000, 0x0000000710000000| Complete 
| 179|0x0000000710100000, 0x0000000710200000, 0x0000000710200000|100%| E|CS|TAMS 0x0000000710100000, 0x0000000710100000| Complete 
| 180|0x0000000710200000, 0x0000000710300000, 0x0000000710300000|100%| E|CS|TAMS 0x0000000710200000, 0x0000000710200000| Complete 
| 181|0x0000000710300000, 0x0000000710400000, 0x0000000710400000|100%| E|CS|TAMS 0x0000000710300000, 0x0000000710300000| Complete 
| 182|0x0000000710400000, 0x0000000710500000, 0x0000000710500000|100%| E|CS|TAMS 0x0000000710400000, 0x0000000710400000| Complete 
| 183|0x0000000710500000, 0x0000000710600000, 0x0000000710600000|100%| E|CS|TAMS 0x0000000710500000, 0x0000000710500000| Complete 
| 184|0x0000000710600000, 0x0000000710700000, 0x0000000710700000|100%| E|CS|TAMS 0x0000000710600000, 0x0000000710600000| Complete 
| 185|0x0000000710700000, 0x0000000710800000, 0x0000000710800000|100%| E|CS|TAMS 0x0000000710700000, 0x0000000710700000| Complete 
| 186|0x0000000710800000, 0x0000000710900000, 0x0000000710900000|100%| E|CS|TAMS 0x0000000710800000, 0x0000000710800000| Complete 
| 187|0x0000000710900000, 0x0000000710a00000, 0x0000000710a00000|100%| E|CS|TAMS 0x0000000710900000, 0x0000000710900000| Complete 
| 188|0x0000000710a00000, 0x0000000710b00000, 0x0000000710b00000|100%| E|CS|TAMS 0x0000000710a00000, 0x0000000710a00000| Complete 
| 189|0x0000000710b00000, 0x0000000710c00000, 0x0000000710c00000|100%| E|CS|TAMS 0x0000000710b00000, 0x0000000710b00000| Complete 
| 190|0x0000000710c00000, 0x0000000710d00000, 0x0000000710d00000|100%| E|CS|TAMS 0x0000000710c00000, 0x0000000710c00000| Complete 
| 191|0x0000000710d00000, 0x0000000710e00000, 0x0000000710e00000|100%| E|CS|TAMS 0x0000000710d00000, 0x0000000710d00000| Complete 
| 192|0x0000000710e00000, 0x0000000710f00000, 0x0000000710f00000|100%| E|CS|TAMS 0x0000000710e00000, 0x0000000710e00000| Complete 
| 193|0x0000000710f00000, 0x0000000711000000, 0x0000000711000000|100%| E|CS|TAMS 0x0000000710f00000, 0x0000000710f00000| Complete 
| 194|0x0000000711000000, 0x0000000711100000, 0x0000000711100000|100%| E|CS|TAMS 0x0000000711000000, 0x0000000711000000| Complete 
| 195|0x0000000711100000, 0x0000000711200000, 0x0000000711200000|100%| E|CS|TAMS 0x0000000711100000, 0x0000000711100000| Complete 
| 196|0x0000000711200000, 0x0000000711300000, 0x0000000711300000|100%| E|CS|TAMS 0x0000000711200000, 0x0000000711200000| Complete 
| 197|0x0000000711300000, 0x0000000711400000, 0x0000000711400000|100%| E|CS|TAMS 0x0000000711300000, 0x0000000711300000| Complete 
| 198|0x0000000711400000, 0x0000000711500000, 0x0000000711500000|100%| E|CS|TAMS 0x0000000711400000, 0x0000000711400000| Complete 
| 199|0x0000000711500000, 0x0000000711600000, 0x0000000711600000|100%| E|CS|TAMS 0x0000000711500000, 0x0000000711500000| Complete 
| 200|0x0000000711600000, 0x0000000711700000, 0x0000000711700000|100%| E|CS|TAMS 0x0000000711600000, 0x0000000711600000| Complete 
| 201|0x0000000711700000, 0x0000000711800000, 0x0000000711800000|100%| E|CS|TAMS 0x0000000711700000, 0x0000000711700000| Complete 
| 202|0x0000000711800000, 0x0000000711900000, 0x0000000711900000|100%| E|CS|TAMS 0x0000000711800000, 0x0000000711800000| Complete 
| 203|0x0000000711900000, 0x0000000711a00000, 0x0000000711a00000|100%| E|CS|TAMS 0x0000000711900000, 0x0000000711900000| Complete 
| 204|0x0000000711a00000, 0x0000000711b00000, 0x0000000711b00000|100%| E|CS|TAMS 0x0000000711a00000, 0x0000000711a00000| Complete 
| 205|0x0000000711b00000, 0x0000000711c00000, 0x0000000711c00000|100%| E|CS|TAMS 0x0000000711b00000, 0x0000000711b00000| Complete 
| 206|0x0000000711c00000, 0x0000000711d00000, 0x0000000711d00000|100%| E|CS|TAMS 0x0000000711c00000, 0x0000000711c00000| Complete 
| 207|0x0000000711d00000, 0x0000000711e00000, 0x0000000711e00000|100%| E|CS|TAMS 0x0000000711d00000, 0x0000000711d00000| Complete 
| 208|0x0000000711e00000, 0x0000000711f00000, 0x0000000711f00000|100%| E|CS|TAMS 0x0000000711e00000, 0x0000000711e00000| Complete 
| 209|0x0000000711f00000, 0x0000000712000000, 0x0000000712000000|100%| E|CS|TAMS 0x0000000711f00000, 0x0000000711f00000| Complete 
| 210|0x0000000712000000, 0x0000000712100000, 0x0000000712100000|100%| E|CS|TAMS 0x0000000712000000, 0x0000000712000000| Complete 
| 211|0x0000000712100000, 0x0000000712200000, 0x0000000712200000|100%| E|CS|TAMS 0x0000000712100000, 0x0000000712100000| Complete 
| 212|0x0000000712200000, 0x0000000712300000, 0x0000000712300000|100%| E|CS|TAMS 0x0000000712200000, 0x0000000712200000| Complete 
| 213|0x0000000712300000, 0x0000000712400000, 0x0000000712400000|100%| E|CS|TAMS 0x0000000712300000, 0x0000000712300000| Complete 
| 214|0x0000000712400000, 0x0000000712500000, 0x0000000712500000|100%| E|CS|TAMS 0x0000000712400000, 0x0000000712400000| Complete 
| 215|0x0000000712500000, 0x0000000712600000, 0x0000000712600000|100%| E|CS|TAMS 0x0000000712500000, 0x0000000712500000| Complete 
| 216|0x0000000712600000, 0x0000000712700000, 0x0000000712700000|100%| E|CS|TAMS 0x0000000712600000, 0x0000000712600000| Complete 
| 217|0x0000000712700000, 0x0000000712800000, 0x0000000712800000|100%| E|CS|TAMS 0x0000000712700000, 0x0000000712700000| Complete 
| 218|0x0000000712800000, 0x0000000712900000, 0x0000000712900000|100%| E|CS|TAMS 0x0000000712800000, 0x0000000712800000| Complete 
| 219|0x0000000712900000, 0x0000000712a00000, 0x0000000712a00000|100%| E|CS|TAMS 0x0000000712900000, 0x0000000712900000| Complete 
| 220|0x0000000712a00000, 0x0000000712b00000, 0x0000000712b00000|100%| E|CS|TAMS 0x0000000712a00000, 0x0000000712a00000| Complete 
| 221|0x0000000712b00000, 0x0000000712c00000, 0x0000000712c00000|100%| E|CS|TAMS 0x0000000712b00000, 0x0000000712b00000| Complete 
| 222|0x0000000712c00000, 0x0000000712d00000, 0x0000000712d00000|100%| E|CS|TAMS 0x0000000712c00000, 0x0000000712c00000| Complete 
| 223|0x0000000712d00000, 0x0000000712e00000, 0x0000000712e00000|100%| E|CS|TAMS 0x0000000712d00000, 0x0000000712d00000| Complete 
| 224|0x0000000712e00000, 0x0000000712f00000, 0x0000000712f00000|100%| E|CS|TAMS 0x0000000712e00000, 0x0000000712e00000| Complete 
| 225|0x0000000712f00000, 0x0000000713000000, 0x0000000713000000|100%| E|CS|TAMS 0x0000000712f00000, 0x0000000712f00000| Complete 
| 226|0x0000000713000000, 0x0000000713100000, 0x0000000713100000|100%| E|CS|TAMS 0x0000000713000000, 0x0000000713000000| Complete 
| 227|0x0000000713100000, 0x0000000713200000, 0x0000000713200000|100%| E|CS|TAMS 0x0000000713100000, 0x0000000713100000| Complete 
| 228|0x0000000713200000, 0x0000000713300000, 0x0000000713300000|100%| E|CS|TAMS 0x0000000713200000, 0x0000000713200000| Complete 
| 229|0x0000000713300000, 0x0000000713400000, 0x0000000713400000|100%| E|CS|TAMS 0x0000000713300000, 0x0000000713300000| Complete 
| 230|0x0000000713400000, 0x0000000713500000, 0x0000000713500000|100%| E|CS|TAMS 0x0000000713400000, 0x0000000713400000| Complete 
| 231|0x0000000713500000, 0x0000000713600000, 0x0000000713600000|100%| E|CS|TAMS 0x0000000713500000, 0x0000000713500000| Complete 
| 232|0x0000000713600000, 0x0000000713700000, 0x0000000713700000|100%| E|CS|TAMS 0x0000000713600000, 0x0000000713600000| Complete 
| 233|0x0000000713700000, 0x0000000713800000, 0x0000000713800000|100%| E|CS|TAMS 0x0000000713700000, 0x0000000713700000| Complete 
| 234|0x0000000713800000, 0x0000000713900000, 0x0000000713900000|100%| E|CS|TAMS 0x0000000713800000, 0x0000000713800000| Complete 
| 235|0x0000000713900000, 0x0000000713a00000, 0x0000000713a00000|100%| E|CS|TAMS 0x0000000713900000, 0x0000000713900000| Complete 
| 236|0x0000000713a00000, 0x0000000713b00000, 0x0000000713b00000|100%| E|CS|TAMS 0x0000000713a00000, 0x0000000713a00000| Complete 
| 237|0x0000000713b00000, 0x0000000713c00000, 0x0000000713c00000|100%| E|CS|TAMS 0x0000000713b00000, 0x0000000713b00000| Complete 
| 238|0x0000000713c00000, 0x0000000713d00000, 0x0000000713d00000|100%| E|CS|TAMS 0x0000000713c00000, 0x0000000713c00000| Complete 
| 239|0x0000000713d00000, 0x0000000713e00000, 0x0000000713e00000|100%| E|CS|TAMS 0x0000000713d00000, 0x0000000713d00000| Complete 
| 240|0x0000000713e00000, 0x0000000713f00000, 0x0000000713f00000|100%| E|CS|TAMS 0x0000000713e00000, 0x0000000713e00000| Complete 
| 241|0x0000000713f00000, 0x0000000714000000, 0x0000000714000000|100%| E|CS|TAMS 0x0000000713f00000, 0x0000000713f00000| Complete 
| 242|0x0000000714000000, 0x0000000714100000, 0x0000000714100000|100%| E|CS|TAMS 0x0000000714000000, 0x0000000714000000| Complete 
| 243|0x0000000714100000, 0x0000000714200000, 0x0000000714200000|100%| E|CS|TAMS 0x0000000714100000, 0x0000000714100000| Complete 
| 244|0x0000000714200000, 0x0000000714300000, 0x0000000714300000|100%| E|CS|TAMS 0x0000000714200000, 0x0000000714200000| Complete 
| 245|0x0000000714300000, 0x0000000714400000, 0x0000000714400000|100%| E|CS|TAMS 0x0000000714300000, 0x0000000714300000| Complete 
| 246|0x0000000714400000, 0x0000000714500000, 0x0000000714500000|100%| E|CS|TAMS 0x0000000714400000, 0x0000000714400000| Complete 
| 247|0x0000000714500000, 0x0000000714600000, 0x0000000714600000|100%| E|CS|TAMS 0x0000000714500000, 0x0000000714500000| Complete 
| 248|0x0000000714600000, 0x0000000714700000, 0x0000000714700000|100%| E|CS|TAMS 0x0000000714600000, 0x0000000714600000| Complete 
| 249|0x0000000714700000, 0x0000000714800000, 0x0000000714800000|100%| E|CS|TAMS 0x0000000714700000, 0x0000000714700000| Complete 
| 250|0x0000000714800000, 0x0000000714900000, 0x0000000714900000|100%| E|CS|TAMS 0x0000000714800000, 0x0000000714800000| Complete 
| 251|0x0000000714900000, 0x0000000714a00000, 0x0000000714a00000|100%| E|CS|TAMS 0x0000000714900000, 0x0000000714900000| Complete 

Card table byte_map: [0x000002b9b9330000,0x000002b9b9b10000] _byte_map_base: 0x000002b9b5b09000

Marking Bits (Prev, Next): (CMBitMap*) 0x000002b9a0ffcb80, (CMBitMap*) 0x000002b9a0ffcb48
 Prev Bits: [0x000002b9be1c0000, 0x000002b9c2088000)
 Next Bits: [0x000002b9ba2f0000, 0x000002b9be1b8000)

Polling page: 0x000002b9a0670000

Metaspace:

Usage:
  Non-class:     23.35 MB capacity,    23.10 MB ( 99%) used,   203.43 KB ( <1%) free+waste,    55.31 KB ( <1%) overhead. 
      Class:      2.48 MB capacity,     2.30 MB ( 92%) used,   166.03 KB (  7%) free+waste,    26.06 KB (  1%) overhead. 
       Both:     25.84 MB capacity,    25.40 MB ( 98%) used,   369.46 KB (  1%) free+waste,    81.38 KB ( <1%) overhead. 

Virtual space:
  Non-class space:       24.00 MB reserved,      23.42 MB ( 98%) committed 
      Class space:        1.00 GB reserved,       2.50 MB ( <1%) committed 
             Both:        1.02 GB reserved,      25.92 MB (  2%) committed 

Chunk freelists:
   Non-Class:  7.00 KB
       Class:  16.00 KB
        Both:  23.00 KB

MaxMetaspaceSize: 17179869184.00 GB
CompressedClassSpaceSize: 1.00 GB
Initial GC threshold: 20.80 MB
Current GC threshold: 35.08 MB
CDS: off

CodeHeap 'non-profiled nmethods': size=120000Kb used=1631Kb max_used=1631Kb free=118369Kb
 bounds [0x000002b9b12e0000, 0x000002b9b1550000, 0x000002b9b8810000]
CodeHeap 'profiled nmethods': size=120000Kb used=5624Kb max_used=5624Kb free=114375Kb
 bounds [0x000002b9a9db0000, 0x000002b9aa330000, 0x000002b9b12e0000]
CodeHeap 'non-nmethods': size=5760Kb used=1897Kb max_used=1899Kb free=3862Kb
 bounds [0x000002b9a9810000, 0x000002b9a9a80000, 0x000002b9a9db0000]
 total_blobs=3668 nmethods=2370 adapters=1208
 compilation: enabled
              stopped_count=0, restarted_count=0
 full_count=0

Compilation events (20 events):
Event: 12.561 Thread 0x000002b9c4c2c000 nmethod 2361 0x000002b9aa326e90 code [0x000002b9aa327040, 0x000002b9aa327158]
Event: 12.575 Thread 0x000002b9c4c2b000 2362       4       java.lang.StringLatin1::lastIndexOf (125 bytes)
Event: 12.577 Thread 0x000002b9c4c2b000 nmethod 2362 0x000002b9b1476310 code [0x000002b9b14764a0, 0x000002b9b14766d8]
Event: 12.582 Thread 0x000002b9c4c2c000 2363       3       java.lang.ClassLoader::findNative (81 bytes)
Event: 12.582 Thread 0x000002b9c4c2c000 nmethod 2363 0x000002b9aa327210 code [0x000002b9aa327460, 0x000002b9aa327c98]
Event: 12.632 Thread 0x000002b9c4c2c000 2364       3       java.lang.Math::round (56 bytes)
Event: 12.632 Thread 0x000002b9c4c2c000 nmethod 2364 0x000002b9aa327f10 code [0x000002b9aa3280c0, 0x000002b9aa328298]
Event: 12.636 Thread 0x000002b9c4c2c000 2365       3       sun.awt.image.OffScreenImageSource::sendPixels (733 bytes)
Event: 12.638 Thread 0x000002b9c4c2c000 nmethod 2365 0x000002b9aa328310 code [0x000002b9aa328740, 0x000002b9aa32b2f8]
Event: 12.638 Thread 0x000002b9c4c2c000 2366       3       java.awt.image.ReplicateScaleFilter::setPixels (226 bytes)
Event: 12.639 Thread 0x000002b9c4c2c000 nmethod 2366 0x000002b9aa32be90 code [0x000002b9aa32c0c0, 0x000002b9aa32cad8]
Event: 12.672 Thread 0x000002b9c4c2b000 2367       4       java.awt.image.ReplicateScaleFilter::setPixels (226 bytes)
Event: 12.684 Thread 0x000002b9c4c2b000 nmethod 2367 0x000002b9b1476910 code [0x000002b9b1476ae0, 0x000002b9b1477618]
Event: 12.796 Thread 0x000002b9c4c2b000 2368   !   4       sun.awt.image.ImageRepresentation::getOpaqueRGBImage (164 bytes)
Event: 12.797 Thread 0x000002b9c4c2c000 2369       3       java.nio.ByteBuffer::arrayOffset (35 bytes)
Event: 12.798 Thread 0x000002b9c4c2c000 nmethod 2369 0x000002b9aa32cf10 code [0x000002b9aa32d0e0, 0x000002b9aa32d3b8]
Event: 12.798 Thread 0x000002b9c4c2c000 2370       3       java.nio.ByteBuffer::array (35 bytes)
Event: 12.798 Thread 0x000002b9c4c2c000 nmethod 2370 0x000002b9aa32d510 code [0x000002b9aa32d6e0, 0x000002b9aa32d9b8]
Event: 12.798 Thread 0x000002b9c4c2c000 2371       3       java.nio.CharBuffer::arrayOffset (35 bytes)
Event: 12.798 Thread 0x000002b9c4c2c000 nmethod 2371 0x000002b9aa32db10 code [0x000002b9aa32dce0, 0x000002b9aa32dfb8]

GC Heap History (14 events):
Event: 0.448 GC heap before
{Heap before GC invocations=0 (full 0):
 garbage-first heap   total 258048K, used 24576K [0x0000000704e00000, 0x0000000800000000)
  region size 1024K, 24 young (24576K), 0 survivors (0K)
 Metaspace       used 7425K, capacity 7576K, committed 7680K, reserved 1056768K
  class space    used 625K, capacity 676K, committed 768K, reserved 1048576K
}
Event: 0.450 GC heap after
{Heap after GC invocations=1 (full 0):
 garbage-first heap   total 258048K, used 1329K [0x0000000704e00000, 0x0000000800000000)
  region size 1024K, 2 young (2048K), 2 survivors (2048K)
 Metaspace       used 7425K, capacity 7576K, committed 7680K, reserved 1056768K
  class space    used 625K, capacity 676K, committed 768K, reserved 1048576K
}
Event: 1.296 GC heap before
{Heap before GC invocations=1 (full 0):
 garbage-first heap   total 258048K, used 159025K [0x0000000704e00000, 0x0000000800000000)
  region size 1024K, 151 young (154624K), 2 survivors (2048K)
 Metaspace       used 12653K, capacity 12799K, committed 13056K, reserved 1060864K
  class space    used 700K, capacity 746K, committed 768K, reserved 1048576K
}
Event: 1.298 GC heap after
{Heap after GC invocations=2 (full 0):
 garbage-first heap   total 258048K, used 4607K [0x0000000704e00000, 0x0000000800000000)
  region size 1024K, 5 young (5120K), 5 survivors (5120K)
 Metaspace       used 12653K, capacity 12799K, committed 13056K, reserved 1060864K
  class space    used 700K, capacity 746K, committed 768K, reserved 1048576K
}
Event: 1.615 GC heap before
{Heap before GC invocations=2 (full 0):
 garbage-first heap   total 258048K, used 154111K [0x0000000704e00000, 0x0000000800000000)
  region size 1024K, 151 young (154624K), 5 survivors (5120K)
 Metaspace       used 12664K, capacity 12863K, committed 13056K, reserved 1060864K
  class space    used 700K, capacity 746K, committed 768K, reserved 1048576K
}
Event: 1.617 GC heap after
{Heap after GC invocations=3 (full 0):
 garbage-first heap   total 258048K, used 4737K [0x0000000704e00000, 0x0000000800000000)
  region size 1024K, 5 young (5120K), 5 survivors (5120K)
 Metaspace       used 12664K, capacity 12863K, committed 13056K, reserved 1060864K
  class space    used 700K, capacity 746K, committed 768K, reserved 1048576K
}
Event: 3.176 GC heap before
{Heap before GC invocations=3 (full 0):
 garbage-first heap   total 258048K, used 154241K [0x0000000704e00000, 0x0000000800000000)
  region size 1024K, 151 young (154624K), 5 survivors (5120K)
 Metaspace       used 17652K, capacity 17792K, committed 18176K, reserved 1067008K
  class space    used 1405K, capacity 1450K, committed 1536K, reserved 1048576K
}
Event: 3.179 GC heap after
{Heap after GC invocations=4 (full 0):
 garbage-first heap   total 258048K, used 5382K [0x0000000704e00000, 0x0000000800000000)
  region size 1024K, 6 young (6144K), 6 survivors (6144K)
 Metaspace       used 17652K, capacity 17792K, committed 18176K, reserved 1067008K
  class space    used 1405K, capacity 1450K, committed 1536K, reserved 1048576K
}
Event: 3.545 GC heap before
{Heap before GC invocations=4 (full 0):
 garbage-first heap   total 258048K, used 20742K [0x0000000704e00000, 0x0000000800000000)
  region size 1024K, 22 young (22528K), 6 survivors (6144K)
 Metaspace       used 20947K, capacity 21175K, committed 21296K, reserved 1069056K
  class space    used 1774K, capacity 1883K, committed 1920K, reserved 1048576K
}
Event: 3.549 GC heap after
{Heap after GC invocations=5 (full 0):
 garbage-first heap   total 258048K, used 6011K [0x0000000704e00000, 0x0000000800000000)
  region size 1024K, 6 young (6144K), 6 survivors (6144K)
 Metaspace       used 20947K, capacity 21175K, committed 21296K, reserved 1069056K
  class space    used 1774K, capacity 1883K, committed 1920K, reserved 1048576K
}
Event: 3.849 GC heap before
{Heap before GC invocations=6 (full 0):
 garbage-first heap   total 258048K, used 202619K [0x0000000704e00000, 0x0000000800000000)
  region size 1024K, 151 young (154624K), 6 survivors (6144K)
 Metaspace       used 23709K, capacity 24181K, committed 24240K, reserved 1071104K
  class space    used 2115K, capacity 2295K, committed 2304K, reserved 1048576K
}
Event: 3.853 GC heap after
{Heap after GC invocations=7 (full 0):
 garbage-first heap   total 258048K, used 31251K [0x0000000704e00000, 0x0000000800000000)
  region size 1024K, 7 young (7168K), 7 survivors (7168K)
 Metaspace       used 23709K, capacity 24181K, committed 24240K, reserved 1071104K
  class space    used 2115K, capacity 2295K, committed 2304K, reserved 1048576K
}
Event: 12.725 GC heap before
{Heap before GC invocations=7 (full 0):
 garbage-first heap   total 258048K, used 243219K [0x0000000704e00000, 0x0000000800000000)
  region size 1024K, 151 young (154624K), 7 survivors (7168K)
 Metaspace       used 25993K, capacity 26457K, committed 26544K, reserved 1073152K
  class space    used 2350K, capacity 2544K, committed 2560K, reserved 1048576K
}
Event: 12.730 GC heap after
{Heap after GC invocations=8 (full 0):
 garbage-first heap   total 258048K, used 64509K [0x0000000704e00000, 0x0000000800000000)
  region size 1024K, 7 young (7168K), 7 survivors (7168K)
 Metaspace       used 25993K, capacity 26457K, committed 26544K, reserved 1073152K
  class space    used 2350K, capacity 2544K, committed 2560K, reserved 1048576K
}

Deoptimization events (20 events):
Event: 12.636 Thread 0x000002ba21be0000 DEOPT PACKING pc=0x000002b9b144970c sp=0x000000d0bf1fb220
Event: 12.636 Thread 0x000002ba21be0000 DEOPT UNPACKING pc=0x000002b9a98185af sp=0x000000d0bf1fb0f8 mode 2
Event: 12.636 Thread 0x000002ba21be0000 Uncommon trap: trap_request=0xffffff4d fr.pc=0x000002b9b144cc0c relative=0x000000000000082c
Event: 12.636 Thread 0x000002ba21be0000 Uncommon trap: reason=unstable_if action=reinterpret pc=0x000002b9b144cc0c method=java.awt.image.ReplicateScaleFilter.setPixels(IIIILjava/awt/image/ColorModel;[III)V @ 4 c2
Event: 12.636 Thread 0x000002ba21be0000 DEOPT PACKING pc=0x000002b9b144cc0c sp=0x000000d0bf1fb1a0
Event: 12.636 Thread 0x000002ba21be0000 DEOPT UNPACKING pc=0x000002b9a98185af sp=0x000000d0bf1fb118 mode 2
Event: 12.642 Thread 0x000002ba21be0000 DEOPT PACKING pc=0x000002b9aa32c9ea sp=0x000000d0bf1fb180
Event: 12.642 Thread 0x000002ba21be0000 DEOPT UNPACKING pc=0x000002b9a9859d0e sp=0x000000d0bf1fa610 mode 0
Event: 12.653 Thread 0x000002ba21be0000 DEOPT PACKING pc=0x000002b9aa32c9ea sp=0x000000d0bf1fb180
Event: 12.653 Thread 0x000002ba21be0000 DEOPT UNPACKING pc=0x000002b9a9859d0e sp=0x000000d0bf1fa610 mode 0
Event: 12.662 Thread 0x000002ba21be0000 DEOPT PACKING pc=0x000002b9aa32c9ea sp=0x000000d0bf1fb180
Event: 12.662 Thread 0x000002ba21be0000 DEOPT UNPACKING pc=0x000002b9a9859d0e sp=0x000000d0bf1fa610 mode 0
Event: 12.672 Thread 0x000002ba21be0000 DEOPT PACKING pc=0x000002b9aa32c9ea sp=0x000000d0bf1fb180
Event: 12.672 Thread 0x000002ba21be0000 DEOPT UNPACKING pc=0x000002b9a9859d0e sp=0x000000d0bf1fa610 mode 0
Event: 12.682 Thread 0x000002ba21be0000 DEOPT PACKING pc=0x000002b9aa32c9ea sp=0x000000d0bf1fb180
Event: 12.682 Thread 0x000002ba21be0000 DEOPT UNPACKING pc=0x000002b9a9859d0e sp=0x000000d0bf1fa610 mode 0
Event: 12.796 Thread 0x000002ba21be0000 Uncommon trap: trap_request=0xffffff4d fr.pc=0x000002b9b144dee8 relative=0x0000000000000328
Event: 12.796 Thread 0x000002ba21be0000 Uncommon trap: reason=unstable_if action=reinterpret pc=0x000002b9b144dee8 method=sun.awt.image.ImageRepresentation.getOpaqueRGBImage()Ljava/awt/image/BufferedImage; @ 57 c2
Event: 12.796 Thread 0x000002ba21be0000 DEOPT PACKING pc=0x000002b9b144dee8 sp=0x000000d0bf1fb160
Event: 12.796 Thread 0x000002ba21be0000 DEOPT UNPACKING pc=0x000002b9a98185af sp=0x000000d0bf1fb0f0 mode 2

Classes redefined (0 events):
No events

Internal exceptions (20 events):
Event: 3.355 Thread 0x000002ba21be0000 Implicit null exception at 0x000002b9b13eaf7c to 0x000002b9b13eb09c
Event: 3.574 Thread 0x000002ba21be0000 Exception <a 'java/lang/NoSuchMethodError'{0x0000000714845178}: 'java.lang.Object java.lang.invoke.DirectMethodHandle$Holder.invokeStatic(java.lang.Object, int, java.lang.Object, java.lang.Object, java.lang.Object, java.lang.Object)'> (0x0000000714845178) thrown at [./src/hotspot/share/interpreter/linkResolver.cpp, line 773]
Event: 3.575 Thread 0x000002ba21be0000 Exception <a 'java/lang/NoSuchMethodError'{0x000000071484c238}: 'java.lang.Object java.lang.invoke.DirectMethodHandle$Holder.invokeStatic(java.lang.Object, int, java.lang.Object, java.lang.Object, java.lang.Object)'> (0x000000071484c238) thrown at [./src/hotspot/share/interpreter/linkResolver.cpp, line 773]
Event: 3.575 Thread 0x000002ba21be0000 Exception <a 'java/lang/NoSuchMethodError'{0x000000071484fd80}: 'java.lang.Object java.lang.invoke.DirectMethodHandle$Holder.invokeSpecial(java.lang.Object, java.lang.Object, int, java.lang.Object, java.lang.Object, java.lang.Object)'> (0x000000071484fd80) thrown at [./src/hotspot/share/interpreter/linkResolver.cpp, line 773]
Event: 3.591 Thread 0x000002ba21be0000 Exception <a 'java/lang/ClassNotFoundException'{0x0000000714712aa8}: com/sun/swing/internal/plaf/metal/resources/spi/metalProvider> (0x0000000714712aa8) thrown at [./src/hotspot/share/classfile/systemDictionary.cpp, line 230]
Event: 3.591 Thread 0x000002ba21be0000 Exception <a 'java/lang/ClassNotFoundException'{0x0000000714716aa8}: com/sun/swing/internal/plaf/basic/resources/spi/basicProvider> (0x0000000714716aa8) thrown at [./src/hotspot/share/classfile/systemDictionary.cpp, line 230]
Event: 3.597 Thread 0x000002ba21be0000 Implicit null exception at 0x000002b9b13400f5 to 0x000002b9b13402c4
Event: 3.597 Thread 0x000002ba21be0000 Implicit null exception at 0x000002b9b13b5ff8 to 0x000002b9b13b608a
Event: 3.601 Thread 0x000002ba21be0000 Implicit null exception at 0x000002b9b12f51af to 0x000002b9b12f5229
Event: 3.687 Thread 0x000002ba21be0000 Exception <a 'java/lang/NoSuchMethodError'{0x00000007146b7840}: 'java.lang.Object java.lang.invoke.DirectMethodHandle$Holder.invokeStatic(java.lang.Object, java.lang.Object, java.lang.Object, java.lang.Object, java.lang.Object, java.lang.Object, java.lang.Object, java.lang.Object, java.lang.Object, java.lang.Object, java.lang.Object, int)'> (0x00000007146b7840) thrown at [./src/hotspot/share/interpreter/linkResolver.cpp, line 773]
Event: 3.688 Thread 0x000002ba21be0000 Exception <a 'java/lang/NoSuchMethodError'{0x00000007146d59e8}: 'java.lang.Object java.lang.invoke.DirectMethodHandle$Holder.invokeStatic(java.lang.Object, java.lang.Object, java.lang.Object, java.lang.Object, java.lang.Object, java.lang.Object, java.lang.Object, java.lang.Object, java.lang.Object, java.lang.Object, java.lang.Object, int, int)'> (0x00000007146d59e8) thrown at [./src/hotspot/share/interpreter/linkResolver.cpp, line 773]
Event: 3.689 Thread 0x000002ba21be0000 Exception <a 'java/lang/NoSuchMethodError'{0x00000007146f4a20}: 'java.lang.Object java.lang.invoke.DirectMethodHandle$Holder.invokeStatic(java.lang.Object, java.lang.Object, java.lang.Object, java.lang.Object, java.lang.Object, java.lang.Object, java.lang.Object, java.lang.Object, java.lang.Object, java.lang.Object, java.lang.Object, int, int, java.lang.Object)'> (0x00000007146f4a20) thrown at [./src/hotspot/share/interpreter/linkResolver.cpp, line 773]
Event: 3.690 Thread 0x000002ba21be0000 Exception <a 'java/lang/NoSuchMethodError'{0x0000000714515608}: 'java.lang.Object java.lang.invoke.DirectMethodHandle$Holder.invokeStatic(java.lang.Object, java.lang.Object, java.lang.Object, java.lang.Object, java.lang.Object, java.lang.Object, java.lang.Object, java.lang.Object, java.lang.Object, java.lang.Object, java.lang.Object, int, int, java.lang.Object, java.lang.Object)'> (0x0000000714515608) thrown at [./src/hotspot/share/interpreter/linkResolver.cpp, line 773]
Event: 3.899 Thread 0x000002ba1fdc9000 Exception <a 'java/lang/NoSuchMethodError'{0x0000000712288960}: 'void java.lang.invoke.DirectMethodHandle$Holder.invokeVirtual(java.lang.Object, java.lang.Object)'> (0x0000000712288960) thrown at [./src/hotspot/share/interpreter/linkResolver.cpp, line 773]
Event: 3.910 Thread 0x000002ba21be0000 Exception <a 'java/lang/NoSuchMethodError'{0x0000000712248688}: 'void java.lang.invoke.DirectMethodHandle$Holder.invokeStaticInit(java.lang.Object)'> (0x0000000712248688) thrown at [./src/hotspot/share/interpreter/linkResolver.cpp, line 773]
Event: 3.915 Thread 0x000002ba21be0000 Exception <a 'java/lang/NoSuchMethodError'{0x0000000712117ef8}: 'java.lang.Object java.lang.invoke.Invokers$Holder.linkToTargetMethod(java.lang.Object, int, java.lang.Object)'> (0x0000000712117ef8) thrown at [./src/hotspot/share/interpreter/linkResolver.cpp, line 773]
Event: 12.636 Thread 0x000002ba21be0000 Implicit null exception at 0x000002b9b144c430 to 0x000002b9b144cbf8
Event: 12.796 Thread 0x000002ba21be0000 Exception <a 'java/lang/OutOfMemoryError'{0x000000070b8b1980}> (0x000000070b8b1980) thrown at [./src/hotspot/share/oops/typeArrayKlass.cpp, line 111]
Event: 12.796 Thread 0x000002ba21be0000 Exception <a 'java/lang/OutOfMemoryError'{0x000000070b8b1980}> (0x000000070b8b1980) thrown at [./src/hotspot/share/prims/jvm.cpp, line 1310]
Event: 12.796 Thread 0x000002ba21be0000 Exception <a 'java/lang/OutOfMemoryError'{0x000000070b8b1980}> (0x000000070b8b1980) thrown at [./src/hotspot/share/prims/jvm.cpp, line 1310]

Events (20 events):
Event: 12.331 loading class java/awt/Scrollbar
Event: 12.331 loading class java/awt/Adjustable
Event: 12.331 loading class java/awt/Adjustable done
Event: 12.331 loading class java/awt/Scrollbar done
Event: 12.455 loading class sun/awt/windows/WButtonPeer$1
Event: 12.456 loading class sun/awt/windows/WButtonPeer$1 done
Event: 12.456 loading class sun/awt/SunToolkit$2
Event: 12.456 loading class sun/awt/SunToolkit$2 done
Event: 12.456 Executing VM operation: Deoptimize
Event: 12.456 Executing VM operation: Deoptimize done
Event: 12.632 loading class java/awt/color/ICC_ProfileGray
Event: 12.632 loading class java/awt/color/ICC_ProfileGray done
Event: 12.725 Executing VM operation: G1CollectForAllocation
Event: 12.730 Executing VM operation: G1CollectForAllocation done
Event: 12.796 loading class java/lang/Throwable$WrappedPrintStream
Event: 12.796 loading class java/lang/Throwable$PrintStreamOrWriter
Event: 12.796 loading class java/lang/Throwable$PrintStreamOrWriter done
Event: 12.796 loading class java/lang/Throwable$WrappedPrintStream done
Event: 12.797 loading class java/lang/StackTraceElement$HashedModules
Event: 12.797 loading class java/lang/StackTraceElement$HashedModules done


Dynamic libraries:
0x00007ff6cd600000 - 0x00007ff6cd60d000 	C:\Program Files\Eclipse Adoptium\jdk-11.0.18.10-hotspot\bin\java.exe
0x00007ff97d850000 - 0x00007ff97da45000 	C:\windows\SYSTEM32\ntdll.dll
0x00007ff97b930000 - 0x00007ff97b9ee000 	C:\windows\System32\KERNEL32.DLL
0x00007ff97b040000 - 0x00007ff97b308000 	C:\windows\System32\KERNELBASE.dll
0x00007ff97b420000 - 0x00007ff97b520000 	C:\windows\System32\ucrtbase.dll
0x00007ff95d7a0000 - 0x00007ff95d7b9000 	C:\Program Files\Eclipse Adoptium\jdk-11.0.18.10-hotspot\bin\VCRUNTIME140.dll
0x00007ff95dec0000 - 0x00007ff95ded7000 	C:\Program Files\Eclipse Adoptium\jdk-11.0.18.10-hotspot\bin\jli.dll
0x00007ff97c600000 - 0x00007ff97c7a0000 	C:\windows\System32\USER32.dll
0x00007ff97af70000 - 0x00007ff97af92000 	C:\windows\System32\win32u.dll
0x00007ff97d730000 - 0x00007ff97d75a000 	C:\windows\System32\GDI32.dll
0x00007ff97b310000 - 0x00007ff97b41b000 	C:\windows\System32\gdi32full.dll
0x00007ff97b6b0000 - 0x00007ff97b74d000 	C:\windows\System32\msvcp_win.dll
0x00007ff962300000 - 0x00007ff96259a000 	C:\windows\WinSxS\amd64_microsoft.windows.common-controls_6595b64144ccf1df_6.0.19041.1110_none_60b5254171f9507e\COMCTL32.dll
0x00007ff97d680000 - 0x00007ff97d71e000 	C:\windows\System32\msvcrt.dll
0x00007ff97c4c0000 - 0x00007ff97c4f0000 	C:\windows\System32\IMM32.DLL
0x00007ff9694f0000 - 0x00007ff96965b000 	C:\windows\system32\tmumh\20019\AddOn\8.55.0.1119\TmUmEvt64.dll
0x00007ff97d720000 - 0x00007ff97d728000 	C:\windows\System32\PSAPI.DLL
0x00007ff97d760000 - 0x00007ff97d80e000 	C:\windows\System32\ADVAPI32.dll
0x00007ff97bb80000 - 0x00007ff97bc1c000 	C:\windows\System32\sechost.dll
0x00007ff97c390000 - 0x00007ff97c4b5000 	C:\windows\System32\RPCRT4.dll
0x0000000052ae0000 - 0x0000000052c53000 	C:\windows\system32\tmumh\20019\TmMon\2.9.0.1042\tmmon64.dll
0x00007ff940c60000 - 0x00007ff940de0000 	C:\PROGRAMDATA\Log collection\5.5.1.70\Log collectionApi.dll
0x00007ff97cca0000 - 0x00007ff97ccf6000 	C:\windows\System32\WLDAP32.dll
0x00007ff97cc10000 - 0x00007ff97cc7b000 	C:\windows\System32\WS2_32.dll
0x00007ff97afa0000 - 0x00007ff97b008000 	C:\windows\System32\WINTRUST.dll
0x00007ff97b750000 - 0x00007ff97b8a6000 	C:\windows\System32\CRYPT32.dll
0x00007ff979de0000 - 0x00007ff979dec000 	C:\windows\SYSTEM32\Secur32.dll
0x00007ff9633d0000 - 0x00007ff9633db000 	C:\windows\SYSTEM32\FLTLIB.DLL
0x00007ff979df0000 - 0x00007ff979e04000 	C:\windows\SYSTEM32\WTSAPI32.dll
0x00007ff979e10000 - 0x00007ff979e2a000 	C:\windows\SYSTEM32\NETAPI32.dll
0x00007ff957160000 - 0x00007ff95718a000 	C:\windows\SYSTEM32\NTDSAPI.dll
0x00007ff979dd0000 - 0x00007ff979dda000 	C:\windows\SYSTEM32\VERSION.dll
0x00007ff9583a0000 - 0x00007ff9583bf000 	C:\windows\SYSTEM32\MPR.dll
0x00007ff97ae30000 - 0x00007ff97ae62000 	C:\windows\SYSTEM32\SSPICLI.DLL
0x00007ff97a420000 - 0x00007ff97a42c000 	C:\windows\SYSTEM32\NETUTILS.DLL
0x00007ff979db0000 - 0x00007ff979dc9000 	C:\windows\SYSTEM32\SAMCLI.DLL
0x00007ff97ab60000 - 0x00007ff97ab72000 	C:\windows\SYSTEM32\MSASN1.dll
0x00007ff979760000 - 0x00007ff9797ba000 	C:\windows\SYSTEM32\WINSTA.dll
0x00007ff96e1a0000 - 0x00007ff96e1c8000 	C:\windows\SYSTEM32\SRVCLI.DLL
0x00007ff97a170000 - 0x00007ff97a189000 	C:\windows\SYSTEM32\WKSCLI.DLL
0x00007ff97a550000 - 0x00007ff97a594000 	C:\windows\SYSTEM32\LOGONCLI.DLL
0x00007ff963790000 - 0x00007ff96379c000 	C:\Program Files\Eclipse Adoptium\jdk-11.0.18.10-hotspot\bin\vcruntime140_1.dll
0x00007ff914c40000 - 0x00007ff914cd1000 	C:\Program Files\Eclipse Adoptium\jdk-11.0.18.10-hotspot\bin\msvcp140.dll
0x00007ff8f38e0000 - 0x00007ff8f449a000 	C:\Program Files\Eclipse Adoptium\jdk-11.0.18.10-hotspot\bin\server\jvm.dll
0x00007ff9541b0000 - 0x00007ff9541b9000 	C:\windows\SYSTEM32\WSOCK32.dll
0x00007ff96f070000 - 0x00007ff96f097000 	C:\windows\SYSTEM32\WINMM.dll
0x00007ff979d90000 - 0x00007ff979da2000 	C:\windows\SYSTEM32\kernel.appcore.dll
0x00007ff962600000 - 0x00007ff962610000 	C:\Program Files\Eclipse Adoptium\jdk-11.0.18.10-hotspot\bin\verify.dll
0x00007ff978f10000 - 0x00007ff9790f4000 	C:\windows\SYSTEM32\DBGHELP.DLL
0x00007ff956860000 - 0x00007ff95688c000 	C:\windows\SYSTEM32\dbgcore.DLL
0x00007ff97b520000 - 0x00007ff97b5a2000 	C:\windows\System32\bcryptPrimitives.dll
0x00007ff94ca00000 - 0x00007ff94ca28000 	C:\Program Files\Eclipse Adoptium\jdk-11.0.18.10-hotspot\bin\java.dll
0x00007ff962040000 - 0x00007ff96204a000 	C:\Program Files\Eclipse Adoptium\jdk-11.0.18.10-hotspot\bin\jimage.dll
0x00007ff95ce50000 - 0x00007ff95ce68000 	C:\Program Files\Eclipse Adoptium\jdk-11.0.18.10-hotspot\bin\zip.dll
0x00007ff97bc40000 - 0x00007ff97c384000 	C:\windows\System32\SHELL32.dll
0x00007ff9786b0000 - 0x00007ff978e44000 	C:\windows\SYSTEM32\windows.storage.dll
0x00007ff97cd00000 - 0x00007ff97d054000 	C:\windows\System32\combase.dll
0x00007ff97a9e0000 - 0x00007ff97aa0c000 	C:\windows\SYSTEM32\Wldp.dll
0x00007ff97c550000 - 0x00007ff97c5fd000 	C:\windows\System32\SHCORE.dll
0x00007ff97b9f0000 - 0x00007ff97ba45000 	C:\windows\System32\shlwapi.dll
0x00007ff97aeb0000 - 0x00007ff97aecf000 	C:\windows\SYSTEM32\profapi.dll
0x00007ff952b80000 - 0x00007ff952b99000 	C:\Program Files\Eclipse Adoptium\jdk-11.0.18.10-hotspot\bin\net.dll
0x00007ff974380000 - 0x00007ff97448a000 	C:\windows\SYSTEM32\WINHTTP.dll
0x00007ff97a740000 - 0x00007ff97a7aa000 	C:\windows\system32\mswsock.dll
0x00007ff952950000 - 0x00007ff952963000 	C:\Program Files\Eclipse Adoptium\jdk-11.0.18.10-hotspot\bin\nio.dll
0x000002b9a0df0000 - 0x000002b9a0df4000 	C:\Users\oalfuraydi.MURL097631B55LG\.javacpp\cache\javacpp-1.5.9-SNAPSHOT-windows-x86_64.jar\org\bytedeco\javacpp\windows-x86_64\api-ms-win-crt-locale-l1-1-0.dll
0x000002b9a0e00000 - 0x000002b9a0e05000 	C:\Users\oalfuraydi.MURL097631B55LG\.javacpp\cache\javacpp-1.5.9-SNAPSHOT-windows-x86_64.jar\org\bytedeco\javacpp\windows-x86_64\api-ms-win-crt-string-l1-1-0.dll
0x000002b9a0e10000 - 0x000002b9a0e15000 	C:\Users\oalfuraydi.MURL097631B55LG\.javacpp\cache\javacpp-1.5.9-SNAPSHOT-windows-x86_64.jar\org\bytedeco\javacpp\windows-x86_64\api-ms-win-crt-stdio-l1-1-0.dll
0x000002b9a0e20000 - 0x000002b9a0e26000 	C:\Users\oalfuraydi.MURL097631B55LG\.javacpp\cache\javacpp-1.5.9-SNAPSHOT-windows-x86_64.jar\org\bytedeco\javacpp\windows-x86_64\api-ms-win-crt-math-l1-1-0.dll
0x000002b9a0e30000 - 0x000002b9a0e34000 	C:\Users\oalfuraydi.MURL097631B55LG\.javacpp\cache\javacpp-1.5.9-SNAPSHOT-windows-x86_64.jar\org\bytedeco\javacpp\windows-x86_64\api-ms-win-crt-heap-l1-1-0.dll
0x000002b9a0e40000 - 0x000002b9a0e45000 	C:\Users\oalfuraydi.MURL097631B55LG\.javacpp\cache\javacpp-1.5.9-SNAPSHOT-windows-x86_64.jar\org\bytedeco\javacpp\windows-x86_64\api-ms-win-crt-runtime-l1-1-0.dll
0x000002b9a0e50000 - 0x000002b9a0e55000 	C:\Users\oalfuraydi.MURL097631B55LG\.javacpp\cache\javacpp-1.5.9-SNAPSHOT-windows-x86_64.jar\org\bytedeco\javacpp\windows-x86_64\api-ms-win-crt-convert-l1-1-0.dll
0x000002b9a0e60000 - 0x000002b9a0e64000 	C:\Users\oalfuraydi.MURL097631B55LG\.javacpp\cache\javacpp-1.5.9-SNAPSHOT-windows-x86_64.jar\org\bytedeco\javacpp\windows-x86_64\api-ms-win-crt-environment-l1-1-0.dll
0x000002b9c5f40000 - 0x000002b9c5f44000 	C:\Users\oalfuraydi.MURL097631B55LG\.javacpp\cache\javacpp-1.5.9-SNAPSHOT-windows-x86_64.jar\org\bytedeco\javacpp\windows-x86_64\api-ms-win-crt-time-l1-1-0.dll
0x000002b9c5f50000 - 0x000002b9c5f54000 	C:\Users\oalfuraydi.MURL097631B55LG\.javacpp\cache\javacpp-1.5.9-SNAPSHOT-windows-x86_64.jar\org\bytedeco\javacpp\windows-x86_64\api-ms-win-crt-filesystem-l1-1-0.dll
0x000002b9c5f60000 - 0x000002b9c5f64000 	C:\Users\oalfuraydi.MURL097631B55LG\.javacpp\cache\javacpp-1.5.9-SNAPSHOT-windows-x86_64.jar\org\bytedeco\javacpp\windows-x86_64\api-ms-win-crt-utility-l1-1-0.dll
0x000002b9c5f70000 - 0x000002b9c5f76000 	C:\Users\oalfuraydi.MURL097631B55LG\.javacpp\cache\javacpp-1.5.9-SNAPSHOT-windows-x86_64.jar\org\bytedeco\javacpp\windows-x86_64\api-ms-win-crt-multibyte-l1-1-0.dll
0x000002b9c5f80000 - 0x000002b9c5f84000 	C:\Users\oalfuraydi.MURL097631B55LG\.javacpp\cache\javacpp-1.5.9-SNAPSHOT-windows-x86_64.jar\org\bytedeco\javacpp\windows-x86_64\api-ms-win-crt-conio-l1-1-0.dll
0x000002b9c5f90000 - 0x000002b9c5fa1000 	C:\Users\oalfuraydi.MURL097631B55LG\.javacpp\cache\javacpp-1.5.9-SNAPSHOT-windows-x86_64.jar\org\bytedeco\javacpp\windows-x86_64\api-ms-win-crt-private-l1-1-0.dll
0x000002b9c5fb0000 - 0x000002b9c5fb4000 	C:\Users\oalfuraydi.MURL097631B55LG\.javacpp\cache\javacpp-1.5.9-SNAPSHOT-windows-x86_64.jar\org\bytedeco\javacpp\windows-x86_64\api-ms-win-crt-process-l1-1-0.dll
0x000002b9c5fc0000 - 0x000002b9c5fc4000 	C:\Users\oalfuraydi.MURL097631B55LG\.javacpp\cache\javacpp-1.5.9-SNAPSHOT-windows-x86_64.jar\org\bytedeco\javacpp\windows-x86_64\api-ms-win-core-console-l1-2-0.dll
0x000002b9c5fd0000 - 0x000002b9c5fd4000 	C:\Users\oalfuraydi.MURL097631B55LG\.javacpp\cache\javacpp-1.5.9-SNAPSHOT-windows-x86_64.jar\org\bytedeco\javacpp\windows-x86_64\api-ms-win-core-string-l1-1-0.dll
0x000002b9c5fe0000 - 0x000002b9c5fe4000 	C:\Users\oalfuraydi.MURL097631B55LG\.javacpp\cache\javacpp-1.5.9-SNAPSHOT-windows-x86_64.jar\org\bytedeco\javacpp\windows-x86_64\api-ms-win-core-errorhandling-l1-1-0.dll
0x000002b9c5ff0000 - 0x000002b9c5ff4000 	C:\Users\oalfuraydi.MURL097631B55LG\.javacpp\cache\javacpp-1.5.9-SNAPSHOT-windows-x86_64.jar\org\bytedeco\javacpp\windows-x86_64\api-ms-win-core-timezone-l1-1-0.dll
0x000002b9c6000000 - 0x000002b9c6005000 	C:\Users\oalfuraydi.MURL097631B55LG\.javacpp\cache\javacpp-1.5.9-SNAPSHOT-windows-x86_64.jar\org\bytedeco\javacpp\windows-x86_64\api-ms-win-core-file-l1-1-0.dll
0x000002b9c6010000 - 0x000002b9c6014000 	C:\Users\oalfuraydi.MURL097631B55LG\.javacpp\cache\javacpp-1.5.9-SNAPSHOT-windows-x86_64.jar\org\bytedeco\javacpp\windows-x86_64\api-ms-win-core-namedpipe-l1-1-0.dll
0x000002b9c6020000 - 0x000002b9c6024000 	C:\Users\oalfuraydi.MURL097631B55LG\.javacpp\cache\javacpp-1.5.9-SNAPSHOT-windows-x86_64.jar\org\bytedeco\javacpp\windows-x86_64\api-ms-win-core-handle-l1-1-0.dll
0x000002b9c6030000 - 0x000002b9c6034000 	C:\Users\oalfuraydi.MURL097631B55LG\.javacpp\cache\javacpp-1.5.9-SNAPSHOT-windows-x86_64.jar\org\bytedeco\javacpp\windows-x86_64\api-ms-win-core-file-l2-1-0.dll
0x000002b9c6040000 - 0x000002b9c6044000 	C:\Users\oalfuraydi.MURL097631B55LG\.javacpp\cache\javacpp-1.5.9-SNAPSHOT-windows-x86_64.jar\org\bytedeco\javacpp\windows-x86_64\api-ms-win-core-heap-l1-1-0.dll
0x000002b9c7020000 - 0x000002b9c7024000 	C:\Users\oalfuraydi.MURL097631B55LG\.javacpp\cache\javacpp-1.5.9-SNAPSHOT-windows-x86_64.jar\org\bytedeco\javacpp\windows-x86_64\api-ms-win-core-libraryloader-l1-1-0.dll
0x000002b9c7030000 - 0x000002b9c7034000 	C:\Users\oalfuraydi.MURL097631B55LG\.javacpp\cache\javacpp-1.5.9-SNAPSHOT-windows-x86_64.jar\org\bytedeco\javacpp\windows-x86_64\api-ms-win-core-synch-l1-1-0.dll
0x000002b9c7040000 - 0x000002b9c7044000 	C:\Users\oalfuraydi.MURL097631B55LG\.javacpp\cache\javacpp-1.5.9-SNAPSHOT-windows-x86_64.jar\org\bytedeco\javacpp\windows-x86_64\api-ms-win-core-processthreads-l1-1-0.dll
0x000002b9c7050000 - 0x000002b9c7054000 	C:\Users\oalfuraydi.MURL097631B55LG\.javacpp\cache\javacpp-1.5.9-SNAPSHOT-windows-x86_64.jar\org\bytedeco\javacpp\windows-x86_64\api-ms-win-core-processenvironment-l1-1-0.dll
0x000002b9c7060000 - 0x000002b9c7064000 	C:\Users\oalfuraydi.MURL097631B55LG\.javacpp\cache\javacpp-1.5.9-SNAPSHOT-windows-x86_64.jar\org\bytedeco\javacpp\windows-x86_64\api-ms-win-core-datetime-l1-1-0.dll
0x000002b9c7070000 - 0x000002b9c7074000 	C:\Users\oalfuraydi.MURL097631B55LG\.javacpp\cache\javacpp-1.5.9-SNAPSHOT-windows-x86_64.jar\org\bytedeco\javacpp\windows-x86_64\api-ms-win-core-localization-l1-2-0.dll
0x000002b9c7080000 - 0x000002b9c7084000 	C:\Users\oalfuraydi.MURL097631B55LG\.javacpp\cache\javacpp-1.5.9-SNAPSHOT-windows-x86_64.jar\org\bytedeco\javacpp\windows-x86_64\api-ms-win-core-sysinfo-l1-1-0.dll
0x000002b9c7090000 - 0x000002b9c7094000 	C:\Users\oalfuraydi.MURL097631B55LG\.javacpp\cache\javacpp-1.5.9-SNAPSHOT-windows-x86_64.jar\org\bytedeco\javacpp\windows-x86_64\api-ms-win-core-synch-l1-2-0.dll
0x000002b9c70a0000 - 0x000002b9c70a4000 	C:\Users\oalfuraydi.MURL097631B55LG\.javacpp\cache\javacpp-1.5.9-SNAPSHOT-windows-x86_64.jar\org\bytedeco\javacpp\windows-x86_64\api-ms-win-core-console-l1-1-0.dll
0x000002b9c70b0000 - 0x000002b9c70b4000 	C:\Users\oalfuraydi.MURL097631B55LG\.javacpp\cache\javacpp-1.5.9-SNAPSHOT-windows-x86_64.jar\org\bytedeco\javacpp\windows-x86_64\api-ms-win-core-debug-l1-1-0.dll
0x000002b9c70c0000 - 0x000002b9c70c4000 	C:\Users\oalfuraydi.MURL097631B55LG\.javacpp\cache\javacpp-1.5.9-SNAPSHOT-windows-x86_64.jar\org\bytedeco\javacpp\windows-x86_64\api-ms-win-core-rtlsupport-l1-1-0.dll
0x000002b9c70d0000 - 0x000002b9c70d4000 	C:\Users\oalfuraydi.MURL097631B55LG\.javacpp\cache\javacpp-1.5.9-SNAPSHOT-windows-x86_64.jar\org\bytedeco\javacpp\windows-x86_64\api-ms-win-core-processthreads-l1-1-1.dll
0x000002b9c70e0000 - 0x000002b9c70e4000 	C:\Users\oalfuraydi.MURL097631B55LG\.javacpp\cache\javacpp-1.5.9-SNAPSHOT-windows-x86_64.jar\org\bytedeco\javacpp\windows-x86_64\api-ms-win-core-file-l1-2-0.dll
0x000002b9c70f0000 - 0x000002b9c70f4000 	C:\Users\oalfuraydi.MURL097631B55LG\.javacpp\cache\javacpp-1.5.9-SNAPSHOT-windows-x86_64.jar\org\bytedeco\javacpp\windows-x86_64\api-ms-win-core-profile-l1-1-0.dll
0x000002b9c7100000 - 0x000002b9c7104000 	C:\Users\oalfuraydi.MURL097631B55LG\.javacpp\cache\javacpp-1.5.9-SNAPSHOT-windows-x86_64.jar\org\bytedeco\javacpp\windows-x86_64\api-ms-win-core-memory-l1-1-0.dll
0x000002b9c7110000 - 0x000002b9c7114000 	C:\Users\oalfuraydi.MURL097631B55LG\.javacpp\cache\javacpp-1.5.9-SNAPSHOT-windows-x86_64.jar\org\bytedeco\javacpp\windows-x86_64\api-ms-win-core-util-l1-1-0.dll
0x000002b9c7120000 - 0x000002b9c7124000 	C:\Users\oalfuraydi.MURL097631B55LG\.javacpp\cache\javacpp-1.5.9-SNAPSHOT-windows-x86_64.jar\org\bytedeco\javacpp\windows-x86_64\api-ms-win-core-interlocked-l1-1-0.dll
0x00007ff914570000 - 0x00007ff914681000 	C:\Users\oalfuraydi.MURL097631B55LG\.javacpp\cache\javacpp-1.5.9-SNAPSHOT-windows-x86_64.jar\org\bytedeco\javacpp\windows-x86_64\ucrtbase.dll
0x00007ff94fc50000 - 0x00007ff94fc6b000 	C:\Users\oalfuraydi.MURL097631B55LG\.javacpp\cache\javacpp-1.5.9-SNAPSHOT-windows-x86_64.jar\org\bytedeco\javacpp\windows-x86_64\vcruntime140.dll
0x00007ff961ea0000 - 0x00007ff961eac000 	C:\Users\oalfuraydi.MURL097631B55LG\.javacpp\cache\javacpp-1.5.9-SNAPSHOT-windows-x86_64.jar\org\bytedeco\javacpp\windows-x86_64\vcruntime140_1.dll
0x00007ff919950000 - 0x00007ff9199dd000 	C:\Users\oalfuraydi.MURL097631B55LG\.javacpp\cache\javacpp-1.5.9-SNAPSHOT-windows-x86_64.jar\org\bytedeco\javacpp\windows-x86_64\msvcp140.dll
0x00007ff961e80000 - 0x00007ff961e89000 	C:\Users\oalfuraydi.MURL097631B55LG\.javacpp\cache\javacpp-1.5.9-SNAPSHOT-windows-x86_64.jar\org\bytedeco\javacpp\windows-x86_64\msvcp140_1.dll
0x00007ff934120000 - 0x00007ff93416e000 	C:\Users\oalfuraydi.MURL097631B55LG\.javacpp\cache\javacpp-1.5.9-SNAPSHOT-windows-x86_64.jar\org\bytedeco\javacpp\windows-x86_64\concrt140.dll
0x00007ff937ca0000 - 0x00007ff937cd1000 	C:\Users\oalfuraydi.MURL097631B55LG\.javacpp\cache\javacpp-1.5.9-SNAPSHOT-windows-x86_64.jar\org\bytedeco\javacpp\windows-x86_64\vcomp140.dll
0x00007ff95ef30000 - 0x00007ff95ef3f000 	C:\Users\oalfuraydi.MURL097631B55LG\.javacpp\cache\javacpp-1.5.9-SNAPSHOT-windows-x86_64.jar\org\bytedeco\javacpp\windows-x86_64\jnijavacpp.dll
0x000000006d7c0000 - 0x000000006f392000 	C:\Users\oalfuraydi.MURL097631B55LG\.javacpp\cache\openblas-0.3.21-1.5.8-windows-x86_64.jar\org\bytedeco\openblas\windows-x86_64\libopenblas_nolapack.dll
0x00007ff914be0000 - 0x00007ff914c3f000 	C:\Users\oalfuraydi.MURL097631B55LG\.javacpp\cache\openblas-0.3.21-1.5.8-windows-x86_64.jar\org\bytedeco\openblas\windows-x86_64\jniopenblas_nolapack.dll
0x0000000000040000 - 0x0000000001c12000 	C:\Users\oalfuraydi.MURL097631B55LG\.javacpp\cache\openblas-0.3.21-1.5.8-windows-x86_64.jar\org\bytedeco\openblas\windows-x86_64\libopenblas.dll
0x00007ff8f24f0000 - 0x00007ff8f38dc000 	C:\Users\oalfuraydi.MURL097631B55LG\.javacpp\cache\openblas-0.3.21-1.5.8-windows-x86_64.jar\org\bytedeco\openblas\windows-x86_64\jniopenblas.dll
0x00007ff95ee20000 - 0x00007ff95ee28000 	C:\Users\oalfuraydi.MURL097631B55LG\.javacpp\cache\opencv-4.6.0-1.5.8-windows-x86_64-gpu.jar\org\bytedeco\opencv\windows-x86_64-gpu\opencv_cudev460.dll
0x00007ff8f5510000 - 0x00007ff8f5c46000 	C:\Users\oalfuraydi.MURL097631B55LG\.javacpp\cache\opencv-4.6.0-1.5.8-windows-x86_64-gpu.jar\org\bytedeco\opencv\windows-x86_64-gpu\opencv_core460.dll
0x00007ff8f1d80000 - 0x00007ff8f24e1000 	C:\Users\oalfuraydi.MURL097631B55LG\.javacpp\cache\opencv-4.6.0-1.5.8-windows-x86_64-gpu.jar\org\bytedeco\opencv\windows-x86_64-gpu\opencv_imgproc460.dll
0x00007ff8f49b0000 - 0x00007ff8f4c45000 	C:\Users\oalfuraydi.MURL097631B55LG\.javacpp\cache\opencv-4.6.0-1.5.8-windows-x86_64-gpu.jar\org\bytedeco\opencv\windows-x86_64-gpu\jniopencv_core.dll
0x00007ff903da0000 - 0x00007ff903ec1000 	C:\Users\oalfuraydi.MURL097631B55LG\.javacpp\cache\opencv-4.6.0-1.5.8-windows-x86_64-gpu.jar\org\bytedeco\opencv\windows-x86_64-gpu\jniopencv_imgproc.dll
0x00007ff8f1950000 - 0x00007ff8f1d78000 	C:\Users\oalfuraydi.MURL097631B55LG\.javacpp\cache\opencv-4.6.0-1.5.8-windows-x86_64-gpu.jar\org\bytedeco\opencv\windows-x86_64-gpu\opencv_imgcodecs460.dll
0x00007ff9326e0000 - 0x00007ff932713000 	C:\Users\oalfuraydi.MURL097631B55LG\.javacpp\cache\opencv-4.6.0-1.5.8-windows-x86_64-gpu.jar\org\bytedeco\opencv\windows-x86_64-gpu\jniopencv_imgcodecs.dll
0x00007ff8f4e50000 - 0x00007ff8f4f23000 	C:\Users\oalfuraydi.MURL097631B55LG\.javacpp\cache\opencv-4.6.0-1.5.8-windows-x86_64-gpu.jar\org\bytedeco\opencv\windows-x86_64-gpu\opencv_videoio460.dll
0x00007ff97ba50000 - 0x00007ff97bb7a000 	C:\windows\System32\ole32.dll
0x00007ff97d060000 - 0x00007ff97d12d000 	C:\windows\System32\OLEAUT32.dll

dbghelp: loaded successfully - version: 4.0.5 - missing functions: none
symbol engine: initialized successfully - sym options: 0x614 - pdb path: .;C:\Program Files\Eclipse Adoptium\jdk-11.0.18.10-hotspot\bin;C:\windows\SYSTEM32;C:\windows\WinSxS\amd64_microsoft.windows.common-controls_6595b64144ccf1df_6.0.19041.1110_none_60b5254171f9507e;C:\windows\system32\tmumh\20019\AddOn\8.55.0.1119;C:\windows\system32\tmumh\20019\TmMon\2.9.0.1042;C:\PROGRAMDATA\Log collection\5.5.1.70;C:\Program Files\Eclipse Adoptium\jdk-11.0.18.10-hotspot\bin\server;C:\Users\oalfuraydi.MURL097631B55LG\.javacpp\cache\javacpp-1.5.9-SNAPSHOT-windows-x86_64.jar\org\bytedeco\javacpp\windows-x86_64;C:\Users\oalfuraydi.MURL097631B55LG\.javacpp\cache\openblas-0.3.21-1.5.8-windows-x86_64.jar\org\bytedeco\openblas\windows-x86_64;C:\Users\oalfuraydi.MURL097631B55LG\.javacpp\cache\opencv-4.6.0-1.5.8-windows-x86_64-gpu.jar\org\bytedeco\opencv\windows-x86_64-gpu;C:\Users\oalfuraydi.MURL097631B55LG\.javacpp\cache\opencv-4.6.0-1.5.8-windows-x86_64.jar\org\bytedeco\opencv\windows-x86_64

VM Arguments:
java_command: com.mycompany.opencvlearn.ThresholdInRange
java_class_path (initial): C:\Users\oalfuraydi.MURL097631B55LG\Documents\NetBeansProjects\OpencvLearn\target\classes;C:\Users\oalfuraydi.MURL097631B55LG\.m2\repository\org\bytedeco\javacpp-platform\1.5.9-SNAPSHOT\javacpp-platform-1.5.9-SNAPSHOT.jar;C:\Users\oalfuraydi.MURL097631B55LG\.m2\repository\org\bytedeco\javacpp\1.5.9-SNAPSHOT\javacpp-1.5.9-SNAPSHOT-android-arm.jar;C:\Users\oalfuraydi.MURL097631B55LG\.m2\repository\org\bytedeco\javacpp\1.5.9-SNAPSHOT\javacpp-1.5.9-SNAPSHOT-android-arm64.jar;C:\Users\oalfuraydi.MURL097631B55LG\.m2\repository\org\bytedeco\javacpp\1.5.9-SNAPSHOT\javacpp-1.5.9-SNAPSHOT-android-x86.jar;C:\Users\oalfuraydi.MURL097631B55LG\.m2\repository\org\bytedeco\javacpp\1.5.9-SNAPSHOT\javacpp-1.5.9-SNAPSHOT-android-x86_64.jar;C:\Users\oalfuraydi.MURL097631B55LG\.m2\repository\org\bytedeco\javacpp\1.5.9-SNAPSHOT\javacpp-1.5.9-SNAPSHOT-ios-arm64.jar;C:\Users\oalfuraydi.MURL097631B55LG\.m2\repository\org\bytedeco\javacpp\1.5.9-SNAPSHOT\javacpp-1.5.9-SNAPSHOT-ios-x86_64.jar;C:\Users\oalfuraydi.MURL097631B55LG\.m2\repository\org\bytedeco\javacpp\1.5.9-SNAPSHOT\javacpp-1.5.9-SNAPSHOT-linux-armhf.jar;C:\Users\oalfuraydi.MURL097631B55LG\.m2\repository\org\bytedeco\javacpp\1.5.9-SNAPSHOT\javacpp-1.5.9-SNAPSHOT-linux-arm64.jar;C:\Users\oalfuraydi.MURL097631B55LG\.m2\repository\org\bytedeco\javacpp\1.5.9-SNAPSHOT\javacpp-1.5.9-SNAPSHOT-linux-ppc64le.jar;C:\Users\oalfuraydi.MURL097631B55LG\.m2\repository\org\bytedeco\javacpp\1.5.9-SNAPSHOT\javacpp-1.5.9-SNAPSHOT-linux-x86.jar;C:\Users\oalfuraydi.MURL097631B55LG\.m2\repository\org\bytedeco\javacpp\1.5.9-SNAPSHOT\javacpp-1.5.9-SNAPSHOT-linux-x86_64.jar;C:\Users\oalfuraydi.MURL097631B55LG\.m2\repository\org\bytedeco\javacpp\1.5.9-SNAPSHOT\javacpp-1.5.9-SNAPSHOT-macosx-arm64.jar;C:\Users\oalfuraydi.MURL097631B55LG\.m2\repository\org\bytedeco\javacpp\1.5.9-SNAPSHOT\javacpp-1.5.9-SNAPSHOT-macosx-x86_64.jar;C:\Users\oalfuraydi.MURL097631B55LG\.m2\repository\org\bytedeco\javacpp\1.5.9-SNAPSHOT\javacpp-1.5.9-SNAP
Launcher Type: SUN_STANDARD

[Global flags]
     intx CICompilerCount                          = 4                                         {product} {ergonomic}
     uint ConcGCThreads                            = 2                                         {product} {ergonomic}
     uint G1ConcRefinementThreads                  = 8                                         {product} {ergonomic}
   size_t G1HeapRegionSize                         = 1048576                                   {product} {ergonomic}
    uintx GCDrainStackTargetSize                   = 64                                        {product} {ergonomic}
   size_t InitialHeapSize                          = 264241152                                 {product} {ergonomic}
   size_t MarkStackSize                            = 4194304                                   {product} {ergonomic}
   size_t MaxHeapSize                              = 4213178368                                {product} {ergonomic}
   size_t MaxNewSize                               = 2527068160                                {product} {ergonomic}
   size_t MinHeapDeltaBytes                        = 1048576                                   {product} {ergonomic}
    uintx NonNMethodCodeHeapSize                   = 5836300                                {pd product} {ergonomic}
    uintx NonProfiledCodeHeapSize                  = 122910970                              {pd product} {ergonomic}
    uintx ProfiledCodeHeapSize                     = 122910970                              {pd product} {ergonomic}
    uintx ReservedCodeCacheSize                    = 251658240                              {pd product} {ergonomic}
     bool SegmentedCodeCache                       = true                                      {product} {ergonomic}
     bool UseCompressedClassPointers               = true                                 {lp64_product} {ergonomic}
     bool UseCompressedOops                        = true                                 {lp64_product} {ergonomic}
     bool UseG1GC                                  = true                                      {product} {ergonomic}
     bool UseLargePagesIndividualAllocation        = false                                  {pd product} {ergonomic}

Logging:
Log output configuration:
 #0: stdout all=warning uptime,level,tags
 #1: stderr all=off uptime,level,tags

Environment Variables:
JAVA_HOME=C:\Program Files\Eclipse Adoptium\jdk-11.0.18.10-hotspot
PATH=C:\Program Files\Eclipse Adoptium\jdk-11.0.18.10-hotspot\bin;C:\Program Files\Eclipse Adoptium\jdk-17.0.6.10-hotspot\bin;C:\Program Files\Common Files\Oracle\Java\javapath;C:\Program Files (x86)\Common Files\Oracle\Java\javapath;C:\windows\system32;C:\windows;C:\windows\System32\Wbem;C:\windows\System32\WindowsPowerShell\v1.0\;C:\windows\System32\OpenSSH\;C:\Program Files (x86)\Enterprise Vault\EVClient\x64\;C:\Program Files (x86)\Sennheiser\SenncomSDK\;C:\Program Files (x86)\dotnet\;C:\Program Files (x86)\Pulse Secure\VC142.CRT\X64\;C:\Program Files (x86)\Pulse Secure\VC142.CRT\X86\;C:\Program Files\PuTTY\;C:\Program Files\Git\cmd;C:\Users\oalfuraydi.MURL097631B55LG\Downloads\snyk;C:\Program Files\apache-maven-3.9.0\bin;C:\Program Files (x86)\Common Files\Pulse Secure\TNC Client Plugin\;C:\Users\oalfuraydi.MURL097631B55LG\AppData\Local\Microsoft\WindowsApps;
USERNAME=oalfuraydi
OS=Windows_NT
PROCESSOR_IDENTIFIER=Intel64 Family 6 Model 140 Stepping 1, GenuineIntel
TMP=C:\Users\OALFUR~1.MUR\AppData\Local\Temp
TEMP=C:\Users\OALFUR~1.MUR\AppData\Local\Temp



---------------  S Y S T E M  ---------------

OS: Windows 10 , 64 bit Build 19041 (10.0.19041.1645)
OS uptime: 6 days 7:05 hours

CPU:total 8 (initial active 8) (4 cores per cpu, 2 threads per core) family 6 model 140 stepping 1 microcode 0x9a, cmov, cx8, fxsr, mmx, sse, sse2, sse3, ssse3, sse4.1, sse4.2, popcnt, avx, avx2, aes, clmul, erms, 3dnowpref, lzcnt, ht, tsc, tscinvbit, bmi1, bmi2, adx, evex, sha, fma

Memory: 4k page, system-wide physical 16064M (4809M free)
TotalPageFile size 43500M (AvailPageFile size 2430M)
current process WorkingSet (physical memory assigned to process): 400M, peak: 427M
current process commit charge ("private bytes"): 2232M, peak: 2258M

vm_info: OpenJDK 64-Bit Server VM (11.0.18+10) for windows-amd64 JRE (11.0.18+10), built on Jan 18 2023 04:27:27 by "" with MS VC++ 16.7 (VS2019)

END.
