#
# A fatal error has been detected by the Java Runtime Environment:
#
#  EXCEPTION_ACCESS_VIOLATION (0xc0000005) at pc=0x00007ff8f56d5e3d, pid=14840, tid=41300
#
# JRE version: OpenJDK Runtime Environment Temurin-11.0.18+10 (11.0.18+10) (build 11.0.18+10)
# Java VM: OpenJDK 64-Bit Server VM Temurin-11.0.18+10 (11.0.18+10, mixed mode, tiered, compressed oops, g1 gc, windows-amd64)
# Problematic frame:
# C  [opencv_core460.dll+0x1c5e3d]
#
# No core dump will be written. Minidumps are not enabled by default on client versions of Windows
#
# If you would like to submit a bug report, please visit:
#   https://github.com/adoptium/adoptium-support/issues
# The crash happened outside the Java Virtual Machine in native code.
# See problematic frame for where to report the bug.
#

---------------  S U M M A R Y ------------

Command Line: -Dclassworlds.conf=C:\Program Files\apache-maven-3.9.0\bin\m2.conf -Dmaven.home=C:\Program Files\apache-maven-3.9.0 -Dlibrary.jansi.path=C:\Program Files\apache-maven-3.9.0\lib\jansi-native -Dmaven.multiModuleProjectDirectory=C:\Users\oalfuraydi.MURL097631B55LG\Documents\NetBeansProjects\OpencvLearn org.codehaus.plexus.classworlds.launcher.Launcher exec:java -Dexec.mainClass=com.mycompany.opencvlearn.ThresholdInRange

Host: 11th Gen Intel(R) Core(TM) i7-1185G7 @ 3.00GHz, 8 cores, 15G,  Windows 10 , 64 bit Build 19041 (10.0.19041.1645)
Time: Thu Apr 27 11:48:11 2023 Arab Standard Time elapsed time: 48.570555 seconds (0d 0h 0m 48s)

---------------  T H R E A D  ---------------

Current thread (0x000002a273af6800):  JavaThread "JavaCPP Deallocator" daemon [_thread_in_native, id=41300, stack(0x000000b213300000,0x000000b213400000)]

Stack: [0x000000b213300000,0x000000b213400000],  sp=0x000000b2133ff090,  free space=1020k
Native frames: (J=compiled Java code, j=interpreted, Vv=VM code, C=native code)
C  [opencv_core460.dll+0x1c5e3d]

Java frames: (J=compiled Java code, j=interpreted, Vv=VM code)
j  org.bytedeco.javacpp.Pointer$NativeDeallocator.deallocate(JJ)V+0
j  org.bytedeco.javacpp.Pointer$NativeDeallocator.deallocate()V+27
j  org.bytedeco.javacpp.Pointer$DeallocatorReference.clear()V+46
j  org.bytedeco.javacpp.Pointer$DeallocatorThread.run()V+11
v  ~StubRoutines::call_stub

siginfo: EXCEPTION_ACCESS_VIOLATION (0xc0000005), writing address 0x0000000000000015


Register to memory mapping:

RIP=0x00007ff8f56d5e3d opencv_core460.dll
RAX=0x00000000ffffffff is an unknown value
RBX=0x000002a2a09dbb70 points into unknown readable memory: 0x000002a277016eb0 | b0 6e 01 77 a2 02 00 00
RCX=0x0000000000000001 is an unknown value
RDX=0x000000b2133ff1f8 is pointing into the stack for thread: 0x000002a273af6800
RSP=0x000000b2133ff090 is pointing into the stack for thread: 0x000002a273af6800
RBP=0x000000b2133ff1b8 is pointing into the stack for thread: 0x000002a273af6800
RSI=0x0 is NULL
RDI=0x000000070bcb6ee0 is an unallocated location in the heap
R8 =0x000002a2a09dbb70 points into unknown readable memory: 0x000002a277016eb0 | b0 6e 01 77 a2 02 00 00
R9 =0x00007ff9326e1ad0 jniopencv_imgcodecs.dll
R10=0x000002a255c7f748 is at code_begin+1000 in an Interpreter codelet
method entry point (kind = native)  [0x000002a255c7f360, 0x000002a255c7fe00]  2720 bytes
R11=0x0000000000000102 is an unknown value
R12=0x0 is NULL
R13={method} {0x000002a276293948} 'deallocate' '(JJ)V' in 'org/bytedeco/javacpp/Pointer$NativeDeallocator'
R14=0x000000b2133ff1f8 is pointing into the stack for thread: 0x000002a273af6800
R15=0x000002a273af6800 is a thread


Registers:
RAX=0x00000000ffffffff, RBX=0x000002a2a09dbb70, RCX=0x0000000000000001, RDX=0x000000b2133ff1f8
RSP=0x000000b2133ff090, RBP=0x000000b2133ff1b8, RSI=0x0000000000000000, RDI=0x000000070bcb6ee0
R8 =0x000002a2a09dbb70, R9 =0x00007ff9326e1ad0, R10=0x000002a255c7f748, R11=0x0000000000000102
R12=0x0000000000000000, R13=0x000002a276293940, R14=0x000000b2133ff1f8, R15=0x000002a273af6800
RIP=0x00007ff8f56d5e3d, EFLAGS=0x0000000000010202

Top of Stack: (sp=0x000000b2133ff090)
0x000000b2133ff090:   0000000000001128 000002a276293940
0x000000b2133ff0a0:   000000070bcb6ee0 00007ff8f3c7936c
0x000000b2133ff0b0:   0000000000001128 00007ff8f56d2d9e
0x000000b2133ff0c0:   0000000000001128 000002a2a09dbb70
0x000000b2133ff0d0:   000002a276293940 000002a273af6800
0x000000b2133ff0e0:   000002a2a09dbb70 00007ff9326e1ae3
0x000000b2133ff0f0:   000000b2133ff200 000002a276293940
0x000000b2133ff100:   000002a276293940 0000000000001128
0x000000b2133ff110:   000002a276293940 000002a255c7f777
0x000000b2133ff120:   000002a276293940 000000b2133ff1f8
0x000000b2133ff130:   000000070bcb6ee0 000002a255c7f45c
0x000000b2133ff140:   000002a276293940 000000b2133ff1b8
0x000000b2133ff150:   0000000000001128 000002a276293898
0x000000b2133ff160:   000002a273af6800 000002a255c7f416
0x000000b2133ff170:   000000b2133ff170 000002a276293940
0x000000b2133ff180:   000000b2133ff1f8 000002a276296a88 

Instructions: (pc=0x00007ff8f56d5e3d)
0x00007ff8f56d5d3d:   f6 c1 e8 0f a8 01 75 13 48 8b 0f 48 8b 43 20 48
0x00007ff8f56d5d4d:   8b d1 48 03 01 48 3b 43 28 76 27 49 8d 56 01 48
0x00007ff8f56d5d5d:   8b cb 4a 8d 04 75 01 00 00 00 48 03 c6 48 d1 e8
0x00007ff8f56d5d6d:   48 3b d0 48 0f 42 d0 e8 47 01 00 00 48 8b 0f 48
0x00007ff8f56d5d7d:   8b d1 48 63 43 04 85 c0 7e 07 48 8b 6c c1 f8 eb
0x00007ff8f56d5d8d:   05 33 ed 48 8b ca 48 0f af 31 4c 8b c5 49 8b d7
0x00007ff8f56d5d9d:   48 03 73 10 48 8b ce e8 9f 25 25 00 48 8b 43 40
0x00007ff8f56d5dad:   41 8d 4e 01 89 08 4c 8b 0f 8b 4b 04 49 8b 01 48
0x00007ff8f56d5dbd:   01 43 20 48 8b 43 40 48 63 10 83 f9 01 7e 25 48
0x00007ff8f56d5dcd:   83 c0 04 44 8d 41 ff 0f 1f 40 00 0f 1f 84 00 00
0x00007ff8f56d5ddd:   00 00 00 48 63 08 48 8d 40 04 48 0f af d1 49 83
0x00007ff8f56d5ded:   e8 01 75 ef 49 3b 29 72 08 48 63 c2 48 3b d0 74
0x00007ff8f56d5dfd:   06 81 23 ff bf ff ff 48 8b 5c 24 40 48 8b 6c 24
0x00007ff8f56d5e0d:   48 48 8b 74 24 50 48 83 c4 20 41 5f 41 5e 5f c3
0x00007ff8f56d5e1d:   cc cc cc 48 89 5c 24 10 56 48 83 ec 20 48 8b d9
0x00007ff8f56d5e2d:   33 f6 48 8b 49 38 48 85 c9 74 49 b8 ff ff ff ff
0x00007ff8f56d5e3d:   f0 0f c1 41 14 83 f8 01 75 3a 48 89 7c 24 30 48
0x00007ff8f56d5e4d:   8b 7b 38 48 85 ff 74 27 48 89 73 38 48 8b 4f 08
0x00007ff8f56d5e5d:   48 85 c9 75 11 48 8b 4b 30 48 85 c9 75 08 e8 10
0x00007ff8f56d5e6d:   f6 ff ff 48 8b 08 48 8b 01 48 8b d7 ff 50 28 48
0x00007ff8f56d5e7d:   8b 7c 24 30 8b ce 48 89 73 38 48 89 73 10 48 89
0x00007ff8f56d5e8d:   73 28 48 89 73 20 48 89 73 18 39 4b 04 7e 17 48
0x00007ff8f56d5e9d:   8b d6 90 48 8b 43 40 48 8d 52 04 ff c1 89 74 02
0x00007ff8f56d5ead:   fc 3b 4b 04 7c ed 48 8b 5c 24 38 48 83 c4 20 5e
0x00007ff8f56d5ebd:   c3 cc cc 48 89 5c 24 10 48 89 74 24 18 55 57 41
0x00007ff8f56d5ecd:   54 41 56 41 57 48 8d 6c 24 c0 48 81 ec 40 01 00
0x00007ff8f56d5edd:   00 48 8b 05 f3 39 3d 00 48 33 c4 48 89 45 30 4c
0x00007ff8f56d5eed:   8b ca 48 8b d9 45 33 e4 44 89 64 24 30 85 d2 0f
0x00007ff8f56d5efd:   88 ed 02 00 00 8b 01 c1 e8 0f a8 01 75 19 48 8b
0x00007ff8f56d5f0d:   41 48 48 8b ca 48 0f af 08 48 03 4b 10 48 3b 4b
0x00007ff8f56d5f1d:   28 0f 86 a3 02 00 00 48 8b 4b 40 4c 63 39 4d 8b
0x00007ff8f56d5f2d:   f7 4d 3b f9 0f 83 90 02 00 00 41 8b c1 bf 01 00 


Stack slot to memory mapping:
stack at sp + 0 slots: 0x0000000000001128 is an unknown value
stack at sp + 1 slots: {method} {0x000002a276293948} 'deallocate' '(JJ)V' in 'org/bytedeco/javacpp/Pointer$NativeDeallocator'
stack at sp + 2 slots: 0x000000070bcb6ee0 is an unallocated location in the heap
stack at sp + 3 slots: 0x00007ff8f3c7936c jvm.dll
stack at sp + 4 slots: 0x0000000000001128 is an unknown value
stack at sp + 5 slots: 0x00007ff8f56d2d9e opencv_core460.dll
stack at sp + 6 slots: 0x0000000000001128 is an unknown value
stack at sp + 7 slots: 0x000002a2a09dbb70 points into unknown readable memory: 0x000002a277016eb0 | b0 6e 01 77 a2 02 00 00


---------------  P R O C E S S  ---------------

Threads class SMR info:
_java_thread_list=0x000002a276df9b90, length=22, elements={
0x000002a24d3f6000, 0x000002a27100c800, 0x000002a27100e000, 0x000002a27106a000,
0x000002a27106d800, 0x000002a27106f800, 0x000002a271073800, 0x000002a271075000,
0x000002a271078000, 0x000002a2711fe800, 0x000002a27527c000, 0x000002a2748a4800,
0x000002a2748a5000, 0x000002a275261800, 0x000002a273af6800, 0x000002a276e2d000,
0x000002a276e2e000, 0x000002a276e2f000, 0x000002a277420000, 0x000002a275204800,
0x000002a275207000, 0x000002a27700a800
}

Java Threads: ( => current thread )
  0x000002a24d3f6000 JavaThread "main" [_thread_blocked, id=18916, stack(0x000000b211500000,0x000000b211600000)]
  0x000002a27100c800 JavaThread "Reference Handler" daemon [_thread_blocked, id=50144, stack(0x000000b211c00000,0x000000b211d00000)]
  0x000002a27100e000 JavaThread "Finalizer" daemon [_thread_blocked, id=20112, stack(0x000000b211d00000,0x000000b211e00000)]
  0x000002a27106a000 JavaThread "Signal Dispatcher" daemon [_thread_blocked, id=22684, stack(0x000000b211e00000,0x000000b211f00000)]
  0x000002a27106d800 JavaThread "Attach Listener" daemon [_thread_blocked, id=17380, stack(0x000000b211f00000,0x000000b212000000)]
  0x000002a27106f800 JavaThread "Service Thread" daemon [_thread_blocked, id=32436, stack(0x000000b212000000,0x000000b212100000)]
  0x000002a271073800 JavaThread "C2 CompilerThread0" daemon [_thread_blocked, id=20864, stack(0x000000b212100000,0x000000b212200000)]
  0x000002a271075000 JavaThread "C1 CompilerThread0" daemon [_thread_blocked, id=36592, stack(0x000000b212200000,0x000000b212300000)]
  0x000002a271078000 JavaThread "Sweeper thread" daemon [_thread_blocked, id=29248, stack(0x000000b212300000,0x000000b212400000)]
  0x000002a2711fe800 JavaThread "Common-Cleaner" daemon [_thread_blocked, id=44864, stack(0x000000b212500000,0x000000b212600000)]
  0x000002a27527c000 JavaThread "ForkJoinPool.commonPool-worker-3" daemon [_thread_blocked, id=28488, stack(0x000000b212e00000,0x000000b212f00000)]
  0x000002a2748a4800 JavaThread "ForkJoinPool.commonPool-worker-5" daemon [_thread_blocked, id=20976, stack(0x000000b212f00000,0x000000b213000000)]
  0x000002a2748a5000 JavaThread "ForkJoinPool.commonPool-worker-7" daemon [_thread_blocked, id=30272, stack(0x000000b213000000,0x000000b213100000)]
  0x000002a275261800 JavaThread "ForkJoinPool.commonPool-worker-9" daemon [_thread_blocked, id=14896, stack(0x000000b213100000,0x000000b213200000)]
=>0x000002a273af6800 JavaThread "JavaCPP Deallocator" daemon [_thread_in_native, id=41300, stack(0x000000b213300000,0x000000b213400000)]
  0x000002a276e2d000 JavaThread "Java2D Disposer" daemon [_thread_blocked, id=41084, stack(0x000000b214200000,0x000000b214300000)]
  0x000002a276e2e000 JavaThread "AWT-Shutdown" [_thread_blocked, id=29776, stack(0x000000b214300000,0x000000b214400000)]
  0x000002a276e2f000 JavaThread "AWT-Windows" daemon [_thread_in_native, id=20376, stack(0x000000b214400000,0x000000b214500000)]
  0x000002a277420000 JavaThread "AWT-EventQueue-0" [_thread_in_native, id=23580, stack(0x000000b214500000,0x000000b214600000)]
  0x000002a275204800 JavaThread "D3D Screen Updater" daemon [_thread_blocked, id=20652, stack(0x000000b213200000,0x000000b213300000)]
  0x000002a275207000 JavaThread "TimerQueue" daemon [_thread_blocked, id=43708, stack(0x000000b211200000,0x000000b211300000)]
  0x000002a27700a800 JavaThread "C2 CompilerThread1" daemon [_thread_blocked, id=4680, stack(0x000000b215800000,0x000000b215900000)]

Other Threads:
  0x000002a270fe7000 VMThread "VM Thread" [stack: 0x000000b211b00000,0x000000b211c00000] [id=46072]
  0x000002a2711f4000 WatcherThread [stack: 0x000000b212400000,0x000000b212500000] [id=32432]
  0x000002a24a78c800 GCTaskThread "GC Thread#0" [stack: 0x000000b211600000,0x000000b211700000] [id=24628]
  0x000002a2729ae000 GCTaskThread "GC Thread#1" [stack: 0x000000b212800000,0x000000b212900000] [id=53060]
  0x000002a272ae8800 GCTaskThread "GC Thread#2" [stack: 0x000000b212900000,0x000000b212a00000] [id=33656]
  0x000002a2727e0800 GCTaskThread "GC Thread#3" [stack: 0x000000b212a00000,0x000000b212b00000] [id=44824]
  0x000002a272335800 GCTaskThread "GC Thread#4" [stack: 0x000000b212b00000,0x000000b212c00000] [id=16572]
  0x000002a2724d1800 GCTaskThread "GC Thread#5" [stack: 0x000000b212c00000,0x000000b212d00000] [id=3972]
  0x000002a276dfc000 GCTaskThread "GC Thread#6" [stack: 0x000000b214600000,0x000000b214700000] [id=25016]
  0x000002a2a2615000 GCTaskThread "GC Thread#7" [stack: 0x000000b214700000,0x000000b214800000] [id=46976]
  0x000002a24d460000 ConcurrentGCThread "G1 Main Marker" [stack: 0x000000b211700000,0x000000b211800000] [id=26156]
  0x000002a24d463800 ConcurrentGCThread "G1 Conc#0" [stack: 0x000000b211800000,0x000000b211900000] [id=44552]
  0x000002a272b50000 ConcurrentGCThread "G1 Conc#1" [stack: 0x000000b212d00000,0x000000b212e00000] [id=23716]
  0x000002a24d58e800 ConcurrentGCThread "G1 Refine#0" [stack: 0x000000b211900000,0x000000b211a00000] [id=26076]
  0x000002a24d58f800 ConcurrentGCThread "G1 Young RemSet Sampling" [stack: 0x000000b211a00000,0x000000b211b00000] [id=1760]

Threads with active compile tasks:

VM state:not at safepoint (normal execution)

VM Mutex/Monitor currently owned by a thread: None

Heap address: 0x0000000704e00000, size: 4018 MB, Compressed Oops mode: Zero based, Oop shift amount: 3
Narrow klass base: 0x0000000800000000, Narrow klass shift: 0
Compressed class space size: 1073741824 Address: 0x0000000800000000

Heap:
 garbage-first heap   total 261120K, used 84084K [0x0000000704e00000, 0x0000000800000000)
  region size 1024K, 20 young (20480K), 10 survivors (10240K)
 Metaspace       used 42244K, capacity 43151K, committed 43184K, reserved 1087488K
  class space    used 4244K, capacity 4588K, committed 4608K, reserved 1048576K
Heap Regions: E=young(eden), S=young(survivor), O=old, HS=humongous(starts), HC=humongous(continues), CS=collection set, F=free, A=archive, TAMS=top-at-mark-start (previous, next)
|   0|0x0000000704e00000, 0x0000000704f00000, 0x0000000704f00000|100%| O|  |TAMS 0x0000000704f00000, 0x0000000704e00000| Untracked 
|   1|0x0000000704f00000, 0x0000000705000000, 0x0000000705000000|100%| O|  |TAMS 0x0000000705000000, 0x0000000704f00000| Untracked 
|   2|0x0000000705000000, 0x0000000705100000, 0x0000000705100000|100%| O|  |TAMS 0x0000000705100000, 0x0000000705000000| Untracked 
|   3|0x0000000705100000, 0x0000000705200000, 0x0000000705200000|100%| O|  |TAMS 0x0000000705200000, 0x0000000705100000| Untracked 
|   4|0x0000000705200000, 0x0000000705300000, 0x0000000705300000|100%| O|  |TAMS 0x0000000705300000, 0x0000000705200000| Untracked 
|   5|0x0000000705300000, 0x0000000705400000, 0x0000000705400000|100%| O|  |TAMS 0x0000000705400000, 0x0000000705300000| Untracked 
|   6|0x0000000705400000, 0x000000070542e000, 0x0000000705500000| 17%| O|  |TAMS 0x000000070542e000, 0x0000000705400000| Untracked 
|   7|0x0000000705500000, 0x0000000705600000, 0x0000000705600000|100%|HS|  |TAMS 0x0000000705500000, 0x0000000705500000| Complete 
|   8|0x0000000705600000, 0x0000000705600000, 0x0000000705700000|  0%| F|  |TAMS 0x0000000705600000, 0x0000000705600000| Untracked 
|   9|0x0000000705700000, 0x0000000705700000, 0x0000000705800000|  0%| F|  |TAMS 0x0000000705700000, 0x0000000705700000| Untracked 
|  10|0x0000000705800000, 0x0000000705800000, 0x0000000705900000|  0%| F|  |TAMS 0x0000000705800000, 0x0000000705800000| Untracked 
|  11|0x0000000705900000, 0x0000000705900000, 0x0000000705a00000|  0%| F|  |TAMS 0x0000000705900000, 0x0000000705900000| Untracked 
|  12|0x0000000705a00000, 0x0000000705a00000, 0x0000000705b00000|  0%| F|  |TAMS 0x0000000705a00000, 0x0000000705a00000| Untracked 
|  13|0x0000000705b00000, 0x0000000705b00000, 0x0000000705c00000|  0%| F|  |TAMS 0x0000000705b00000, 0x0000000705b00000| Untracked 
|  14|0x0000000705c00000, 0x0000000705c00000, 0x0000000705d00000|  0%| F|  |TAMS 0x0000000705c00000, 0x0000000705c00000| Untracked 
|  15|0x0000000705d00000, 0x0000000705d00000, 0x0000000705e00000|  0%| F|  |TAMS 0x0000000705d00000, 0x0000000705d00000| Untracked 
|  16|0x0000000705e00000, 0x0000000705e00000, 0x0000000705f00000|  0%| F|  |TAMS 0x0000000705e00000, 0x0000000705e00000| Untracked 
|  17|0x0000000705f00000, 0x0000000705f00000, 0x0000000706000000|  0%| F|  |TAMS 0x0000000705f00000, 0x0000000705f00000| Untracked 
|  18|0x0000000706000000, 0x0000000706000000, 0x0000000706100000|  0%| F|  |TAMS 0x0000000706000000, 0x0000000706000000| Untracked 
|  19|0x0000000706100000, 0x0000000706100000, 0x0000000706200000|  0%| F|  |TAMS 0x0000000706100000, 0x0000000706100000| Untracked 
|  20|0x0000000706200000, 0x0000000706200000, 0x0000000706300000|  0%| F|  |TAMS 0x0000000706200000, 0x0000000706200000| Untracked 
|  21|0x0000000706300000, 0x0000000706300000, 0x0000000706400000|  0%| F|  |TAMS 0x0000000706300000, 0x0000000706300000| Untracked 
|  22|0x0000000706400000, 0x0000000706400000, 0x0000000706500000|  0%| F|  |TAMS 0x0000000706400000, 0x0000000706400000| Untracked 
|  23|0x0000000706500000, 0x0000000706500000, 0x0000000706600000|  0%| F|  |TAMS 0x0000000706500000, 0x0000000706500000| Untracked 
|  24|0x0000000706600000, 0x0000000706600000, 0x0000000706700000|  0%| F|  |TAMS 0x0000000706600000, 0x0000000706600000| Untracked 
|  25|0x0000000706700000, 0x0000000706700000, 0x0000000706800000|  0%| F|  |TAMS 0x0000000706700000, 0x0000000706700000| Untracked 
|  26|0x0000000706800000, 0x0000000706800000, 0x0000000706900000|  0%| F|  |TAMS 0x0000000706800000, 0x0000000706800000| Untracked 
|  27|0x0000000706900000, 0x0000000706900000, 0x0000000706a00000|  0%| F|  |TAMS 0x0000000706900000, 0x0000000706900000| Untracked 
|  28|0x0000000706a00000, 0x0000000706a00000, 0x0000000706b00000|  0%| F|  |TAMS 0x0000000706a00000, 0x0000000706a00000| Untracked 
|  29|0x0000000706b00000, 0x0000000706b00000, 0x0000000706c00000|  0%| F|  |TAMS 0x0000000706b00000, 0x0000000706b00000| Untracked 
|  30|0x0000000706c00000, 0x0000000706d00000, 0x0000000706d00000|100%|HS|  |TAMS 0x0000000706c00000, 0x0000000706c00000| Complete 
|  31|0x0000000706d00000, 0x0000000706e00000, 0x0000000706e00000|100%|HC|  |TAMS 0x0000000706d00000, 0x0000000706d00000| Complete 
|  32|0x0000000706e00000, 0x0000000706f00000, 0x0000000706f00000|100%|HC|  |TAMS 0x0000000706e00000, 0x0000000706e00000| Complete 
|  33|0x0000000706f00000, 0x0000000707000000, 0x0000000707000000|100%|HC|  |TAMS 0x0000000706f00000, 0x0000000706f00000| Complete 
|  34|0x0000000707000000, 0x0000000707100000, 0x0000000707100000|100%|HC|  |TAMS 0x0000000707000000, 0x0000000707000000| Complete 
|  35|0x0000000707100000, 0x0000000707200000, 0x0000000707200000|100%|HC|  |TAMS 0x0000000707100000, 0x0000000707100000| Complete 
|  36|0x0000000707200000, 0x0000000707300000, 0x0000000707300000|100%|HC|  |TAMS 0x0000000707200000, 0x0000000707200000| Complete 
|  37|0x0000000707300000, 0x0000000707400000, 0x0000000707400000|100%|HC|  |TAMS 0x0000000707300000, 0x0000000707300000| Complete 
|  38|0x0000000707400000, 0x0000000707500000, 0x0000000707500000|100%|HC|  |TAMS 0x0000000707400000, 0x0000000707400000| Complete 
|  39|0x0000000707500000, 0x0000000707600000, 0x0000000707600000|100%|HC|  |TAMS 0x0000000707500000, 0x0000000707500000| Complete 
|  40|0x0000000707600000, 0x0000000707700000, 0x0000000707700000|100%|HC|  |TAMS 0x0000000707600000, 0x0000000707600000| Complete 
|  41|0x0000000707700000, 0x0000000707800000, 0x0000000707800000|100%|HC|  |TAMS 0x0000000707700000, 0x0000000707700000| Complete 
|  42|0x0000000707800000, 0x0000000707900000, 0x0000000707900000|100%|HC|  |TAMS 0x0000000707800000, 0x0000000707800000| Complete 
|  43|0x0000000707900000, 0x0000000707a00000, 0x0000000707a00000|100%|HC|  |TAMS 0x0000000707900000, 0x0000000707900000| Complete 
|  44|0x0000000707a00000, 0x0000000707b00000, 0x0000000707b00000|100%|HC|  |TAMS 0x0000000707a00000, 0x0000000707a00000| Complete 
|  45|0x0000000707b00000, 0x0000000707c00000, 0x0000000707c00000|100%|HC|  |TAMS 0x0000000707b00000, 0x0000000707b00000| Complete 
|  46|0x0000000707c00000, 0x0000000707d00000, 0x0000000707d00000|100%|HC|  |TAMS 0x0000000707c00000, 0x0000000707c00000| Complete 
|  47|0x0000000707d00000, 0x0000000707e00000, 0x0000000707e00000|100%|HC|  |TAMS 0x0000000707d00000, 0x0000000707d00000| Complete 
|  48|0x0000000707e00000, 0x0000000707f00000, 0x0000000707f00000|100%|HC|  |TAMS 0x0000000707e00000, 0x0000000707e00000| Complete 
|  49|0x0000000707f00000, 0x0000000708000000, 0x0000000708000000|100%|HC|  |TAMS 0x0000000707f00000, 0x0000000707f00000| Complete 
|  50|0x0000000708000000, 0x0000000708100000, 0x0000000708100000|100%|HC|  |TAMS 0x0000000708000000, 0x0000000708000000| Complete 
|  51|0x0000000708100000, 0x0000000708200000, 0x0000000708200000|100%|HC|  |TAMS 0x0000000708100000, 0x0000000708100000| Complete 
|  52|0x0000000708200000, 0x0000000708300000, 0x0000000708300000|100%|HC|  |TAMS 0x0000000708200000, 0x0000000708200000| Complete 
|  53|0x0000000708300000, 0x0000000708400000, 0x0000000708400000|100%|HS|  |TAMS 0x0000000708300000, 0x0000000708300000| Complete 
|  54|0x0000000708400000, 0x0000000708500000, 0x0000000708500000|100%|HS|  |TAMS 0x0000000708400000, 0x0000000708400000| Complete 
|  55|0x0000000708500000, 0x0000000708600000, 0x0000000708600000|100%|HC|  |TAMS 0x0000000708500000, 0x0000000708500000| Complete 
|  56|0x0000000708600000, 0x0000000708700000, 0x0000000708700000|100%|HC|  |TAMS 0x0000000708600000, 0x0000000708600000| Complete 
|  57|0x0000000708700000, 0x0000000708800000, 0x0000000708800000|100%|HC|  |TAMS 0x0000000708700000, 0x0000000708700000| Complete 
|  58|0x0000000708800000, 0x0000000708900000, 0x0000000708900000|100%|HC|  |TAMS 0x0000000708800000, 0x0000000708800000| Complete 
|  59|0x0000000708900000, 0x0000000708a00000, 0x0000000708a00000|100%|HC|  |TAMS 0x0000000708900000, 0x0000000708900000| Complete 
|  60|0x0000000708a00000, 0x0000000708b00000, 0x0000000708b00000|100%|HC|  |TAMS 0x0000000708a00000, 0x0000000708a00000| Complete 
|  61|0x0000000708b00000, 0x0000000708c00000, 0x0000000708c00000|100%|HC|  |TAMS 0x0000000708b00000, 0x0000000708b00000| Complete 
|  62|0x0000000708c00000, 0x0000000708d00000, 0x0000000708d00000|100%|HC|  |TAMS 0x0000000708c00000, 0x0000000708c00000| Complete 
|  63|0x0000000708d00000, 0x0000000708e00000, 0x0000000708e00000|100%|HC|  |TAMS 0x0000000708d00000, 0x0000000708d00000| Complete 
|  64|0x0000000708e00000, 0x0000000708f00000, 0x0000000708f00000|100%|HC|  |TAMS 0x0000000708e00000, 0x0000000708e00000| Complete 
|  65|0x0000000708f00000, 0x0000000709000000, 0x0000000709000000|100%|HC|  |TAMS 0x0000000708f00000, 0x0000000708f00000| Complete 
|  66|0x0000000709000000, 0x0000000709100000, 0x0000000709100000|100%|HC|  |TAMS 0x0000000709000000, 0x0000000709000000| Complete 
|  67|0x0000000709100000, 0x0000000709200000, 0x0000000709200000|100%|HC|  |TAMS 0x0000000709100000, 0x0000000709100000| Complete 
|  68|0x0000000709200000, 0x0000000709300000, 0x0000000709300000|100%|HC|  |TAMS 0x0000000709200000, 0x0000000709200000| Complete 
|  69|0x0000000709300000, 0x0000000709400000, 0x0000000709400000|100%|HC|  |TAMS 0x0000000709300000, 0x0000000709300000| Complete 
|  70|0x0000000709400000, 0x0000000709500000, 0x0000000709500000|100%|HC|  |TAMS 0x0000000709400000, 0x0000000709400000| Complete 
|  71|0x0000000709500000, 0x0000000709600000, 0x0000000709600000|100%|HC|  |TAMS 0x0000000709500000, 0x0000000709500000| Complete 
|  72|0x0000000709600000, 0x0000000709700000, 0x0000000709700000|100%|HC|  |TAMS 0x0000000709600000, 0x0000000709600000| Complete 
|  73|0x0000000709700000, 0x0000000709800000, 0x0000000709800000|100%|HC|  |TAMS 0x0000000709700000, 0x0000000709700000| Complete 
|  74|0x0000000709800000, 0x0000000709900000, 0x0000000709900000|100%|HC|  |TAMS 0x0000000709800000, 0x0000000709800000| Complete 
|  75|0x0000000709900000, 0x0000000709a00000, 0x0000000709a00000|100%|HC|  |TAMS 0x0000000709900000, 0x0000000709900000| Complete 
|  76|0x0000000709a00000, 0x0000000709b00000, 0x0000000709b00000|100%|HC|  |TAMS 0x0000000709a00000, 0x0000000709a00000| Complete 
|  77|0x0000000709b00000, 0x0000000709b00000, 0x0000000709c00000|  0%| F|  |TAMS 0x0000000709b00000, 0x0000000709b00000| Untracked 
|  78|0x0000000709c00000, 0x0000000709c00000, 0x0000000709d00000|  0%| F|  |TAMS 0x0000000709c00000, 0x0000000709c00000| Untracked 
|  79|0x0000000709d00000, 0x0000000709d00000, 0x0000000709e00000|  0%| F|  |TAMS 0x0000000709d00000, 0x0000000709d00000| Untracked 
|  80|0x0000000709e00000, 0x0000000709e00000, 0x0000000709f00000|  0%| F|  |TAMS 0x0000000709e00000, 0x0000000709e00000| Untracked 
|  81|0x0000000709f00000, 0x0000000709f00000, 0x000000070a000000|  0%| F|  |TAMS 0x0000000709f00000, 0x0000000709f00000| Untracked 
|  82|0x000000070a000000, 0x000000070a000000, 0x000000070a100000|  0%| F|  |TAMS 0x000000070a000000, 0x000000070a000000| Untracked 
|  83|0x000000070a100000, 0x000000070a100000, 0x000000070a200000|  0%| F|  |TAMS 0x000000070a100000, 0x000000070a100000| Untracked 
|  84|0x000000070a200000, 0x000000070a200000, 0x000000070a300000|  0%| F|  |TAMS 0x000000070a200000, 0x000000070a200000| Untracked 
|  85|0x000000070a300000, 0x000000070a400000, 0x000000070a400000|100%|HS|  |TAMS 0x000000070a300000, 0x000000070a300000| Complete 
|  86|0x000000070a400000, 0x000000070a4ef020, 0x000000070a500000| 93%| S|CS|TAMS 0x000000070a400000, 0x000000070a400000| Complete 
|  87|0x000000070a500000, 0x000000070a600000, 0x000000070a600000|100%| S|CS|TAMS 0x000000070a500000, 0x000000070a500000| Complete 
|  88|0x000000070a600000, 0x000000070a700000, 0x000000070a700000|100%| S|CS|TAMS 0x000000070a600000, 0x000000070a600000| Complete 
|  89|0x000000070a700000, 0x000000070a800000, 0x000000070a800000|100%| S|CS|TAMS 0x000000070a700000, 0x000000070a700000| Complete 
|  90|0x000000070a800000, 0x000000070a900000, 0x000000070a900000|100%| S|CS|TAMS 0x000000070a800000, 0x000000070a800000| Complete 
|  91|0x000000070a900000, 0x000000070a900000, 0x000000070aa00000|  0%| F|  |TAMS 0x000000070a900000, 0x000000070a900000| Untracked 
|  92|0x000000070aa00000, 0x000000070aa00000, 0x000000070ab00000|  0%| F|  |TAMS 0x000000070aa00000, 0x000000070aa00000| Untracked 
|  93|0x000000070ab00000, 0x000000070ab00000, 0x000000070ac00000|  0%| F|  |TAMS 0x000000070ab00000, 0x000000070ab00000| Untracked 
|  94|0x000000070ac00000, 0x000000070ac00000, 0x000000070ad00000|  0%| F|  |TAMS 0x000000070ac00000, 0x000000070ac00000| Untracked 
|  95|0x000000070ad00000, 0x000000070ad00000, 0x000000070ae00000|  0%| F|  |TAMS 0x000000070ad00000, 0x000000070ad00000| Untracked 
|  96|0x000000070ae00000, 0x000000070ae00000, 0x000000070af00000|  0%| F|  |TAMS 0x000000070ae00000, 0x000000070ae00000| Untracked 
|  97|0x000000070af00000, 0x000000070af00000, 0x000000070b000000|  0%| F|  |TAMS 0x000000070af00000, 0x000000070af00000| Untracked 
|  98|0x000000070b000000, 0x000000070b000000, 0x000000070b100000|  0%| F|  |TAMS 0x000000070b000000, 0x000000070b000000| Untracked 
|  99|0x000000070b100000, 0x000000070b200000, 0x000000070b200000|100%| S|CS|TAMS 0x000000070b100000, 0x000000070b100000| Complete 
| 100|0x000000070b200000, 0x000000070b300000, 0x000000070b300000|100%| S|CS|TAMS 0x000000070b200000, 0x000000070b200000| Complete 
| 101|0x000000070b300000, 0x000000070b400000, 0x000000070b400000|100%|HS|  |TAMS 0x000000070b300000, 0x000000070b300000| Complete 
| 102|0x000000070b400000, 0x000000070b500000, 0x000000070b500000|100%|HC|  |TAMS 0x000000070b400000, 0x000000070b400000| Complete 
| 103|0x000000070b500000, 0x000000070b600000, 0x000000070b600000|100%|HC|  |TAMS 0x000000070b500000, 0x000000070b500000| Complete 
| 104|0x000000070b600000, 0x000000070b700000, 0x000000070b700000|100%|HC|  |TAMS 0x000000070b600000, 0x000000070b600000| Complete 
| 105|0x000000070b700000, 0x000000070b800000, 0x000000070b800000|100%|HC|  |TAMS 0x000000070b700000, 0x000000070b700000| Complete 
| 106|0x000000070b800000, 0x000000070b900000, 0x000000070b900000|100%|HC|  |TAMS 0x000000070b800000, 0x000000070b800000| Complete 
| 107|0x000000070b900000, 0x000000070ba00000, 0x000000070ba00000|100%|HC|  |TAMS 0x000000070b900000, 0x000000070b900000| Complete 
| 108|0x000000070ba00000, 0x000000070bb00000, 0x000000070bb00000|100%|HC|  |TAMS 0x000000070ba00000, 0x000000070ba00000| Complete 
| 109|0x000000070bb00000, 0x000000070bc00000, 0x000000070bc00000|100%| S|CS|TAMS 0x000000070bb00000, 0x000000070bb00000| Complete 
| 110|0x000000070bc00000, 0x000000070bd00000, 0x000000070bd00000|100%| S|CS|TAMS 0x000000070bc00000, 0x000000070bc00000| Complete 
| 111|0x000000070bd00000, 0x000000070be00000, 0x000000070be00000|100%| S|CS|TAMS 0x000000070bd00000, 0x000000070bd00000| Complete 
| 112|0x000000070be00000, 0x000000070be00000, 0x000000070bf00000|  0%| F|  |TAMS 0x000000070be00000, 0x000000070be00000| Untracked 
| 113|0x000000070bf00000, 0x000000070bf00000, 0x000000070c000000|  0%| F|  |TAMS 0x000000070bf00000, 0x000000070bf00000| Untracked 
| 114|0x000000070c000000, 0x000000070c000000, 0x000000070c100000|  0%| F|  |TAMS 0x000000070c000000, 0x000000070c000000| Untracked 
| 115|0x000000070c100000, 0x000000070c100000, 0x000000070c200000|  0%| F|  |TAMS 0x000000070c100000, 0x000000070c100000| Untracked 
| 116|0x000000070c200000, 0x000000070c200000, 0x000000070c300000|  0%| F|  |TAMS 0x000000070c200000, 0x000000070c200000| Untracked 
| 117|0x000000070c300000, 0x000000070c300000, 0x000000070c400000|  0%| F|  |TAMS 0x000000070c300000, 0x000000070c300000| Untracked 
| 118|0x000000070c400000, 0x000000070c400000, 0x000000070c500000|  0%| F|  |TAMS 0x000000070c400000, 0x000000070c400000| Untracked 
| 119|0x000000070c500000, 0x000000070c500000, 0x000000070c600000|  0%| F|  |TAMS 0x000000070c500000, 0x000000070c500000| Untracked 
| 120|0x000000070c600000, 0x000000070c600000, 0x000000070c700000|  0%| F|  |TAMS 0x000000070c600000, 0x000000070c600000| Untracked 
| 121|0x000000070c700000, 0x000000070c700000, 0x000000070c800000|  0%| F|  |TAMS 0x000000070c700000, 0x000000070c700000| Untracked 
| 122|0x000000070c800000, 0x000000070c800000, 0x000000070c900000|  0%| F|  |TAMS 0x000000070c800000, 0x000000070c800000| Untracked 
| 123|0x000000070c900000, 0x000000070c900000, 0x000000070ca00000|  0%| F|  |TAMS 0x000000070c900000, 0x000000070c900000| Untracked 
| 124|0x000000070ca00000, 0x000000070ca00000, 0x000000070cb00000|  0%| F|  |TAMS 0x000000070ca00000, 0x000000070ca00000| Untracked 
| 125|0x000000070cb00000, 0x000000070cb00000, 0x000000070cc00000|  0%| F|  |TAMS 0x000000070cb00000, 0x000000070cb00000| Untracked 
| 126|0x000000070cc00000, 0x000000070cc00000, 0x000000070cd00000|  0%| F|  |TAMS 0x000000070cc00000, 0x000000070cc00000| Untracked 
| 127|0x000000070cd00000, 0x000000070cd00000, 0x000000070ce00000|  0%| F|  |TAMS 0x000000070cd00000, 0x000000070cd00000| Untracked 
| 128|0x000000070ce00000, 0x000000070ce00000, 0x000000070cf00000|  0%| F|  |TAMS 0x000000070ce00000, 0x000000070ce00000| Untracked 
| 129|0x000000070cf00000, 0x000000070cf00000, 0x000000070d000000|  0%| F|  |TAMS 0x000000070cf00000, 0x000000070cf00000| Untracked 
| 130|0x000000070d000000, 0x000000070d000000, 0x000000070d100000|  0%| F|  |TAMS 0x000000070d000000, 0x000000070d000000| Untracked 
| 131|0x000000070d100000, 0x000000070d100000, 0x000000070d200000|  0%| F|  |TAMS 0x000000070d100000, 0x000000070d100000| Untracked 
| 132|0x000000070d200000, 0x000000070d200000, 0x000000070d300000|  0%| F|  |TAMS 0x000000070d200000, 0x000000070d200000| Untracked 
| 133|0x000000070d300000, 0x000000070d300000, 0x000000070d400000|  0%| F|  |TAMS 0x000000070d300000, 0x000000070d300000| Untracked 
| 134|0x000000070d400000, 0x000000070d400000, 0x000000070d500000|  0%| F|  |TAMS 0x000000070d400000, 0x000000070d400000| Untracked 
| 135|0x000000070d500000, 0x000000070d500000, 0x000000070d600000|  0%| F|  |TAMS 0x000000070d500000, 0x000000070d500000| Untracked 
| 136|0x000000070d600000, 0x000000070d600000, 0x000000070d700000|  0%| F|  |TAMS 0x000000070d600000, 0x000000070d600000| Untracked 
| 137|0x000000070d700000, 0x000000070d700000, 0x000000070d800000|  0%| F|  |TAMS 0x000000070d700000, 0x000000070d700000| Untracked 
| 138|0x000000070d800000, 0x000000070d800000, 0x000000070d900000|  0%| F|  |TAMS 0x000000070d800000, 0x000000070d800000| Untracked 
| 139|0x000000070d900000, 0x000000070d900000, 0x000000070da00000|  0%| F|  |TAMS 0x000000070d900000, 0x000000070d900000| Untracked 
| 140|0x000000070da00000, 0x000000070da00000, 0x000000070db00000|  0%| F|  |TAMS 0x000000070da00000, 0x000000070da00000| Untracked 
| 141|0x000000070db00000, 0x000000070db00000, 0x000000070dc00000|  0%| F|  |TAMS 0x000000070db00000, 0x000000070db00000| Untracked 
| 142|0x000000070dc00000, 0x000000070dc00000, 0x000000070dd00000|  0%| F|  |TAMS 0x000000070dc00000, 0x000000070dc00000| Untracked 
| 143|0x000000070dd00000, 0x000000070dd00000, 0x000000070de00000|  0%| F|  |TAMS 0x000000070dd00000, 0x000000070dd00000| Untracked 
| 144|0x000000070de00000, 0x000000070de00000, 0x000000070df00000|  0%| F|  |TAMS 0x000000070de00000, 0x000000070de00000| Untracked 
| 145|0x000000070df00000, 0x000000070df00000, 0x000000070e000000|  0%| F|  |TAMS 0x000000070df00000, 0x000000070df00000| Untracked 
| 146|0x000000070e000000, 0x000000070e000000, 0x000000070e100000|  0%| F|  |TAMS 0x000000070e000000, 0x000000070e000000| Untracked 
| 147|0x000000070e100000, 0x000000070e100000, 0x000000070e200000|  0%| F|  |TAMS 0x000000070e100000, 0x000000070e100000| Untracked 
| 148|0x000000070e200000, 0x000000070e200000, 0x000000070e300000|  0%| F|  |TAMS 0x000000070e200000, 0x000000070e200000| Untracked 
| 149|0x000000070e300000, 0x000000070e300000, 0x000000070e400000|  0%| F|  |TAMS 0x000000070e300000, 0x000000070e300000| Untracked 
| 150|0x000000070e400000, 0x000000070e400000, 0x000000070e500000|  0%| F|  |TAMS 0x000000070e400000, 0x000000070e400000| Untracked 
| 151|0x000000070e500000, 0x000000070e500000, 0x000000070e600000|  0%| F|  |TAMS 0x000000070e500000, 0x000000070e500000| Untracked 
| 152|0x000000070e600000, 0x000000070e600000, 0x000000070e700000|  0%| F|  |TAMS 0x000000070e600000, 0x000000070e600000| Untracked 
| 153|0x000000070e700000, 0x000000070e700000, 0x000000070e800000|  0%| F|  |TAMS 0x000000070e700000, 0x000000070e700000| Untracked 
| 154|0x000000070e800000, 0x000000070e800000, 0x000000070e900000|  0%| F|  |TAMS 0x000000070e800000, 0x000000070e800000| Untracked 
| 155|0x000000070e900000, 0x000000070e900000, 0x000000070ea00000|  0%| F|  |TAMS 0x000000070e900000, 0x000000070e900000| Untracked 
| 156|0x000000070ea00000, 0x000000070ea00000, 0x000000070eb00000|  0%| F|  |TAMS 0x000000070ea00000, 0x000000070ea00000| Untracked 
| 157|0x000000070eb00000, 0x000000070eb00000, 0x000000070ec00000|  0%| F|  |TAMS 0x000000070eb00000, 0x000000070eb00000| Untracked 
| 158|0x000000070ec00000, 0x000000070ec00000, 0x000000070ed00000|  0%| F|  |TAMS 0x000000070ec00000, 0x000000070ec00000| Untracked 
| 159|0x000000070ed00000, 0x000000070ed00000, 0x000000070ee00000|  0%| F|  |TAMS 0x000000070ed00000, 0x000000070ed00000| Untracked 
| 160|0x000000070ee00000, 0x000000070ee00000, 0x000000070ef00000|  0%| F|  |TAMS 0x000000070ee00000, 0x000000070ee00000| Untracked 
| 161|0x000000070ef00000, 0x000000070ef00000, 0x000000070f000000|  0%| F|  |TAMS 0x000000070ef00000, 0x000000070ef00000| Untracked 
| 162|0x000000070f000000, 0x000000070f000000, 0x000000070f100000|  0%| F|  |TAMS 0x000000070f000000, 0x000000070f000000| Untracked 
| 163|0x000000070f100000, 0x000000070f100000, 0x000000070f200000|  0%| F|  |TAMS 0x000000070f100000, 0x000000070f100000| Untracked 
| 164|0x000000070f200000, 0x000000070f200000, 0x000000070f300000|  0%| F|  |TAMS 0x000000070f200000, 0x000000070f200000| Untracked 
| 165|0x000000070f300000, 0x000000070f300000, 0x000000070f400000|  0%| F|  |TAMS 0x000000070f300000, 0x000000070f300000| Untracked 
| 166|0x000000070f400000, 0x000000070f400000, 0x000000070f500000|  0%| F|  |TAMS 0x000000070f400000, 0x000000070f400000| Untracked 
| 167|0x000000070f500000, 0x000000070f500000, 0x000000070f600000|  0%| F|  |TAMS 0x000000070f500000, 0x000000070f500000| Untracked 
| 168|0x000000070f600000, 0x000000070f600000, 0x000000070f700000|  0%| F|  |TAMS 0x000000070f600000, 0x000000070f600000| Untracked 
| 169|0x000000070f700000, 0x000000070f700000, 0x000000070f800000|  0%| F|  |TAMS 0x000000070f700000, 0x000000070f700000| Untracked 
| 170|0x000000070f800000, 0x000000070f800000, 0x000000070f900000|  0%| F|  |TAMS 0x000000070f800000, 0x000000070f800000| Untracked 
| 171|0x000000070f900000, 0x000000070f900000, 0x000000070fa00000|  0%| F|  |TAMS 0x000000070f900000, 0x000000070f900000| Untracked 
| 172|0x000000070fa00000, 0x000000070fa00000, 0x000000070fb00000|  0%| F|  |TAMS 0x000000070fa00000, 0x000000070fa00000| Untracked 
| 173|0x000000070fb00000, 0x000000070fb00000, 0x000000070fc00000|  0%| F|  |TAMS 0x000000070fb00000, 0x000000070fb00000| Untracked 
| 174|0x000000070fc00000, 0x000000070fc00000, 0x000000070fd00000|  0%| F|  |TAMS 0x000000070fc00000, 0x000000070fc00000| Untracked 
| 175|0x000000070fd00000, 0x000000070fd00000, 0x000000070fe00000|  0%| F|  |TAMS 0x000000070fd00000, 0x000000070fd00000| Untracked 
| 176|0x000000070fe00000, 0x000000070fe00000, 0x000000070ff00000|  0%| F|  |TAMS 0x000000070fe00000, 0x000000070fe00000| Untracked 
| 177|0x000000070ff00000, 0x000000070ff00000, 0x0000000710000000|  0%| F|  |TAMS 0x000000070ff00000, 0x000000070ff00000| Untracked 
| 178|0x0000000710000000, 0x0000000710000000, 0x0000000710100000|  0%| F|  |TAMS 0x0000000710000000, 0x0000000710000000| Untracked 
| 179|0x0000000710100000, 0x0000000710100000, 0x0000000710200000|  0%| F|  |TAMS 0x0000000710100000, 0x0000000710100000| Untracked 
| 180|0x0000000710200000, 0x0000000710200000, 0x0000000710300000|  0%| F|  |TAMS 0x0000000710200000, 0x0000000710200000| Untracked 
| 181|0x0000000710300000, 0x0000000710300000, 0x0000000710400000|  0%| F|  |TAMS 0x0000000710300000, 0x0000000710300000| Untracked 
| 182|0x0000000710400000, 0x0000000710400000, 0x0000000710500000|  0%| F|  |TAMS 0x0000000710400000, 0x0000000710400000| Untracked 
| 183|0x0000000710500000, 0x0000000710500000, 0x0000000710600000|  0%| F|  |TAMS 0x0000000710500000, 0x0000000710500000| Untracked 
| 184|0x0000000710600000, 0x0000000710600000, 0x0000000710700000|  0%| F|  |TAMS 0x0000000710600000, 0x0000000710600000| Untracked 
| 185|0x0000000710700000, 0x0000000710700000, 0x0000000710800000|  0%| F|  |TAMS 0x0000000710700000, 0x0000000710700000| Untracked 
| 186|0x0000000710800000, 0x0000000710800000, 0x0000000710900000|  0%| F|  |TAMS 0x0000000710800000, 0x0000000710800000| Untracked 
| 187|0x0000000710900000, 0x0000000710900000, 0x0000000710a00000|  0%| F|  |TAMS 0x0000000710900000, 0x0000000710900000| Untracked 
| 188|0x0000000710a00000, 0x0000000710a00000, 0x0000000710b00000|  0%| F|  |TAMS 0x0000000710a00000, 0x0000000710a00000| Untracked 
| 189|0x0000000710b00000, 0x0000000710b00000, 0x0000000710c00000|  0%| F|  |TAMS 0x0000000710b00000, 0x0000000710b00000| Untracked 
| 190|0x0000000710c00000, 0x0000000710c00000, 0x0000000710d00000|  0%| F|  |TAMS 0x0000000710c00000, 0x0000000710c00000| Untracked 
| 191|0x0000000710d00000, 0x0000000710d00000, 0x0000000710e00000|  0%| F|  |TAMS 0x0000000710d00000, 0x0000000710d00000| Untracked 
| 192|0x0000000710e00000, 0x0000000710e00000, 0x0000000710f00000|  0%| F|  |TAMS 0x0000000710e00000, 0x0000000710e00000| Untracked 
| 193|0x0000000710f00000, 0x0000000710f00000, 0x0000000711000000|  0%| F|  |TAMS 0x0000000710f00000, 0x0000000710f00000| Untracked 
| 194|0x0000000711000000, 0x0000000711000000, 0x0000000711100000|  0%| F|  |TAMS 0x0000000711000000, 0x0000000711000000| Untracked 
| 195|0x0000000711100000, 0x0000000711100000, 0x0000000711200000|  0%| F|  |TAMS 0x0000000711100000, 0x0000000711100000| Untracked 
| 196|0x0000000711200000, 0x0000000711200000, 0x0000000711300000|  0%| F|  |TAMS 0x0000000711200000, 0x0000000711200000| Untracked 
| 197|0x0000000711300000, 0x0000000711300000, 0x0000000711400000|  0%| F|  |TAMS 0x0000000711300000, 0x0000000711300000| Untracked 
| 198|0x0000000711400000, 0x0000000711400000, 0x0000000711500000|  0%| F|  |TAMS 0x0000000711400000, 0x0000000711400000| Untracked 
| 199|0x0000000711500000, 0x0000000711500000, 0x0000000711600000|  0%| F|  |TAMS 0x0000000711500000, 0x0000000711500000| Untracked 
| 200|0x0000000711600000, 0x0000000711600000, 0x0000000711700000|  0%| F|  |TAMS 0x0000000711600000, 0x0000000711600000| Untracked 
| 201|0x0000000711700000, 0x0000000711700000, 0x0000000711800000|  0%| F|  |TAMS 0x0000000711700000, 0x0000000711700000| Untracked 
| 202|0x0000000711800000, 0x0000000711800000, 0x0000000711900000|  0%| F|  |TAMS 0x0000000711800000, 0x0000000711800000| Untracked 
| 203|0x0000000711900000, 0x0000000711900000, 0x0000000711a00000|  0%| F|  |TAMS 0x0000000711900000, 0x0000000711900000| Untracked 
| 204|0x0000000711a00000, 0x0000000711a00000, 0x0000000711b00000|  0%| F|  |TAMS 0x0000000711a00000, 0x0000000711a00000| Untracked 
| 205|0x0000000711b00000, 0x0000000711b00000, 0x0000000711c00000|  0%| F|  |TAMS 0x0000000711b00000, 0x0000000711b00000| Untracked 
| 206|0x0000000711c00000, 0x0000000711c00000, 0x0000000711d00000|  0%| F|  |TAMS 0x0000000711c00000, 0x0000000711c00000| Untracked 
| 207|0x0000000711d00000, 0x0000000711d00000, 0x0000000711e00000|  0%| F|  |TAMS 0x0000000711d00000, 0x0000000711d00000| Untracked 
| 208|0x0000000711e00000, 0x0000000711e00000, 0x0000000711f00000|  0%| F|  |TAMS 0x0000000711e00000, 0x0000000711e00000| Untracked 
| 209|0x0000000711f00000, 0x0000000711f00000, 0x0000000712000000|  0%| F|  |TAMS 0x0000000711f00000, 0x0000000711f00000| Untracked 
| 210|0x0000000712000000, 0x0000000712000000, 0x0000000712100000|  0%| F|  |TAMS 0x0000000712000000, 0x0000000712000000| Untracked 
| 211|0x0000000712100000, 0x0000000712100000, 0x0000000712200000|  0%| F|  |TAMS 0x0000000712100000, 0x0000000712100000| Untracked 
| 212|0x0000000712200000, 0x0000000712200000, 0x0000000712300000|  0%| F|  |TAMS 0x0000000712200000, 0x0000000712200000| Untracked 
| 213|0x0000000712300000, 0x0000000712300000, 0x0000000712400000|  0%| F|  |TAMS 0x0000000712300000, 0x0000000712300000| Untracked 
| 214|0x0000000712400000, 0x0000000712400000, 0x0000000712500000|  0%| F|  |TAMS 0x0000000712400000, 0x0000000712400000| Untracked 
| 215|0x0000000712500000, 0x0000000712500000, 0x0000000712600000|  0%| F|  |TAMS 0x0000000712500000, 0x0000000712500000| Untracked 
| 216|0x0000000712600000, 0x0000000712600000, 0x0000000712700000|  0%| F|  |TAMS 0x0000000712600000, 0x0000000712600000| Untracked 
| 217|0x0000000712700000, 0x0000000712700000, 0x0000000712800000|  0%| F|  |TAMS 0x0000000712700000, 0x0000000712700000| Untracked 
| 218|0x0000000712800000, 0x0000000712800000, 0x0000000712900000|  0%| F|  |TAMS 0x0000000712800000, 0x0000000712800000| Untracked 
| 219|0x0000000712900000, 0x0000000712900000, 0x0000000712a00000|  0%| F|  |TAMS 0x0000000712900000, 0x0000000712900000| Untracked 
| 220|0x0000000712a00000, 0x0000000712a00000, 0x0000000712b00000|  0%| F|  |TAMS 0x0000000712a00000, 0x0000000712a00000| Untracked 
| 221|0x0000000712b00000, 0x0000000712b00000, 0x0000000712c00000|  0%| F|  |TAMS 0x0000000712b00000, 0x0000000712b00000| Untracked 
| 222|0x0000000712c00000, 0x0000000712c00000, 0x0000000712d00000|  0%| F|  |TAMS 0x0000000712c00000, 0x0000000712c00000| Untracked 
| 223|0x0000000712d00000, 0x0000000712d00000, 0x0000000712e00000|  0%| F|  |TAMS 0x0000000712d00000, 0x0000000712d00000| Untracked 
| 224|0x0000000712e00000, 0x0000000712e00000, 0x0000000712f00000|  0%| F|  |TAMS 0x0000000712e00000, 0x0000000712e00000| Untracked 
| 225|0x0000000712f00000, 0x0000000712f00000, 0x0000000713000000|  0%| F|  |TAMS 0x0000000712f00000, 0x0000000712f00000| Untracked 
| 226|0x0000000713000000, 0x0000000713000000, 0x0000000713100000|  0%| F|  |TAMS 0x0000000713000000, 0x0000000713000000| Untracked 
| 227|0x0000000713100000, 0x0000000713100000, 0x0000000713200000|  0%| F|  |TAMS 0x0000000713100000, 0x0000000713100000| Untracked 
| 228|0x0000000713200000, 0x0000000713200000, 0x0000000713300000|  0%| F|  |TAMS 0x0000000713200000, 0x0000000713200000| Untracked 
| 229|0x0000000713300000, 0x0000000713300000, 0x0000000713400000|  0%| F|  |TAMS 0x0000000713300000, 0x0000000713300000| Untracked 
| 230|0x0000000713400000, 0x0000000713400000, 0x0000000713500000|  0%| F|  |TAMS 0x0000000713400000, 0x0000000713400000| Untracked 
| 231|0x0000000713500000, 0x0000000713500000, 0x0000000713600000|  0%| F|  |TAMS 0x0000000713500000, 0x0000000713500000| Untracked 
| 232|0x0000000713600000, 0x0000000713600000, 0x0000000713700000|  0%| F|  |TAMS 0x0000000713600000, 0x0000000713600000| Untracked 
| 233|0x0000000713700000, 0x0000000713700000, 0x0000000713800000|  0%| F|  |TAMS 0x0000000713700000, 0x0000000713700000| Untracked 
| 234|0x0000000713800000, 0x0000000713800000, 0x0000000713900000|  0%| F|  |TAMS 0x0000000713800000, 0x0000000713800000| Untracked 
| 235|0x0000000713900000, 0x0000000713900000, 0x0000000713a00000|  0%| F|  |TAMS 0x0000000713900000, 0x0000000713900000| Untracked 
| 236|0x0000000713a00000, 0x0000000713a00000, 0x0000000713b00000|  0%| F|  |TAMS 0x0000000713a00000, 0x0000000713a00000| Untracked 
| 237|0x0000000713b00000, 0x0000000713b00000, 0x0000000713c00000|  0%| F|  |TAMS 0x0000000713b00000, 0x0000000713b00000| Untracked 
| 238|0x0000000713c00000, 0x0000000713c00000, 0x0000000713d00000|  0%| F|  |TAMS 0x0000000713c00000, 0x0000000713c00000| Untracked 
| 239|0x0000000713d00000, 0x0000000713d00000, 0x0000000713e00000|  0%| F|  |TAMS 0x0000000713d00000, 0x0000000713d00000| Untracked 
| 240|0x0000000713e00000, 0x0000000713e00000, 0x0000000713f00000|  0%| F|  |TAMS 0x0000000713e00000, 0x0000000713e00000| Untracked 
| 241|0x0000000713f00000, 0x0000000713f00000, 0x0000000714000000|  0%| F|  |TAMS 0x0000000713f00000, 0x0000000713f00000| Untracked 
| 242|0x0000000714000000, 0x0000000714000000, 0x0000000714100000|  0%| F|  |TAMS 0x0000000714000000, 0x0000000714000000| Untracked 
| 243|0x0000000714100000, 0x0000000714100000, 0x0000000714200000|  0%| F|  |TAMS 0x0000000714100000, 0x0000000714100000| Untracked 
| 244|0x0000000714200000, 0x0000000714200000, 0x0000000714300000|  0%| F|  |TAMS 0x0000000714200000, 0x0000000714200000| Untracked 
| 245|0x0000000714300000, 0x0000000714300800, 0x0000000714400000|  0%| E|  |TAMS 0x0000000714300000, 0x0000000714300000| Complete 
| 246|0x0000000714400000, 0x0000000714500000, 0x0000000714500000|100%| E|CS|TAMS 0x0000000714400000, 0x0000000714400000| Complete 
| 247|0x0000000714500000, 0x0000000714600000, 0x0000000714600000|100%| E|CS|TAMS 0x0000000714500000, 0x0000000714500000| Complete 
| 248|0x0000000714600000, 0x0000000714700000, 0x0000000714700000|100%| E|CS|TAMS 0x0000000714600000, 0x0000000714600000| Complete 
| 249|0x0000000714700000, 0x0000000714800000, 0x0000000714800000|100%| E|CS|TAMS 0x0000000714700000, 0x0000000714700000| Complete 
| 250|0x0000000714800000, 0x0000000714900000, 0x0000000714900000|100%| E|CS|TAMS 0x0000000714800000, 0x0000000714800000| Complete 
| 251|0x0000000714900000, 0x0000000714a00000, 0x0000000714a00000|100%| E|CS|TAMS 0x0000000714900000, 0x0000000714900000| Complete 
| 252|0x0000000714a00000, 0x0000000714b00000, 0x0000000714b00000|100%| E|CS|TAMS 0x0000000714a00000, 0x0000000714a00000| Complete 
| 253|0x0000000714b00000, 0x0000000714c00000, 0x0000000714c00000|100%| E|CS|TAMS 0x0000000714b00000, 0x0000000714b00000| Complete 
| 254|0x0000000714c00000, 0x0000000714d00000, 0x0000000714d00000|100%| E|CS|TAMS 0x0000000714c00000, 0x0000000714c00000| Complete 

Card table byte_map: [0x000002a2657a0000,0x000002a265f80000] _byte_map_base: 0x000002a261f79000

Marking Bits (Prev, Next): (CMBitMap*) 0x000002a24d44fb88, (CMBitMap*) 0x000002a24d44fbc0
 Prev Bits: [0x000002a266760000, 0x000002a26a628000)
 Next Bits: [0x000002a26a630000, 0x000002a26e4f8000)

Polling page: 0x000002a24c030000

Metaspace:

Usage:
  Non-class:     37.66 MB capacity,    37.11 MB ( 99%) used,   474.40 KB (  1%) free+waste,    88.56 KB ( <1%) overhead. 
      Class:      4.48 MB capacity,     4.15 MB ( 93%) used,   302.79 KB (  7%) free+waste,    40.31 KB ( <1%) overhead. 
       Both:     42.14 MB capacity,    41.25 MB ( 98%) used,   777.19 KB (  2%) free+waste,   128.88 KB ( <1%) overhead. 

Virtual space:
  Non-class space:       38.00 MB reserved,      37.67 MB (>99%) committed 
      Class space:        1.00 GB reserved,       4.50 MB ( <1%) committed 
             Both:        1.04 GB reserved,      42.17 MB (  4%) committed 

Chunk freelists:
   Non-Class:  13.00 KB
       Class:  20.00 KB
        Both:  33.00 KB

MaxMetaspaceSize: 17179869184.00 GB
CompressedClassSpaceSize: 1.00 GB
Initial GC threshold: 20.80 MB
Current GC threshold: 58.41 MB
CDS: off

CodeHeap 'non-profiled nmethods': size=120000Kb used=3779Kb max_used=3779Kb free=116220Kb
 bounds [0x000002a25d740000, 0x000002a25db00000, 0x000002a264c70000]
CodeHeap 'profiled nmethods': size=120000Kb used=12616Kb max_used=12616Kb free=107383Kb
 bounds [0x000002a256210000, 0x000002a256e70000, 0x000002a25d740000]
CodeHeap 'non-nmethods': size=5760Kb used=1918Kb max_used=1970Kb free=3841Kb
 bounds [0x000002a255c70000, 0x000002a255ee0000, 0x000002a256210000]
 total_blobs=6714 nmethods=5368 adapters=1258
 compilation: enabled
              stopped_count=0, restarted_count=0
 full_count=0

Compilation events (20 events):
Event: 48.099 Thread 0x000002a271075000 5345       3       java.awt.Font::getFont2D (102 bytes)
Event: 48.101 Thread 0x000002a271075000 nmethod 5345 0x000002a256e4ea90 code [0x000002a256e4ece0, 0x000002a256e4f908]
Event: 48.101 Thread 0x000002a271075000 5346   !   3       sun.swing.SwingUtilities2::drawString (458 bytes)
Event: 48.103 Thread 0x000002a271075000 nmethod 5346 0x000002a256e4fc10 code [0x000002a256e501c0, 0x000002a256e53878]
Event: 48.103 Thread 0x000002a271075000 5347       3       java.util.IdentityHashMap$KeySet::iterator (12 bytes)
Event: 48.103 Thread 0x000002a271075000 nmethod 5347 0x000002a256e54710 code [0x000002a256e548e0, 0x000002a256e54b48]
Event: 48.103 Thread 0x000002a271075000 5348       3       java.util.IdentityHashMap$KeyIterator::<init> (11 bytes)
Event: 48.103 Thread 0x000002a271075000 nmethod 5348 0x000002a256e54c10 code [0x000002a256e54dc0, 0x000002a256e54f48]
Event: 48.271 Thread 0x000002a271075000 5349   !   3       java.awt.EventQueue::setCurrentEventAndMostRecentTimeImpl (191 bytes)
Event: 48.272 Thread 0x000002a271075000 nmethod 5349 0x000002a256e55010 code [0x000002a256e552e0, 0x000002a256e569f8]
Event: 48.391 Thread 0x000002a271073800 5350  s!   4       org.bytedeco.javacpp.Loader::loadLibrary (1711 bytes)
Event: 48.415 Thread 0x000002a271075000 5352       3       java.lang.ClassLoader::findNative (81 bytes)
Event: 48.415 Thread 0x000002a271075000 nmethod 5352 0x000002a256e56f10 code [0x000002a256e57160, 0x000002a256e57998]
Event: 48.475 Thread 0x000002a271075000 5353       3       java.lang.Math::round (56 bytes)
Event: 48.475 Thread 0x000002a271075000 nmethod 5353 0x000002a256e57c10 code [0x000002a256e57dc0, 0x000002a256e57f98]
Event: 48.477 Thread 0x000002a271075000 5354       3       java.awt.image.ComponentColorModel::getRGB (161 bytes)
Event: 48.477 Thread 0x000002a271075000 nmethod 5354 0x000002a256e58010 code [0x000002a256e582e0, 0x000002a256e58b98]
Event: 48.478 Thread 0x000002a27700a800 5351   !   4       sun.net.www.ParseUtil::decode (317 bytes)
Event: 48.478 Thread 0x000002a271075000 5359       3       java.awt.image.ReplicateScaleFilter::setPixels (226 bytes)
Event: 48.479 Thread 0x000002a271075000 nmethod 5359 0x000002a256e58e90 code [0x000002a256e590c0, 0x000002a256e59ad8]

GC Heap History (18 events):
Event: 0.573 GC heap before
{Heap before GC invocations=0 (full 0):
 garbage-first heap   total 258048K, used 23552K [0x0000000704e00000, 0x0000000800000000)
  region size 1024K, 24 young (24576K), 0 survivors (0K)
 Metaspace       used 13052K, capacity 13297K, committed 13568K, reserved 1060864K
  class space    used 1319K, capacity 1413K, committed 1536K, reserved 1048576K
}
Event: 0.576 GC heap after
{Heap after GC invocations=1 (full 0):
 garbage-first heap   total 258048K, used 3536K [0x0000000704e00000, 0x0000000800000000)
  region size 1024K, 3 young (3072K), 3 survivors (3072K)
 Metaspace       used 13052K, capacity 13297K, committed 13568K, reserved 1060864K
  class space    used 1319K, capacity 1413K, committed 1536K, reserved 1048576K
}
Event: 1.310 GC heap before
{Heap before GC invocations=1 (full 0):
 garbage-first heap   total 258048K, used 55760K [0x0000000704e00000, 0x0000000800000000)
  region size 1024K, 55 young (56320K), 3 survivors (3072K)
 Metaspace       used 20917K, capacity 21231K, committed 21296K, reserved 1069056K
  class space    used 2310K, capacity 2432K, committed 2432K, reserved 1048576K
}
Event: 1.323 GC heap after
{Heap after GC invocations=2 (full 0):
 garbage-first heap   total 258048K, used 6742K [0x0000000704e00000, 0x0000000800000000)
  region size 1024K, 7 young (7168K), 7 survivors (7168K)
 Metaspace       used 20917K, capacity 21231K, committed 21296K, reserved 1069056K
  class space    used 2310K, capacity 2432K, committed 2432K, reserved 1048576K
}
Event: 2.171 GC heap before
{Heap before GC invocations=3 (full 0):
 garbage-first heap   total 258048K, used 69206K [0x0000000704e00000, 0x0000000800000000)
  region size 1024K, 68 young (69632K), 7 survivors (7168K)
 Metaspace       used 23414K, capacity 23833K, committed 24112K, reserved 1071104K
  class space    used 2503K, capacity 2659K, committed 2688K, reserved 1048576K
}
Event: 2.177 GC heap after
{Heap after GC invocations=4 (full 0):
 garbage-first heap   total 258048K, used 10214K [0x0000000704e00000, 0x0000000800000000)
  region size 1024K, 7 young (7168K), 7 survivors (7168K)
 Metaspace       used 23414K, capacity 23833K, committed 24112K, reserved 1071104K
  class space    used 2503K, capacity 2659K, committed 2688K, reserved 1048576K
}
Event: 3.271 GC heap before
{Heap before GC invocations=4 (full 0):
 garbage-first heap   total 258048K, used 162790K [0x0000000704e00000, 0x0000000800000000)
  region size 1024K, 151 young (154624K), 7 survivors (7168K)
 Metaspace       used 30029K, capacity 30682K, committed 30768K, reserved 1077248K
  class space    used 2721K, capacity 2934K, committed 2944K, reserved 1048576K
}
Event: 3.277 GC heap after
{Heap after GC invocations=5 (full 0):
 garbage-first heap   total 258048K, used 14339K [0x0000000704e00000, 0x0000000800000000)
  region size 1024K, 11 young (11264K), 11 survivors (11264K)
 Metaspace       used 30029K, capacity 30682K, committed 30768K, reserved 1077248K
  class space    used 2721K, capacity 2934K, committed 2944K, reserved 1048576K
}
Event: 3.517 GC heap before
{Heap before GC invocations=5 (full 0):
 garbage-first heap   total 258048K, used 157699K [0x0000000704e00000, 0x0000000800000000)
  region size 1024K, 151 young (154624K), 11 survivors (11264K)
 Metaspace       used 30029K, capacity 30682K, committed 30768K, reserved 1077248K
  class space    used 2721K, capacity 2934K, committed 2944K, reserved 1048576K
}
Event: 3.521 GC heap after
{Heap after GC invocations=6 (full 0):
 garbage-first heap   total 258048K, used 14520K [0x0000000704e00000, 0x0000000800000000)
  region size 1024K, 8 young (8192K), 8 survivors (8192K)
 Metaspace       used 30029K, capacity 30682K, committed 30768K, reserved 1077248K
  class space    used 2721K, capacity 2934K, committed 2944K, reserved 1048576K
}
Event: 4.251 GC heap before
{Heap before GC invocations=6 (full 0):
 garbage-first heap   total 258048K, used 160952K [0x0000000704e00000, 0x0000000800000000)
  region size 1024K, 151 young (154624K), 8 survivors (8192K)
 Metaspace       used 33636K, capacity 34267K, committed 34352K, reserved 1081344K
  class space    used 3218K, capacity 3446K, committed 3456K, reserved 1048576K
}
Event: 4.254 GC heap after
{Heap after GC invocations=7 (full 0):
 garbage-first heap   total 258048K, used 15105K [0x0000000704e00000, 0x0000000800000000)
  region size 1024K, 9 young (9216K), 9 survivors (9216K)
 Metaspace       used 33636K, capacity 34267K, committed 34352K, reserved 1081344K
  class space    used 3218K, capacity 3446K, committed 3456K, reserved 1048576K
}
Event: 4.991 GC heap before
{Heap before GC invocations=7 (full 0):
 garbage-first heap   total 258048K, used 90881K [0x0000000704e00000, 0x0000000800000000)
  region size 1024K, 84 young (86016K), 9 survivors (9216K)
 Metaspace       used 34871K, capacity 35483K, committed 35632K, reserved 1081344K
  class space    used 3422K, capacity 3638K, committed 3712K, reserved 1048576K
}
Event: 4.994 GC heap after
{Heap after GC invocations=8 (full 0):
 garbage-first heap   total 258048K, used 15088K [0x0000000704e00000, 0x0000000800000000)
  region size 1024K, 9 young (9216K), 9 survivors (9216K)
 Metaspace       used 34871K, capacity 35483K, committed 35632K, reserved 1081344K
  class space    used 3422K, capacity 3638K, committed 3712K, reserved 1048576K
}
Event: 5.747 GC heap before
{Heap before GC invocations=9 (full 0):
 garbage-first heap   total 258048K, used 208624K [0x0000000704e00000, 0x0000000800000000)
  region size 1024K, 151 young (154624K), 9 survivors (9216K)
 Metaspace       used 40053K, capacity 40940K, committed 41136K, reserved 1085440K
  class space    used 4016K, capacity 4340K, committed 4352K, reserved 1048576K
}
Event: 5.752 GC heap after
{Heap after GC invocations=10 (full 0):
 garbage-first heap   total 258048K, used 40691K [0x0000000704e00000, 0x0000000800000000)
  region size 1024K, 10 young (10240K), 10 survivors (10240K)
 Metaspace       used 40053K, capacity 40940K, committed 41136K, reserved 1085440K
  class space    used 4016K, capacity 4340K, committed 4352K, reserved 1048576K
}
Event: 48.534 GC heap before
{Heap before GC invocations=10 (full 0):
 garbage-first heap   total 258048K, used 249587K [0x0000000704e00000, 0x0000000800000000)
  region size 1024K, 151 young (154624K), 10 survivors (10240K)
 Metaspace       used 42236K, capacity 43151K, committed 43184K, reserved 1087488K
  class space    used 4241K, capacity 4588K, committed 4608K, reserved 1048576K
}
Event: 48.538 GC heap after
{Heap after GC invocations=11 (full 0):
 garbage-first heap   total 261120K, used 73801K [0x0000000704e00000, 0x0000000800000000)
  region size 1024K, 10 young (10240K), 10 survivors (10240K)
 Metaspace       used 42236K, capacity 43151K, committed 43184K, reserved 1087488K
  class space    used 4241K, capacity 4588K, committed 4608K, reserved 1048576K
}

Deoptimization events (20 events):
Event: 48.477 Thread 0x000002a277420000 Uncommon trap: trap_request=0xffffff4d fr.pc=0x000002a25da7ff64 relative=0x0000000000000804
Event: 48.477 Thread 0x000002a277420000 Uncommon trap: reason=unstable_if action=reinterpret pc=0x000002a25da7ff64 method=java.awt.image.ReplicateScaleFilter.setPixels(IIIILjava/awt/image/ColorModel;[III)V @ 4 c2
Event: 48.477 Thread 0x000002a277420000 DEOPT PACKING pc=0x000002a25da7ff64 sp=0x000000b2145fb390
Event: 48.477 Thread 0x000002a277420000 DEOPT UNPACKING pc=0x000002a255c785af sp=0x000000b2145fb308 mode 2
Event: 48.478 Thread 0x000002a277420000 DEOPT PACKING pc=0x000002a256cc1518 sp=0x000000b2145fb420
Event: 48.478 Thread 0x000002a277420000 DEOPT UNPACKING pc=0x000002a255cb9d0e sp=0x000000b2145fa958 mode 0
Event: 48.482 Thread 0x000002a277420000 DEOPT PACKING pc=0x000002a256e599ea sp=0x000000b2145fb3f0
Event: 48.482 Thread 0x000002a277420000 DEOPT UNPACKING pc=0x000002a255cb9d0e sp=0x000000b2145fa880 mode 0
Event: 48.489 Thread 0x000002a277420000 DEOPT PACKING pc=0x000002a256e599ea sp=0x000000b2145fb3f0
Event: 48.489 Thread 0x000002a277420000 DEOPT UNPACKING pc=0x000002a255cb9d0e sp=0x000000b2145fa880 mode 0
Event: 48.498 Thread 0x000002a277420000 DEOPT PACKING pc=0x000002a256e599ea sp=0x000000b2145fb3f0
Event: 48.498 Thread 0x000002a277420000 DEOPT UNPACKING pc=0x000002a255cb9d0e sp=0x000000b2145fa880 mode 0
Event: 48.506 Thread 0x000002a277420000 DEOPT PACKING pc=0x000002a256e599ea sp=0x000000b2145fb3f0
Event: 48.506 Thread 0x000002a277420000 DEOPT UNPACKING pc=0x000002a255cb9d0e sp=0x000000b2145fa880 mode 0
Event: 48.516 Thread 0x000002a277420000 DEOPT PACKING pc=0x000002a256e599ea sp=0x000000b2145fb3f0
Event: 48.516 Thread 0x000002a277420000 DEOPT UNPACKING pc=0x000002a255cb9d0e sp=0x000000b2145fa880 mode 0
Event: 48.523 Thread 0x000002a277420000 DEOPT PACKING pc=0x000002a256e599ea sp=0x000000b2145fb3f0
Event: 48.523 Thread 0x000002a277420000 DEOPT UNPACKING pc=0x000002a255cb9d0e sp=0x000000b2145fa880 mode 0
Event: 48.531 Thread 0x000002a277420000 DEOPT PACKING pc=0x000002a256e599ea sp=0x000000b2145fb3f0
Event: 48.531 Thread 0x000002a277420000 DEOPT UNPACKING pc=0x000002a255cb9d0e sp=0x000000b2145fa880 mode 0

Classes redefined (0 events):
No events

Internal exceptions (20 events):
Event: 5.210 Thread 0x000002a275263000 Exception <a 'java/lang/NoSuchMethodError'{0x00000007131b81c8}: 'java.lang.Object java.lang.invoke.DirectMethodHandle$Holder.invokeStatic(java.lang.Object, java.lang.Object, java.lang.Object, java.lang.Object, java.lang.Object, java.lang.Object, java.lang.Object, java.lang.Object, java.lang.Object, java.lang.Object, java.lang.Object, java.lang.Object, java.lang.Object, java.lang.Object, java.lang.Object, java.lang.Object)'> (0x00000007131b81c8) thrown at [./src/hotspot/share/interpreter/linkResolver.cpp, l
Event: 5.211 Thread 0x000002a275263000 Exception <a 'java/lang/NoSuchMethodError'{0x00000007131c8f88}: 'java.lang.Object java.lang.invoke.DirectMethodHandle$Holder.invokeSpecial(java.lang.Object, java.lang.Object, int, int, java.lang.Object, java.lang.Object, java.lang.Object)'> (0x00000007131c8f88) thrown at [./src/hotspot/share/interpreter/linkResolver.cpp, line 773]
Event: 5.211 Thread 0x000002a275263000 Exception <a 'java/lang/NoSuchMethodError'{0x00000007131cc518}: 'java.lang.Object java.lang.invoke.DelegatingMethodHandle$Holder.reinvoke_L(java.lang.Object, int, int, java.lang.Object, java.lang.Object, java.lang.Object)'> (0x00000007131cc518) thrown at [./src/hotspot/share/interpreter/linkResolver.cpp, line 773]
Event: 5.211 Thread 0x000002a275263000 Exception <a 'java/lang/NoSuchMethodError'{0x00000007131d08a0}: 'java.lang.Object java.lang.invoke.DirectMethodHandle$Holder.invokeStatic(java.lang.Object, java.lang.Object, java.lang.Object, java.lang.Object, int)'> (0x00000007131d08a0) thrown at [./src/hotspot/share/interpreter/linkResolver.cpp, line 773]
Event: 5.217 Thread 0x000002a275263000 Exception <a 'java/io/FileNotFoundException'{0x0000000713033130}> (0x0000000713033130) thrown at [./src/hotspot/share/prims/jni.cpp, line 617]
Event: 5.254 Thread 0x000002a276e2f000 Exception <a 'java/lang/NoSuchMethodError'{0x0000000712f051d8}: 'void java.lang.invoke.DirectMethodHandle$Holder.invokeSpecial(java.lang.Object, java.lang.Object)'> (0x0000000712f051d8) thrown at [./src/hotspot/share/interpreter/linkResolver.cpp, line 773]
Event: 5.257 Thread 0x000002a275263000 Exception <a 'java/lang/NoSuchMethodError'{0x00000007130b2ad8}: 'java.lang.Object java.lang.invoke.DirectMethodHandle$Holder.invokeStatic(java.lang.Object, java.lang.Object, java.lang.Object, java.lang.Object, java.lang.Object, java.lang.Object, java.lang.Object, java.lang.Object, int)'> (0x00000007130b2ad8) thrown at [./src/hotspot/share/interpreter/linkResolver.cpp, line 773]
Event: 5.258 Thread 0x000002a275263000 Exception <a 'java/lang/NoSuchMethodError'{0x00000007130cca38}: 'java.lang.Object java.lang.invoke.DirectMethodHandle$Holder.invokeStatic(java.lang.Object, java.lang.Object, java.lang.Object, java.lang.Object, java.lang.Object, java.lang.Object, java.lang.Object, java.lang.Object, int, int)'> (0x00000007130cca38) thrown at [./src/hotspot/share/interpreter/linkResolver.cpp, line 773]
Event: 5.499 Thread 0x000002a277420000 Exception <a 'java/lang/NoSuchMethodError'{0x0000000712caeac8}: 'java.lang.Object java.lang.invoke.DirectMethodHandle$Holder.invokeStatic(java.lang.Object, int, java.lang.Object, java.lang.Object, java.lang.Object, java.lang.Object)'> (0x0000000712caeac8) thrown at [./src/hotspot/share/interpreter/linkResolver.cpp, line 773]
Event: 5.499 Thread 0x000002a277420000 Exception <a 'java/lang/NoSuchMethodError'{0x0000000712cb5b88}: 'java.lang.Object java.lang.invoke.DirectMethodHandle$Holder.invokeStatic(java.lang.Object, int, java.lang.Object, java.lang.Object, java.lang.Object)'> (0x0000000712cb5b88) thrown at [./src/hotspot/share/interpreter/linkResolver.cpp, line 773]
Event: 5.499 Thread 0x000002a277420000 Exception <a 'java/lang/NoSuchMethodError'{0x0000000712cb96d0}: 'java.lang.Object java.lang.invoke.DirectMethodHandle$Holder.invokeSpecial(java.lang.Object, java.lang.Object, int, java.lang.Object, java.lang.Object, java.lang.Object)'> (0x0000000712cb96d0) thrown at [./src/hotspot/share/interpreter/linkResolver.cpp, line 773]
Event: 5.514 Thread 0x000002a277420000 Exception <a 'java/lang/ClassNotFoundException'{0x0000000712b77890}: com/sun/swing/internal/plaf/metal/resources/spi/metalProvider> (0x0000000712b77890) thrown at [./src/hotspot/share/classfile/systemDictionary.cpp, line 230]
Event: 5.515 Thread 0x000002a277420000 Exception <a 'java/lang/ClassNotFoundException'{0x0000000712b7b980}: com/sun/swing/internal/plaf/basic/resources/spi/basicProvider> (0x0000000712b7b980) thrown at [./src/hotspot/share/classfile/systemDictionary.cpp, line 230]
Event: 5.607 Thread 0x000002a277420000 Exception <a 'java/lang/NoSuchMethodError'{0x000000071295fd40}: 'java.lang.Object java.lang.invoke.DirectMethodHandle$Holder.invokeStatic(java.lang.Object, java.lang.Object, java.lang.Object, java.lang.Object, java.lang.Object, java.lang.Object, java.lang.Object, java.lang.Object, java.lang.Object, java.lang.Object, java.lang.Object, int)'> (0x000000071295fd40) thrown at [./src/hotspot/share/interpreter/linkResolver.cpp, line 773]
Event: 5.608 Thread 0x000002a277420000 Exception <a 'java/lang/NoSuchMethodError'{0x000000071297dee8}: 'java.lang.Object java.lang.invoke.DirectMethodHandle$Holder.invokeStatic(java.lang.Object, java.lang.Object, java.lang.Object, java.lang.Object, java.lang.Object, java.lang.Object, java.lang.Object, java.lang.Object, java.lang.Object, java.lang.Object, java.lang.Object, int, int)'> (0x000000071297dee8) thrown at [./src/hotspot/share/interpreter/linkResolver.cpp, line 773]
Event: 5.609 Thread 0x000002a277420000 Exception <a 'java/lang/NoSuchMethodError'{0x000000071299d260}: 'java.lang.Object java.lang.invoke.DirectMethodHandle$Holder.invokeStatic(java.lang.Object, java.lang.Object, java.lang.Object, java.lang.Object, java.lang.Object, java.lang.Object, java.lang.Object, java.lang.Object, java.lang.Object, java.lang.Object, java.lang.Object, int, int, java.lang.Object)'> (0x000000071299d260) thrown at [./src/hotspot/share/interpreter/linkResolver.cpp, line 773]
Event: 5.611 Thread 0x000002a277420000 Exception <a 'java/lang/NoSuchMethodError'{0x00000007129bd678}: 'java.lang.Object java.lang.invoke.DirectMethodHandle$Holder.invokeStatic(java.lang.Object, java.lang.Object, java.lang.Object, java.lang.Object, java.lang.Object, java.lang.Object, java.lang.Object, java.lang.Object, java.lang.Object, java.lang.Object, java.lang.Object, int, int, java.lang.Object, java.lang.Object)'> (0x00000007129bd678) thrown at [./src/hotspot/share/interpreter/linkResolver.cpp, line 773]
Event: 5.828 Thread 0x000002a277420000 Exception <a 'java/lang/NoSuchMethodError'{0x00000007103fbcb0}: 'void java.lang.invoke.DirectMethodHandle$Holder.invokeStaticInit(java.lang.Object)'> (0x00000007103fbcb0) thrown at [./src/hotspot/share/interpreter/linkResolver.cpp, line 773]
Event: 5.832 Thread 0x000002a277420000 Exception <a 'java/lang/NoSuchMethodError'{0x000000071028bc70}: 'java.lang.Object java.lang.invoke.Invokers$Holder.linkToTargetMethod(java.lang.Object, int, java.lang.Object)'> (0x000000071028bc70) thrown at [./src/hotspot/share/interpreter/linkResolver.cpp, line 773]
Event: 48.477 Thread 0x000002a277420000 Implicit null exception at 0x000002a25da7f7b0 to 0x000002a25da7ff50

Events (20 events):
Event: 37.080 loading class java/util/concurrent/Delayed
Event: 37.080 loading class java/util/concurrent/Delayed done
Event: 37.080 loading class javax/swing/TimerQueue$DelayedTimer done
Event: 48.096 loading class java/awt/Canvas
Event: 48.096 loading class java/awt/Canvas done
Event: 48.096 loading class java/awt/Scrollbar
Event: 48.096 loading class java/awt/Adjustable
Event: 48.096 loading class java/awt/Adjustable done
Event: 48.096 loading class java/awt/Scrollbar done
Event: 48.269 loading class sun/awt/windows/WButtonPeer$1
Event: 48.269 loading class sun/awt/windows/WButtonPeer$1 done
Event: 48.269 loading class sun/awt/SunToolkit$2
Event: 48.269 loading class sun/awt/SunToolkit$2 done
Event: 48.269 Executing VM operation: Deoptimize
Event: 48.270 Executing VM operation: Deoptimize done
Event: 48.475 loading class java/awt/color/ICC_ProfileGray
Event: 48.475 loading class java/awt/color/ICC_ProfileGray done
Event: 48.478 Thread 0x000002a27700a800 Thread added: 0x000002a27700a800
Event: 48.534 Executing VM operation: G1CollectForAllocation
Event: 48.538 Executing VM operation: G1CollectForAllocation done


Dynamic libraries:
0x00007ff6cd600000 - 0x00007ff6cd60d000 	C:\Program Files\Eclipse Adoptium\jdk-11.0.18.10-hotspot\bin\java.exe
0x00007ff97d850000 - 0x00007ff97da45000 	C:\windows\SYSTEM32\ntdll.dll
0x00007ff97b930000 - 0x00007ff97b9ee000 	C:\windows\System32\KERNEL32.DLL
0x00007ff97b040000 - 0x00007ff97b308000 	C:\windows\System32\KERNELBASE.dll
0x00007ff97b420000 - 0x00007ff97b520000 	C:\windows\System32\ucrtbase.dll
0x00007ff95dec0000 - 0x00007ff95ded7000 	C:\Program Files\Eclipse Adoptium\jdk-11.0.18.10-hotspot\bin\jli.dll
0x00007ff95d7a0000 - 0x00007ff95d7b9000 	C:\Program Files\Eclipse Adoptium\jdk-11.0.18.10-hotspot\bin\VCRUNTIME140.dll
0x00007ff97c600000 - 0x00007ff97c7a0000 	C:\windows\System32\USER32.dll
0x00007ff97af70000 - 0x00007ff97af92000 	C:\windows\System32\win32u.dll
0x00007ff97d730000 - 0x00007ff97d75a000 	C:\windows\System32\GDI32.dll
0x00007ff97b310000 - 0x00007ff97b41b000 	C:\windows\System32\gdi32full.dll
0x00007ff97b6b0000 - 0x00007ff97b74d000 	C:\windows\System32\msvcp_win.dll
0x00007ff962300000 - 0x00007ff96259a000 	C:\windows\WinSxS\amd64_microsoft.windows.common-controls_6595b64144ccf1df_6.0.19041.1110_none_60b5254171f9507e\COMCTL32.dll
0x00007ff97d680000 - 0x00007ff97d71e000 	C:\windows\System32\msvcrt.dll
0x00007ff97c4c0000 - 0x00007ff97c4f0000 	C:\windows\System32\IMM32.DLL
0x00007ff9694f0000 - 0x00007ff96965b000 	C:\windows\system32\tmumh\20019\AddOn\8.55.0.1119\TmUmEvt64.dll
0x00007ff97d720000 - 0x00007ff97d728000 	C:\windows\System32\PSAPI.DLL
0x00007ff97d760000 - 0x00007ff97d80e000 	C:\windows\System32\ADVAPI32.dll
0x00007ff97bb80000 - 0x00007ff97bc1c000 	C:\windows\System32\sechost.dll
0x00007ff97c390000 - 0x00007ff97c4b5000 	C:\windows\System32\RPCRT4.dll
0x0000000052ae0000 - 0x0000000052c53000 	C:\windows\system32\tmumh\20019\TmMon\2.9.0.1042\tmmon64.dll
0x00007ff940c60000 - 0x00007ff940de0000 	C:\PROGRAMDATA\Log collection\5.5.1.70\Log collectionApi.dll
0x00007ff97cca0000 - 0x00007ff97ccf6000 	C:\windows\System32\WLDAP32.dll
0x00007ff97cc10000 - 0x00007ff97cc7b000 	C:\windows\System32\WS2_32.dll
0x00007ff97afa0000 - 0x00007ff97b008000 	C:\windows\System32\WINTRUST.dll
0x00007ff97b750000 - 0x00007ff97b8a6000 	C:\windows\System32\CRYPT32.dll
0x00007ff979de0000 - 0x00007ff979dec000 	C:\windows\SYSTEM32\Secur32.dll
0x00007ff9633d0000 - 0x00007ff9633db000 	C:\windows\SYSTEM32\FLTLIB.DLL
0x00007ff979df0000 - 0x00007ff979e04000 	C:\windows\SYSTEM32\WTSAPI32.dll
0x00007ff979e10000 - 0x00007ff979e2a000 	C:\windows\SYSTEM32\NETAPI32.dll
0x00007ff957160000 - 0x00007ff95718a000 	C:\windows\SYSTEM32\NTDSAPI.dll
0x00007ff979dd0000 - 0x00007ff979dda000 	C:\windows\SYSTEM32\VERSION.dll
0x00007ff9583a0000 - 0x00007ff9583bf000 	C:\windows\SYSTEM32\MPR.dll
0x00007ff97ae30000 - 0x00007ff97ae62000 	C:\windows\SYSTEM32\SSPICLI.DLL
0x00007ff97a420000 - 0x00007ff97a42c000 	C:\windows\SYSTEM32\NETUTILS.DLL
0x00007ff979db0000 - 0x00007ff979dc9000 	C:\windows\SYSTEM32\SAMCLI.DLL
0x00007ff97ab60000 - 0x00007ff97ab72000 	C:\windows\SYSTEM32\MSASN1.dll
0x00007ff979760000 - 0x00007ff9797ba000 	C:\windows\SYSTEM32\WINSTA.dll
0x00007ff96e1a0000 - 0x00007ff96e1c8000 	C:\windows\SYSTEM32\SRVCLI.DLL
0x00007ff97a170000 - 0x00007ff97a189000 	C:\windows\SYSTEM32\WKSCLI.DLL
0x00007ff97a550000 - 0x00007ff97a594000 	C:\windows\SYSTEM32\LOGONCLI.DLL
0x00007ff963790000 - 0x00007ff96379c000 	C:\Program Files\Eclipse Adoptium\jdk-11.0.18.10-hotspot\bin\vcruntime140_1.dll
0x00007ff914c40000 - 0x00007ff914cd1000 	C:\Program Files\Eclipse Adoptium\jdk-11.0.18.10-hotspot\bin\msvcp140.dll
0x00007ff8f38e0000 - 0x00007ff8f449a000 	C:\Program Files\Eclipse Adoptium\jdk-11.0.18.10-hotspot\bin\server\jvm.dll
0x00007ff9541b0000 - 0x00007ff9541b9000 	C:\windows\SYSTEM32\WSOCK32.dll
0x00007ff96f070000 - 0x00007ff96f097000 	C:\windows\SYSTEM32\WINMM.dll
0x00007ff979d90000 - 0x00007ff979da2000 	C:\windows\SYSTEM32\kernel.appcore.dll
0x00007ff962600000 - 0x00007ff962610000 	C:\Program Files\Eclipse Adoptium\jdk-11.0.18.10-hotspot\bin\verify.dll
0x00007ff978f10000 - 0x00007ff9790f4000 	C:\windows\SYSTEM32\DBGHELP.DLL
0x00007ff956860000 - 0x00007ff95688c000 	C:\windows\SYSTEM32\dbgcore.DLL
0x00007ff97b520000 - 0x00007ff97b5a2000 	C:\windows\System32\bcryptPrimitives.dll
0x00007ff94ca00000 - 0x00007ff94ca28000 	C:\Program Files\Eclipse Adoptium\jdk-11.0.18.10-hotspot\bin\java.dll
0x00007ff962040000 - 0x00007ff96204a000 	C:\Program Files\Eclipse Adoptium\jdk-11.0.18.10-hotspot\bin\jimage.dll
0x00007ff95ce50000 - 0x00007ff95ce68000 	C:\Program Files\Eclipse Adoptium\jdk-11.0.18.10-hotspot\bin\zip.dll
0x00007ff97bc40000 - 0x00007ff97c384000 	C:\windows\System32\SHELL32.dll
0x00007ff9786b0000 - 0x00007ff978e44000 	C:\windows\SYSTEM32\windows.storage.dll
0x00007ff97cd00000 - 0x00007ff97d054000 	C:\windows\System32\combase.dll
0x00007ff97a9e0000 - 0x00007ff97aa0c000 	C:\windows\SYSTEM32\Wldp.dll
0x00007ff97c550000 - 0x00007ff97c5fd000 	C:\windows\System32\SHCORE.dll
0x00007ff97b9f0000 - 0x00007ff97ba45000 	C:\windows\System32\shlwapi.dll
0x00007ff97aeb0000 - 0x00007ff97aecf000 	C:\windows\SYSTEM32\profapi.dll
0x00007ff952b80000 - 0x00007ff952b99000 	C:\Program Files\Eclipse Adoptium\jdk-11.0.18.10-hotspot\bin\net.dll
0x00007ff974380000 - 0x00007ff97448a000 	C:\windows\SYSTEM32\WINHTTP.dll
0x00007ff97a740000 - 0x00007ff97a7aa000 	C:\windows\system32\mswsock.dll
0x00007ff952950000 - 0x00007ff952963000 	C:\Program Files\Eclipse Adoptium\jdk-11.0.18.10-hotspot\bin\nio.dll
0x0000000069ac0000 - 0x0000000069ae4000 	C:\Program Files\apache-maven-3.9.0\lib\jansi-native\Windows\x86_64\jansi.dll
0x000002a24d200000 - 0x000002a24d204000 	C:\Users\oalfuraydi.MURL097631B55LG\.javacpp\cache\javacpp-1.5.9-SNAPSHOT-windows-x86_64.jar\org\bytedeco\javacpp\windows-x86_64\api-ms-win-crt-locale-l1-1-0.dll
0x000002a24d210000 - 0x000002a24d215000 	C:\Users\oalfuraydi.MURL097631B55LG\.javacpp\cache\javacpp-1.5.9-SNAPSHOT-windows-x86_64.jar\org\bytedeco\javacpp\windows-x86_64\api-ms-win-crt-string-l1-1-0.dll
0x000002a24d220000 - 0x000002a24d225000 	C:\Users\oalfuraydi.MURL097631B55LG\.javacpp\cache\javacpp-1.5.9-SNAPSHOT-windows-x86_64.jar\org\bytedeco\javacpp\windows-x86_64\api-ms-win-crt-stdio-l1-1-0.dll
0x000002a24d230000 - 0x000002a24d236000 	C:\Users\oalfuraydi.MURL097631B55LG\.javacpp\cache\javacpp-1.5.9-SNAPSHOT-windows-x86_64.jar\org\bytedeco\javacpp\windows-x86_64\api-ms-win-crt-math-l1-1-0.dll
0x000002a24d240000 - 0x000002a24d244000 	C:\Users\oalfuraydi.MURL097631B55LG\.javacpp\cache\javacpp-1.5.9-SNAPSHOT-windows-x86_64.jar\org\bytedeco\javacpp\windows-x86_64\api-ms-win-crt-heap-l1-1-0.dll
0x000002a24d250000 - 0x000002a24d255000 	C:\Users\oalfuraydi.MURL097631B55LG\.javacpp\cache\javacpp-1.5.9-SNAPSHOT-windows-x86_64.jar\org\bytedeco\javacpp\windows-x86_64\api-ms-win-crt-runtime-l1-1-0.dll
0x000002a24d260000 - 0x000002a24d265000 	C:\Users\oalfuraydi.MURL097631B55LG\.javacpp\cache\javacpp-1.5.9-SNAPSHOT-windows-x86_64.jar\org\bytedeco\javacpp\windows-x86_64\api-ms-win-crt-convert-l1-1-0.dll
0x000002a24d270000 - 0x000002a24d274000 	C:\Users\oalfuraydi.MURL097631B55LG\.javacpp\cache\javacpp-1.5.9-SNAPSHOT-windows-x86_64.jar\org\bytedeco\javacpp\windows-x86_64\api-ms-win-crt-environment-l1-1-0.dll
0x000002a24d280000 - 0x000002a24d284000 	C:\Users\oalfuraydi.MURL097631B55LG\.javacpp\cache\javacpp-1.5.9-SNAPSHOT-windows-x86_64.jar\org\bytedeco\javacpp\windows-x86_64\api-ms-win-crt-time-l1-1-0.dll
0x000002a24d290000 - 0x000002a24d294000 	C:\Users\oalfuraydi.MURL097631B55LG\.javacpp\cache\javacpp-1.5.9-SNAPSHOT-windows-x86_64.jar\org\bytedeco\javacpp\windows-x86_64\api-ms-win-crt-filesystem-l1-1-0.dll
0x000002a24d2a0000 - 0x000002a24d2a4000 	C:\Users\oalfuraydi.MURL097631B55LG\.javacpp\cache\javacpp-1.5.9-SNAPSHOT-windows-x86_64.jar\org\bytedeco\javacpp\windows-x86_64\api-ms-win-crt-utility-l1-1-0.dll
0x000002a24d2b0000 - 0x000002a24d2b6000 	C:\Users\oalfuraydi.MURL097631B55LG\.javacpp\cache\javacpp-1.5.9-SNAPSHOT-windows-x86_64.jar\org\bytedeco\javacpp\windows-x86_64\api-ms-win-crt-multibyte-l1-1-0.dll
0x000002a24d2c0000 - 0x000002a24d2c4000 	C:\Users\oalfuraydi.MURL097631B55LG\.javacpp\cache\javacpp-1.5.9-SNAPSHOT-windows-x86_64.jar\org\bytedeco\javacpp\windows-x86_64\api-ms-win-crt-conio-l1-1-0.dll
0x000002a276400000 - 0x000002a276411000 	C:\Users\oalfuraydi.MURL097631B55LG\.javacpp\cache\javacpp-1.5.9-SNAPSHOT-windows-x86_64.jar\org\bytedeco\javacpp\windows-x86_64\api-ms-win-crt-private-l1-1-0.dll
0x000002a276420000 - 0x000002a276424000 	C:\Users\oalfuraydi.MURL097631B55LG\.javacpp\cache\javacpp-1.5.9-SNAPSHOT-windows-x86_64.jar\org\bytedeco\javacpp\windows-x86_64\api-ms-win-crt-process-l1-1-0.dll
0x000002a276430000 - 0x000002a276434000 	C:\Users\oalfuraydi.MURL097631B55LG\.javacpp\cache\javacpp-1.5.9-SNAPSHOT-windows-x86_64.jar\org\bytedeco\javacpp\windows-x86_64\api-ms-win-core-console-l1-2-0.dll
0x000002a276440000 - 0x000002a276444000 	C:\Users\oalfuraydi.MURL097631B55LG\.javacpp\cache\javacpp-1.5.9-SNAPSHOT-windows-x86_64.jar\org\bytedeco\javacpp\windows-x86_64\api-ms-win-core-string-l1-1-0.dll
0x000002a276450000 - 0x000002a276454000 	C:\Users\oalfuraydi.MURL097631B55LG\.javacpp\cache\javacpp-1.5.9-SNAPSHOT-windows-x86_64.jar\org\bytedeco\javacpp\windows-x86_64\api-ms-win-core-errorhandling-l1-1-0.dll
0x000002a277430000 - 0x000002a277434000 	C:\Users\oalfuraydi.MURL097631B55LG\.javacpp\cache\javacpp-1.5.9-SNAPSHOT-windows-x86_64.jar\org\bytedeco\javacpp\windows-x86_64\api-ms-win-core-timezone-l1-1-0.dll
0x000002a277440000 - 0x000002a277445000 	C:\Users\oalfuraydi.MURL097631B55LG\.javacpp\cache\javacpp-1.5.9-SNAPSHOT-windows-x86_64.jar\org\bytedeco\javacpp\windows-x86_64\api-ms-win-core-file-l1-1-0.dll
0x000002a277450000 - 0x000002a277454000 	C:\Users\oalfuraydi.MURL097631B55LG\.javacpp\cache\javacpp-1.5.9-SNAPSHOT-windows-x86_64.jar\org\bytedeco\javacpp\windows-x86_64\api-ms-win-core-namedpipe-l1-1-0.dll
0x000002a277460000 - 0x000002a277464000 	C:\Users\oalfuraydi.MURL097631B55LG\.javacpp\cache\javacpp-1.5.9-SNAPSHOT-windows-x86_64.jar\org\bytedeco\javacpp\windows-x86_64\api-ms-win-core-handle-l1-1-0.dll
0x000002a277470000 - 0x000002a277474000 	C:\Users\oalfuraydi.MURL097631B55LG\.javacpp\cache\javacpp-1.5.9-SNAPSHOT-windows-x86_64.jar\org\bytedeco\javacpp\windows-x86_64\api-ms-win-core-file-l2-1-0.dll
0x000002a277480000 - 0x000002a277484000 	C:\Users\oalfuraydi.MURL097631B55LG\.javacpp\cache\javacpp-1.5.9-SNAPSHOT-windows-x86_64.jar\org\bytedeco\javacpp\windows-x86_64\api-ms-win-core-heap-l1-1-0.dll
0x000002a277490000 - 0x000002a277494000 	C:\Users\oalfuraydi.MURL097631B55LG\.javacpp\cache\javacpp-1.5.9-SNAPSHOT-windows-x86_64.jar\org\bytedeco\javacpp\windows-x86_64\api-ms-win-core-libraryloader-l1-1-0.dll
0x000002a2774a0000 - 0x000002a2774a4000 	C:\Users\oalfuraydi.MURL097631B55LG\.javacpp\cache\javacpp-1.5.9-SNAPSHOT-windows-x86_64.jar\org\bytedeco\javacpp\windows-x86_64\api-ms-win-core-synch-l1-1-0.dll
0x000002a2774b0000 - 0x000002a2774b4000 	C:\Users\oalfuraydi.MURL097631B55LG\.javacpp\cache\javacpp-1.5.9-SNAPSHOT-windows-x86_64.jar\org\bytedeco\javacpp\windows-x86_64\api-ms-win-core-processthreads-l1-1-0.dll
0x000002a2774c0000 - 0x000002a2774c4000 	C:\Users\oalfuraydi.MURL097631B55LG\.javacpp\cache\javacpp-1.5.9-SNAPSHOT-windows-x86_64.jar\org\bytedeco\javacpp\windows-x86_64\api-ms-win-core-processenvironment-l1-1-0.dll
0x000002a2774d0000 - 0x000002a2774d4000 	C:\Users\oalfuraydi.MURL097631B55LG\.javacpp\cache\javacpp-1.5.9-SNAPSHOT-windows-x86_64.jar\org\bytedeco\javacpp\windows-x86_64\api-ms-win-core-datetime-l1-1-0.dll
0x000002a2774e0000 - 0x000002a2774e4000 	C:\Users\oalfuraydi.MURL097631B55LG\.javacpp\cache\javacpp-1.5.9-SNAPSHOT-windows-x86_64.jar\org\bytedeco\javacpp\windows-x86_64\api-ms-win-core-localization-l1-2-0.dll
0x000002a2774f0000 - 0x000002a2774f4000 	C:\Users\oalfuraydi.MURL097631B55LG\.javacpp\cache\javacpp-1.5.9-SNAPSHOT-windows-x86_64.jar\org\bytedeco\javacpp\windows-x86_64\api-ms-win-core-sysinfo-l1-1-0.dll
0x000002a277500000 - 0x000002a277504000 	C:\Users\oalfuraydi.MURL097631B55LG\.javacpp\cache\javacpp-1.5.9-SNAPSHOT-windows-x86_64.jar\org\bytedeco\javacpp\windows-x86_64\api-ms-win-core-synch-l1-2-0.dll
0x000002a277510000 - 0x000002a277514000 	C:\Users\oalfuraydi.MURL097631B55LG\.javacpp\cache\javacpp-1.5.9-SNAPSHOT-windows-x86_64.jar\org\bytedeco\javacpp\windows-x86_64\api-ms-win-core-console-l1-1-0.dll
0x000002a277520000 - 0x000002a277524000 	C:\Users\oalfuraydi.MURL097631B55LG\.javacpp\cache\javacpp-1.5.9-SNAPSHOT-windows-x86_64.jar\org\bytedeco\javacpp\windows-x86_64\api-ms-win-core-debug-l1-1-0.dll
0x000002a277530000 - 0x000002a277534000 	C:\Users\oalfuraydi.MURL097631B55LG\.javacpp\cache\javacpp-1.5.9-SNAPSHOT-windows-x86_64.jar\org\bytedeco\javacpp\windows-x86_64\api-ms-win-core-rtlsupport-l1-1-0.dll
0x000002a277540000 - 0x000002a277544000 	C:\Users\oalfuraydi.MURL097631B55LG\.javacpp\cache\javacpp-1.5.9-SNAPSHOT-windows-x86_64.jar\org\bytedeco\javacpp\windows-x86_64\api-ms-win-core-processthreads-l1-1-1.dll
0x000002a277550000 - 0x000002a277554000 	C:\Users\oalfuraydi.MURL097631B55LG\.javacpp\cache\javacpp-1.5.9-SNAPSHOT-windows-x86_64.jar\org\bytedeco\javacpp\windows-x86_64\api-ms-win-core-file-l1-2-0.dll
0x000002a277560000 - 0x000002a277564000 	C:\Users\oalfuraydi.MURL097631B55LG\.javacpp\cache\javacpp-1.5.9-SNAPSHOT-windows-x86_64.jar\org\bytedeco\javacpp\windows-x86_64\api-ms-win-core-profile-l1-1-0.dll
0x000002a277570000 - 0x000002a277574000 	C:\Users\oalfuraydi.MURL097631B55LG\.javacpp\cache\javacpp-1.5.9-SNAPSHOT-windows-x86_64.jar\org\bytedeco\javacpp\windows-x86_64\api-ms-win-core-memory-l1-1-0.dll
0x000002a277580000 - 0x000002a277584000 	C:\Users\oalfuraydi.MURL097631B55LG\.javacpp\cache\javacpp-1.5.9-SNAPSHOT-windows-x86_64.jar\org\bytedeco\javacpp\windows-x86_64\api-ms-win-core-util-l1-1-0.dll
0x000002a277590000 - 0x000002a277594000 	C:\Users\oalfuraydi.MURL097631B55LG\.javacpp\cache\javacpp-1.5.9-SNAPSHOT-windows-x86_64.jar\org\bytedeco\javacpp\windows-x86_64\api-ms-win-core-interlocked-l1-1-0.dll
0x00007ff914570000 - 0x00007ff914681000 	C:\Users\oalfuraydi.MURL097631B55LG\.javacpp\cache\javacpp-1.5.9-SNAPSHOT-windows-x86_64.jar\org\bytedeco\javacpp\windows-x86_64\ucrtbase.dll
0x00007ff94fc50000 - 0x00007ff94fc6b000 	C:\Users\oalfuraydi.MURL097631B55LG\.javacpp\cache\javacpp-1.5.9-SNAPSHOT-windows-x86_64.jar\org\bytedeco\javacpp\windows-x86_64\vcruntime140.dll
0x00007ff961ea0000 - 0x00007ff961eac000 	C:\Users\oalfuraydi.MURL097631B55LG\.javacpp\cache\javacpp-1.5.9-SNAPSHOT-windows-x86_64.jar\org\bytedeco\javacpp\windows-x86_64\vcruntime140_1.dll
0x00007ff919950000 - 0x00007ff9199dd000 	C:\Users\oalfuraydi.MURL097631B55LG\.javacpp\cache\javacpp-1.5.9-SNAPSHOT-windows-x86_64.jar\org\bytedeco\javacpp\windows-x86_64\msvcp140.dll
0x00007ff961e80000 - 0x00007ff961e89000 	C:\Users\oalfuraydi.MURL097631B55LG\.javacpp\cache\javacpp-1.5.9-SNAPSHOT-windows-x86_64.jar\org\bytedeco\javacpp\windows-x86_64\msvcp140_1.dll
0x00007ff934120000 - 0x00007ff93416e000 	C:\Users\oalfuraydi.MURL097631B55LG\.javacpp\cache\javacpp-1.5.9-SNAPSHOT-windows-x86_64.jar\org\bytedeco\javacpp\windows-x86_64\concrt140.dll
0x00007ff937ca0000 - 0x00007ff937cd1000 	C:\Users\oalfuraydi.MURL097631B55LG\.javacpp\cache\javacpp-1.5.9-SNAPSHOT-windows-x86_64.jar\org\bytedeco\javacpp\windows-x86_64\vcomp140.dll
0x00007ff95ef30000 - 0x00007ff95ef3f000 	C:\Users\oalfuraydi.MURL097631B55LG\.javacpp\cache\javacpp-1.5.9-SNAPSHOT-windows-x86_64.jar\org\bytedeco\javacpp\windows-x86_64\jnijavacpp.dll
0x000000006d7c0000 - 0x000000006f392000 	C:\Users\oalfuraydi.MURL097631B55LG\.javacpp\cache\openblas-0.3.21-1.5.8-windows-x86_64.jar\org\bytedeco\openblas\windows-x86_64\libopenblas_nolapack.dll
0x00007ff914be0000 - 0x00007ff914c3f000 	C:\Users\oalfuraydi.MURL097631B55LG\.javacpp\cache\openblas-0.3.21-1.5.8-windows-x86_64.jar\org\bytedeco\openblas\windows-x86_64\jniopenblas_nolapack.dll
0x0000000000460000 - 0x0000000002032000 	C:\Users\oalfuraydi.MURL097631B55LG\.javacpp\cache\openblas-0.3.21-1.5.8-windows-x86_64.jar\org\bytedeco\openblas\windows-x86_64\libopenblas.dll
0x00007ff8f24f0000 - 0x00007ff8f38dc000 	C:\Users\oalfuraydi.MURL097631B55LG\.javacpp\cache\openblas-0.3.21-1.5.8-windows-x86_64.jar\org\bytedeco\openblas\windows-x86_64\jniopenblas.dll
0x00007ff95ee20000 - 0x00007ff95ee28000 	C:\Users\oalfuraydi.MURL097631B55LG\.javacpp\cache\opencv-4.6.0-1.5.8-windows-x86_64-gpu.jar\org\bytedeco\opencv\windows-x86_64-gpu\opencv_cudev460.dll
0x00007ff8f5510000 - 0x00007ff8f5c46000 	C:\Users\oalfuraydi.MURL097631B55LG\.javacpp\cache\opencv-4.6.0-1.5.8-windows-x86_64-gpu.jar\org\bytedeco\opencv\windows-x86_64-gpu\opencv_core460.dll
0x00007ff8f1d80000 - 0x00007ff8f24e1000 	C:\Users\oalfuraydi.MURL097631B55LG\.javacpp\cache\opencv-4.6.0-1.5.8-windows-x86_64-gpu.jar\org\bytedeco\opencv\windows-x86_64-gpu\opencv_imgproc460.dll
0x00007ff8f49b0000 - 0x00007ff8f4c45000 	C:\Users\oalfuraydi.MURL097631B55LG\.javacpp\cache\opencv-4.6.0-1.5.8-windows-x86_64-gpu.jar\org\bytedeco\opencv\windows-x86_64-gpu\jniopencv_core.dll
0x00007ff903da0000 - 0x00007ff903ec1000 	C:\Users\oalfuraydi.MURL097631B55LG\.javacpp\cache\opencv-4.6.0-1.5.8-windows-x86_64-gpu.jar\org\bytedeco\opencv\windows-x86_64-gpu\jniopencv_imgproc.dll
0x00007ff8f1950000 - 0x00007ff8f1d78000 	C:\Users\oalfuraydi.MURL097631B55LG\.javacpp\cache\opencv-4.6.0-1.5.8-windows-x86_64-gpu.jar\org\bytedeco\opencv\windows-x86_64-gpu\opencv_imgcodecs460.dll
0x00007ff9326e0000 - 0x00007ff932713000 	C:\Users\oalfuraydi.MURL097631B55LG\.javacpp\cache\opencv-4.6.0-1.5.8-windows-x86_64-gpu.jar\org\bytedeco\opencv\windows-x86_64-gpu\jniopencv_imgcodecs.dll
0x00007ff8f4e50000 - 0x00007ff8f4f23000 	C:\Users\oalfuraydi.MURL097631B55LG\.javacpp\cache\opencv-4.6.0-1.5.8-windows-x86_64-gpu.jar\org\bytedeco\opencv\windows-x86_64-gpu\opencv_videoio460.dll
0x00007ff97ba50000 - 0x00007ff97bb7a000 	C:\windows\System32\ole32.dll

dbghelp: loaded successfully - version: 4.0.5 - missing functions: none
symbol engine: initialized successfully - sym options: 0x614 - pdb path: .;C:\Program Files\Eclipse Adoptium\jdk-11.0.18.10-hotspot\bin;C:\windows\SYSTEM32;C:\windows\WinSxS\amd64_microsoft.windows.common-controls_6595b64144ccf1df_6.0.19041.1110_none_60b5254171f9507e;C:\windows\system32\tmumh\20019\AddOn\8.55.0.1119;C:\windows\system32\tmumh\20019\TmMon\2.9.0.1042;C:\PROGRAMDATA\Log collection\5.5.1.70;C:\Program Files\Eclipse Adoptium\jdk-11.0.18.10-hotspot\bin\server;C:\Program Files\apache-maven-3.9.0\lib\jansi-native\Windows\x86_64;C:\Users\oalfuraydi.MURL097631B55LG\.javacpp\cache\javacpp-1.5.9-SNAPSHOT-windows-x86_64.jar\org\bytedeco\javacpp\windows-x86_64;C:\Users\oalfuraydi.MURL097631B55LG\.javacpp\cache\openblas-0.3.21-1.5.8-windows-x86_64.jar\org\bytedeco\openblas\windows-x86_64;C:\Users\oalfuraydi.MURL097631B55LG\.javacpp\cache\opencv-4.6.0-1.5.8-windows-x86_64-gpu.jar\org\bytedeco\opencv\windows-x86_64-gpu;C:\Users\oalfuraydi.MURL097631B55LG\.javacpp\cache\opencv-4.6.0-1.5.8-windows-x86_64.jar\org\bytedeco\opencv\windows-x86_64

VM Arguments:
jvm_args: -Dclassworlds.conf=C:\Program Files\apache-maven-3.9.0\bin\m2.conf -Dmaven.home=C:\Program Files\apache-maven-3.9.0 -Dlibrary.jansi.path=C:\Program Files\apache-maven-3.9.0\lib\jansi-native -Dmaven.multiModuleProjectDirectory=C:\Users\oalfuraydi.MURL097631B55LG\Documents\NetBeansProjects\OpencvLearn 
java_command: org.codehaus.plexus.classworlds.launcher.Launcher exec:java -Dexec.mainClass=com.mycompany.opencvlearn.ThresholdInRange
java_class_path (initial): C:\Program Files\apache-maven-3.9.0\boot\plexus-classworlds-2.6.0.jar
Launcher Type: SUN_STANDARD

[Global flags]
     intx CICompilerCount                          = 4                                         {product} {ergonomic}
     uint ConcGCThreads                            = 2                                         {product} {ergonomic}
     uint G1ConcRefinementThreads                  = 8                                         {product} {ergonomic}
   size_t G1HeapRegionSize                         = 1048576                                   {product} {ergonomic}
    uintx GCDrainStackTargetSize                   = 64                                        {product} {ergonomic}
   size_t InitialHeapSize                          = 264241152                                 {product} {ergonomic}
   size_t MarkStackSize                            = 4194304                                   {product} {ergonomic}
   size_t MaxHeapSize                              = 4213178368                                {product} {ergonomic}
   size_t MaxNewSize                               = 2527068160                                {product} {ergonomic}
   size_t MinHeapDeltaBytes                        = 1048576                                   {product} {ergonomic}
    uintx NonNMethodCodeHeapSize                   = 5836300                                {pd product} {ergonomic}
    uintx NonProfiledCodeHeapSize                  = 122910970                              {pd product} {ergonomic}
    uintx ProfiledCodeHeapSize                     = 122910970                              {pd product} {ergonomic}
    uintx ReservedCodeCacheSize                    = 251658240                              {pd product} {ergonomic}
     bool SegmentedCodeCache                       = true                                      {product} {ergonomic}
     bool UseCompressedClassPointers               = true                                 {lp64_product} {ergonomic}
     bool UseCompressedOops                        = true                                 {lp64_product} {ergonomic}
     bool UseG1GC                                  = true                                      {product} {ergonomic}
     bool UseLargePagesIndividualAllocation        = false                                  {pd product} {ergonomic}

Logging:
Log output configuration:
 #0: stdout all=warning uptime,level,tags
 #1: stderr all=off uptime,level,tags

Environment Variables:
JAVA_HOME=C:\Program Files\Eclipse Adoptium\jdk-11.0.18.10-hotspot\
PATH=C:\Program Files\Eclipse Adoptium\jdk-11.0.18.10-hotspot\bin;C:\Program Files\Eclipse Adoptium\jdk-17.0.6.10-hotspot\bin;C:\Program Files\Common Files\Oracle\Java\javapath;C:\Program Files (x86)\Common Files\Oracle\Java\javapath;C:\windows\system32;C:\windows;C:\windows\System32\Wbem;C:\windows\System32\WindowsPowerShell\v1.0\;C:\windows\System32\OpenSSH\;C:\Program Files (x86)\Enterprise Vault\EVClient\x64\;C:\Program Files (x86)\Sennheiser\SenncomSDK\;C:\Program Files (x86)\dotnet\;C:\Program Files (x86)\Pulse Secure\VC142.CRT\X64\;C:\Program Files (x86)\Pulse Secure\VC142.CRT\X86\;C:\Program Files\PuTTY\;C:\Program Files\Git\cmd;C:\Users\oalfuraydi.MURL097631B55LG\Downloads\snyk;C:\Program Files\apache-maven-3.9.0\bin;C:\Program Files (x86)\Common Files\Pulse Secure\TNC Client Plugin\;C:\Users\oalfuraydi.MURL097631B55LG\AppData\Local\Microsoft\WindowsApps;
USERNAME=oalfuraydi
OS=Windows_NT
PROCESSOR_IDENTIFIER=Intel64 Family 6 Model 140 Stepping 1, GenuineIntel
TMP=C:\Users\OALFUR~1.MUR\AppData\Local\Temp
TEMP=C:\Users\OALFUR~1.MUR\AppData\Local\Temp



---------------  S Y S T E M  ---------------

OS: Windows 10 , 64 bit Build 19041 (10.0.19041.1645)
OS uptime: 6 days 7:32 hours

CPU:total 8 (initial active 8) (4 cores per cpu, 2 threads per core) family 6 model 140 stepping 1 microcode 0x9a, cmov, cx8, fxsr, mmx, sse, sse2, sse3, ssse3, sse4.1, sse4.2, popcnt, avx, avx2, aes, clmul, erms, 3dnowpref, lzcnt, ht, tsc, tscinvbit, bmi1, bmi2, adx, evex, sha, fma

Memory: 4k page, system-wide physical 16064M (5718M free)
TotalPageFile size 43500M (AvailPageFile size 1553M)
current process WorkingSet (physical memory assigned to process): 471M, peak: 505M
current process commit charge ("private bytes"): 2293M, peak: 2331M

vm_info: OpenJDK 64-Bit Server VM (11.0.18+10) for windows-amd64 JRE (11.0.18+10), built on Jan 18 2023 04:27:27 by "" with MS VC++ 16.7 (VS2019)

END.
