#
# A fatal error has been detected by the Java Runtime Environment:
#
#  EXCEPTION_ACCESS_VIOLATION (0xc0000005) at pc=0x00007ff8f56d5e3d, pid=25392, tid=38560
#
# JRE version: OpenJDK Runtime Environment Temurin-11.0.18+10 (11.0.18+10) (build 11.0.18+10)
# Java VM: OpenJDK 64-Bit Server VM Temurin-11.0.18+10 (11.0.18+10, mixed mode, tiered, compressed oops, g1 gc, windows-amd64)
# Problematic frame:
# C  [opencv_core460.dll+0x1c5e3d]
#
# No core dump will be written. Minidumps are not enabled by default on client versions of Windows
#
# If you would like to submit a bug report, please visit:
#   https://github.com/adoptium/adoptium-support/issues
# The crash happened outside the Java Virtual Machine in native code.
# See problematic frame for where to report the bug.
#

---------------  S U M M A R Y ------------

Command Line: com.mycompany.opencvlearn.ThresholdInRange

Host: 11th Gen Intel(R) Core(TM) i7-1185G7 @ 3.00GHz, 8 cores, 15G,  Windows 10 , 64 bit Build 19041 (10.0.19041.1645)
Time: Thu Apr 27 11:17:55 2023 Arab Standard Time elapsed time: 15.994796 seconds (0d 0h 0m 15s)

---------------  T H R E A D  ---------------

Current thread (0x000001d0b8671000):  JavaThread "JavaCPP Deallocator" daemon [_thread_in_native, id=38560, stack(0x0000005879a00000,0x0000005879b00000)]

Stack: [0x0000005879a00000,0x0000005879b00000],  sp=0x0000005879afeeb0,  free space=1019k
Native frames: (J=compiled Java code, j=interpreted, Vv=VM code, C=native code)
C  [opencv_core460.dll+0x1c5e3d]

Java frames: (J=compiled Java code, j=interpreted, Vv=VM code)
j  org.bytedeco.javacpp.Pointer$NativeDeallocator.deallocate(JJ)V+0
j  org.bytedeco.javacpp.Pointer$NativeDeallocator.deallocate()V+27
j  org.bytedeco.javacpp.Pointer$DeallocatorReference.clear()V+46
j  org.bytedeco.javacpp.Pointer$DeallocatorThread.run()V+11
v  ~StubRoutines::call_stub

siginfo: EXCEPTION_ACCESS_VIOLATION (0xc0000005), writing address 0x0000000000000015


Register to memory mapping:

RIP=0x00007ff8f56d5e3d opencv_core460.dll
RAX=0x00000000ffffffff is an unknown value
RBX=0x000001d0b939d200 points into unknown readable memory: 0x000001d11a6dbc60 | 60 bc 6d 1a d1 01 00 00
RCX=0x0000000000000001 is an unknown value
RDX=0x0000005879aff018 is pointing into the stack for thread: 0x000001d0b8671000
RSP=0x0000005879afeeb0 is pointing into the stack for thread: 0x000001d0b8671000
RBP=0x0000005879afefd8 is pointing into the stack for thread: 0x000001d0b8671000
RSI=0x0 is NULL
RDI=0x0000000000001970 is an unknown value
R8 =0x000001d0b939d200 points into unknown readable memory: 0x000001d11a6dbc60 | 60 bc 6d 1a d1 01 00 00
R9 =0x00007ff9326e1ad0 jniopencv_imgcodecs.dll
R10=0x000001d09c1bf748 is at code_begin+1000 in an Interpreter codelet
method entry point (kind = native)  [0x000001d09c1bf360, 0x000001d09c1bfe00]  2720 bytes
R11=0x0000000000000102 is an unknown value
R12=0x0 is NULL
R13={method} {0x000001d0b7e91310} 'deallocate' '(JJ)V' in 'org/bytedeco/javacpp/Pointer$NativeDeallocator'
R14=0x0000005879aff018 is pointing into the stack for thread: 0x000001d0b8671000
R15=0x000001d0b8671000 is a thread


Registers:
RAX=0x00000000ffffffff, RBX=0x000001d0b939d200, RCX=0x0000000000000001, RDX=0x0000005879aff018
RSP=0x0000005879afeeb0, RBP=0x0000005879afefd8, RSI=0x0000000000000000, RDI=0x0000000000001970
R8 =0x000001d0b939d200, R9 =0x00007ff9326e1ad0, R10=0x000001d09c1bf748, R11=0x0000000000000102
R12=0x0000000000000000, R13=0x000001d0b7e91308, R14=0x0000005879aff018, R15=0x000001d0b8671000
RIP=0x00007ff8f56d5e3d, EFLAGS=0x0000000000010202

Top of Stack: (sp=0x0000005879afeeb0)
0x0000005879afeeb0:   0000005879afefd8 0000000000000000
0x0000005879afeec0:   0000000000000000 00007ff8f3f1554d
0x0000005879afeed0:   0000000000001178 00007ff8f56d2d9e
0x0000005879afeee0:   0000000000000000 000001d0b939d200
0x0000005879afeef0:   000001d0b8671000 000001d0b78fdb85
0x0000005879afef00:   000001d0b939d200 00007ff9326e1ae3
0x0000005879afef10:   000001d0b753b382 00007ff8f4051c54
0x0000005879afef20:   000001d0b8671000 000000070b9775d0
0x0000005879afef30:   000001d0b7e91308 000001d09c1bf777
0x0000005879afef40:   000000070b9775d0 00007ff8f3c77f7a
0x0000005879afef50:   000001d0b8671000 000001d0b865c240
0x0000005879afef60:   0000005879aff078 00007ff8f3c77d99
0x0000005879afef70:   000001d0b865c240 000001d0b8671000
0x0000005879afef80:   00000000000001d0 000001d09c1cebef
0x0000005879afef90:   0000005879afef90 0000000000000000
0x0000005879afefa0:   0000005879aff018 000001d0b7e94450 

Instructions: (pc=0x00007ff8f56d5e3d)
0x00007ff8f56d5d3d:   f6 c1 e8 0f a8 01 75 13 48 8b 0f 48 8b 43 20 48
0x00007ff8f56d5d4d:   8b d1 48 03 01 48 3b 43 28 76 27 49 8d 56 01 48
0x00007ff8f56d5d5d:   8b cb 4a 8d 04 75 01 00 00 00 48 03 c6 48 d1 e8
0x00007ff8f56d5d6d:   48 3b d0 48 0f 42 d0 e8 47 01 00 00 48 8b 0f 48
0x00007ff8f56d5d7d:   8b d1 48 63 43 04 85 c0 7e 07 48 8b 6c c1 f8 eb
0x00007ff8f56d5d8d:   05 33 ed 48 8b ca 48 0f af 31 4c 8b c5 49 8b d7
0x00007ff8f56d5d9d:   48 03 73 10 48 8b ce e8 9f 25 25 00 48 8b 43 40
0x00007ff8f56d5dad:   41 8d 4e 01 89 08 4c 8b 0f 8b 4b 04 49 8b 01 48
0x00007ff8f56d5dbd:   01 43 20 48 8b 43 40 48 63 10 83 f9 01 7e 25 48
0x00007ff8f56d5dcd:   83 c0 04 44 8d 41 ff 0f 1f 40 00 0f 1f 84 00 00
0x00007ff8f56d5ddd:   00 00 00 48 63 08 48 8d 40 04 48 0f af d1 49 83
0x00007ff8f56d5ded:   e8 01 75 ef 49 3b 29 72 08 48 63 c2 48 3b d0 74
0x00007ff8f56d5dfd:   06 81 23 ff bf ff ff 48 8b 5c 24 40 48 8b 6c 24
0x00007ff8f56d5e0d:   48 48 8b 74 24 50 48 83 c4 20 41 5f 41 5e 5f c3
0x00007ff8f56d5e1d:   cc cc cc 48 89 5c 24 10 56 48 83 ec 20 48 8b d9
0x00007ff8f56d5e2d:   33 f6 48 8b 49 38 48 85 c9 74 49 b8 ff ff ff ff
0x00007ff8f56d5e3d:   f0 0f c1 41 14 83 f8 01 75 3a 48 89 7c 24 30 48
0x00007ff8f56d5e4d:   8b 7b 38 48 85 ff 74 27 48 89 73 38 48 8b 4f 08
0x00007ff8f56d5e5d:   48 85 c9 75 11 48 8b 4b 30 48 85 c9 75 08 e8 10
0x00007ff8f56d5e6d:   f6 ff ff 48 8b 08 48 8b 01 48 8b d7 ff 50 28 48
0x00007ff8f56d5e7d:   8b 7c 24 30 8b ce 48 89 73 38 48 89 73 10 48 89
0x00007ff8f56d5e8d:   73 28 48 89 73 20 48 89 73 18 39 4b 04 7e 17 48
0x00007ff8f56d5e9d:   8b d6 90 48 8b 43 40 48 8d 52 04 ff c1 89 74 02
0x00007ff8f56d5ead:   fc 3b 4b 04 7c ed 48 8b 5c 24 38 48 83 c4 20 5e
0x00007ff8f56d5ebd:   c3 cc cc 48 89 5c 24 10 48 89 74 24 18 55 57 41
0x00007ff8f56d5ecd:   54 41 56 41 57 48 8d 6c 24 c0 48 81 ec 40 01 00
0x00007ff8f56d5edd:   00 48 8b 05 f3 39 3d 00 48 33 c4 48 89 45 30 4c
0x00007ff8f56d5eed:   8b ca 48 8b d9 45 33 e4 44 89 64 24 30 85 d2 0f
0x00007ff8f56d5efd:   88 ed 02 00 00 8b 01 c1 e8 0f a8 01 75 19 48 8b
0x00007ff8f56d5f0d:   41 48 48 8b ca 48 0f af 08 48 03 4b 10 48 3b 4b
0x00007ff8f56d5f1d:   28 0f 86 a3 02 00 00 48 8b 4b 40 4c 63 39 4d 8b
0x00007ff8f56d5f2d:   f7 4d 3b f9 0f 83 90 02 00 00 41 8b c1 bf 01 00 


Stack slot to memory mapping:
stack at sp + 0 slots: 0x0000005879afefd8 is pointing into the stack for thread: 0x000001d0b8671000
stack at sp + 1 slots: 0x0 is NULL
stack at sp + 2 slots: 0x0 is NULL
stack at sp + 3 slots: 0x00007ff8f3f1554d jvm.dll
stack at sp + 4 slots: 0x0000000000001178 is an unknown value
stack at sp + 5 slots: 0x00007ff8f56d2d9e opencv_core460.dll
stack at sp + 6 slots: 0x0 is NULL
stack at sp + 7 slots: 0x000001d0b939d200 points into unknown readable memory: 0x000001d11a6dbc60 | 60 bc 6d 1a d1 01 00 00


---------------  P R O C E S S  ---------------

Threads class SMR info:
_java_thread_list=0x000001d11acc8270, length=18, elements={
0x000001d0b7531000, 0x000001d0b7532000, 0x000001d0b75a3800, 0x000001d0b75a7000,
0x000001d0b75a9000, 0x000001d0b75aa800, 0x000001d0b75ab800, 0x000001d0b7550800,
0x000001d0b7738800, 0x000001d0b8671000, 0x000001d0b938b800, 0x000001d0b982d800,
0x000001d11aea5800, 0x000001d0b8e5b800, 0x000001d093937800, 0x000001d11a6ef000,
0x000001d11d8f1000, 0x000001d11d898800
}

Java Threads: ( => current thread )
  0x000001d0b7531000 JavaThread "Reference Handler" daemon [_thread_blocked, id=37520, stack(0x0000005878a00000,0x0000005878b00000)]
  0x000001d0b7532000 JavaThread "Finalizer" daemon [_thread_blocked, id=25460, stack(0x0000005878b00000,0x0000005878c00000)]
  0x000001d0b75a3800 JavaThread "Signal Dispatcher" daemon [_thread_blocked, id=49480, stack(0x0000005878c00000,0x0000005878d00000)]
  0x000001d0b75a7000 JavaThread "Attach Listener" daemon [_thread_blocked, id=15036, stack(0x0000005878d00000,0x0000005878e00000)]
  0x000001d0b75a9000 JavaThread "Service Thread" daemon [_thread_blocked, id=45744, stack(0x0000005878e00000,0x0000005878f00000)]
  0x000001d0b75aa800 JavaThread "C2 CompilerThread0" daemon [_thread_blocked, id=47284, stack(0x0000005878f00000,0x0000005879000000)]
  0x000001d0b75ab800 JavaThread "C1 CompilerThread0" daemon [_thread_blocked, id=23392, stack(0x0000005879000000,0x0000005879100000)]
  0x000001d0b7550800 JavaThread "Sweeper thread" daemon [_thread_blocked, id=41440, stack(0x0000005879100000,0x0000005879200000)]
  0x000001d0b7738800 JavaThread "Common-Cleaner" daemon [_thread_blocked, id=22688, stack(0x0000005879300000,0x0000005879400000)]
=>0x000001d0b8671000 JavaThread "JavaCPP Deallocator" daemon [_thread_in_native, id=38560, stack(0x0000005879a00000,0x0000005879b00000)]
  0x000001d0b938b800 JavaThread "Java2D Disposer" daemon [_thread_blocked, id=39592, stack(0x000000587a900000,0x000000587aa00000)]
  0x000001d0b982d800 JavaThread "AWT-Shutdown" [_thread_blocked, id=35820, stack(0x000000587aa00000,0x000000587ab00000)]
  0x000001d11aea5800 JavaThread "AWT-Windows" daemon [_thread_in_native, id=52764, stack(0x000000587ab00000,0x000000587ac00000)]
  0x000001d0b8e5b800 JavaThread "AWT-EventQueue-0" [_thread_in_native, id=45412, stack(0x000000587ac00000,0x000000587ad00000)]
  0x000001d093937800 JavaThread "DestroyJavaVM" [_thread_blocked, id=15012, stack(0x0000005878300000,0x0000005878400000)]
  0x000001d11a6ef000 JavaThread "D3D Screen Updater" daemon [_thread_blocked, id=49536, stack(0x000000587ad00000,0x000000587ae00000)]
  0x000001d11d8f1000 JavaThread "TimerQueue" daemon [_thread_blocked, id=41924, stack(0x000000587b700000,0x000000587b800000)]
  0x000001d11d898800 JavaThread "C2 CompilerThread1" daemon [_thread_blocked, id=43764, stack(0x000000587c100000,0x000000587c200000)]

Other Threads:
  0x000001d0b750d800 VMThread "VM Thread" [stack: 0x0000005878900000,0x0000005878a00000] [id=20304]
  0x000001d0b7727800 WatcherThread [stack: 0x0000005879200000,0x0000005879300000] [id=38104]
  0x000001d09394e800 GCTaskThread "GC Thread#0" [stack: 0x0000005878400000,0x0000005878500000] [id=32960]
  0x000001d0b8581000 GCTaskThread "GC Thread#1" [stack: 0x0000005879500000,0x0000005879600000] [id=43588]
  0x000001d0b8c22800 GCTaskThread "GC Thread#2" [stack: 0x0000005879600000,0x0000005879700000] [id=12948]
  0x000001d0b8c23800 GCTaskThread "GC Thread#3" [stack: 0x0000005879700000,0x0000005879800000] [id=23008]
  0x000001d0b87e7000 GCTaskThread "GC Thread#4" [stack: 0x0000005879800000,0x0000005879900000] [id=25160]
  0x000001d0b87e8000 GCTaskThread "GC Thread#5" [stack: 0x0000005879900000,0x0000005879a00000] [id=15264]
  0x000001d0939ac000 ConcurrentGCThread "G1 Main Marker" [stack: 0x0000005878500000,0x0000005878600000] [id=15228]
  0x000001d0939ae800 ConcurrentGCThread "G1 Conc#0" [stack: 0x0000005878600000,0x0000005878700000] [id=30176]
  0x000001d11ad39000 ConcurrentGCThread "G1 Conc#1" [stack: 0x0000005879400000,0x0000005879500000] [id=19560]
  0x000001d093ad0000 ConcurrentGCThread "G1 Refine#0" [stack: 0x0000005878700000,0x0000005878800000] [id=47900]
  0x000001d093ad1000 ConcurrentGCThread "G1 Young RemSet Sampling" [stack: 0x0000005878800000,0x0000005878900000] [id=45860]

Threads with active compile tasks:

VM state:not at safepoint (normal execution)

VM Mutex/Monitor currently owned by a thread: None

Heap address: 0x0000000704e00000, size: 4018 MB, Compressed Oops mode: Zero based, Oop shift amount: 3
Narrow klass base: 0x0000000800000000, Narrow klass shift: 0
Compressed class space size: 1073741824 Address: 0x0000000800000000

Heap:
 garbage-first heap   total 258048K, used 183165K [0x0000000704e00000, 0x0000000800000000)
  region size 1024K, 123 young (125952K), 7 survivors (7168K)
 Metaspace       used 26027K, capacity 26457K, committed 26544K, reserved 1073152K
  class space    used 2352K, capacity 2544K, committed 2560K, reserved 1048576K
Heap Regions: E=young(eden), S=young(survivor), O=old, HS=humongous(starts), HC=humongous(continues), CS=collection set, F=free, A=archive, TAMS=top-at-mark-start (previous, next)
|   0|0x0000000704e00000, 0x0000000704f00000, 0x0000000704f00000|100%|HS|  |TAMS 0x0000000704e00000, 0x0000000704e00000| Complete 
|   1|0x0000000704f00000, 0x0000000704f00000, 0x0000000705000000|  0%| F|  |TAMS 0x0000000704f00000, 0x0000000704f00000| Untracked 
|   2|0x0000000705000000, 0x0000000705000000, 0x0000000705100000|  0%| F|  |TAMS 0x0000000705000000, 0x0000000705000000| Untracked 
|   3|0x0000000705100000, 0x0000000705100000, 0x0000000705200000|  0%| F|  |TAMS 0x0000000705100000, 0x0000000705100000| Untracked 
|   4|0x0000000705200000, 0x0000000705200000, 0x0000000705300000|  0%| F|  |TAMS 0x0000000705200000, 0x0000000705200000| Untracked 
|   5|0x0000000705300000, 0x0000000705300000, 0x0000000705400000|  0%| F|  |TAMS 0x0000000705300000, 0x0000000705300000| Untracked 
|   6|0x0000000705400000, 0x0000000705400000, 0x0000000705500000|  0%| F|  |TAMS 0x0000000705400000, 0x0000000705400000| Untracked 
|   7|0x0000000705500000, 0x0000000705500000, 0x0000000705600000|  0%| F|  |TAMS 0x0000000705500000, 0x0000000705500000| Untracked 
|   8|0x0000000705600000, 0x0000000705600000, 0x0000000705700000|  0%| F|  |TAMS 0x0000000705600000, 0x0000000705600000| Untracked 
|   9|0x0000000705700000, 0x0000000705700000, 0x0000000705800000|  0%| F|  |TAMS 0x0000000705700000, 0x0000000705700000| Untracked 
|  10|0x0000000705800000, 0x0000000705800000, 0x0000000705900000|  0%| F|  |TAMS 0x0000000705800000, 0x0000000705800000| Untracked 
|  11|0x0000000705900000, 0x0000000705900000, 0x0000000705a00000|  0%| F|  |TAMS 0x0000000705900000, 0x0000000705900000| Untracked 
|  12|0x0000000705a00000, 0x0000000705a00000, 0x0000000705b00000|  0%| F|  |TAMS 0x0000000705a00000, 0x0000000705a00000| Untracked 
|  13|0x0000000705b00000, 0x0000000705b00000, 0x0000000705c00000|  0%| F|  |TAMS 0x0000000705b00000, 0x0000000705b00000| Untracked 
|  14|0x0000000705c00000, 0x0000000705c00000, 0x0000000705d00000|  0%| F|  |TAMS 0x0000000705c00000, 0x0000000705c00000| Untracked 
|  15|0x0000000705d00000, 0x0000000705d00000, 0x0000000705e00000|  0%| F|  |TAMS 0x0000000705d00000, 0x0000000705d00000| Untracked 
|  16|0x0000000705e00000, 0x0000000705e00000, 0x0000000705f00000|  0%| F|  |TAMS 0x0000000705e00000, 0x0000000705e00000| Untracked 
|  17|0x0000000705f00000, 0x0000000705f00000, 0x0000000706000000|  0%| F|  |TAMS 0x0000000705f00000, 0x0000000705f00000| Untracked 
|  18|0x0000000706000000, 0x0000000706000000, 0x0000000706100000|  0%| F|  |TAMS 0x0000000706000000, 0x0000000706000000| Untracked 
|  19|0x0000000706100000, 0x0000000706100000, 0x0000000706200000|  0%| F|  |TAMS 0x0000000706100000, 0x0000000706100000| Untracked 
|  20|0x0000000706200000, 0x0000000706200000, 0x0000000706300000|  0%| F|  |TAMS 0x0000000706200000, 0x0000000706200000| Untracked 
|  21|0x0000000706300000, 0x0000000706300000, 0x0000000706400000|  0%| F|  |TAMS 0x0000000706300000, 0x0000000706300000| Untracked 
|  22|0x0000000706400000, 0x0000000706400000, 0x0000000706500000|  0%| F|  |TAMS 0x0000000706400000, 0x0000000706400000| Untracked 
|  23|0x0000000706500000, 0x0000000706600000, 0x0000000706600000|100%|HS|  |TAMS 0x0000000706500000, 0x0000000706500000| Complete 
|  24|0x0000000706600000, 0x0000000706700000, 0x0000000706700000|100%|HC|  |TAMS 0x0000000706600000, 0x0000000706600000| Complete 
|  25|0x0000000706700000, 0x0000000706800000, 0x0000000706800000|100%|HC|  |TAMS 0x0000000706700000, 0x0000000706700000| Complete 
|  26|0x0000000706800000, 0x0000000706900000, 0x0000000706900000|100%|HC|  |TAMS 0x0000000706800000, 0x0000000706800000| Complete 
|  27|0x0000000706900000, 0x0000000706a00000, 0x0000000706a00000|100%|HC|  |TAMS 0x0000000706900000, 0x0000000706900000| Complete 
|  28|0x0000000706a00000, 0x0000000706b00000, 0x0000000706b00000|100%|HC|  |TAMS 0x0000000706a00000, 0x0000000706a00000| Complete 
|  29|0x0000000706b00000, 0x0000000706c00000, 0x0000000706c00000|100%|HC|  |TAMS 0x0000000706b00000, 0x0000000706b00000| Complete 
|  30|0x0000000706c00000, 0x0000000706d00000, 0x0000000706d00000|100%|HC|  |TAMS 0x0000000706c00000, 0x0000000706c00000| Complete 
|  31|0x0000000706d00000, 0x0000000706e00000, 0x0000000706e00000|100%|HC|  |TAMS 0x0000000706d00000, 0x0000000706d00000| Complete 
|  32|0x0000000706e00000, 0x0000000706f00000, 0x0000000706f00000|100%|HC|  |TAMS 0x0000000706e00000, 0x0000000706e00000| Complete 
|  33|0x0000000706f00000, 0x0000000707000000, 0x0000000707000000|100%|HC|  |TAMS 0x0000000706f00000, 0x0000000706f00000| Complete 
|  34|0x0000000707000000, 0x0000000707100000, 0x0000000707100000|100%|HC|  |TAMS 0x0000000707000000, 0x0000000707000000| Complete 
|  35|0x0000000707100000, 0x0000000707200000, 0x0000000707200000|100%|HC|  |TAMS 0x0000000707100000, 0x0000000707100000| Complete 
|  36|0x0000000707200000, 0x0000000707300000, 0x0000000707300000|100%|HC|  |TAMS 0x0000000707200000, 0x0000000707200000| Complete 
|  37|0x0000000707300000, 0x0000000707400000, 0x0000000707400000|100%|HC|  |TAMS 0x0000000707300000, 0x0000000707300000| Complete 
|  38|0x0000000707400000, 0x0000000707500000, 0x0000000707500000|100%|HC|  |TAMS 0x0000000707400000, 0x0000000707400000| Complete 
|  39|0x0000000707500000, 0x0000000707600000, 0x0000000707600000|100%|HC|  |TAMS 0x0000000707500000, 0x0000000707500000| Complete 
|  40|0x0000000707600000, 0x0000000707700000, 0x0000000707700000|100%|HC|  |TAMS 0x0000000707600000, 0x0000000707600000| Complete 
|  41|0x0000000707700000, 0x0000000707800000, 0x0000000707800000|100%|HC|  |TAMS 0x0000000707700000, 0x0000000707700000| Complete 
|  42|0x0000000707800000, 0x0000000707900000, 0x0000000707900000|100%|HC|  |TAMS 0x0000000707800000, 0x0000000707800000| Complete 
|  43|0x0000000707900000, 0x0000000707a00000, 0x0000000707a00000|100%|HC|  |TAMS 0x0000000707900000, 0x0000000707900000| Complete 
|  44|0x0000000707a00000, 0x0000000707b00000, 0x0000000707b00000|100%|HC|  |TAMS 0x0000000707a00000, 0x0000000707a00000| Complete 
|  45|0x0000000707b00000, 0x0000000707c00000, 0x0000000707c00000|100%|HC|  |TAMS 0x0000000707b00000, 0x0000000707b00000| Complete 
|  46|0x0000000707c00000, 0x0000000707d00000, 0x0000000707d00000|100%|HS|  |TAMS 0x0000000707c00000, 0x0000000707c00000| Complete 
|  47|0x0000000707d00000, 0x0000000707e00000, 0x0000000707e00000|100%|HS|  |TAMS 0x0000000707d00000, 0x0000000707d00000| Complete 
|  48|0x0000000707e00000, 0x0000000707f00000, 0x0000000707f00000|100%|HC|  |TAMS 0x0000000707e00000, 0x0000000707e00000| Complete 
|  49|0x0000000707f00000, 0x0000000708000000, 0x0000000708000000|100%|HC|  |TAMS 0x0000000707f00000, 0x0000000707f00000| Complete 
|  50|0x0000000708000000, 0x0000000708100000, 0x0000000708100000|100%|HC|  |TAMS 0x0000000708000000, 0x0000000708000000| Complete 
|  51|0x0000000708100000, 0x0000000708200000, 0x0000000708200000|100%|HC|  |TAMS 0x0000000708100000, 0x0000000708100000| Complete 
|  52|0x0000000708200000, 0x0000000708300000, 0x0000000708300000|100%|HC|  |TAMS 0x0000000708200000, 0x0000000708200000| Complete 
|  53|0x0000000708300000, 0x0000000708400000, 0x0000000708400000|100%|HC|  |TAMS 0x0000000708300000, 0x0000000708300000| Complete 
|  54|0x0000000708400000, 0x0000000708500000, 0x0000000708500000|100%|HC|  |TAMS 0x0000000708400000, 0x0000000708400000| Complete 
|  55|0x0000000708500000, 0x0000000708600000, 0x0000000708600000|100%|HC|  |TAMS 0x0000000708500000, 0x0000000708500000| Complete 
|  56|0x0000000708600000, 0x0000000708700000, 0x0000000708700000|100%|HC|  |TAMS 0x0000000708600000, 0x0000000708600000| Complete 
|  57|0x0000000708700000, 0x0000000708800000, 0x0000000708800000|100%|HC|  |TAMS 0x0000000708700000, 0x0000000708700000| Complete 
|  58|0x0000000708800000, 0x0000000708900000, 0x0000000708900000|100%|HC|  |TAMS 0x0000000708800000, 0x0000000708800000| Complete 
|  59|0x0000000708900000, 0x0000000708a00000, 0x0000000708a00000|100%|HC|  |TAMS 0x0000000708900000, 0x0000000708900000| Complete 
|  60|0x0000000708a00000, 0x0000000708b00000, 0x0000000708b00000|100%|HC|  |TAMS 0x0000000708a00000, 0x0000000708a00000| Complete 
|  61|0x0000000708b00000, 0x0000000708c00000, 0x0000000708c00000|100%|HC|  |TAMS 0x0000000708b00000, 0x0000000708b00000| Complete 
|  62|0x0000000708c00000, 0x0000000708d00000, 0x0000000708d00000|100%|HC|  |TAMS 0x0000000708c00000, 0x0000000708c00000| Complete 
|  63|0x0000000708d00000, 0x0000000708e00000, 0x0000000708e00000|100%|HC|  |TAMS 0x0000000708d00000, 0x0000000708d00000| Complete 
|  64|0x0000000708e00000, 0x0000000708f00000, 0x0000000708f00000|100%|HC|  |TAMS 0x0000000708e00000, 0x0000000708e00000| Complete 
|  65|0x0000000708f00000, 0x0000000709000000, 0x0000000709000000|100%|HC|  |TAMS 0x0000000708f00000, 0x0000000708f00000| Complete 
|  66|0x0000000709000000, 0x0000000709100000, 0x0000000709100000|100%|HC|  |TAMS 0x0000000709000000, 0x0000000709000000| Complete 
|  67|0x0000000709100000, 0x0000000709200000, 0x0000000709200000|100%|HC|  |TAMS 0x0000000709100000, 0x0000000709100000| Complete 
|  68|0x0000000709200000, 0x0000000709300000, 0x0000000709300000|100%|HC|  |TAMS 0x0000000709200000, 0x0000000709200000| Complete 
|  69|0x0000000709300000, 0x0000000709400000, 0x0000000709400000|100%|HC|  |TAMS 0x0000000709300000, 0x0000000709300000| Complete 
|  70|0x0000000709400000, 0x0000000709400000, 0x0000000709500000|  0%| F|  |TAMS 0x0000000709400000, 0x0000000709400000| Untracked 
|  71|0x0000000709500000, 0x0000000709500000, 0x0000000709600000|  0%| F|  |TAMS 0x0000000709500000, 0x0000000709500000| Untracked 
|  72|0x0000000709600000, 0x0000000709600000, 0x0000000709700000|  0%| F|  |TAMS 0x0000000709600000, 0x0000000709600000| Untracked 
|  73|0x0000000709700000, 0x0000000709700000, 0x0000000709800000|  0%| F|  |TAMS 0x0000000709700000, 0x0000000709700000| Untracked 
|  74|0x0000000709800000, 0x0000000709800000, 0x0000000709900000|  0%| F|  |TAMS 0x0000000709800000, 0x0000000709800000| Untracked 
|  75|0x0000000709900000, 0x0000000709900000, 0x0000000709a00000|  0%| F|  |TAMS 0x0000000709900000, 0x0000000709900000| Untracked 
|  76|0x0000000709a00000, 0x0000000709a00000, 0x0000000709b00000|  0%| F|  |TAMS 0x0000000709a00000, 0x0000000709a00000| Untracked 
|  77|0x0000000709b00000, 0x0000000709b00000, 0x0000000709c00000|  0%| F|  |TAMS 0x0000000709b00000, 0x0000000709b00000| Untracked 
|  78|0x0000000709c00000, 0x0000000709d00000, 0x0000000709d00000|100%|HS|  |TAMS 0x0000000709c00000, 0x0000000709c00000| Complete 
|  79|0x0000000709d00000, 0x0000000709e00000, 0x0000000709e00000|100%|HC|  |TAMS 0x0000000709d00000, 0x0000000709d00000| Complete 
|  80|0x0000000709e00000, 0x0000000709f00000, 0x0000000709f00000|100%|HC|  |TAMS 0x0000000709e00000, 0x0000000709e00000| Complete 
|  81|0x0000000709f00000, 0x000000070a000000, 0x000000070a000000|100%|HC|  |TAMS 0x0000000709f00000, 0x0000000709f00000| Complete 
|  82|0x000000070a000000, 0x000000070a100000, 0x000000070a100000|100%|HC|  |TAMS 0x000000070a000000, 0x000000070a000000| Complete 
|  83|0x000000070a100000, 0x000000070a200000, 0x000000070a200000|100%|HC|  |TAMS 0x000000070a100000, 0x000000070a100000| Complete 
|  84|0x000000070a200000, 0x000000070a300000, 0x000000070a300000|100%|HC|  |TAMS 0x000000070a200000, 0x000000070a200000| Complete 
|  85|0x000000070a300000, 0x000000070a400000, 0x000000070a400000|100%|HC|  |TAMS 0x000000070a300000, 0x000000070a300000| Complete 
|  86|0x000000070a400000, 0x000000070a500000, 0x000000070a500000|100%|HS|  |TAMS 0x000000070a400000, 0x000000070a400000| Complete 
|  87|0x000000070a500000, 0x000000070a500000, 0x000000070a600000|  0%| F|  |TAMS 0x000000070a500000, 0x000000070a500000| Untracked 
|  88|0x000000070a600000, 0x000000070a600000, 0x000000070a700000|  0%| F|  |TAMS 0x000000070a600000, 0x000000070a600000| Untracked 
|  89|0x000000070a700000, 0x000000070a700000, 0x000000070a800000|  0%| F|  |TAMS 0x000000070a700000, 0x000000070a700000| Untracked 
|  90|0x000000070a800000, 0x000000070a800000, 0x000000070a900000|  0%| F|  |TAMS 0x000000070a800000, 0x000000070a800000| Untracked 
|  91|0x000000070a900000, 0x000000070a900000, 0x000000070aa00000|  0%| F|  |TAMS 0x000000070a900000, 0x000000070a900000| Untracked 
|  92|0x000000070aa00000, 0x000000070aa00000, 0x000000070ab00000|  0%| F|  |TAMS 0x000000070aa00000, 0x000000070aa00000| Untracked 
|  93|0x000000070ab00000, 0x000000070ab00000, 0x000000070ac00000|  0%| F|  |TAMS 0x000000070ab00000, 0x000000070ab00000| Untracked 
|  94|0x000000070ac00000, 0x000000070acdf5b8, 0x000000070ad00000| 87%| S|CS|TAMS 0x000000070ac00000, 0x000000070ac00000| Complete 
|  95|0x000000070ad00000, 0x000000070ae00000, 0x000000070ae00000|100%| S|CS|TAMS 0x000000070ad00000, 0x000000070ad00000| Complete 
|  96|0x000000070ae00000, 0x000000070af00000, 0x000000070af00000|100%| S|CS|TAMS 0x000000070ae00000, 0x000000070ae00000| Complete 
|  97|0x000000070af00000, 0x000000070b000000, 0x000000070b000000|100%| S|CS|TAMS 0x000000070af00000, 0x000000070af00000| Complete 
|  98|0x000000070b000000, 0x000000070b100000, 0x000000070b100000|100%| S|CS|TAMS 0x000000070b000000, 0x000000070b000000| Complete 
|  99|0x000000070b100000, 0x000000070b200000, 0x000000070b200000|100%| S|CS|TAMS 0x000000070b100000, 0x000000070b100000| Complete 
| 100|0x000000070b200000, 0x000000070b300000, 0x000000070b300000|100%| S|CS|TAMS 0x000000070b200000, 0x000000070b200000| Complete 
| 101|0x000000070b300000, 0x000000070b300000, 0x000000070b400000|  0%| F|  |TAMS 0x000000070b300000, 0x000000070b300000| Untracked 
| 102|0x000000070b400000, 0x000000070b400000, 0x000000070b500000|  0%| F|  |TAMS 0x000000070b400000, 0x000000070b400000| Untracked 
| 103|0x000000070b500000, 0x000000070b500000, 0x000000070b600000|  0%| F|  |TAMS 0x000000070b500000, 0x000000070b500000| Untracked 
| 104|0x000000070b600000, 0x000000070b600000, 0x000000070b700000|  0%| F|  |TAMS 0x000000070b600000, 0x000000070b600000| Untracked 
| 105|0x000000070b700000, 0x000000070b700000, 0x000000070b800000|  0%| F|  |TAMS 0x000000070b700000, 0x000000070b700000| Untracked 
| 106|0x000000070b800000, 0x000000070b800000, 0x000000070b900000|  0%| F|  |TAMS 0x000000070b800000, 0x000000070b800000| Untracked 
| 107|0x000000070b900000, 0x000000070b900000, 0x000000070ba00000|  0%| F|  |TAMS 0x000000070b900000, 0x000000070b900000| Untracked 
| 108|0x000000070ba00000, 0x000000070ba00000, 0x000000070bb00000|  0%| F|  |TAMS 0x000000070ba00000, 0x000000070ba00000| Untracked 
| 109|0x000000070bb00000, 0x000000070bb00000, 0x000000070bc00000|  0%| F|  |TAMS 0x000000070bb00000, 0x000000070bb00000| Untracked 
| 110|0x000000070bc00000, 0x000000070bc00000, 0x000000070bd00000|  0%| F|  |TAMS 0x000000070bc00000, 0x000000070bc00000| Untracked 
| 111|0x000000070bd00000, 0x000000070bd00000, 0x000000070be00000|  0%| F|  |TAMS 0x000000070bd00000, 0x000000070bd00000| Untracked 
| 112|0x000000070be00000, 0x000000070be00000, 0x000000070bf00000|  0%| F|  |TAMS 0x000000070be00000, 0x000000070be00000| Untracked 
| 113|0x000000070bf00000, 0x000000070bf00000, 0x000000070c000000|  0%| F|  |TAMS 0x000000070bf00000, 0x000000070bf00000| Untracked 
| 114|0x000000070c000000, 0x000000070c000000, 0x000000070c100000|  0%| F|  |TAMS 0x000000070c000000, 0x000000070c000000| Untracked 
| 115|0x000000070c100000, 0x000000070c100000, 0x000000070c200000|  0%| F|  |TAMS 0x000000070c100000, 0x000000070c100000| Untracked 
| 116|0x000000070c200000, 0x000000070c200000, 0x000000070c300000|  0%| F|  |TAMS 0x000000070c200000, 0x000000070c200000| Untracked 
| 117|0x000000070c300000, 0x000000070c300000, 0x000000070c400000|  0%| F|  |TAMS 0x000000070c300000, 0x000000070c300000| Untracked 
| 118|0x000000070c400000, 0x000000070c400000, 0x000000070c500000|  0%| F|  |TAMS 0x000000070c400000, 0x000000070c400000| Untracked 
| 119|0x000000070c500000, 0x000000070c500000, 0x000000070c600000|  0%| F|  |TAMS 0x000000070c500000, 0x000000070c500000| Untracked 
| 120|0x000000070c600000, 0x000000070c600000, 0x000000070c700000|  0%| F|  |TAMS 0x000000070c600000, 0x000000070c600000| Untracked 
| 121|0x000000070c700000, 0x000000070c700000, 0x000000070c800000|  0%| F|  |TAMS 0x000000070c700000, 0x000000070c700000| Untracked 
| 122|0x000000070c800000, 0x000000070c800000, 0x000000070c900000|  0%| F|  |TAMS 0x000000070c800000, 0x000000070c800000| Untracked 
| 123|0x000000070c900000, 0x000000070c900000, 0x000000070ca00000|  0%| F|  |TAMS 0x000000070c900000, 0x000000070c900000| Untracked 
| 124|0x000000070ca00000, 0x000000070ca00000, 0x000000070cb00000|  0%| F|  |TAMS 0x000000070ca00000, 0x000000070ca00000| Untracked 
| 125|0x000000070cb00000, 0x000000070cb00000, 0x000000070cc00000|  0%| F|  |TAMS 0x000000070cb00000, 0x000000070cb00000| Untracked 
| 126|0x000000070cc00000, 0x000000070cc00000, 0x000000070cd00000|  0%| F|  |TAMS 0x000000070cc00000, 0x000000070cc00000| Untracked 
| 127|0x000000070cd00000, 0x000000070cd00000, 0x000000070ce00000|  0%| F|  |TAMS 0x000000070cd00000, 0x000000070cd00000| Untracked 
| 128|0x000000070ce00000, 0x000000070ce00000, 0x000000070cf00000|  0%| F|  |TAMS 0x000000070ce00000, 0x000000070ce00000| Untracked 
| 129|0x000000070cf00000, 0x000000070cf00000, 0x000000070d000000|  0%| F|  |TAMS 0x000000070cf00000, 0x000000070cf00000| Untracked 
| 130|0x000000070d000000, 0x000000070d000000, 0x000000070d100000|  0%| F|  |TAMS 0x000000070d000000, 0x000000070d000000| Untracked 
| 131|0x000000070d100000, 0x000000070d100000, 0x000000070d200000|  0%| F|  |TAMS 0x000000070d100000, 0x000000070d100000| Untracked 
| 132|0x000000070d200000, 0x000000070d200000, 0x000000070d300000|  0%| F|  |TAMS 0x000000070d200000, 0x000000070d200000| Untracked 
| 133|0x000000070d300000, 0x000000070d300000, 0x000000070d400000|  0%| F|  |TAMS 0x000000070d300000, 0x000000070d300000| Untracked 
| 134|0x000000070d400000, 0x000000070d400000, 0x000000070d500000|  0%| F|  |TAMS 0x000000070d400000, 0x000000070d400000| Untracked 
| 135|0x000000070d500000, 0x000000070d500000, 0x000000070d600000|  0%| F|  |TAMS 0x000000070d500000, 0x000000070d500000| Untracked 
| 136|0x000000070d600000, 0x000000070d700000, 0x000000070d700000|100%| E|  |TAMS 0x000000070d600000, 0x000000070d600000| Complete 
| 137|0x000000070d700000, 0x000000070d800000, 0x000000070d800000|100%| E|CS|TAMS 0x000000070d700000, 0x000000070d700000| Complete 
| 138|0x000000070d800000, 0x000000070d900000, 0x000000070d900000|100%| E|CS|TAMS 0x000000070d800000, 0x000000070d800000| Complete 
| 139|0x000000070d900000, 0x000000070da00000, 0x000000070da00000|100%| E|CS|TAMS 0x000000070d900000, 0x000000070d900000| Complete 
| 140|0x000000070da00000, 0x000000070db00000, 0x000000070db00000|100%| E|CS|TAMS 0x000000070da00000, 0x000000070da00000| Complete 
| 141|0x000000070db00000, 0x000000070dc00000, 0x000000070dc00000|100%| E|CS|TAMS 0x000000070db00000, 0x000000070db00000| Complete 
| 142|0x000000070dc00000, 0x000000070dd00000, 0x000000070dd00000|100%| E|CS|TAMS 0x000000070dc00000, 0x000000070dc00000| Complete 
| 143|0x000000070dd00000, 0x000000070de00000, 0x000000070de00000|100%| E|CS|TAMS 0x000000070dd00000, 0x000000070dd00000| Complete 
| 144|0x000000070de00000, 0x000000070df00000, 0x000000070df00000|100%| E|CS|TAMS 0x000000070de00000, 0x000000070de00000| Complete 
| 145|0x000000070df00000, 0x000000070e000000, 0x000000070e000000|100%| E|CS|TAMS 0x000000070df00000, 0x000000070df00000| Complete 
| 146|0x000000070e000000, 0x000000070e100000, 0x000000070e100000|100%| E|CS|TAMS 0x000000070e000000, 0x000000070e000000| Complete 
| 147|0x000000070e100000, 0x000000070e200000, 0x000000070e200000|100%| E|CS|TAMS 0x000000070e100000, 0x000000070e100000| Complete 
| 148|0x000000070e200000, 0x000000070e300000, 0x000000070e300000|100%| E|CS|TAMS 0x000000070e200000, 0x000000070e200000| Complete 
| 149|0x000000070e300000, 0x000000070e400000, 0x000000070e400000|100%| E|CS|TAMS 0x000000070e300000, 0x000000070e300000| Complete 
| 150|0x000000070e400000, 0x000000070e500000, 0x000000070e500000|100%| E|CS|TAMS 0x000000070e400000, 0x000000070e400000| Complete 
| 151|0x000000070e500000, 0x000000070e600000, 0x000000070e600000|100%| E|CS|TAMS 0x000000070e500000, 0x000000070e500000| Complete 
| 152|0x000000070e600000, 0x000000070e700000, 0x000000070e700000|100%| E|CS|TAMS 0x000000070e600000, 0x000000070e600000| Complete 
| 153|0x000000070e700000, 0x000000070e800000, 0x000000070e800000|100%| E|CS|TAMS 0x000000070e700000, 0x000000070e700000| Complete 
| 154|0x000000070e800000, 0x000000070e900000, 0x000000070e900000|100%| E|CS|TAMS 0x000000070e800000, 0x000000070e800000| Complete 
| 155|0x000000070e900000, 0x000000070ea00000, 0x000000070ea00000|100%| E|CS|TAMS 0x000000070e900000, 0x000000070e900000| Complete 
| 156|0x000000070ea00000, 0x000000070eb00000, 0x000000070eb00000|100%| E|CS|TAMS 0x000000070ea00000, 0x000000070ea00000| Complete 
| 157|0x000000070eb00000, 0x000000070ec00000, 0x000000070ec00000|100%| E|CS|TAMS 0x000000070eb00000, 0x000000070eb00000| Complete 
| 158|0x000000070ec00000, 0x000000070ed00000, 0x000000070ed00000|100%| E|CS|TAMS 0x000000070ec00000, 0x000000070ec00000| Complete 
| 159|0x000000070ed00000, 0x000000070ee00000, 0x000000070ee00000|100%| E|CS|TAMS 0x000000070ed00000, 0x000000070ed00000| Complete 
| 160|0x000000070ee00000, 0x000000070ef00000, 0x000000070ef00000|100%| E|CS|TAMS 0x000000070ee00000, 0x000000070ee00000| Complete 
| 161|0x000000070ef00000, 0x000000070f000000, 0x000000070f000000|100%| E|CS|TAMS 0x000000070ef00000, 0x000000070ef00000| Complete 
| 162|0x000000070f000000, 0x000000070f100000, 0x000000070f100000|100%| E|CS|TAMS 0x000000070f000000, 0x000000070f000000| Complete 
| 163|0x000000070f100000, 0x000000070f200000, 0x000000070f200000|100%| E|CS|TAMS 0x000000070f100000, 0x000000070f100000| Complete 
| 164|0x000000070f200000, 0x000000070f300000, 0x000000070f300000|100%| E|CS|TAMS 0x000000070f200000, 0x000000070f200000| Complete 
| 165|0x000000070f300000, 0x000000070f400000, 0x000000070f400000|100%| E|CS|TAMS 0x000000070f300000, 0x000000070f300000| Complete 
| 166|0x000000070f400000, 0x000000070f500000, 0x000000070f500000|100%| E|CS|TAMS 0x000000070f400000, 0x000000070f400000| Complete 
| 167|0x000000070f500000, 0x000000070f600000, 0x000000070f600000|100%| E|CS|TAMS 0x000000070f500000, 0x000000070f500000| Complete 
| 168|0x000000070f600000, 0x000000070f700000, 0x000000070f700000|100%| E|CS|TAMS 0x000000070f600000, 0x000000070f600000| Complete 
| 169|0x000000070f700000, 0x000000070f800000, 0x000000070f800000|100%| E|CS|TAMS 0x000000070f700000, 0x000000070f700000| Complete 
| 170|0x000000070f800000, 0x000000070f900000, 0x000000070f900000|100%| E|CS|TAMS 0x000000070f800000, 0x000000070f800000| Complete 
| 171|0x000000070f900000, 0x000000070fa00000, 0x000000070fa00000|100%| E|CS|TAMS 0x000000070f900000, 0x000000070f900000| Complete 
| 172|0x000000070fa00000, 0x000000070fb00000, 0x000000070fb00000|100%| E|CS|TAMS 0x000000070fa00000, 0x000000070fa00000| Complete 
| 173|0x000000070fb00000, 0x000000070fc00000, 0x000000070fc00000|100%| E|CS|TAMS 0x000000070fb00000, 0x000000070fb00000| Complete 
| 174|0x000000070fc00000, 0x000000070fd00000, 0x000000070fd00000|100%| E|CS|TAMS 0x000000070fc00000, 0x000000070fc00000| Complete 
| 175|0x000000070fd00000, 0x000000070fe00000, 0x000000070fe00000|100%| E|CS|TAMS 0x000000070fd00000, 0x000000070fd00000| Complete 
| 176|0x000000070fe00000, 0x000000070ff00000, 0x000000070ff00000|100%| E|CS|TAMS 0x000000070fe00000, 0x000000070fe00000| Complete 
| 177|0x000000070ff00000, 0x0000000710000000, 0x0000000710000000|100%| E|CS|TAMS 0x000000070ff00000, 0x000000070ff00000| Complete 
| 178|0x0000000710000000, 0x0000000710100000, 0x0000000710100000|100%| E|CS|TAMS 0x0000000710000000, 0x0000000710000000| Complete 
| 179|0x0000000710100000, 0x0000000710200000, 0x0000000710200000|100%| E|CS|TAMS 0x0000000710100000, 0x0000000710100000| Complete 
| 180|0x0000000710200000, 0x0000000710300000, 0x0000000710300000|100%| E|CS|TAMS 0x0000000710200000, 0x0000000710200000| Complete 
| 181|0x0000000710300000, 0x0000000710400000, 0x0000000710400000|100%| E|CS|TAMS 0x0000000710300000, 0x0000000710300000| Complete 
| 182|0x0000000710400000, 0x0000000710500000, 0x0000000710500000|100%| E|CS|TAMS 0x0000000710400000, 0x0000000710400000| Complete 
| 183|0x0000000710500000, 0x0000000710600000, 0x0000000710600000|100%| E|CS|TAMS 0x0000000710500000, 0x0000000710500000| Complete 
| 184|0x0000000710600000, 0x0000000710700000, 0x0000000710700000|100%| E|CS|TAMS 0x0000000710600000, 0x0000000710600000| Complete 
| 185|0x0000000710700000, 0x0000000710800000, 0x0000000710800000|100%| E|CS|TAMS 0x0000000710700000, 0x0000000710700000| Complete 
| 186|0x0000000710800000, 0x0000000710900000, 0x0000000710900000|100%| E|CS|TAMS 0x0000000710800000, 0x0000000710800000| Complete 
| 187|0x0000000710900000, 0x0000000710a00000, 0x0000000710a00000|100%| E|CS|TAMS 0x0000000710900000, 0x0000000710900000| Complete 
| 188|0x0000000710a00000, 0x0000000710b00000, 0x0000000710b00000|100%| E|CS|TAMS 0x0000000710a00000, 0x0000000710a00000| Complete 
| 189|0x0000000710b00000, 0x0000000710c00000, 0x0000000710c00000|100%| E|CS|TAMS 0x0000000710b00000, 0x0000000710b00000| Complete 
| 190|0x0000000710c00000, 0x0000000710d00000, 0x0000000710d00000|100%| E|CS|TAMS 0x0000000710c00000, 0x0000000710c00000| Complete 
| 191|0x0000000710d00000, 0x0000000710e00000, 0x0000000710e00000|100%| E|CS|TAMS 0x0000000710d00000, 0x0000000710d00000| Complete 
| 192|0x0000000710e00000, 0x0000000710f00000, 0x0000000710f00000|100%| E|CS|TAMS 0x0000000710e00000, 0x0000000710e00000| Complete 
| 193|0x0000000710f00000, 0x0000000711000000, 0x0000000711000000|100%| E|CS|TAMS 0x0000000710f00000, 0x0000000710f00000| Complete 
| 194|0x0000000711000000, 0x0000000711100000, 0x0000000711100000|100%| E|CS|TAMS 0x0000000711000000, 0x0000000711000000| Complete 
| 195|0x0000000711100000, 0x0000000711200000, 0x0000000711200000|100%| E|CS|TAMS 0x0000000711100000, 0x0000000711100000| Complete 
| 196|0x0000000711200000, 0x0000000711300000, 0x0000000711300000|100%| E|CS|TAMS 0x0000000711200000, 0x0000000711200000| Complete 
| 197|0x0000000711300000, 0x0000000711400000, 0x0000000711400000|100%| E|CS|TAMS 0x0000000711300000, 0x0000000711300000| Complete 
| 198|0x0000000711400000, 0x0000000711500000, 0x0000000711500000|100%| E|CS|TAMS 0x0000000711400000, 0x0000000711400000| Complete 
| 199|0x0000000711500000, 0x0000000711600000, 0x0000000711600000|100%| E|CS|TAMS 0x0000000711500000, 0x0000000711500000| Complete 
| 200|0x0000000711600000, 0x0000000711700000, 0x0000000711700000|100%| E|CS|TAMS 0x0000000711600000, 0x0000000711600000| Complete 
| 201|0x0000000711700000, 0x0000000711800000, 0x0000000711800000|100%| E|CS|TAMS 0x0000000711700000, 0x0000000711700000| Complete 
| 202|0x0000000711800000, 0x0000000711900000, 0x0000000711900000|100%| E|CS|TAMS 0x0000000711800000, 0x0000000711800000| Complete 
| 203|0x0000000711900000, 0x0000000711a00000, 0x0000000711a00000|100%| E|CS|TAMS 0x0000000711900000, 0x0000000711900000| Complete 
| 204|0x0000000711a00000, 0x0000000711b00000, 0x0000000711b00000|100%| E|CS|TAMS 0x0000000711a00000, 0x0000000711a00000| Complete 
| 205|0x0000000711b00000, 0x0000000711c00000, 0x0000000711c00000|100%| E|CS|TAMS 0x0000000711b00000, 0x0000000711b00000| Complete 
| 206|0x0000000711c00000, 0x0000000711d00000, 0x0000000711d00000|100%| E|CS|TAMS 0x0000000711c00000, 0x0000000711c00000| Complete 
| 207|0x0000000711d00000, 0x0000000711e00000, 0x0000000711e00000|100%| E|CS|TAMS 0x0000000711d00000, 0x0000000711d00000| Complete 
| 208|0x0000000711e00000, 0x0000000711f00000, 0x0000000711f00000|100%| E|CS|TAMS 0x0000000711e00000, 0x0000000711e00000| Complete 
| 209|0x0000000711f00000, 0x0000000712000000, 0x0000000712000000|100%| E|CS|TAMS 0x0000000711f00000, 0x0000000711f00000| Complete 
| 210|0x0000000712000000, 0x0000000712100000, 0x0000000712100000|100%| E|CS|TAMS 0x0000000712000000, 0x0000000712000000| Complete 
| 211|0x0000000712100000, 0x0000000712200000, 0x0000000712200000|100%| E|CS|TAMS 0x0000000712100000, 0x0000000712100000| Complete 
| 212|0x0000000712200000, 0x0000000712300000, 0x0000000712300000|100%| E|CS|TAMS 0x0000000712200000, 0x0000000712200000| Complete 
| 213|0x0000000712300000, 0x0000000712400000, 0x0000000712400000|100%| E|CS|TAMS 0x0000000712300000, 0x0000000712300000| Complete 
| 214|0x0000000712400000, 0x0000000712500000, 0x0000000712500000|100%| E|CS|TAMS 0x0000000712400000, 0x0000000712400000| Complete 
| 215|0x0000000712500000, 0x0000000712600000, 0x0000000712600000|100%| E|CS|TAMS 0x0000000712500000, 0x0000000712500000| Complete 
| 216|0x0000000712600000, 0x0000000712700000, 0x0000000712700000|100%| E|CS|TAMS 0x0000000712600000, 0x0000000712600000| Complete 
| 217|0x0000000712700000, 0x0000000712800000, 0x0000000712800000|100%| E|CS|TAMS 0x0000000712700000, 0x0000000712700000| Complete 
| 218|0x0000000712800000, 0x0000000712900000, 0x0000000712900000|100%| E|CS|TAMS 0x0000000712800000, 0x0000000712800000| Complete 
| 219|0x0000000712900000, 0x0000000712a00000, 0x0000000712a00000|100%| E|CS|TAMS 0x0000000712900000, 0x0000000712900000| Complete 
| 220|0x0000000712a00000, 0x0000000712b00000, 0x0000000712b00000|100%| E|CS|TAMS 0x0000000712a00000, 0x0000000712a00000| Complete 
| 221|0x0000000712b00000, 0x0000000712c00000, 0x0000000712c00000|100%| E|CS|TAMS 0x0000000712b00000, 0x0000000712b00000| Complete 
| 222|0x0000000712c00000, 0x0000000712d00000, 0x0000000712d00000|100%| E|CS|TAMS 0x0000000712c00000, 0x0000000712c00000| Complete 
| 223|0x0000000712d00000, 0x0000000712e00000, 0x0000000712e00000|100%| E|CS|TAMS 0x0000000712d00000, 0x0000000712d00000| Complete 
| 224|0x0000000712e00000, 0x0000000712f00000, 0x0000000712f00000|100%| E|CS|TAMS 0x0000000712e00000, 0x0000000712e00000| Complete 
| 225|0x0000000712f00000, 0x0000000713000000, 0x0000000713000000|100%| E|CS|TAMS 0x0000000712f00000, 0x0000000712f00000| Complete 
| 226|0x0000000713000000, 0x0000000713100000, 0x0000000713100000|100%| E|CS|TAMS 0x0000000713000000, 0x0000000713000000| Complete 
| 227|0x0000000713100000, 0x0000000713200000, 0x0000000713200000|100%| E|CS|TAMS 0x0000000713100000, 0x0000000713100000| Complete 
| 228|0x0000000713200000, 0x0000000713300000, 0x0000000713300000|100%| E|CS|TAMS 0x0000000713200000, 0x0000000713200000| Complete 
| 229|0x0000000713300000, 0x0000000713400000, 0x0000000713400000|100%| E|CS|TAMS 0x0000000713300000, 0x0000000713300000| Complete 
| 230|0x0000000713400000, 0x0000000713500000, 0x0000000713500000|100%| E|CS|TAMS 0x0000000713400000, 0x0000000713400000| Complete 
| 231|0x0000000713500000, 0x0000000713600000, 0x0000000713600000|100%| E|CS|TAMS 0x0000000713500000, 0x0000000713500000| Complete 
| 232|0x0000000713600000, 0x0000000713700000, 0x0000000713700000|100%| E|CS|TAMS 0x0000000713600000, 0x0000000713600000| Complete 
| 233|0x0000000713700000, 0x0000000713800000, 0x0000000713800000|100%| E|CS|TAMS 0x0000000713700000, 0x0000000713700000| Complete 
| 234|0x0000000713800000, 0x0000000713900000, 0x0000000713900000|100%| E|CS|TAMS 0x0000000713800000, 0x0000000713800000| Complete 
| 235|0x0000000713900000, 0x0000000713a00000, 0x0000000713a00000|100%| E|CS|TAMS 0x0000000713900000, 0x0000000713900000| Complete 
| 236|0x0000000713a00000, 0x0000000713b00000, 0x0000000713b00000|100%| E|CS|TAMS 0x0000000713a00000, 0x0000000713a00000| Complete 
| 237|0x0000000713b00000, 0x0000000713c00000, 0x0000000713c00000|100%| E|CS|TAMS 0x0000000713b00000, 0x0000000713b00000| Complete 
| 238|0x0000000713c00000, 0x0000000713d00000, 0x0000000713d00000|100%| E|CS|TAMS 0x0000000713c00000, 0x0000000713c00000| Complete 
| 239|0x0000000713d00000, 0x0000000713e00000, 0x0000000713e00000|100%| E|CS|TAMS 0x0000000713d00000, 0x0000000713d00000| Complete 
| 240|0x0000000713e00000, 0x0000000713f00000, 0x0000000713f00000|100%| E|CS|TAMS 0x0000000713e00000, 0x0000000713e00000| Complete 
| 241|0x0000000713f00000, 0x0000000714000000, 0x0000000714000000|100%| E|CS|TAMS 0x0000000713f00000, 0x0000000713f00000| Complete 
| 242|0x0000000714000000, 0x0000000714100000, 0x0000000714100000|100%| E|CS|TAMS 0x0000000714000000, 0x0000000714000000| Complete 
| 243|0x0000000714100000, 0x0000000714200000, 0x0000000714200000|100%| E|CS|TAMS 0x0000000714100000, 0x0000000714100000| Complete 
| 244|0x0000000714200000, 0x0000000714300000, 0x0000000714300000|100%| E|CS|TAMS 0x0000000714200000, 0x0000000714200000| Complete 
| 245|0x0000000714300000, 0x0000000714400000, 0x0000000714400000|100%| E|CS|TAMS 0x0000000714300000, 0x0000000714300000| Complete 
| 246|0x0000000714400000, 0x0000000714500000, 0x0000000714500000|100%| E|CS|TAMS 0x0000000714400000, 0x0000000714400000| Complete 
| 247|0x0000000714500000, 0x0000000714600000, 0x0000000714600000|100%| E|CS|TAMS 0x0000000714500000, 0x0000000714500000| Complete 
| 248|0x0000000714600000, 0x0000000714700000, 0x0000000714700000|100%| E|CS|TAMS 0x0000000714600000, 0x0000000714600000| Complete 
| 249|0x0000000714700000, 0x0000000714800000, 0x0000000714800000|100%| E|CS|TAMS 0x0000000714700000, 0x0000000714700000| Complete 
| 250|0x0000000714800000, 0x0000000714900000, 0x0000000714900000|100%| E|CS|TAMS 0x0000000714800000, 0x0000000714800000| Complete 
| 251|0x0000000714900000, 0x0000000714a00000, 0x0000000714a00000|100%| E|CS|TAMS 0x0000000714900000, 0x0000000714900000| Complete 

Card table byte_map: [0x000001d0abcc0000,0x000001d0ac4a0000] _byte_map_base: 0x000001d0a8499000

Marking Bits (Prev, Next): (CMBitMap*) 0x000001d09399b8c0, (CMBitMap*) 0x000001d09399b888
 Prev Bits: [0x000001d0b0b50000, 0x000001d0b4a18000)
 Next Bits: [0x000001d0acc80000, 0x000001d0b0b48000)

Polling page: 0x000001d090e00000

Metaspace:

Usage:
  Non-class:     23.35 MB capacity,    23.12 MB (>99%) used,   182.66 KB ( <1%) free+waste,    55.31 KB ( <1%) overhead. 
      Class:      2.48 MB capacity,     2.30 MB ( 92%) used,   165.05 KB (  6%) free+waste,    26.06 KB (  1%) overhead. 
       Both:     25.84 MB capacity,    25.42 MB ( 98%) used,   347.72 KB (  1%) free+waste,    81.38 KB ( <1%) overhead. 

Virtual space:
  Non-class space:       24.00 MB reserved,      23.42 MB ( 98%) committed 
      Class space:        1.00 GB reserved,       2.50 MB ( <1%) committed 
             Both:        1.02 GB reserved,      25.92 MB (  2%) committed 

Chunk freelists:
   Non-Class:  7.00 KB
       Class:  16.00 KB
        Both:  23.00 KB

MaxMetaspaceSize: 17179869184.00 GB
CompressedClassSpaceSize: 1.00 GB
Initial GC threshold: 20.80 MB
Current GC threshold: 35.08 MB
CDS: off

CodeHeap 'non-profiled nmethods': size=120000Kb used=1676Kb max_used=1676Kb free=118323Kb
 bounds [0x000001d0a3c80000, 0x000001d0a3ef0000, 0x000001d0ab1b0000]
CodeHeap 'profiled nmethods': size=120000Kb used=5756Kb max_used=5756Kb free=114243Kb
 bounds [0x000001d09c750000, 0x000001d09ccf0000, 0x000001d0a3c80000]
CodeHeap 'non-nmethods': size=5760Kb used=1880Kb max_used=1900Kb free=3880Kb
 bounds [0x000001d09c1b0000, 0x000001d09c420000, 0x000001d09c750000]
 total_blobs=3700 nmethods=2404 adapters=1208
 compilation: enabled
              stopped_count=0, restarted_count=0
 full_count=0

Compilation events (20 events):
Event: 15.841 Thread 0x000001d0b75aa800 2383       4       java.lang.ThreadLocal$ThreadLocalMap::getEntry (42 bytes)
Event: 15.842 Thread 0x000001d0b75aa800 nmethod 2383 0x000001d0a3e14d10 code [0x000001d0a3e14ec0, 0x000001d0a3e15048]
Event: 15.886 Thread 0x000001d0b75ab800 2384       3       java.lang.Math::round (56 bytes)
Event: 15.886 Thread 0x000001d0b75ab800 nmethod 2384 0x000001d09cce3a90 code [0x000001d09cce3c40, 0x000001d09cce3e18]
Event: 15.890 Thread 0x000001d0b75ab800 2385       3       java.awt.image.ComponentColorModel::getRGB (161 bytes)
Event: 15.890 Thread 0x000001d0b75aa800 2386       4       java.awt.image.ComponentColorModel::getRed (7 bytes)
Event: 15.891 Thread 0x000001d0b75ab800 nmethod 2385 0x000001d09cce3e90 code [0x000001d09cce4160, 0x000001d09cce4a18]
Event: 15.891 Thread 0x000001d0b75aa800 nmethod 2386 0x000001d0a3e15190 code [0x000001d0a3e15340, 0x000001d0a3e15408]
Event: 15.891 Thread 0x000001d0b75aa800 2389       4       java.awt.image.ComponentColorModel::getRGB (161 bytes)
Event: 15.891 Thread 0x000001d0b75ab800 2391       3       java.awt.image.ReplicateScaleFilter::setPixels (226 bytes)
Event: 15.892 Thread 0x000001d0b75ab800 nmethod 2391 0x000001d09cce4d10 code [0x000001d09cce4f40, 0x000001d09cce5958]
Event: 15.892 Thread 0x000001d0b75aa800 nmethod 2389 0x000001d0a3e15510 code [0x000001d0a3e156e0, 0x000001d0a3e15930]
Event: 15.892 Thread 0x000001d0b75aa800 2390       4       sun.awt.image.OffScreenImageSource::sendPixels (733 bytes)
Event: 15.916 Thread 0x000001d0b75aa800 nmethod 2390 0x000001d0a3e15c10 code [0x000001d0a3e15ee0, 0x000001d0a3e177f0]
Event: 15.916 Thread 0x000001d0b75aa800 2387       4       java.awt.image.ComponentColorModel::getGreen (7 bytes)
Event: 15.917 Thread 0x000001d0b75aa800 nmethod 2387 0x000001d0a3e18b90 code [0x000001d0a3e18d40, 0x000001d0a3e18e08]
Event: 15.917 Thread 0x000001d0b75aa800 2388       4       java.awt.image.ComponentColorModel::getBlue (7 bytes)
Event: 15.917 Thread 0x000001d0b75aa800 nmethod 2388 0x000001d0a3e18f10 code [0x000001d0a3e190c0, 0x000001d0a3e19188]
Event: 15.922 Thread 0x000001d0b75aa800 2392       4       java.awt.image.ReplicateScaleFilter::setPixels (226 bytes)
Event: 15.935 Thread 0x000001d0b75aa800 nmethod 2392 0x000001d0a3e19290 code [0x000001d0a3e19460, 0x000001d0a3e19f98]

GC Heap History (14 events):
Event: 0.477 GC heap before
{Heap before GC invocations=0 (full 0):
 garbage-first heap   total 258048K, used 24576K [0x0000000704e00000, 0x0000000800000000)
  region size 1024K, 24 young (24576K), 0 survivors (0K)
 Metaspace       used 7415K, capacity 7512K, committed 7680K, reserved 1056768K
  class space    used 625K, capacity 676K, committed 768K, reserved 1048576K
}
Event: 0.478 GC heap after
{Heap after GC invocations=1 (full 0):
 garbage-first heap   total 258048K, used 1324K [0x0000000704e00000, 0x0000000800000000)
  region size 1024K, 2 young (2048K), 2 survivors (2048K)
 Metaspace       used 7415K, capacity 7512K, committed 7680K, reserved 1056768K
  class space    used 625K, capacity 676K, committed 768K, reserved 1048576K
}
Event: 1.125 GC heap before
{Heap before GC invocations=1 (full 0):
 garbage-first heap   total 258048K, used 159020K [0x0000000704e00000, 0x0000000800000000)
  region size 1024K, 151 young (154624K), 2 survivors (2048K)
 Metaspace       used 12647K, capacity 12737K, committed 13056K, reserved 1060864K
  class space    used 700K, capacity 746K, committed 768K, reserved 1048576K
}
Event: 1.127 GC heap after
{Heap after GC invocations=2 (full 0):
 garbage-first heap   total 258048K, used 4672K [0x0000000704e00000, 0x0000000800000000)
  region size 1024K, 5 young (5120K), 5 survivors (5120K)
 Metaspace       used 12647K, capacity 12737K, committed 13056K, reserved 1060864K
  class space    used 700K, capacity 746K, committed 768K, reserved 1048576K
}
Event: 1.412 GC heap before
{Heap before GC invocations=2 (full 0):
 garbage-first heap   total 258048K, used 154176K [0x0000000704e00000, 0x0000000800000000)
  region size 1024K, 151 young (154624K), 5 survivors (5120K)
 Metaspace       used 12659K, capacity 12801K, committed 13056K, reserved 1060864K
  class space    used 700K, capacity 746K, committed 768K, reserved 1048576K
}
Event: 1.413 GC heap after
{Heap after GC invocations=3 (full 0):
 garbage-first heap   total 258048K, used 4762K [0x0000000704e00000, 0x0000000800000000)
  region size 1024K, 5 young (5120K), 5 survivors (5120K)
 Metaspace       used 12659K, capacity 12801K, committed 13056K, reserved 1060864K
  class space    used 700K, capacity 746K, committed 768K, reserved 1048576K
}
Event: 3.077 GC heap before
{Heap before GC invocations=3 (full 0):
 garbage-first heap   total 258048K, used 154266K [0x0000000704e00000, 0x0000000800000000)
  region size 1024K, 151 young (154624K), 5 survivors (5120K)
 Metaspace       used 17651K, capacity 17794K, committed 18176K, reserved 1067008K
  class space    used 1405K, capacity 1450K, committed 1536K, reserved 1048576K
}
Event: 3.079 GC heap after
{Heap after GC invocations=4 (full 0):
 garbage-first heap   total 258048K, used 5334K [0x0000000704e00000, 0x0000000800000000)
  region size 1024K, 6 young (6144K), 6 survivors (6144K)
 Metaspace       used 17651K, capacity 17794K, committed 18176K, reserved 1067008K
  class space    used 1405K, capacity 1450K, committed 1536K, reserved 1048576K
}
Event: 3.509 GC heap before
{Heap before GC invocations=4 (full 0):
 garbage-first heap   total 258048K, used 30934K [0x0000000704e00000, 0x0000000800000000)
  region size 1024K, 32 young (32768K), 6 survivors (6144K)
 Metaspace       used 20947K, capacity 21175K, committed 21296K, reserved 1069056K
  class space    used 1776K, capacity 1883K, committed 1920K, reserved 1048576K
}
Event: 3.513 GC heap after
{Heap after GC invocations=5 (full 0):
 garbage-first heap   total 258048K, used 5927K [0x0000000704e00000, 0x0000000800000000)
  region size 1024K, 6 young (6144K), 6 survivors (6144K)
 Metaspace       used 20947K, capacity 21175K, committed 21296K, reserved 1069056K
  class space    used 1776K, capacity 1883K, committed 1920K, reserved 1048576K
}
Event: 3.800 GC heap before
{Heap before GC invocations=6 (full 0):
 garbage-first heap   total 258048K, used 202535K [0x0000000704e00000, 0x0000000800000000)
  region size 1024K, 151 young (154624K), 6 survivors (6144K)
 Metaspace       used 23707K, capacity 24181K, committed 24240K, reserved 1071104K
  class space    used 2114K, capacity 2295K, committed 2304K, reserved 1048576K
}
Event: 3.804 GC heap after
{Heap after GC invocations=7 (full 0):
 garbage-first heap   total 258048K, used 31073K [0x0000000704e00000, 0x0000000800000000)
  region size 1024K, 7 young (7168K), 7 survivors (7168K)
 Metaspace       used 23707K, capacity 24181K, committed 24240K, reserved 1071104K
  class space    used 2114K, capacity 2295K, committed 2304K, reserved 1048576K
}
Event: 15.967 GC heap before
{Heap before GC invocations=7 (full 0):
 garbage-first heap   total 258048K, used 243041K [0x0000000704e00000, 0x0000000800000000)
  region size 1024K, 151 young (154624K), 7 survivors (7168K)
 Metaspace       used 26019K, capacity 26457K, committed 26544K, reserved 1073152K
  class space    used 2349K, capacity 2544K, committed 2560K, reserved 1048576K
}
Event: 15.971 GC heap after
{Heap after GC invocations=8 (full 0):
 garbage-first heap   total 258048K, used 64322K [0x0000000704e00000, 0x0000000800000000)
  region size 1024K, 7 young (7168K), 7 survivors (7168K)
 Metaspace       used 26019K, capacity 26457K, committed 26544K, reserved 1073152K
  class space    used 2349K, capacity 2544K, committed 2560K, reserved 1048576K
}

Deoptimization events (20 events):
Event: 15.890 Thread 0x000001d0b8e5b800 DEOPT PACKING pc=0x000001d0a3de809c sp=0x000000587acfb2d0
Event: 15.890 Thread 0x000001d0b8e5b800 DEOPT UNPACKING pc=0x000001d09c1b85af sp=0x000000587acfb270 mode 2
Event: 15.891 Thread 0x000001d0b8e5b800 Uncommon trap: trap_request=0xffffff4d fr.pc=0x000001d0a3dec10c relative=0x000000000000082c
Event: 15.891 Thread 0x000001d0b8e5b800 Uncommon trap: reason=unstable_if action=reinterpret pc=0x000001d0a3dec10c method=java.awt.image.ReplicateScaleFilter.setPixels(IIIILjava/awt/image/ColorModel;[III)V @ 4 c2
Event: 15.891 Thread 0x000001d0b8e5b800 DEOPT PACKING pc=0x000001d0a3dec10c sp=0x000000587acfb290
Event: 15.891 Thread 0x000001d0b8e5b800 DEOPT UNPACKING pc=0x000001d09c1b85af sp=0x000000587acfb208 mode 2
Event: 15.891 Thread 0x000001d0b8e5b800 DEOPT PACKING pc=0x000001d09cb8ee98 sp=0x000000587acfb320
Event: 15.891 Thread 0x000001d0b8e5b800 DEOPT UNPACKING pc=0x000001d09c1f9d0e sp=0x000000587acfa858 mode 0
Event: 15.897 Thread 0x000001d0b8e5b800 DEOPT PACKING pc=0x000001d09cce586a sp=0x000000587acfb2f0
Event: 15.897 Thread 0x000001d0b8e5b800 DEOPT UNPACKING pc=0x000001d09c1f9d0e sp=0x000000587acfa780 mode 0
Event: 15.903 Thread 0x000001d0b8e5b800 DEOPT PACKING pc=0x000001d09cce586a sp=0x000000587acfb2f0
Event: 15.903 Thread 0x000001d0b8e5b800 DEOPT UNPACKING pc=0x000001d09c1f9d0e sp=0x000000587acfa780 mode 0
Event: 15.910 Thread 0x000001d0b8e5b800 DEOPT PACKING pc=0x000001d09cce586a sp=0x000000587acfb2f0
Event: 15.910 Thread 0x000001d0b8e5b800 DEOPT UNPACKING pc=0x000001d09c1f9d0e sp=0x000000587acfa780 mode 0
Event: 15.916 Thread 0x000001d0b8e5b800 DEOPT PACKING pc=0x000001d09cce586a sp=0x000000587acfb2f0
Event: 15.916 Thread 0x000001d0b8e5b800 DEOPT UNPACKING pc=0x000001d09c1f9d0e sp=0x000000587acfa780 mode 0
Event: 15.922 Thread 0x000001d0b8e5b800 DEOPT PACKING pc=0x000001d09cce586a sp=0x000000587acfb2f0
Event: 15.922 Thread 0x000001d0b8e5b800 DEOPT UNPACKING pc=0x000001d09c1f9d0e sp=0x000000587acfa780 mode 0
Event: 15.932 Thread 0x000001d0b8e5b800 DEOPT PACKING pc=0x000001d09cce586a sp=0x000000587acfb2f0
Event: 15.932 Thread 0x000001d0b8e5b800 DEOPT UNPACKING pc=0x000001d09c1f9d0e sp=0x000000587acfa780 mode 0

Classes redefined (0 events):
No events

Internal exceptions (20 events):
Event: 3.277 Thread 0x000001d093937800 Exception <a 'java/io/FileNotFoundException'{0x00000007135ec020}> (0x00000007135ec020) thrown at [./src/hotspot/share/prims/jni.cpp, line 617]
Event: 3.311 Thread 0x000001d11aea5800 Exception <a 'java/lang/NoSuchMethodError'{0x0000000713485850}: 'void java.lang.invoke.DirectMethodHandle$Holder.invokeSpecial(java.lang.Object, java.lang.Object)'> (0x0000000713485850) thrown at [./src/hotspot/share/interpreter/linkResolver.cpp, line 773]
Event: 3.314 Thread 0x000001d093937800 Exception <a 'java/lang/NoSuchMethodError'{0x0000000713475850}: 'java.lang.Object java.lang.invoke.DirectMethodHandle$Holder.invokeStatic(java.lang.Object, java.lang.Object, java.lang.Object, java.lang.Object, java.lang.Object, java.lang.Object, java.lang.Object, java.lang.Object, int)'> (0x0000000713475850) thrown at [./src/hotspot/share/interpreter/linkResolver.cpp, line 773]
Event: 3.315 Thread 0x000001d093937800 Exception <a 'java/lang/NoSuchMethodError'{0x000000071330f5b0}: 'java.lang.Object java.lang.invoke.DirectMethodHandle$Holder.invokeStatic(java.lang.Object, java.lang.Object, java.lang.Object, java.lang.Object, java.lang.Object, java.lang.Object, java.lang.Object, java.lang.Object, int, int)'> (0x000000071330f5b0) thrown at [./src/hotspot/share/interpreter/linkResolver.cpp, line 773]
Event: 3.538 Thread 0x000001d0b8e5b800 Exception <a 'java/lang/NoSuchMethodError'{0x0000000714844f60}: 'java.lang.Object java.lang.invoke.DirectMethodHandle$Holder.invokeStatic(java.lang.Object, int, java.lang.Object, java.lang.Object, java.lang.Object, java.lang.Object)'> (0x0000000714844f60) thrown at [./src/hotspot/share/interpreter/linkResolver.cpp, line 773]
Event: 3.538 Thread 0x000001d0b8e5b800 Exception <a 'java/lang/NoSuchMethodError'{0x000000071484c020}: 'java.lang.Object java.lang.invoke.DirectMethodHandle$Holder.invokeStatic(java.lang.Object, int, java.lang.Object, java.lang.Object, java.lang.Object)'> (0x000000071484c020) thrown at [./src/hotspot/share/interpreter/linkResolver.cpp, line 773]
Event: 3.539 Thread 0x000001d0b8e5b800 Exception <a 'java/lang/NoSuchMethodError'{0x000000071484fb68}: 'java.lang.Object java.lang.invoke.DirectMethodHandle$Holder.invokeSpecial(java.lang.Object, java.lang.Object, int, java.lang.Object, java.lang.Object, java.lang.Object)'> (0x000000071484fb68) thrown at [./src/hotspot/share/interpreter/linkResolver.cpp, line 773]
Event: 3.556 Thread 0x000001d0b8e5b800 Exception <a 'java/lang/ClassNotFoundException'{0x00000007147127c0}: com/sun/swing/internal/plaf/metal/resources/spi/metalProvider> (0x00000007147127c0) thrown at [./src/hotspot/share/classfile/systemDictionary.cpp, line 230]
Event: 3.557 Thread 0x000001d0b8e5b800 Exception <a 'java/lang/ClassNotFoundException'{0x00000007147167c0}: com/sun/swing/internal/plaf/basic/resources/spi/basicProvider> (0x00000007147167c0) thrown at [./src/hotspot/share/classfile/systemDictionary.cpp, line 230]
Event: 3.562 Thread 0x000001d0b8e5b800 Implicit null exception at 0x000001d0a3cde7f5 to 0x000001d0a3cde9c4
Event: 3.562 Thread 0x000001d0b8e5b800 Implicit null exception at 0x000001d0a3d4d778 to 0x000001d0a3d4d80a
Event: 3.566 Thread 0x000001d0b8e5b800 Implicit null exception at 0x000001d0a3cd3aaf to 0x000001d0a3cd3b29
Event: 3.635 Thread 0x000001d0b8e5b800 Exception <a 'java/lang/NoSuchMethodError'{0x00000007146b6238}: 'java.lang.Object java.lang.invoke.DirectMethodHandle$Holder.invokeStatic(java.lang.Object, java.lang.Object, java.lang.Object, java.lang.Object, java.lang.Object, java.lang.Object, java.lang.Object, java.lang.Object, java.lang.Object, java.lang.Object, java.lang.Object, int)'> (0x00000007146b6238) thrown at [./src/hotspot/share/interpreter/linkResolver.cpp, line 773]
Event: 3.636 Thread 0x000001d0b8e5b800 Exception <a 'java/lang/NoSuchMethodError'{0x00000007146d43e0}: 'java.lang.Object java.lang.invoke.DirectMethodHandle$Holder.invokeStatic(java.lang.Object, java.lang.Object, java.lang.Object, java.lang.Object, java.lang.Object, java.lang.Object, java.lang.Object, java.lang.Object, java.lang.Object, java.lang.Object, java.lang.Object, int, int)'> (0x00000007146d43e0) thrown at [./src/hotspot/share/interpreter/linkResolver.cpp, line 773]
Event: 3.637 Thread 0x000001d0b8e5b800 Exception <a 'java/lang/NoSuchMethodError'{0x00000007146f3418}: 'java.lang.Object java.lang.invoke.DirectMethodHandle$Holder.invokeStatic(java.lang.Object, java.lang.Object, java.lang.Object, java.lang.Object, java.lang.Object, java.lang.Object, java.lang.Object, java.lang.Object, java.lang.Object, java.lang.Object, java.lang.Object, int, int, java.lang.Object)'> (0x00000007146f3418) thrown at [./src/hotspot/share/interpreter/linkResolver.cpp, line 773]
Event: 3.639 Thread 0x000001d0b8e5b800 Exception <a 'java/lang/NoSuchMethodError'{0x0000000714513cc8}: 'java.lang.Object java.lang.invoke.DirectMethodHandle$Holder.invokeStatic(java.lang.Object, java.lang.Object, java.lang.Object, java.lang.Object, java.lang.Object, java.lang.Object, java.lang.Object, java.lang.Object, java.lang.Object, java.lang.Object, java.lang.Object, int, int, java.lang.Object, java.lang.Object)'> (0x0000000714513cc8) thrown at [./src/hotspot/share/interpreter/linkResolver.cpp, line 773]
Event: 3.857 Thread 0x000001d11aea5800 Exception <a 'java/lang/NoSuchMethodError'{0x0000000712288960}: 'void java.lang.invoke.DirectMethodHandle$Holder.invokeVirtual(java.lang.Object, java.lang.Object)'> (0x0000000712288960) thrown at [./src/hotspot/share/interpreter/linkResolver.cpp, line 773]
Event: 3.869 Thread 0x000001d0b8e5b800 Exception <a 'java/lang/NoSuchMethodError'{0x0000000712246b58}: 'void java.lang.invoke.DirectMethodHandle$Holder.invokeStaticInit(java.lang.Object)'> (0x0000000712246b58) thrown at [./src/hotspot/share/interpreter/linkResolver.cpp, line 773]
Event: 3.874 Thread 0x000001d0b8e5b800 Exception <a 'java/lang/NoSuchMethodError'{0x00000007121163c8}: 'java.lang.Object java.lang.invoke.Invokers$Holder.linkToTargetMethod(java.lang.Object, int, java.lang.Object)'> (0x00000007121163c8) thrown at [./src/hotspot/share/interpreter/linkResolver.cpp, line 773]
Event: 15.891 Thread 0x000001d0b8e5b800 Implicit null exception at 0x000001d0a3deb930 to 0x000001d0a3dec0f8

Events (20 events):
Event: 12.142 loading class java/time/temporal/TemporalAmount done
Event: 12.142 loading class java/time/Duration done
Event: 12.143 loading class java/math/BigInteger
Event: 12.143 loading class java/math/BigInteger done
Event: 12.868 loading class java/awt/Canvas
Event: 12.868 loading class java/awt/Canvas done
Event: 12.868 loading class java/awt/Scrollbar
Event: 12.868 loading class java/awt/Adjustable
Event: 12.868 loading class java/awt/Adjustable done
Event: 12.868 loading class java/awt/Scrollbar done
Event: 15.714 loading class sun/awt/windows/WButtonPeer$1
Event: 15.714 loading class sun/awt/windows/WButtonPeer$1 done
Event: 15.714 loading class sun/awt/SunToolkit$2
Event: 15.714 loading class sun/awt/SunToolkit$2 done
Event: 15.715 Executing VM operation: Deoptimize
Event: 15.715 Executing VM operation: Deoptimize done
Event: 15.886 loading class java/awt/color/ICC_ProfileGray
Event: 15.886 loading class java/awt/color/ICC_ProfileGray done
Event: 15.967 Executing VM operation: G1CollectForAllocation
Event: 15.971 Executing VM operation: G1CollectForAllocation done


Dynamic libraries:
0x00007ff6cd600000 - 0x00007ff6cd60d000 	C:\Program Files\Eclipse Adoptium\jdk-11.0.18.10-hotspot\bin\java.exe
0x00007ff97d850000 - 0x00007ff97da45000 	C:\windows\SYSTEM32\ntdll.dll
0x00007ff97b930000 - 0x00007ff97b9ee000 	C:\windows\System32\KERNEL32.DLL
0x00007ff97b040000 - 0x00007ff97b308000 	C:\windows\System32\KERNELBASE.dll
0x00007ff97b420000 - 0x00007ff97b520000 	C:\windows\System32\ucrtbase.dll
0x00007ff95d7a0000 - 0x00007ff95d7b9000 	C:\Program Files\Eclipse Adoptium\jdk-11.0.18.10-hotspot\bin\VCRUNTIME140.dll
0x00007ff95dec0000 - 0x00007ff95ded7000 	C:\Program Files\Eclipse Adoptium\jdk-11.0.18.10-hotspot\bin\jli.dll
0x00007ff97c600000 - 0x00007ff97c7a0000 	C:\windows\System32\USER32.dll
0x00007ff97af70000 - 0x00007ff97af92000 	C:\windows\System32\win32u.dll
0x00007ff97d730000 - 0x00007ff97d75a000 	C:\windows\System32\GDI32.dll
0x00007ff97b310000 - 0x00007ff97b41b000 	C:\windows\System32\gdi32full.dll
0x00007ff97b6b0000 - 0x00007ff97b74d000 	C:\windows\System32\msvcp_win.dll
0x00007ff962300000 - 0x00007ff96259a000 	C:\windows\WinSxS\amd64_microsoft.windows.common-controls_6595b64144ccf1df_6.0.19041.1110_none_60b5254171f9507e\COMCTL32.dll
0x00007ff97d680000 - 0x00007ff97d71e000 	C:\windows\System32\msvcrt.dll
0x00007ff97c4c0000 - 0x00007ff97c4f0000 	C:\windows\System32\IMM32.DLL
0x00007ff9694f0000 - 0x00007ff96965b000 	C:\windows\system32\tmumh\20019\AddOn\8.55.0.1119\TmUmEvt64.dll
0x00007ff97d720000 - 0x00007ff97d728000 	C:\windows\System32\PSAPI.DLL
0x00007ff97d760000 - 0x00007ff97d80e000 	C:\windows\System32\ADVAPI32.dll
0x00007ff97bb80000 - 0x00007ff97bc1c000 	C:\windows\System32\sechost.dll
0x00007ff97c390000 - 0x00007ff97c4b5000 	C:\windows\System32\RPCRT4.dll
0x0000000052ae0000 - 0x0000000052c53000 	C:\windows\system32\tmumh\20019\TmMon\2.9.0.1042\tmmon64.dll
0x00007ff940c60000 - 0x00007ff940de0000 	C:\PROGRAMDATA\Log collection\5.5.1.70\Log collectionApi.dll
0x00007ff97cca0000 - 0x00007ff97ccf6000 	C:\windows\System32\WLDAP32.dll
0x00007ff97cc10000 - 0x00007ff97cc7b000 	C:\windows\System32\WS2_32.dll
0x00007ff97afa0000 - 0x00007ff97b008000 	C:\windows\System32\WINTRUST.dll
0x00007ff97b750000 - 0x00007ff97b8a6000 	C:\windows\System32\CRYPT32.dll
0x00007ff979de0000 - 0x00007ff979dec000 	C:\windows\SYSTEM32\Secur32.dll
0x00007ff9633d0000 - 0x00007ff9633db000 	C:\windows\SYSTEM32\FLTLIB.DLL
0x00007ff979df0000 - 0x00007ff979e04000 	C:\windows\SYSTEM32\WTSAPI32.dll
0x00007ff979e10000 - 0x00007ff979e2a000 	C:\windows\SYSTEM32\NETAPI32.dll
0x00007ff957160000 - 0x00007ff95718a000 	C:\windows\SYSTEM32\NTDSAPI.dll
0x00007ff979dd0000 - 0x00007ff979dda000 	C:\windows\SYSTEM32\VERSION.dll
0x00007ff9583a0000 - 0x00007ff9583bf000 	C:\windows\SYSTEM32\MPR.dll
0x00007ff97ae30000 - 0x00007ff97ae62000 	C:\windows\SYSTEM32\SSPICLI.DLL
0x00007ff97a420000 - 0x00007ff97a42c000 	C:\windows\SYSTEM32\NETUTILS.DLL
0x00007ff979db0000 - 0x00007ff979dc9000 	C:\windows\SYSTEM32\SAMCLI.DLL
0x00007ff97ab60000 - 0x00007ff97ab72000 	C:\windows\SYSTEM32\MSASN1.dll
0x00007ff979760000 - 0x00007ff9797ba000 	C:\windows\SYSTEM32\WINSTA.dll
0x00007ff96e1a0000 - 0x00007ff96e1c8000 	C:\windows\SYSTEM32\SRVCLI.DLL
0x00007ff97a170000 - 0x00007ff97a189000 	C:\windows\SYSTEM32\WKSCLI.DLL
0x00007ff97a550000 - 0x00007ff97a594000 	C:\windows\SYSTEM32\LOGONCLI.DLL
0x00007ff963790000 - 0x00007ff96379c000 	C:\Program Files\Eclipse Adoptium\jdk-11.0.18.10-hotspot\bin\vcruntime140_1.dll
0x00007ff914c40000 - 0x00007ff914cd1000 	C:\Program Files\Eclipse Adoptium\jdk-11.0.18.10-hotspot\bin\msvcp140.dll
0x00007ff8f38e0000 - 0x00007ff8f449a000 	C:\Program Files\Eclipse Adoptium\jdk-11.0.18.10-hotspot\bin\server\jvm.dll
0x00007ff9541b0000 - 0x00007ff9541b9000 	C:\windows\SYSTEM32\WSOCK32.dll
0x00007ff96f070000 - 0x00007ff96f097000 	C:\windows\SYSTEM32\WINMM.dll
0x00007ff979d90000 - 0x00007ff979da2000 	C:\windows\SYSTEM32\kernel.appcore.dll
0x00007ff962600000 - 0x00007ff962610000 	C:\Program Files\Eclipse Adoptium\jdk-11.0.18.10-hotspot\bin\verify.dll
0x00007ff978f10000 - 0x00007ff9790f4000 	C:\windows\SYSTEM32\DBGHELP.DLL
0x00007ff956860000 - 0x00007ff95688c000 	C:\windows\SYSTEM32\dbgcore.DLL
0x00007ff97b520000 - 0x00007ff97b5a2000 	C:\windows\System32\bcryptPrimitives.dll
0x00007ff94ca00000 - 0x00007ff94ca28000 	C:\Program Files\Eclipse Adoptium\jdk-11.0.18.10-hotspot\bin\java.dll
0x00007ff962040000 - 0x00007ff96204a000 	C:\Program Files\Eclipse Adoptium\jdk-11.0.18.10-hotspot\bin\jimage.dll
0x00007ff95ce50000 - 0x00007ff95ce68000 	C:\Program Files\Eclipse Adoptium\jdk-11.0.18.10-hotspot\bin\zip.dll
0x00007ff97bc40000 - 0x00007ff97c384000 	C:\windows\System32\SHELL32.dll
0x00007ff9786b0000 - 0x00007ff978e44000 	C:\windows\SYSTEM32\windows.storage.dll
0x00007ff97cd00000 - 0x00007ff97d054000 	C:\windows\System32\combase.dll
0x00007ff97a9e0000 - 0x00007ff97aa0c000 	C:\windows\SYSTEM32\Wldp.dll
0x00007ff97c550000 - 0x00007ff97c5fd000 	C:\windows\System32\SHCORE.dll
0x00007ff97b9f0000 - 0x00007ff97ba45000 	C:\windows\System32\shlwapi.dll
0x00007ff97aeb0000 - 0x00007ff97aecf000 	C:\windows\SYSTEM32\profapi.dll
0x00007ff952b80000 - 0x00007ff952b99000 	C:\Program Files\Eclipse Adoptium\jdk-11.0.18.10-hotspot\bin\net.dll
0x00007ff974380000 - 0x00007ff97448a000 	C:\windows\SYSTEM32\WINHTTP.dll
0x00007ff97a740000 - 0x00007ff97a7aa000 	C:\windows\system32\mswsock.dll
0x00007ff952950000 - 0x00007ff952963000 	C:\Program Files\Eclipse Adoptium\jdk-11.0.18.10-hotspot\bin\nio.dll
0x000001d093770000 - 0x000001d093774000 	C:\Users\oalfuraydi.MURL097631B55LG\.javacpp\cache\javacpp-1.5.9-SNAPSHOT-windows-x86_64.jar\org\bytedeco\javacpp\windows-x86_64\api-ms-win-crt-locale-l1-1-0.dll
0x000001d093780000 - 0x000001d093785000 	C:\Users\oalfuraydi.MURL097631B55LG\.javacpp\cache\javacpp-1.5.9-SNAPSHOT-windows-x86_64.jar\org\bytedeco\javacpp\windows-x86_64\api-ms-win-crt-string-l1-1-0.dll
0x000001d093790000 - 0x000001d093795000 	C:\Users\oalfuraydi.MURL097631B55LG\.javacpp\cache\javacpp-1.5.9-SNAPSHOT-windows-x86_64.jar\org\bytedeco\javacpp\windows-x86_64\api-ms-win-crt-stdio-l1-1-0.dll
0x000001d0937a0000 - 0x000001d0937a6000 	C:\Users\oalfuraydi.MURL097631B55LG\.javacpp\cache\javacpp-1.5.9-SNAPSHOT-windows-x86_64.jar\org\bytedeco\javacpp\windows-x86_64\api-ms-win-crt-math-l1-1-0.dll
0x000001d0937b0000 - 0x000001d0937b4000 	C:\Users\oalfuraydi.MURL097631B55LG\.javacpp\cache\javacpp-1.5.9-SNAPSHOT-windows-x86_64.jar\org\bytedeco\javacpp\windows-x86_64\api-ms-win-crt-heap-l1-1-0.dll
0x000001d0937c0000 - 0x000001d0937c5000 	C:\Users\oalfuraydi.MURL097631B55LG\.javacpp\cache\javacpp-1.5.9-SNAPSHOT-windows-x86_64.jar\org\bytedeco\javacpp\windows-x86_64\api-ms-win-crt-runtime-l1-1-0.dll
0x000001d0937d0000 - 0x000001d0937d5000 	C:\Users\oalfuraydi.MURL097631B55LG\.javacpp\cache\javacpp-1.5.9-SNAPSHOT-windows-x86_64.jar\org\bytedeco\javacpp\windows-x86_64\api-ms-win-crt-convert-l1-1-0.dll
0x000001d0937e0000 - 0x000001d0937e4000 	C:\Users\oalfuraydi.MURL097631B55LG\.javacpp\cache\javacpp-1.5.9-SNAPSHOT-windows-x86_64.jar\org\bytedeco\javacpp\windows-x86_64\api-ms-win-crt-environment-l1-1-0.dll
0x000001d0937f0000 - 0x000001d0937f4000 	C:\Users\oalfuraydi.MURL097631B55LG\.javacpp\cache\javacpp-1.5.9-SNAPSHOT-windows-x86_64.jar\org\bytedeco\javacpp\windows-x86_64\api-ms-win-crt-time-l1-1-0.dll
0x000001d093800000 - 0x000001d093804000 	C:\Users\oalfuraydi.MURL097631B55LG\.javacpp\cache\javacpp-1.5.9-SNAPSHOT-windows-x86_64.jar\org\bytedeco\javacpp\windows-x86_64\api-ms-win-crt-filesystem-l1-1-0.dll
0x000001d0b9880000 - 0x000001d0b9884000 	C:\Users\oalfuraydi.MURL097631B55LG\.javacpp\cache\javacpp-1.5.9-SNAPSHOT-windows-x86_64.jar\org\bytedeco\javacpp\windows-x86_64\api-ms-win-crt-utility-l1-1-0.dll
0x000001d0b9890000 - 0x000001d0b9896000 	C:\Users\oalfuraydi.MURL097631B55LG\.javacpp\cache\javacpp-1.5.9-SNAPSHOT-windows-x86_64.jar\org\bytedeco\javacpp\windows-x86_64\api-ms-win-crt-multibyte-l1-1-0.dll
0x000001d0b98a0000 - 0x000001d0b98a4000 	C:\Users\oalfuraydi.MURL097631B55LG\.javacpp\cache\javacpp-1.5.9-SNAPSHOT-windows-x86_64.jar\org\bytedeco\javacpp\windows-x86_64\api-ms-win-crt-conio-l1-1-0.dll
0x000001d0b98b0000 - 0x000001d0b98c1000 	C:\Users\oalfuraydi.MURL097631B55LG\.javacpp\cache\javacpp-1.5.9-SNAPSHOT-windows-x86_64.jar\org\bytedeco\javacpp\windows-x86_64\api-ms-win-crt-private-l1-1-0.dll
0x000001d0b98d0000 - 0x000001d0b98d4000 	C:\Users\oalfuraydi.MURL097631B55LG\.javacpp\cache\javacpp-1.5.9-SNAPSHOT-windows-x86_64.jar\org\bytedeco\javacpp\windows-x86_64\api-ms-win-crt-process-l1-1-0.dll
0x000001d0b98e0000 - 0x000001d0b98e4000 	C:\Users\oalfuraydi.MURL097631B55LG\.javacpp\cache\javacpp-1.5.9-SNAPSHOT-windows-x86_64.jar\org\bytedeco\javacpp\windows-x86_64\api-ms-win-core-console-l1-2-0.dll
0x000001d0b98f0000 - 0x000001d0b98f4000 	C:\Users\oalfuraydi.MURL097631B55LG\.javacpp\cache\javacpp-1.5.9-SNAPSHOT-windows-x86_64.jar\org\bytedeco\javacpp\windows-x86_64\api-ms-win-core-string-l1-1-0.dll
0x000001d0b9900000 - 0x000001d0b9904000 	C:\Users\oalfuraydi.MURL097631B55LG\.javacpp\cache\javacpp-1.5.9-SNAPSHOT-windows-x86_64.jar\org\bytedeco\javacpp\windows-x86_64\api-ms-win-core-errorhandling-l1-1-0.dll
0x000001d0b9910000 - 0x000001d0b9914000 	C:\Users\oalfuraydi.MURL097631B55LG\.javacpp\cache\javacpp-1.5.9-SNAPSHOT-windows-x86_64.jar\org\bytedeco\javacpp\windows-x86_64\api-ms-win-core-timezone-l1-1-0.dll
0x000001d0b9920000 - 0x000001d0b9925000 	C:\Users\oalfuraydi.MURL097631B55LG\.javacpp\cache\javacpp-1.5.9-SNAPSHOT-windows-x86_64.jar\org\bytedeco\javacpp\windows-x86_64\api-ms-win-core-file-l1-1-0.dll
0x000001d0b9930000 - 0x000001d0b9934000 	C:\Users\oalfuraydi.MURL097631B55LG\.javacpp\cache\javacpp-1.5.9-SNAPSHOT-windows-x86_64.jar\org\bytedeco\javacpp\windows-x86_64\api-ms-win-core-namedpipe-l1-1-0.dll
0x000001d0b9940000 - 0x000001d0b9944000 	C:\Users\oalfuraydi.MURL097631B55LG\.javacpp\cache\javacpp-1.5.9-SNAPSHOT-windows-x86_64.jar\org\bytedeco\javacpp\windows-x86_64\api-ms-win-core-handle-l1-1-0.dll
0x000001d0b9950000 - 0x000001d0b9954000 	C:\Users\oalfuraydi.MURL097631B55LG\.javacpp\cache\javacpp-1.5.9-SNAPSHOT-windows-x86_64.jar\org\bytedeco\javacpp\windows-x86_64\api-ms-win-core-file-l2-1-0.dll
0x000001d0b9960000 - 0x000001d0b9964000 	C:\Users\oalfuraydi.MURL097631B55LG\.javacpp\cache\javacpp-1.5.9-SNAPSHOT-windows-x86_64.jar\org\bytedeco\javacpp\windows-x86_64\api-ms-win-core-heap-l1-1-0.dll
0x000001d0b9970000 - 0x000001d0b9974000 	C:\Users\oalfuraydi.MURL097631B55LG\.javacpp\cache\javacpp-1.5.9-SNAPSHOT-windows-x86_64.jar\org\bytedeco\javacpp\windows-x86_64\api-ms-win-core-libraryloader-l1-1-0.dll
0x000001d0b9980000 - 0x000001d0b9984000 	C:\Users\oalfuraydi.MURL097631B55LG\.javacpp\cache\javacpp-1.5.9-SNAPSHOT-windows-x86_64.jar\org\bytedeco\javacpp\windows-x86_64\api-ms-win-core-synch-l1-1-0.dll
0x000001d0b9990000 - 0x000001d0b9994000 	C:\Users\oalfuraydi.MURL097631B55LG\.javacpp\cache\javacpp-1.5.9-SNAPSHOT-windows-x86_64.jar\org\bytedeco\javacpp\windows-x86_64\api-ms-win-core-processthreads-l1-1-0.dll
0x000001d0b99a0000 - 0x000001d0b99a4000 	C:\Users\oalfuraydi.MURL097631B55LG\.javacpp\cache\javacpp-1.5.9-SNAPSHOT-windows-x86_64.jar\org\bytedeco\javacpp\windows-x86_64\api-ms-win-core-processenvironment-l1-1-0.dll
0x000001d0b99b0000 - 0x000001d0b99b4000 	C:\Users\oalfuraydi.MURL097631B55LG\.javacpp\cache\javacpp-1.5.9-SNAPSHOT-windows-x86_64.jar\org\bytedeco\javacpp\windows-x86_64\api-ms-win-core-datetime-l1-1-0.dll
0x000001d0b99c0000 - 0x000001d0b99c4000 	C:\Users\oalfuraydi.MURL097631B55LG\.javacpp\cache\javacpp-1.5.9-SNAPSHOT-windows-x86_64.jar\org\bytedeco\javacpp\windows-x86_64\api-ms-win-core-localization-l1-2-0.dll
0x000001d0b99d0000 - 0x000001d0b99d4000 	C:\Users\oalfuraydi.MURL097631B55LG\.javacpp\cache\javacpp-1.5.9-SNAPSHOT-windows-x86_64.jar\org\bytedeco\javacpp\windows-x86_64\api-ms-win-core-sysinfo-l1-1-0.dll
0x000001d0b99e0000 - 0x000001d0b99e4000 	C:\Users\oalfuraydi.MURL097631B55LG\.javacpp\cache\javacpp-1.5.9-SNAPSHOT-windows-x86_64.jar\org\bytedeco\javacpp\windows-x86_64\api-ms-win-core-synch-l1-2-0.dll
0x000001d0b99f0000 - 0x000001d0b99f4000 	C:\Users\oalfuraydi.MURL097631B55LG\.javacpp\cache\javacpp-1.5.9-SNAPSHOT-windows-x86_64.jar\org\bytedeco\javacpp\windows-x86_64\api-ms-win-core-console-l1-1-0.dll
0x000001d0b9a00000 - 0x000001d0b9a04000 	C:\Users\oalfuraydi.MURL097631B55LG\.javacpp\cache\javacpp-1.5.9-SNAPSHOT-windows-x86_64.jar\org\bytedeco\javacpp\windows-x86_64\api-ms-win-core-debug-l1-1-0.dll
0x000001d0b9a10000 - 0x000001d0b9a14000 	C:\Users\oalfuraydi.MURL097631B55LG\.javacpp\cache\javacpp-1.5.9-SNAPSHOT-windows-x86_64.jar\org\bytedeco\javacpp\windows-x86_64\api-ms-win-core-rtlsupport-l1-1-0.dll
0x000001d0b9a20000 - 0x000001d0b9a24000 	C:\Users\oalfuraydi.MURL097631B55LG\.javacpp\cache\javacpp-1.5.9-SNAPSHOT-windows-x86_64.jar\org\bytedeco\javacpp\windows-x86_64\api-ms-win-core-processthreads-l1-1-1.dll
0x000001d0b9a30000 - 0x000001d0b9a34000 	C:\Users\oalfuraydi.MURL097631B55LG\.javacpp\cache\javacpp-1.5.9-SNAPSHOT-windows-x86_64.jar\org\bytedeco\javacpp\windows-x86_64\api-ms-win-core-file-l1-2-0.dll
0x000001d0b9a40000 - 0x000001d0b9a44000 	C:\Users\oalfuraydi.MURL097631B55LG\.javacpp\cache\javacpp-1.5.9-SNAPSHOT-windows-x86_64.jar\org\bytedeco\javacpp\windows-x86_64\api-ms-win-core-profile-l1-1-0.dll
0x000001d0b9a50000 - 0x000001d0b9a54000 	C:\Users\oalfuraydi.MURL097631B55LG\.javacpp\cache\javacpp-1.5.9-SNAPSHOT-windows-x86_64.jar\org\bytedeco\javacpp\windows-x86_64\api-ms-win-core-memory-l1-1-0.dll
0x000001d0b9a60000 - 0x000001d0b9a64000 	C:\Users\oalfuraydi.MURL097631B55LG\.javacpp\cache\javacpp-1.5.9-SNAPSHOT-windows-x86_64.jar\org\bytedeco\javacpp\windows-x86_64\api-ms-win-core-util-l1-1-0.dll
0x000001d0b9a70000 - 0x000001d0b9a74000 	C:\Users\oalfuraydi.MURL097631B55LG\.javacpp\cache\javacpp-1.5.9-SNAPSHOT-windows-x86_64.jar\org\bytedeco\javacpp\windows-x86_64\api-ms-win-core-interlocked-l1-1-0.dll
0x00007ff914570000 - 0x00007ff914681000 	C:\Users\oalfuraydi.MURL097631B55LG\.javacpp\cache\javacpp-1.5.9-SNAPSHOT-windows-x86_64.jar\org\bytedeco\javacpp\windows-x86_64\ucrtbase.dll
0x00007ff94fc50000 - 0x00007ff94fc6b000 	C:\Users\oalfuraydi.MURL097631B55LG\.javacpp\cache\javacpp-1.5.9-SNAPSHOT-windows-x86_64.jar\org\bytedeco\javacpp\windows-x86_64\vcruntime140.dll
0x00007ff961ea0000 - 0x00007ff961eac000 	C:\Users\oalfuraydi.MURL097631B55LG\.javacpp\cache\javacpp-1.5.9-SNAPSHOT-windows-x86_64.jar\org\bytedeco\javacpp\windows-x86_64\vcruntime140_1.dll
0x00007ff919950000 - 0x00007ff9199dd000 	C:\Users\oalfuraydi.MURL097631B55LG\.javacpp\cache\javacpp-1.5.9-SNAPSHOT-windows-x86_64.jar\org\bytedeco\javacpp\windows-x86_64\msvcp140.dll
0x00007ff961e80000 - 0x00007ff961e89000 	C:\Users\oalfuraydi.MURL097631B55LG\.javacpp\cache\javacpp-1.5.9-SNAPSHOT-windows-x86_64.jar\org\bytedeco\javacpp\windows-x86_64\msvcp140_1.dll
0x00007ff934120000 - 0x00007ff93416e000 	C:\Users\oalfuraydi.MURL097631B55LG\.javacpp\cache\javacpp-1.5.9-SNAPSHOT-windows-x86_64.jar\org\bytedeco\javacpp\windows-x86_64\concrt140.dll
0x00007ff937ca0000 - 0x00007ff937cd1000 	C:\Users\oalfuraydi.MURL097631B55LG\.javacpp\cache\javacpp-1.5.9-SNAPSHOT-windows-x86_64.jar\org\bytedeco\javacpp\windows-x86_64\vcomp140.dll
0x00007ff95ef30000 - 0x00007ff95ef3f000 	C:\Users\oalfuraydi.MURL097631B55LG\.javacpp\cache\javacpp-1.5.9-SNAPSHOT-windows-x86_64.jar\org\bytedeco\javacpp\windows-x86_64\jnijavacpp.dll
0x000000006d7c0000 - 0x000000006f392000 	C:\Users\oalfuraydi.MURL097631B55LG\.javacpp\cache\openblas-0.3.21-1.5.8-windows-x86_64.jar\org\bytedeco\openblas\windows-x86_64\libopenblas_nolapack.dll
0x00007ff914be0000 - 0x00007ff914c3f000 	C:\Users\oalfuraydi.MURL097631B55LG\.javacpp\cache\openblas-0.3.21-1.5.8-windows-x86_64.jar\org\bytedeco\openblas\windows-x86_64\jniopenblas_nolapack.dll
0x00000000009d0000 - 0x00000000025a2000 	C:\Users\oalfuraydi.MURL097631B55LG\.javacpp\cache\openblas-0.3.21-1.5.8-windows-x86_64.jar\org\bytedeco\openblas\windows-x86_64\libopenblas.dll
0x00007ff8f24f0000 - 0x00007ff8f38dc000 	C:\Users\oalfuraydi.MURL097631B55LG\.javacpp\cache\openblas-0.3.21-1.5.8-windows-x86_64.jar\org\bytedeco\openblas\windows-x86_64\jniopenblas.dll
0x00007ff95ee20000 - 0x00007ff95ee28000 	C:\Users\oalfuraydi.MURL097631B55LG\.javacpp\cache\opencv-4.6.0-1.5.8-windows-x86_64-gpu.jar\org\bytedeco\opencv\windows-x86_64-gpu\opencv_cudev460.dll
0x00007ff8f5510000 - 0x00007ff8f5c46000 	C:\Users\oalfuraydi.MURL097631B55LG\.javacpp\cache\opencv-4.6.0-1.5.8-windows-x86_64-gpu.jar\org\bytedeco\opencv\windows-x86_64-gpu\opencv_core460.dll
0x00007ff8f1d80000 - 0x00007ff8f24e1000 	C:\Users\oalfuraydi.MURL097631B55LG\.javacpp\cache\opencv-4.6.0-1.5.8-windows-x86_64-gpu.jar\org\bytedeco\opencv\windows-x86_64-gpu\opencv_imgproc460.dll
0x00007ff8f49b0000 - 0x00007ff8f4c45000 	C:\Users\oalfuraydi.MURL097631B55LG\.javacpp\cache\opencv-4.6.0-1.5.8-windows-x86_64-gpu.jar\org\bytedeco\opencv\windows-x86_64-gpu\jniopencv_core.dll
0x00007ff903da0000 - 0x00007ff903ec1000 	C:\Users\oalfuraydi.MURL097631B55LG\.javacpp\cache\opencv-4.6.0-1.5.8-windows-x86_64-gpu.jar\org\bytedeco\opencv\windows-x86_64-gpu\jniopencv_imgproc.dll
0x00007ff8f1950000 - 0x00007ff8f1d78000 	C:\Users\oalfuraydi.MURL097631B55LG\.javacpp\cache\opencv-4.6.0-1.5.8-windows-x86_64-gpu.jar\org\bytedeco\opencv\windows-x86_64-gpu\opencv_imgcodecs460.dll
0x00007ff9326e0000 - 0x00007ff932713000 	C:\Users\oalfuraydi.MURL097631B55LG\.javacpp\cache\opencv-4.6.0-1.5.8-windows-x86_64-gpu.jar\org\bytedeco\opencv\windows-x86_64-gpu\jniopencv_imgcodecs.dll
0x00007ff8f4e50000 - 0x00007ff8f4f23000 	C:\Users\oalfuraydi.MURL097631B55LG\.javacpp\cache\opencv-4.6.0-1.5.8-windows-x86_64-gpu.jar\org\bytedeco\opencv\windows-x86_64-gpu\opencv_videoio460.dll
0x00007ff97ba50000 - 0x00007ff97bb7a000 	C:\windows\System32\ole32.dll
0x00007ff97d060000 - 0x00007ff97d12d000 	C:\windows\System32\OLEAUT32.dll

dbghelp: loaded successfully - version: 4.0.5 - missing functions: none
symbol engine: initialized successfully - sym options: 0x614 - pdb path: .;C:\Program Files\Eclipse Adoptium\jdk-11.0.18.10-hotspot\bin;C:\windows\SYSTEM32;C:\windows\WinSxS\amd64_microsoft.windows.common-controls_6595b64144ccf1df_6.0.19041.1110_none_60b5254171f9507e;C:\windows\system32\tmumh\20019\AddOn\8.55.0.1119;C:\windows\system32\tmumh\20019\TmMon\2.9.0.1042;C:\PROGRAMDATA\Log collection\5.5.1.70;C:\Program Files\Eclipse Adoptium\jdk-11.0.18.10-hotspot\bin\server;C:\Users\oalfuraydi.MURL097631B55LG\.javacpp\cache\javacpp-1.5.9-SNAPSHOT-windows-x86_64.jar\org\bytedeco\javacpp\windows-x86_64;C:\Users\oalfuraydi.MURL097631B55LG\.javacpp\cache\openblas-0.3.21-1.5.8-windows-x86_64.jar\org\bytedeco\openblas\windows-x86_64;C:\Users\oalfuraydi.MURL097631B55LG\.javacpp\cache\opencv-4.6.0-1.5.8-windows-x86_64-gpu.jar\org\bytedeco\opencv\windows-x86_64-gpu;C:\Users\oalfuraydi.MURL097631B55LG\.javacpp\cache\opencv-4.6.0-1.5.8-windows-x86_64.jar\org\bytedeco\opencv\windows-x86_64

VM Arguments:
java_command: com.mycompany.opencvlearn.ThresholdInRange
java_class_path (initial): C:\Users\oalfuraydi.MURL097631B55LG\Documents\NetBeansProjects\OpencvLearn\target\classes;C:\Users\oalfuraydi.MURL097631B55LG\.m2\repository\org\bytedeco\javacpp-platform\1.5.9-SNAPSHOT\javacpp-platform-1.5.9-SNAPSHOT.jar;C:\Users\oalfuraydi.MURL097631B55LG\.m2\repository\org\bytedeco\javacpp\1.5.9-SNAPSHOT\javacpp-1.5.9-SNAPSHOT-android-arm.jar;C:\Users\oalfuraydi.MURL097631B55LG\.m2\repository\org\bytedeco\javacpp\1.5.9-SNAPSHOT\javacpp-1.5.9-SNAPSHOT-android-arm64.jar;C:\Users\oalfuraydi.MURL097631B55LG\.m2\repository\org\bytedeco\javacpp\1.5.9-SNAPSHOT\javacpp-1.5.9-SNAPSHOT-android-x86.jar;C:\Users\oalfuraydi.MURL097631B55LG\.m2\repository\org\bytedeco\javacpp\1.5.9-SNAPSHOT\javacpp-1.5.9-SNAPSHOT-android-x86_64.jar;C:\Users\oalfuraydi.MURL097631B55LG\.m2\repository\org\bytedeco\javacpp\1.5.9-SNAPSHOT\javacpp-1.5.9-SNAPSHOT-ios-arm64.jar;C:\Users\oalfuraydi.MURL097631B55LG\.m2\repository\org\bytedeco\javacpp\1.5.9-SNAPSHOT\javacpp-1.5.9-SNAPSHOT-ios-x86_64.jar;C:\Users\oalfuraydi.MURL097631B55LG\.m2\repository\org\bytedeco\javacpp\1.5.9-SNAPSHOT\javacpp-1.5.9-SNAPSHOT-linux-armhf.jar;C:\Users\oalfuraydi.MURL097631B55LG\.m2\repository\org\bytedeco\javacpp\1.5.9-SNAPSHOT\javacpp-1.5.9-SNAPSHOT-linux-arm64.jar;C:\Users\oalfuraydi.MURL097631B55LG\.m2\repository\org\bytedeco\javacpp\1.5.9-SNAPSHOT\javacpp-1.5.9-SNAPSHOT-linux-ppc64le.jar;C:\Users\oalfuraydi.MURL097631B55LG\.m2\repository\org\bytedeco\javacpp\1.5.9-SNAPSHOT\javacpp-1.5.9-SNAPSHOT-linux-x86.jar;C:\Users\oalfuraydi.MURL097631B55LG\.m2\repository\org\bytedeco\javacpp\1.5.9-SNAPSHOT\javacpp-1.5.9-SNAPSHOT-linux-x86_64.jar;C:\Users\oalfuraydi.MURL097631B55LG\.m2\repository\org\bytedeco\javacpp\1.5.9-SNAPSHOT\javacpp-1.5.9-SNAPSHOT-macosx-arm64.jar;C:\Users\oalfuraydi.MURL097631B55LG\.m2\repository\org\bytedeco\javacpp\1.5.9-SNAPSHOT\javacpp-1.5.9-SNAPSHOT-macosx-x86_64.jar;C:\Users\oalfuraydi.MURL097631B55LG\.m2\repository\org\bytedeco\javacpp\1.5.9-SNAPSHOT\javacpp-1.5.9-SNAP
Launcher Type: SUN_STANDARD

[Global flags]
     intx CICompilerCount                          = 4                                         {product} {ergonomic}
     uint ConcGCThreads                            = 2                                         {product} {ergonomic}
     uint G1ConcRefinementThreads                  = 8                                         {product} {ergonomic}
   size_t G1HeapRegionSize                         = 1048576                                   {product} {ergonomic}
    uintx GCDrainStackTargetSize                   = 64                                        {product} {ergonomic}
   size_t InitialHeapSize                          = 264241152                                 {product} {ergonomic}
   size_t MarkStackSize                            = 4194304                                   {product} {ergonomic}
   size_t MaxHeapSize                              = 4213178368                                {product} {ergonomic}
   size_t MaxNewSize                               = 2527068160                                {product} {ergonomic}
   size_t MinHeapDeltaBytes                        = 1048576                                   {product} {ergonomic}
    uintx NonNMethodCodeHeapSize                   = 5836300                                {pd product} {ergonomic}
    uintx NonProfiledCodeHeapSize                  = 122910970                              {pd product} {ergonomic}
    uintx ProfiledCodeHeapSize                     = 122910970                              {pd product} {ergonomic}
    uintx ReservedCodeCacheSize                    = 251658240                              {pd product} {ergonomic}
     bool SegmentedCodeCache                       = true                                      {product} {ergonomic}
     bool UseCompressedClassPointers               = true                                 {lp64_product} {ergonomic}
     bool UseCompressedOops                        = true                                 {lp64_product} {ergonomic}
     bool UseG1GC                                  = true                                      {product} {ergonomic}
     bool UseLargePagesIndividualAllocation        = false                                  {pd product} {ergonomic}

Logging:
Log output configuration:
 #0: stdout all=warning uptime,level,tags
 #1: stderr all=off uptime,level,tags

Environment Variables:
JAVA_HOME=C:\Program Files\Eclipse Adoptium\jdk-11.0.18.10-hotspot
PATH=C:\Program Files\Eclipse Adoptium\jdk-11.0.18.10-hotspot\bin;C:\Program Files\Eclipse Adoptium\jdk-17.0.6.10-hotspot\bin;C:\Program Files\Common Files\Oracle\Java\javapath;C:\Program Files (x86)\Common Files\Oracle\Java\javapath;C:\windows\system32;C:\windows;C:\windows\System32\Wbem;C:\windows\System32\WindowsPowerShell\v1.0\;C:\windows\System32\OpenSSH\;C:\Program Files (x86)\Enterprise Vault\EVClient\x64\;C:\Program Files (x86)\Sennheiser\SenncomSDK\;C:\Program Files (x86)\dotnet\;C:\Program Files (x86)\Pulse Secure\VC142.CRT\X64\;C:\Program Files (x86)\Pulse Secure\VC142.CRT\X86\;C:\Program Files\PuTTY\;C:\Program Files\Git\cmd;C:\Users\oalfuraydi.MURL097631B55LG\Downloads\snyk;C:\Program Files\apache-maven-3.9.0\bin;C:\Program Files (x86)\Common Files\Pulse Secure\TNC Client Plugin\;C:\Users\oalfuraydi.MURL097631B55LG\AppData\Local\Microsoft\WindowsApps;
USERNAME=oalfuraydi
OS=Windows_NT
PROCESSOR_IDENTIFIER=Intel64 Family 6 Model 140 Stepping 1, GenuineIntel
TMP=C:\Users\OALFUR~1.MUR\AppData\Local\Temp
TEMP=C:\Users\OALFUR~1.MUR\AppData\Local\Temp



---------------  S Y S T E M  ---------------

OS: Windows 10 , 64 bit Build 19041 (10.0.19041.1645)
OS uptime: 6 days 7:01 hours

CPU:total 8 (initial active 8) (4 cores per cpu, 2 threads per core) family 6 model 140 stepping 1 microcode 0x9a, cmov, cx8, fxsr, mmx, sse, sse2, sse3, ssse3, sse4.1, sse4.2, popcnt, avx, avx2, aes, clmul, erms, 3dnowpref, lzcnt, ht, tsc, tscinvbit, bmi1, bmi2, adx, evex, sha, fma

Memory: 4k page, system-wide physical 16064M (4994M free)
TotalPageFile size 43500M (AvailPageFile size 2604M)
current process WorkingSet (physical memory assigned to process): 405M, peak: 432M
current process commit charge ("private bytes"): 2236M, peak: 2263M

vm_info: OpenJDK 64-Bit Server VM (11.0.18+10) for windows-amd64 JRE (11.0.18+10), built on Jan 18 2023 04:27:27 by "" with MS VC++ 16.7 (VS2019)

END.
